#
# A fatal error has been detected by the Java Runtime Environment:
#
#  SIGSEGV (0xb) at pc=0x00007fd179dea060, pid=13961, tid=140539095566080
#
# JRE version: Java(TM) SE Runtime Environment (8.0_25-b17) (build 1.8.0_25-b17)
# Java VM: Java HotSpot(TM) 64-Bit Server VM (25.25-b02 mixed mode linux-amd64 compressed oops)
# Problematic frame:
# C  0x00007fd179dea060
#
# Failed to write core dump. Core dumps have been disabled. To enable core dumping, try "ulimit -c unlimited" before starting Java again
#
# If you would like to submit a bug report, please visit:
#   http://bugreport.sun.com/bugreport/crash.jsp
#

---------------  T H R E A D  ---------------

Current thread (0x00007fd1c800a000):  JavaThread "main" [_thread_in_Java, id=13969, stack(0x00007fd1cece4000,0x00007fd1cede5000)]

siginfo: si_signo: 11 (SIGSEGV), si_code: 2 (SEGV_ACCERR), si_addr: 0x00007fd179dea060

Registers:
RAX=0x0000000100026f38, RBX=0x00007fd1b5f85ef8, RCX=0x000000000000186d, RDX=0x00000000000001b2
RSP=0x00007fd1cede33b8, RBP=0x00007fd1cede3550, RSI=0x00000000ee6c44d0, RDI=0x00000000000001b2
R8 =0x00000000000005a2, R9 =0x0000000000000108, R10=0x0000000100026f38, R11=0x00007fd1b952a4e0
R12=0x0000000000000000, R13=0x00007fd1cede3500, R14=0x0000000000000000, R15=0x00007fd1c800a000
RIP=0x00007fd179dea060, EFLAGS=0x0000000000010246, CSGSFS=0x0000000000000033, ERR=0x0000000000000014
  TRAPNO=0x000000000000000e

Top of Stack: (sp=0x00007fd1cede33b8)
0x00007fd1cede33b8:   00007fd1b951a754 00007fd1b5f8dd10
0x00007fd1cede33c8:   00000a010000e808 00000000ee6c44d0
0x00007fd1cede33d8:   00007fd1b5f8dd10 00007fd1cede3550
0x00007fd1cede33e8:   00007fd1b94edd5c 00007fd1c800a000
0x00007fd1cede33f8:   00000000ee82d478 00007fd1cede3550
0x00007fd1cede3408:   00007fd1b95240f4 00007fd1c800a000
0x00007fd1cede3418:   00007fd1b5f8dc98 00007fd1cede3508
0x00007fd1cede3428:   00007fd1c800a000 00007fd1cede3480
0x00007fd1cede3438:   00000000ee6c44d0 0000000000000a01
0x00007fd1cede3448:   00007fd1b5f7c028 00007fd1cede3550
0x00007fd1cede3458:   00007fd1b952a7d4 00007fd1c800a000
0x00007fd1cede3468:   00007fd1b5f8dfe0 00007fd1b5f8dd10
0x00007fd1cede3478:   0000000000000000 00007fd1cede34d8
0x00007fd1cede3488:   00000000000007eb 00000000ee6a5880
0x00007fd1cede3498:   00007fd1cede3498 00007fd1b5f8dc98
0x00007fd1cede34a8:   00007fd1cede3508 00007fd1b5f8dfe0
0x00007fd1cede34b8:   00007fd1b5f8fe98 00000000ee830918
0x00007fd1cede34c8:   00000000ee6c4500 00007fd1cede34e8
0x00007fd1cede34d8:   00007fd1cede3550 00007fd1cede3550
0x00007fd1cede34e8:   00007fd1b8dec98d 00000000000007eb
0x00007fd1cede34f8:   00007fd1b8dec98d 00000000ee830918
0x00007fd1cede3508:   00000000ee808ae8 00007fd1cede3510
0x00007fd1cede3518:   00007fd1b5f7beab 00007fd1cede35d0
0x00007fd1cede3528:   00007fd1b5f7c700 0000000000000000
0x00007fd1cede3538:   00007fd1b5f7c028 00007fd1cede3500
0x00007fd1cede3548:   00007fd1cede35d0 00007fd1cede3618
0x00007fd1cede3558:   00007fd1b8dec98d 00000000ee830918
0x00007fd1cede3568:   0000000000000001 0000000000000000
0x00007fd1cede3578:   0000000000000000 00000000ee830898
0x00007fd1cede3588:   0000000000000885 00000000000007ec
0x00007fd1cede3598:   000000000000014a 00000000ffffffff
0x00007fd1cede35a8:   0000000000003b50 00000000ee808b80 

Instructions: (pc=0x00007fd179dea060)
0x00007fd179dea040:   
[error occurred during error reporting (printing registers, top of stack, instructions near pc), id 0xb]

Register to memory mapping:

RAX=0x0000000100026f38 is pointing into metadata
RBX=0x00007fd1b5f85ef8 is pointing into metadata
RCX=0x000000000000186d is an unknown value
RDX=0x00000000000001b2 is an unknown value
RSP=0x00007fd1cede33b8 is pointing into the stack for thread: 0x00007fd1c800a000
RBP=0x00007fd1cede3550 is pointing into the stack for thread: 0x00007fd1c800a000
RSI=0x00000000ee6c44d0 is an oop
java.nio.HeapByteBuffer 
 - klass: 'java/nio/HeapByteBuffer'
RDI=0x00000000000001b2 is an unknown value
R8 =0x00000000000005a2 is an unknown value
R9 =0x0000000000000108 is an unknown value
R10=0x0000000100026f38 is pointing into metadata
R11=0x00007fd1b952a4e0 is at entry_point+32 in (nmethod*)0x00007fd1b952a310
R12=0x0000000000000000 is an unknown value
R13=0x00007fd1cede3500 is pointing into the stack for thread: 0x00007fd1c800a000
R14=0x0000000000000000 is an unknown value
R15=0x00007fd1c800a000 is a thread


Stack: [0x00007fd1cece4000,0x00007fd1cede5000],  sp=0x00007fd1cede33b8,  free space=1020k
Native frames: (J=compiled Java code, j=interpreted, Vv=VM code, C=native code)
C  0x00007fd179dea060
j  com.android.dx.merge.DexMerger.mergeMethodIds()V+12
j  com.android.dx.merge.DexMerger.mergeDexes()Lcom/android/dex/Dex;+21
j  com.android.dx.merge.DexMerger.merge()Lcom/android/dex/Dex;+5
j  com.android.dx.command.dexer.Main.mergeLibraryDexBuffers([B)[B+69
j  com.android.dx.command.dexer.Main.runMonoDex()I+129
j  com.android.dx.command.dexer.Main.run(Lcom/android/dx/command/dexer/Main$Arguments;)I+76
j  com.android.dx.command.dexer.Main.main([Ljava/lang/String;)V+14
j  com.android.dx.command.Main.main([Ljava/lang/String;)V+61
v  ~StubRoutines::call_stub
V  [libjvm.so+0x664086]  JavaCalls::call_helper(JavaValue*, methodHandle*, JavaCallArguments*, Thread*)+0x1056
V  [libjvm.so+0x6ab096]  jni_invoke_static(JNIEnv_*, JavaValue*, _jobject*, JNICallType, _jmethodID*, JNI_ArgumentPusher*, Thread*)+0x346
V  [libjvm.so+0x6b1c2a]  jni_CallStaticVoidMethod+0x17a
C  [libjli.so+0x7b14]  JavaMain+0x844
C  [libpthread.so.0+0x8182]  start_thread+0xc2


---------------  P R O C E S S  ---------------

Java Threads: ( => current thread )
  0x00007fd1c819f000 JavaThread "Service Thread" daemon [_thread_blocked, id=13981, stack(0x00007fd197afb000,0x00007fd197bfc000)]
  0x00007fd1c8177000 JavaThread "C1 CompilerThread2" daemon [_thread_blocked, id=13980, stack(0x00007fd197bfc000,0x00007fd197cfd000)]
  0x00007fd1c8175800 JavaThread "C2 CompilerThread1" daemon [_thread_blocked, id=13979, stack(0x00007fd197cfd000,0x00007fd197dfe000)]
  0x00007fd1c8172800 JavaThread "C2 CompilerThread0" daemon [_thread_blocked, id=13978, stack(0x00007fd197dfe000,0x00007fd197eff000)]
  0x00007fd1c8170800 JavaThread "Signal Dispatcher" daemon [_thread_blocked, id=13977, stack(0x00007fd197eff000,0x00007fd198000000)]
  0x00007fd1c8143000 JavaThread "Finalizer" daemon [_thread_blocked, id=13976, stack(0x00007fd1b44e2000,0x00007fd1b45e3000)]
  0x00007fd1c8141000 JavaThread "Reference Handler" daemon [_thread_blocked, id=13975, stack(0x00007fd1b45e3000,0x00007fd1b46e4000)]
=>0x00007fd1c800a000 JavaThread "main" [_thread_in_Java, id=13969, stack(0x00007fd1cece4000,0x00007fd1cede5000)]

Other Threads:
  0x00007fd1c813a000 VMThread [stack: 0x00007fd1b46e4000,0x00007fd1b47e5000] [id=13974]
  0x00007fd1c81a1000 WatcherThread [stack: 0x00007fd1979fa000,0x00007fd197afb000] [id=13982]

VM state:not at safepoint (normal execution)

VM Mutex/Monitor currently owned by a thread: None

Heap:
 PSYoungGen      total 66048K, used 65440K [0x00000000eab00000, 0x00000000eee00000, 0x0000000100000000)
  eden space 63488K, 99% used [0x00000000eab00000,0x00000000ee868048,0x00000000ee900000)
  from space 2560K, 100% used [0x00000000eeb80000,0x00000000eee00000,0x00000000eee00000)
  to   space 2560K, 0% used [0x00000000ee900000,0x00000000ee900000,0x00000000eeb80000)
 ParOldGen       total 42496K, used 13780K [0x00000000c0000000, 0x00000000c2980000, 0x00000000eab00000)
  object space 42496K, 32% used [0x00000000c0000000,0x00000000c0d75040,0x00000000c2980000)
 Metaspace       used 6749K, capacity 7632K, committed 7936K, reserved 1056768K
  class space    used 632K, capacity 648K, committed 768K, reserved 1048576K

Card table byte_map: [0x00007fd1b8824000,0x00007fd1b8a25000] byte_map_base: 0x00007fd1b8224000

Marking Bits: (ParMarkBitMap*) 0x00007fd1ce1b52c0
 Begin Bits: [0x00007fd1b62ca000, 0x00007fd1b72ca000)
 End Bits:   [0x00007fd1b72ca000, 0x00007fd1b82ca000)

Polling page: 0x00007fd1cedfc000

CodeCache: size=245760Kb used=7434Kb max_used=7446Kb free=238325Kb
 bounds [0x00007fd1b8de5000, 0x00007fd1b9535000, 0x00007fd1c7de5000]
 total_blobs=2384 nmethods=2111 adapters=189
 compilation: enabled

Compilation events (10 events):
Event: 3,905 Thread 0x00007fd1c8177000 2116       3       com.android.dx.merge.DexMerger$6::write (9 bytes)
Event: 3,906 Thread 0x00007fd1c8172800 nmethod 2123 0x00007fd1b9524c10 code [0x00007fd1b9524d60, 0x00007fd1b9524ea8]
Event: 3,906 Thread 0x00007fd1c8172800 2125       4       com.android.dex.Dex$Section::writeUnsignedShort (44 bytes)
Event: 3,906 Thread 0x00007fd1c8177000 nmethod 2116 0x00007fd1b952a310 code [0x00007fd1b952a4c0, 0x00007fd1b952ab88]
Event: 3,906 Thread 0x00007fd1c8177000 2117       3       com.android.dx.merge.IndexMap::adjust (36 bytes)
Event: 3,906 Thread 0x00007fd1c8177000 nmethod 2117 0x00007fd1b9529550 code [0x00007fd1b9529700, 0x00007fd1b9529f10]
Event: 3,906 Thread 0x00007fd1c8177000 2118       3       com.android.dx.merge.IndexMap::adjustProto (10 bytes)
Event: 3,906 Thread 0x00007fd1c8177000 nmethod 2118 0x00007fd1b9529190 code [0x00007fd1b9529300, 0x00007fd1b9529470]
Event: 3,906 Thread 0x00007fd1c8175800 nmethod 2124 0x00007fd1b9528cd0 code [0x00007fd1b9528e20, 0x00007fd1b9528f88]
Event: 3,906 Thread 0x00007fd1c8177000 2119       3       com.android.dx.merge.DexMerger$6::updateIndex (50 bytes)

GC Heap History (8 events):
Event: 0,447 GC heap before
{Heap before GC invocations=1 (full 0):
 PSYoungGen      total 18432K, used 15872K [0x00000000eab00000, 0x00000000ebf80000, 0x0000000100000000)
  eden space 15872K, 100% used [0x00000000eab00000,0x00000000eba80000,0x00000000eba80000)
  from space 2560K, 0% used [0x00000000ebd00000,0x00000000ebd00000,0x00000000ebf80000)
  to   space 2560K, 0% used [0x00000000eba80000,0x00000000eba80000,0x00000000ebd00000)
 ParOldGen       total 42496K, used 0K [0x00000000c0000000, 0x00000000c2980000, 0x00000000eab00000)
  object space 42496K, 0% used [0x00000000c0000000,0x00000000c0000000,0x00000000c2980000)
 Metaspace       used 5342K, capacity 6704K, committed 6784K, reserved 1056768K
  class space    used 540K, capacity 616K, committed 640K, reserved 1048576K
Event: 0,456 GC heap after
Heap after GC invocations=1 (full 0):
 PSYoungGen      total 18432K, used 2544K [0x00000000eab00000, 0x00000000ecf00000, 0x0000000100000000)
  eden space 15872K, 0% used [0x00000000eab00000,0x00000000eab00000,0x00000000eba80000)
  from space 2560K, 99% used [0x00000000eba80000,0x00000000ebcfc028,0x00000000ebd00000)
  to   space 2560K, 0% used [0x00000000ecc80000,0x00000000ecc80000,0x00000000ecf00000)
 ParOldGen       total 42496K, used 1441K [0x00000000c0000000, 0x00000000c2980000, 0x00000000eab00000)
  object space 42496K, 3% used [0x00000000c0000000,0x00000000c0168790,0x00000000c2980000)
 Metaspace       used 5342K, capacity 6704K, committed 6784K, reserved 1056768K
  class space    used 540K, capacity 616K, committed 640K, reserved 1048576K
}
Event: 0,610 GC heap before
{Heap before GC invocations=2 (full 0):
 PSYoungGen      total 18432K, used 18416K [0x00000000eab00000, 0x00000000ecf00000, 0x0000000100000000)
  eden space 15872K, 100% used [0x00000000eab00000,0x00000000eba80000,0x00000000eba80000)
  from space 2560K, 99% used [0x00000000eba80000,0x00000000ebcfc028,0x00000000ebd00000)
  to   space 2560K, 0% used [0x00000000ecc80000,0x00000000ecc80000,0x00000000ecf00000)
 ParOldGen       total 42496K, used 1441K [0x00000000c0000000, 0x00000000c2980000, 0x00000000eab00000)
  object space 42496K, 3% used [0x00000000c0000000,0x00000000c0168790,0x00000000c2980000)
 Metaspace       used 5532K, capacity 6832K, committed 7040K, reserved 1056768K
  class space    used 545K, capacity 616K, committed 640K, reserved 1048576K
Event: 0,622 GC heap after
Heap after GC invocations=2 (full 0):
 PSYoungGen      total 34304K, used 2552K [0x00000000eab00000, 0x00000000ecf00000, 0x0000000100000000)
  eden space 31744K, 0% used [0x00000000eab00000,0x00000000eab00000,0x00000000eca00000)
  from space 2560K, 99% used [0x00000000ecc80000,0x00000000ecefe358,0x00000000ecf00000)
  to   space 2560K, 0% used [0x00000000eca00000,0x00000000eca00000,0x00000000ecc80000)
 ParOldGen       total 42496K, used 3609K [0x00000000c0000000, 0x00000000c2980000, 0x00000000eab00000)
  object space 42496K, 8% used [0x00000000c0000000,0x00000000c0386618,0x00000000c2980000)
 Metaspace       used 5532K, capacity 6832K, committed 7040K, reserved 1056768K
  class space    used 545K, capacity 616K, committed 640K, reserved 1048576K
}
Event: 0,811 GC heap before
{Heap before GC invocations=3 (full 0):
 PSYoungGen      total 34304K, used 34296K [0x00000000eab00000, 0x00000000ecf00000, 0x0000000100000000)
  eden space 31744K, 100% used [0x00000000eab00000,0x00000000eca00000,0x00000000eca00000)
  from space 2560K, 99% used [0x00000000ecc80000,0x00000000ecefe358,0x00000000ecf00000)
  to   space 2560K, 0% used [0x00000000eca00000,0x00000000eca00000,0x00000000ecc80000)
 ParOldGen       total 42496K, used 3609K [0x00000000c0000000, 0x00000000c2980000, 0x00000000eab00000)
  object space 42496K, 8% used [0x00000000c0000000,0x00000000c0386618,0x00000000c2980000)
 Metaspace       used 5638K, capacity 6960K, committed 7040K, reserved 1056768K
  class space    used 546K, capacity 616K, committed 640K, reserved 1048576K
Event: 0,836 GC heap after
Heap after GC invocations=3 (full 0):
 PSYoungGen      total 34304K, used 2528K [0x00000000eab00000, 0x00000000eee00000, 0x0000000100000000)
  eden space 31744K, 0% used [0x00000000eab00000,0x00000000eab00000,0x00000000eca00000)
  from space 2560K, 98% used [0x00000000eca00000,0x00000000ecc78018,0x00000000ecc80000)
  to   space 2560K, 0% used [0x00000000eeb80000,0x00000000eeb80000,0x00000000eee00000)
 ParOldGen       total 42496K, used 8248K [0x00000000c0000000, 0x00000000c2980000, 0x00000000eab00000)
  object space 42496K, 19% used [0x00000000c0000000,0x00000000c080e328,0x00000000c2980000)
 Metaspace       used 5638K, capacity 6960K, committed 7040K, reserved 1056768K
  class space    used 546K, capacity 616K, committed 640K, reserved 1048576K
}
Event: 1,006 GC heap before
{Heap before GC invocations=4 (full 0):
 PSYoungGen      total 34304K, used 34272K [0x00000000eab00000, 0x00000000eee00000, 0x0000000100000000)
  eden space 31744K, 100% used [0x00000000eab00000,0x00000000eca00000,0x00000000eca00000)
  from space 2560K, 98% used [0x00000000eca00000,0x00000000ecc78018,0x00000000ecc80000)
  to   space 2560K, 0% used [0x00000000eeb80000,0x00000000eeb80000,0x00000000eee00000)
 ParOldGen       total 42496K, used 8248K [0x00000000c0000000, 0x00000000c2980000, 0x00000000eab00000)
  object space 42496K, 19% used [0x00000000c0000000,0x00000000c080e328,0x00000000c2980000)
 Metaspace       used 5686K, capacity 6960K, committed 7040K, reserved 1056768K
  class space    used 548K, capacity 616K, committed 640K, reserved 1048576K
Event: 1,027 GC heap after
Heap after GC invocations=4 (full 0):
 PSYoungGen      total 66048K, used 2560K [0x00000000eab00000, 0x00000000eee00000, 0x0000000100000000)
  eden space 63488K, 0% used [0x00000000eab00000,0x00000000eab00000,0x00000000ee900000)
  from space 2560K, 100% used [0x00000000eeb80000,0x00000000eee00000,0x00000000eee00000)
  to   space 2560K, 0% used [0x00000000ee900000,0x00000000ee900000,0x00000000eeb80000)
 ParOldGen       total 42496K, used 13780K [0x00000000c0000000, 0x00000000c2980000, 0x00000000eab00000)
  object space 42496K, 32% used [0x00000000c0000000,0x00000000c0d75040,0x00000000c2980000)
 Metaspace       used 5686K, capacity 6960K, committed 7040K, reserved 1056768K
  class space    used 548K, capacity 616K, committed 640K, reserved 1048576K
}

Deoptimization events (10 events):
Event: 1,340 Thread 0x00007fd1c800a000 Uncommon trap: reason=speculate_class_check action=maybe_recompile pc=0x00007fd1b9133594 method=com.android.dx.util.FixedSizeList.equals(Ljava/lang/Object;)Z @ 25
Event: 1,340 Thread 0x00007fd1c800a000 Uncommon trap: reason=speculate_class_check action=maybe_recompile pc=0x00007fd1b9133594 method=com.android.dx.util.FixedSizeList.equals(Ljava/lang/Object;)Z @ 25
Event: 1,340 Thread 0x00007fd1c800a000 Uncommon trap: reason=speculate_class_check action=maybe_recompile pc=0x00007fd1b9133594 method=com.android.dx.util.FixedSizeList.equals(Ljava/lang/Object;)Z @ 25
Event: 1,340 Thread 0x00007fd1c800a000 Uncommon trap: reason=speculate_class_check action=maybe_recompile pc=0x00007fd1b9133594 method=com.android.dx.util.FixedSizeList.equals(Ljava/lang/Object;)Z @ 25
Event: 3,840 Thread 0x00007fd1c800a000 Uncommon trap: reason=unreached action=reinterpret pc=0x00007fd1b914e254 method=java.util.Arrays.copyOf([Ljava/lang/Object;ILjava/lang/Class;)[Ljava/lang/Object; @ 3
Event: 3,842 Thread 0x00007fd1c800a000 Uncommon trap: reason=class_check action=maybe_recompile pc=0x00007fd1b93c7a2c method=java.util.HashMap.putVal(ILjava/lang/Object;Ljava/lang/Object;ZZ)Ljava/lang/Object; @ 56
Event: 3,842 Thread 0x00007fd1c800a000 Uncommon trap: reason=class_check action=maybe_recompile pc=0x00007fd1b93c7a2c method=java.util.HashMap.putVal(ILjava/lang/Object;Ljava/lang/Object;ZZ)Ljava/lang/Object; @ 56
Event: 3,869 Thread 0x00007fd1c800a000 Uncommon trap: reason=class_check action=maybe_recompile pc=0x00007fd1b9494778 method=com.android.dex.Leb128.writeUnsignedLeb128(Lcom/android/dex/util/ByteOutput;I)V @ 40
Event: 3,869 Thread 0x00007fd1c800a000 Uncommon trap: reason=class_check action=maybe_recompile pc=0x00007fd1b9494778 method=com.android.dex.Leb128.writeUnsignedLeb128(Lcom/android/dex/util/ByteOutput;I)V @ 40
Event: 3,870 Thread 0x00007fd1c800a000 Uncommon trap: reason=predicate action=maybe_recompile pc=0x00007fd1b94948c0 method=com.android.dex.Leb128.writeUnsignedLeb128(Lcom/android/dex/util/ByteOutput;I)V @ 9

Internal exceptions (10 events):
Event: 3,887 Thread 0x00007fd1c800a000 Exception <a 'java/security/PrivilegedActionException'> (0x00000000ee7a1498) thrown at [/HUDSON/workspace/8-2-build-linux-amd64/jdk8u25/1514/hotspot/src/share/vm/prims/jvm.cpp, line 1312]
Event: 3,887 Thread 0x00007fd1c800a000 Exception <a 'java/security/PrivilegedActionException'> (0x00000000ee7a46f0) thrown at [/HUDSON/workspace/8-2-build-linux-amd64/jdk8u25/1514/hotspot/src/share/vm/prims/jvm.cpp, line 1312]
Event: 3,888 Thread 0x00007fd1c800a000 Exception <a 'java/security/PrivilegedActionException'> (0x00000000ee7a76b8) thrown at [/HUDSON/workspace/8-2-build-linux-amd64/jdk8u25/1514/hotspot/src/share/vm/prims/jvm.cpp, line 1312]
Event: 3,890 Thread 0x00007fd1c800a000 Exception <a 'java/security/PrivilegedActionException'> (0x00000000ee7c2c00) thrown at [/HUDSON/workspace/8-2-build-linux-amd64/jdk8u25/1514/hotspot/src/share/vm/prims/jvm.cpp, line 1312]
Event: 3,894 Thread 0x00007fd1c800a000 Exception <a 'java/security/PrivilegedActionException'> (0x00000000ee7d1150) thrown at [/HUDSON/workspace/8-2-build-linux-amd64/jdk8u25/1514/hotspot/src/share/vm/prims/jvm.cpp, line 1312]
Event: 3,894 Thread 0x00007fd1c800a000 Exception <a 'java/security/PrivilegedActionException'> (0x00000000ee7d4668) thrown at [/HUDSON/workspace/8-2-build-linux-amd64/jdk8u25/1514/hotspot/src/share/vm/prims/jvm.cpp, line 1312]
Event: 3,897 Thread 0x00007fd1c800a000 Exception <a 'java/security/PrivilegedActionException'> (0x00000000ee7ec8e8) thrown at [/HUDSON/workspace/8-2-build-linux-amd64/jdk8u25/1514/hotspot/src/share/vm/prims/jvm.cpp, line 1312]
Event: 3,897 Thread 0x00007fd1c800a000 Exception <a 'java/security/PrivilegedActionException'> (0x00000000ee7efe00) thrown at [/HUDSON/workspace/8-2-build-linux-amd64/jdk8u25/1514/hotspot/src/share/vm/prims/jvm.cpp, line 1312]
Event: 3,901 Thread 0x00007fd1c800a000 Exception <a 'java/security/PrivilegedActionException'> (0x00000000ee805ab8) thrown at [/HUDSON/workspace/8-2-build-linux-amd64/jdk8u25/1514/hotspot/src/share/vm/prims/jvm.cpp, line 1312]
Event: 3,902 Thread 0x00007fd1c800a000 Exception <a 'java/security/PrivilegedActionException'> (0x00000000ee808ff0) thrown at [/HUDSON/workspace/8-2-build-linux-amd64/jdk8u25/1514/hotspot/src/share/vm/prims/jvm.cpp, line 1312]

Events (10 events):
Event: 3,894 loading class com/android/dex/ProtoId
Event: 3,894 loading class com/android/dex/ProtoId done
Event: 3,897 loading class com/android/dx/merge/DexMerger$5
Event: 3,897 loading class com/android/dx/merge/DexMerger$5 done
Event: 3,897 loading class com/android/dex/FieldId
Event: 3,897 loading class com/android/dex/FieldId done
Event: 3,901 loading class com/android/dx/merge/DexMerger$6
Event: 3,901 loading class com/android/dx/merge/DexMerger$6 done
Event: 3,902 loading class com/android/dex/MethodId
Event: 3,902 loading class com/android/dex/MethodId done


Dynamic libraries:
00400000-00401000 r-xp 00000000 08:03 1719663                            /usr/lib/jvm/java-8-oracle/jre/bin/java
00600000-00601000 rw-p 00000000 08:03 1719663                            /usr/lib/jvm/java-8-oracle/jre/bin/java
018c4000-018e5000 rw-p 00000000 00:00 0                                  [heap]
c0000000-c2980000 rw-p 00000000 00:00 0 
c2980000-eab00000 ---p 00000000 00:00 0 
eab00000-eee00000 rw-p 00000000 00:00 0 
eee00000-100000000 ---p 00000000 00:00 0 
100000000-1000c0000 rw-p 00000000 00:00 0 
1000c0000-140000000 ---p 00000000 00:00 0 
7fd178000000-7fd178021000 rw-p 00000000 00:00 0 
7fd178021000-7fd17c000000 ---p 00000000 00:00 0 
7fd180000000-7fd18073b000 rw-p 00000000 00:00 0 
7fd18073b000-7fd184000000 ---p 00000000 00:00 0 
7fd184000000-7fd184021000 rw-p 00000000 00:00 0 
7fd184021000-7fd188000000 ---p 00000000 00:00 0 
7fd188000000-7fd188927000 rw-p 00000000 00:00 0 
7fd188927000-7fd18c000000 ---p 00000000 00:00 0 
7fd18c000000-7fd18c71a000 rw-p 00000000 00:00 0 
7fd18c71a000-7fd190000000 ---p 00000000 00:00 0 
7fd190000000-7fd190021000 rw-p 00000000 00:00 0 
7fd190021000-7fd194000000 ---p 00000000 00:00 0 
7fd1979fa000-7fd1979fb000 ---p 00000000 00:00 0 
7fd1979fb000-7fd197afb000 rw-p 00000000 00:00 0                          [stack:13982]
7fd197afb000-7fd197afe000 ---p 00000000 00:00 0 
7fd197afe000-7fd197bfc000 rw-p 00000000 00:00 0                          [stack:13981]
7fd197bfc000-7fd197bff000 ---p 00000000 00:00 0 
7fd197bff000-7fd197cfd000 rw-p 00000000 00:00 0                          [stack:13980]
7fd197cfd000-7fd197d00000 ---p 00000000 00:00 0 
7fd197d00000-7fd197dfe000 rw-p 00000000 00:00 0                          [stack:13979]
7fd197dfe000-7fd197e01000 ---p 00000000 00:00 0 
7fd197e01000-7fd197eff000 rw-p 00000000 00:00 0                          [stack:13978]
7fd197eff000-7fd197f02000 ---p 00000000 00:00 0 
7fd197f02000-7fd198000000 rw-p 00000000 00:00 0                          [stack:13977]
7fd198000000-7fd198021000 rw-p 00000000 00:00 0 
7fd198021000-7fd19c000000 ---p 00000000 00:00 0 
7fd19c000000-7fd19c021000 rw-p 00000000 00:00 0 
7fd19c021000-7fd1a0000000 ---p 00000000 00:00 0 
7fd1a0000000-7fd1a0021000 rw-p 00000000 00:00 0 
7fd1a0021000-7fd1a4000000 ---p 00000000 00:00 0 
7fd1a4000000-7fd1a4021000 rw-p 00000000 00:00 0 
7fd1a4021000-7fd1a8000000 ---p 00000000 00:00 0 
7fd1a8000000-7fd1a8021000 rw-p 00000000 00:00 0 
7fd1a8021000-7fd1ac000000 ---p 00000000 00:00 0 
7fd1ac000000-7fd1ac021000 rw-p 00000000 00:00 0 
7fd1ac021000-7fd1b0000000 ---p 00000000 00:00 0 
7fd1b0000000-7fd1b0021000 rw-p 00000000 00:00 0 
7fd1b0021000-7fd1b4000000 ---p 00000000 00:00 0 
7fd1b40e4000-7fd1b44e2000 r--p 00000000 08:03 1704955                    /usr/lib/locale/locale-archive
7fd1b44e2000-7fd1b44e5000 ---p 00000000 00:00 0 
7fd1b44e5000-7fd1b45e3000 rw-p 00000000 00:00 0                          [stack:13976]
7fd1b45e3000-7fd1b45e6000 ---p 00000000 00:00 0 
7fd1b45e6000-7fd1b46e4000 rw-p 00000000 00:00 0                          [stack:13975]
7fd1b46e4000-7fd1b46e5000 ---p 00000000 00:00 0 
7fd1b46e5000-7fd1b56f4000 rw-p 00000000 00:00 0                          [stack:13974]
7fd1b56f4000-7fd1b58ca000 r--s 03caa000 08:03 1719620                    /usr/lib/jvm/java-8-oracle/jre/lib/rt.jar
7fd1b58ca000-7fd1b5fca000 rw-p 00000000 00:00 0 
7fd1b5fca000-7fd1b60ca000 ---p 00000000 00:00 0 
7fd1b60ca000-7fd1b82ca000 rw-p 00000000 00:00 0 
7fd1b82ca000-7fd1b82cb000 ---p 00000000 00:00 0 
7fd1b82cb000-7fd1b83cb000 rw-p 00000000 00:00 0                          [stack:13973]
7fd1b83cb000-7fd1b83cc000 ---p 00000000 00:00 0 
7fd1b83cc000-7fd1b84cc000 rw-p 00000000 00:00 0                          [stack:13972]
7fd1b84cc000-7fd1b84cd000 ---p 00000000 00:00 0 
7fd1b84cd000-7fd1b85cd000 rw-p 00000000 00:00 0                          [stack:13971]
7fd1b85cd000-7fd1b85ce000 ---p 00000000 00:00 0 
7fd1b85ce000-7fd1b86e3000 rw-p 00000000 00:00 0                          [stack:13970]
7fd1b86e3000-7fd1b8824000 ---p 00000000 00:00 0 
7fd1b8824000-7fd1b8839000 rw-p 00000000 00:00 0 
7fd1b8839000-7fd1b8979000 ---p 00000000 00:00 0 
7fd1b8979000-7fd1b899b000 rw-p 00000000 00:00 0 
7fd1b899b000-7fd1b8a24000 ---p 00000000 00:00 0 
7fd1b8a24000-7fd1b8a43000 rw-p 00000000 00:00 0 
7fd1b8a43000-7fd1b8de5000 ---p 00000000 00:00 0 
7fd1b8de5000-7fd1b9535000 rwxp 00000000 00:00 0 
7fd1b9535000-7fd1c7de5000 ---p 00000000 00:00 0 
7fd1c7de5000-7fd1c7dff000 r-xp 00000000 08:03 1719386                    /usr/lib/jvm/java-8-oracle/jre/lib/amd64/libzip.so
7fd1c7dff000-7fd1c7fff000 ---p 0001a000 08:03 1719386                    /usr/lib/jvm/java-8-oracle/jre/lib/amd64/libzip.so
7fd1c7fff000-7fd1c8000000 rw-p 0001a000 08:03 1719386                    /usr/lib/jvm/java-8-oracle/jre/lib/amd64/libzip.so
7fd1c8000000-7fd1c8595000 rw-p 00000000 00:00 0 
7fd1c8595000-7fd1cc000000 ---p 00000000 00:00 0 
7fd1cc060000-7fd1cc0d6000 rw-p 00000000 00:00 0 
7fd1cc0d6000-7fd1cc0e1000 r-xp 00000000 08:03 2103193                    /lib/x86_64-linux-gnu/libnss_files-2.19.so
7fd1cc0e1000-7fd1cc2e0000 ---p 0000b000 08:03 2103193                    /lib/x86_64-linux-gnu/libnss_files-2.19.so
7fd1cc2e0000-7fd1cc2e1000 r--p 0000a000 08:03 2103193                    /lib/x86_64-linux-gnu/libnss_files-2.19.so
7fd1cc2e1000-7fd1cc2e2000 rw-p 0000b000 08:03 2103193                    /lib/x86_64-linux-gnu/libnss_files-2.19.so
7fd1cc2e2000-7fd1cc2ed000 r-xp 00000000 08:03 2103194                    /lib/x86_64-linux-gnu/libnss_nis-2.19.so
7fd1cc2ed000-7fd1cc4ec000 ---p 0000b000 08:03 2103194                    /lib/x86_64-linux-gnu/libnss_nis-2.19.so
7fd1cc4ec000-7fd1cc4ed000 r--p 0000a000 08:03 2103194                    /lib/x86_64-linux-gnu/libnss_nis-2.19.so
7fd1cc4ed000-7fd1cc4ee000 rw-p 0000b000 08:03 2103194                    /lib/x86_64-linux-gnu/libnss_nis-2.19.so
7fd1cc4ee000-7fd1cc505000 r-xp 00000000 08:03 2102533                    /lib/x86_64-linux-gnu/libnsl-2.19.so
7fd1cc505000-7fd1cc704000 ---p 00017000 08:03 2102533                    /lib/x86_64-linux-gnu/libnsl-2.19.so
7fd1cc704000-7fd1cc705000 r--p 00016000 08:03 2102533                    /lib/x86_64-linux-gnu/libnsl-2.19.so
7fd1cc705000-7fd1cc706000 rw-p 00017000 08:03 2102533                    /lib/x86_64-linux-gnu/libnsl-2.19.so
7fd1cc706000-7fd1cc708000 rw-p 00000000 00:00 0 
7fd1cc708000-7fd1cc711000 r-xp 00000000 08:03 2102431                    /lib/x86_64-linux-gnu/libnss_compat-2.19.so
7fd1cc711000-7fd1cc910000 ---p 00009000 08:03 2102431                    /lib/x86_64-linux-gnu/libnss_compat-2.19.so
7fd1cc910000-7fd1cc911000 r--p 00008000 08:03 2102431                    /lib/x86_64-linux-gnu/libnss_compat-2.19.so
7fd1cc911000-7fd1cc912000 rw-p 00009000 08:03 2102431                    /lib/x86_64-linux-gnu/libnss_compat-2.19.so
7fd1cc912000-7fd1cc93c000 r-xp 00000000 08:03 1719352                    /usr/lib/jvm/java-8-oracle/jre/lib/amd64/libjava.so
7fd1cc93c000-7fd1ccb3c000 ---p 0002a000 08:03 1719352                    /usr/lib/jvm/java-8-oracle/jre/lib/amd64/libjava.so
7fd1ccb3c000-7fd1ccb3e000 rw-p 0002a000 08:03 1719352                    /usr/lib/jvm/java-8-oracle/jre/lib/amd64/libjava.so
7fd1ccb3e000-7fd1ccb4b000 r-xp 00000000 08:03 1719370                    /usr/lib/jvm/java-8-oracle/jre/lib/amd64/libverify.so
7fd1ccb4b000-7fd1ccd4b000 ---p 0000d000 08:03 1719370                    /usr/lib/jvm/java-8-oracle/jre/lib/amd64/libverify.so
7fd1ccd4b000-7fd1ccd4d000 rw-p 0000d000 08:03 1719370                    /usr/lib/jvm/java-8-oracle/jre/lib/amd64/libverify.so
7fd1ccd4d000-7fd1ccd54000 r-xp 00000000 08:03 2102576                    /lib/x86_64-linux-gnu/librt-2.19.so
7fd1ccd54000-7fd1ccf53000 ---p 00007000 08:03 2102576                    /lib/x86_64-linux-gnu/librt-2.19.so
7fd1ccf53000-7fd1ccf54000 r--p 00006000 08:03 2102576                    /lib/x86_64-linux-gnu/librt-2.19.so
7fd1ccf54000-7fd1ccf55000 rw-p 00007000 08:03 2102576                    /lib/x86_64-linux-gnu/librt-2.19.so
7fd1ccf55000-7fd1cd05a000 r-xp 00000000 08:03 2102682                    /lib/x86_64-linux-gnu/libm-2.19.so
7fd1cd05a000-7fd1cd259000 ---p 00105000 08:03 2102682                    /lib/x86_64-linux-gnu/libm-2.19.so
7fd1cd259000-7fd1cd25a000 r--p 00104000 08:03 2102682                    /lib/x86_64-linux-gnu/libm-2.19.so
7fd1cd25a000-7fd1cd25b000 rw-p 00105000 08:03 2102682                    /lib/x86_64-linux-gnu/libm-2.19.so
7fd1cd25b000-7fd1cdec8000 r-xp 00000000 08:03 1719359                    /usr/lib/jvm/java-8-oracle/jre/lib/amd64/server/libjvm.so
7fd1cdec8000-7fd1ce0c7000 ---p 00c6d000 08:03 1719359                    /usr/lib/jvm/java-8-oracle/jre/lib/amd64/server/libjvm.so
7fd1ce0c7000-7fd1ce19d000 rw-p 00c6c000 08:03 1719359                    /usr/lib/jvm/java-8-oracle/jre/lib/amd64/server/libjvm.so
7fd1ce19d000-7fd1ce1e0000 rw-p 00000000 00:00 0 
7fd1ce1e0000-7fd1ce39b000 r-xp 00000000 08:03 2102633                    /lib/x86_64-linux-gnu/libc-2.19.so
7fd1ce39b000-7fd1ce59b000 ---p 001bb000 08:03 2102633                    /lib/x86_64-linux-gnu/libc-2.19.so
7fd1ce59b000-7fd1ce59f000 r--p 001bb000 08:03 2102633                    /lib/x86_64-linux-gnu/libc-2.19.so
7fd1ce59f000-7fd1ce5a1000 rw-p 001bf000 08:03 2102633                    /lib/x86_64-linux-gnu/libc-2.19.so
7fd1ce5a1000-7fd1ce5a6000 rw-p 00000000 00:00 0 
7fd1ce5a6000-7fd1ce5a9000 r-xp 00000000 08:03 2103199                    /lib/x86_64-linux-gnu/libdl-2.19.so
7fd1ce5a9000-7fd1ce7a8000 ---p 00003000 08:03 2103199                    /lib/x86_64-linux-gnu/libdl-2.19.so
7fd1ce7a8000-7fd1ce7a9000 r--p 00002000 08:03 2103199                    /lib/x86_64-linux-gnu/libdl-2.19.so
7fd1ce7a9000-7fd1ce7aa000 rw-p 00003000 08:03 2103199                    /lib/x86_64-linux-gnu/libdl-2.19.so
7fd1ce7aa000-7fd1ce7bf000 r-xp 00000000 08:03 1719341                    /usr/lib/jvm/java-8-oracle/jre/lib/amd64/jli/libjli.so
7fd1ce7bf000-7fd1ce9be000 ---p 00015000 08:03 1719341                    /usr/lib/jvm/java-8-oracle/jre/lib/amd64/jli/libjli.so
7fd1ce9be000-7fd1ce9bf000 rw-p 00014000 08:03 1719341                    /usr/lib/jvm/java-8-oracle/jre/lib/amd64/jli/libjli.so
7fd1ce9bf000-7fd1ce9d8000 r-xp 00000000 08:03 2103200                    /lib/x86_64-linux-gnu/libpthread-2.19.so
7fd1ce9d8000-7fd1cebd7000 ---p 00019000 08:03 2103200                    /lib/x86_64-linux-gnu/libpthread-2.19.so
7fd1cebd7000-7fd1cebd8000 r--p 00018000 08:03 2103200                    /lib/x86_64-linux-gnu/libpthread-2.19.so
7fd1cebd8000-7fd1cebd9000 rw-p 00019000 08:03 2103200                    /lib/x86_64-linux-gnu/libpthread-2.19.so
7fd1cebd9000-7fd1cebdd000 rw-p 00000000 00:00 0 
7fd1cebdd000-7fd1cec00000 r-xp 00000000 08:03 2102634                    /lib/x86_64-linux-gnu/ld-2.19.so
7fd1cec18000-7fd1cec26000 r--s 000dc000 08:03 790900                     /opt/android-sdk-linux/build-tools/21.1.1/lib/dx.jar
7fd1cec26000-7fd1cece4000 rw-p 00000000 00:00 0 
7fd1cece4000-7fd1cece7000 ---p 00000000 00:00 0 
7fd1cece7000-7fd1cede9000 rw-p 00000000 00:00 0                          [stack:13969]
7fd1cedec000-7fd1cedef000 rw-p 00000000 00:00 0 
7fd1cedef000-7fd1cedf3000 r--s 00093000 08:03 1719336                    /usr/lib/jvm/java-8-oracle/jre/lib/jsse.jar
7fd1cedf3000-7fd1cedfb000 rw-s 00000000 08:03 1842385                    /tmp/hsperfdata_sergio/13961
7fd1cedfb000-7fd1cedfc000 rw-p 00000000 00:00 0 
7fd1cedfc000-7fd1cedfd000 r--p 00000000 00:00 0 
7fd1cedfd000-7fd1cedff000 rw-p 00000000 00:00 0 
7fd1cedff000-7fd1cee00000 r--p 00022000 08:03 2102634                    /lib/x86_64-linux-gnu/ld-2.19.so
7fd1cee00000-7fd1cee01000 rw-p 00023000 08:03 2102634                    /lib/x86_64-linux-gnu/ld-2.19.so
7fd1cee01000-7fd1cee02000 rw-p 00000000 00:00 0 
7fff2945c000-7fff2947d000 rw-p 00000000 00:00 0                          [stack]
7fff2952b000-7fff2952d000 r-xp 00000000 00:00 0                          [vdso]
ffffffffff600000-ffffffffff601000 r-xp 00000000 00:00 0                  [vsyscall]

VM Arguments:
jvm_args: -Xmx1024M 
java_command: /opt/android-sdk-linux/build-tools/21.1.1/lib/dx.jar --dex --output /home/sergio/IWEB/practica6/platforms/android/ant-build/classes.dex /home/sergio/IWEB/practica6/platforms/android/ant-build/classes /home/sergio/IWEB/practica6/platforms/android/ant-build/dexedLibs/classes-9deac6fcda1132d952c6977d1a2e02e7.jar
java_class_path (initial): /opt/android-sdk-linux/build-tools/21.1.1/lib/dx.jar
Launcher Type: SUN_STANDARD

Environment Variables:
JAVA_HOME=/usr/lib/jvm/java-8-oracle
PATH=/usr/local/sbin:/usr/local/bin:/usr/sbin:/usr/bin:/sbin:/bin:/usr/games:/usr/local/games:/opt/android-sdk-linux/tools:/opt/android-sdk-linux/platform-tools:/opt/android-sdk-linux/bin
SHELL=/bin/bash
DISPLAY=:0

Signal Handlers:
SIGSEGV: [libjvm.so+0xa79a80], sa_mask[0]=11111111011111111101111111111110, sa_flags=SA_RESTART|SA_SIGINFO
SIGBUS: [libjvm.so+0xa79a80], sa_mask[0]=11111111011111111101111111111110, sa_flags=SA_RESTART|SA_SIGINFO
SIGFPE: [libjvm.so+0x8e24e0], sa_mask[0]=11111111011111111101111111111110, sa_flags=SA_RESTART|SA_SIGINFO
SIGPIPE: [libjvm.so+0x8e24e0], sa_mask[0]=11111111011111111101111111111110, sa_flags=SA_RESTART|SA_SIGINFO
SIGXFSZ: [libjvm.so+0x8e24e0], sa_mask[0]=11111111011111111101111111111110, sa_flags=SA_RESTART|SA_SIGINFO
SIGILL: [libjvm.so+0x8e24e0], sa_mask[0]=11111111011111111101111111111110, sa_flags=SA_RESTART|SA_SIGINFO
SIGUSR1: SIG_DFL, sa_mask[0]=00000000000000000000000000000000, sa_flags=none
SIGUSR2: [libjvm.so+0x8e3d10], sa_mask[0]=00100000000000000000000000000000, sa_flags=SA_RESTART|SA_SIGINFO
SIGHUP: [libjvm.so+0x8e50d0], sa_mask[0]=11111111011111111101111111111110, sa_flags=SA_RESTART|SA_SIGINFO
SIGINT: [libjvm.so+0x8e50d0], sa_mask[0]=11111111011111111101111111111110, sa_flags=SA_RESTART|SA_SIGINFO
SIGTERM: [libjvm.so+0x8e50d0], sa_mask[0]=11111111011111111101111111111110, sa_flags=SA_RESTART|SA_SIGINFO
SIGQUIT: [libjvm.so+0x8e50d0], sa_mask[0]=11111111011111111101111111111110, sa_flags=SA_RESTART|SA_SIGINFO


---------------  S Y S T E M  ---------------

OS:DISTRIB_ID="elementary OS"
DISTRIB_RELEASE=0.3
DISTRIB_CODENAME=freya
DISTRIB_DESCRIPTION="elementary OS Freya"

uname:Linux 3.13.0-39-generic #66-Ubuntu SMP Tue Oct 28 13:30:27 UTC 2014 x86_64
libc:glibc 2.19 NPTL 2.19 
rlimit: STACK 8192k, CORE 0k, NPROC 31387, NOFILE 4096, AS infinity
load average:0,57 0,26 0,25

/proc/meminfo:
MemTotal:        4046980 kB
MemFree:          937408 kB
Buffers:           29876 kB
Cached:           867820 kB
SwapCached:        30856 kB
Active:          1744304 kB
Inactive:        1102984 kB
Active(anon):    1342056 kB
Inactive(anon):   633756 kB
Active(file):     402248 kB
Inactive(file):   469228 kB
Unevictable:           0 kB
Mlocked:               0 kB
SwapTotal:       1771516 kB
SwapFree:        1654972 kB
Dirty:               260 kB
Writeback:             0 kB
AnonPages:       1920404 kB
Mapped:           193568 kB
Shmem:             26220 kB
Slab:             116064 kB
SReclaimable:      84456 kB
SUnreclaim:        31608 kB
KernelStack:        3896 kB
PageTables:        30492 kB
NFS_Unstable:          0 kB
Bounce:                0 kB
WritebackTmp:          0 kB
CommitLimit:     3795004 kB
Committed_AS:    5213124 kB
VmallocTotal:   34359738367 kB
VmallocUsed:      307296 kB
VmallocChunk:   34359426044 kB
HardwareCorrupted:     0 kB
AnonHugePages:    917504 kB
HugePages_Total:       0
HugePages_Free:        0
HugePages_Rsvd:        0
HugePages_Surp:        0
Hugepagesize:       2048 kB
DirectMap4k:      345024 kB
DirectMap2M:     3848192 kB


CPU:total 4 (4 cores per cpu, 1 threads per core) family 6 model 23 stepping 7, cmov, cx8, fxsr, mmx, sse, sse2, sse3, ssse3, sse4.1, tsc

/proc/cpuinfo:
processor	: 0
vendor_id	: GenuineIntel
cpu family	: 6
model		: 23
model name	: Intel(R) Core(TM)2 Quad  CPU   Q9550  @ 2.83GHz
stepping	: 7
microcode	: 0x705
cpu MHz		: 2834.000
cache size	: 6144 KB
physical id	: 0
siblings	: 4
core id		: 0
cpu cores	: 4
apicid		: 0
initial apicid	: 0
fpu		: yes
fpu_exception	: yes
cpuid level	: 10
wp		: yes
flags		: fpu vme de pse tsc msr pae mce cx8 apic sep mtrr pge mca cmov pat pse36 clflush dts acpi mmx fxsr sse sse2 ss ht tm pbe syscall nx lm constant_tsc arch_perfmon pebs bts rep_good nopl aperfmperf pni dtes64 monitor ds_cpl vmx smx est tm2 ssse3 cx16 xtpr pdcm sse4_1 lahf_lm dtherm tpr_shadow vnmi flexpriority
bogomips	: 5666.53
clflush size	: 64
cache_alignment	: 64
address sizes	: 36 bits physical, 48 bits virtual
power management:

processor	: 1
vendor_id	: GenuineIntel
cpu family	: 6
model		: 23
model name	: Intel(R) Core(TM)2 Quad  CPU   Q9550  @ 2.83GHz
stepping	: 7
microcode	: 0x705
cpu MHz		: 2834.000
cache size	: 6144 KB
physical id	: 0
siblings	: 4
core id		: 3
cpu cores	: 4
apicid		: 3
initial apicid	: 3
fpu		: yes
fpu_exception	: yes
cpuid level	: 10
wp		: yes
flags		: fpu vme de pse tsc msr pae mce cx8 apic sep mtrr pge mca cmov pat pse36 clflush dts acpi mmx fxsr sse sse2 ss ht tm pbe syscall nx lm constant_tsc arch_perfmon pebs bts rep_good nopl aperfmperf pni dtes64 monitor ds_cpl vmx smx est tm2 ssse3 cx16 xtpr pdcm sse4_1 lahf_lm dtherm tpr_shadow vnmi flexpriority
bogomips	: 5666.53
clflush size	: 64
cache_alignment	: 64
address sizes	: 36 bits physical, 48 bits virtual
power management:

processor	: 2
vendor_id	: GenuineIntel
cpu family	: 6
model		: 23
model name	: Intel(R) Core(TM)2 Quad  CPU   Q9550  @ 2.83GHz
stepping	: 7
microcode	: 0x705
cpu MHz		: 2834.000
cache size	: 6144 KB
physical id	: 0
siblings	: 4
core id		: 2
cpu cores	: 4
apicid		: 2
initial apicid	: 2
fpu		: yes
fpu_exception	: yes
cpuid level	: 10
wp		: yes
flags		: fpu vme de pse tsc msr pae mce cx8 apic sep mtrr pge mca cmov pat pse36 clflush dts acpi mmx fxsr sse sse2 ss ht tm pbe syscall nx lm constant_tsc arch_perfmon pebs bts rep_good nopl aperfmperf pni dtes64 monitor ds_cpl vmx smx est tm2 ssse3 cx16 xtpr pdcm sse4_1 lahf_lm dtherm tpr_shadow vnmi flexpriority
bogomips	: 5666.53
clflush size	: 64
cache_alignment	: 64
address sizes	: 36 bits physical, 48 bits virtual
power management:

processor	: 3
vendor_id	: GenuineIntel
cpu family	: 6
model		: 23
model name	: Intel(R) Core(TM)2 Quad  CPU   Q9550  @ 2.83GHz
stepping	: 7
microcode	: 0x705
cpu MHz		: 2834.000
cache size	: 6144 KB
physical id	: 0
siblings	: 4
core id		: 1
cpu cores	: 4
apicid		: 1
initial apicid	: 1
fpu		: yes
fpu_exception	: yes
cpuid level	: 10
wp		: yes
flags		: fpu vme de pse tsc msr pae mce cx8 apic sep mtrr pge mca cmov pat pse36 clflush dts acpi mmx fxsr sse sse2 ss ht tm pbe syscall nx lm constant_tsc arch_perfmon pebs bts rep_good nopl aperfmperf pni dtes64 monitor ds_cpl vmx smx est tm2 ssse3 cx16 xtpr pdcm sse4_1 lahf_lm dtherm tpr_shadow vnmi flexpriority
bogomips	: 5666.53
clflush size	: 64
cache_alignment	: 64
address sizes	: 36 bits physical, 48 bits virtual
power management:



Memory: 4k page, physical 4046980k(937408k free), swap 1771516k(1654972k free)

vm_info: Java HotSpot(TM) 64-Bit Server VM (25.25-b02) for linux-amd64 JRE (1.8.0_25-b17), built on Sep 17 2014 17:32:11 by "java_re" with gcc 4.3.0 20080428 (Red Hat 4.3.0-8)

time: Sun Nov 23 21:32:05 2014
elapsed time: 3 seconds (0d 0h 0m 3s)

