#
# A fatal error has been detected by the Java Runtime Environment:
#
#  SIGSEGV (0xb) at pc=0x00007ff846005060, pid=6670, tid=140705735145216
#
# JRE version: Java(TM) SE Runtime Environment (8.0_25-b17) (build 1.8.0_25-b17)
# Java VM: Java HotSpot(TM) 64-Bit Server VM (25.25-b02 mixed mode linux-amd64 compressed oops)
# Problematic frame:
# C  0x00007ff846005060
#
# Failed to write core dump. Core dumps have been disabled. To enable core dumping, try "ulimit -c unlimited" before starting Java again
#
# If you would like to submit a bug report, please visit:
#   http://bugreport.sun.com/bugreport/crash.jsp
#

---------------  T H R E A D  ---------------

Current thread (0x00007ff89400a000):  JavaThread "main" [_thread_in_Java, id=6678, stack(0x00007ff89b4c7000,0x00007ff89b5c8000)]

siginfo: si_signo: 11 (SIGSEGV), si_code: 1 (SEGV_MAPERR), si_addr: 0x00007ff846005060

Registers:
RAX=0x00000001000a2f10, RBX=0x00007ff8847208e8, RCX=0x00000000eb942700, RDX=0x00000000eb942700
RSP=0x00007ff89b5c60d8, RBP=0x00007ff89b5c6370, RSI=0x00000000eb942640, RDI=0x000000000000006e
R8 =0x00000000eb942700, R9 =0x00007ff88474b7d8, R10=0x00007ff89a99e560, R11=0x00007ff8854f0f40
R12=0x0000000000000000, R13=0x00007ff88550b564, R14=0x00007ff89b5c6208, R15=0x00007ff89400a000
RIP=0x00007ff846005060, EFLAGS=0x0000000000010202, CSGSFS=0x0000000000000033, ERR=0x0000000000000014
  TRAPNO=0x000000000000000e

Top of Stack: (sp=0x00007ff89b5c60d8)
0x00007ff89b5c60d8:   00007ff885508f34 00007ff88471fea8
0x00007ff89b5c60e8:   00007ff89b5c6130 00007ff884721b58
0x00007ff89b5c60f8:   00007ff884752fe0 00007ff88471fed0
0x00007ff89b5c6108:   0000000000000000 00007ff89b5c6128
0x00007ff89b5c6118:   00007ff89b5c6178 00007ff8850073d0
0x00007ff89b5c6128:   0000000000000008 00007ff89b5c61e8
0x00007ff89b5c6138:   00007ff8854eda1c 00007ff88471ff5a
0x00007ff89b5c6148:   00007ff89b5c6198 00007ff89b5c6370
0x00007ff89b5c6158:   00007ff8854fc3fc 00007ff88471ffb8
0x00007ff89b5c6168:   0000000000000000 00007ff89b5c61e8
0x00007ff89b5c6178:   00000000eb942640 00007ff80000006e
0x00007ff89b5c6188:   00000000eb942700 0000000000000497
0x00007ff89b5c6198:   000000000000011a 00000000eb942700
0x00007ff89b5c61a8:   00007ff89b5c61a8 00007ff89b5c6370
0x00007ff89b5c61b8:   00007ff885505cc4 00007ff8847424e8
0x00007ff89b5c61c8:   00007ff884752618 00007ff884737db8
0x00007ff89b5c61d8:   0000000000000000 00007ff89b5c6210
0x00007ff89b5c61e8:   00007ff89b5c6370 00007ff88550b564
0x00007ff89b5c61f8:   00000000eb942700 00007ff89b5c6370
0x00007ff89b5c6208:   00007ff88550b564 00007ff8841e49c0
0x00007ff89b5c6218:   0000000000000000 00000000eb5a25a0
0x00007ff89b5c6228:   00007ff89b5c6370 00007ff89b5c6370
0x00007ff89b5c6238:   00007ff885501004 0000000000000002
0x00007ff89b5c6248:   0000000000000001 00007ff89b5c62c0
0x00007ff89b5c6258:   00007ff88500798d 00007ff89b5c62c0
0x00007ff89b5c6268:   00007ff88500798d 0000000000000000
0x00007ff89b5c6278:   00000000eb5a25a0 00007ff89b5c6280
0x00007ff89b5c6288:   00007ff8846e8f23 00007ff89b5c6328
0x00007ff89b5c6298:   00007ff8846ea250 00007ff884752a18
0x00007ff89b5c62a8:   00007ff8846e90d8 0000000000000000
0x00007ff89b5c62b8:   00007ff89b5c6318 00000000eb5a1fc8
0x00007ff89b5c62c8:   00007ff897add000 0000000700000022 

Instructions: (pc=0x00007ff846005060)
0x00007ff846005040:   
[error occurred during error reporting (printing registers, top of stack, instructions near pc), id 0xb]

Register to memory mapping:

RAX=0x00000001000a2f10 is pointing into metadata
RBX={method} {0x00007ff8847208e8} 'getE' '()I' in 'com/android/dx/io/instructions/DecodedInstruction'
RCX=0x00000000eb942700 is an oop
com.android.dx.io.instructions.ShortArrayCodeOutput 
 - klass: 'com/android/dx/io/instructions/ShortArrayCodeOutput'
RDX=0x00000000eb942700 is an oop
com.android.dx.io.instructions.ShortArrayCodeOutput 
 - klass: 'com/android/dx/io/instructions/ShortArrayCodeOutput'
RSP=0x00007ff89b5c60d8 is pointing into the stack for thread: 0x00007ff89400a000
RBP=0x00007ff89b5c6370 is pointing into the stack for thread: 0x00007ff89400a000
RSI=0x00000000eb942640 is an oop
com.android.dx.io.instructions.TwoRegisterDecodedInstruction 
 - klass: 'com/android/dx/io/instructions/TwoRegisterDecodedInstruction'
RDI=0x000000000000006e is an unknown value
R8 =0x00000000eb942700 is an oop
com.android.dx.io.instructions.ShortArrayCodeOutput 
 - klass: 'com/android/dx/io/instructions/ShortArrayCodeOutput'
R9 =0x00007ff88474b7d8 is pointing into metadata
R10=0x00007ff89a99e560: <offset 0xf60560> in /usr/lib/jvm/java-8-oracle/jre/lib/amd64/server/libjvm.so at 0x00007ff899a3e000
R11=0x00007ff8854f0f40 is at entry_point+32 in (nmethod*)0x00007ff8854f0d90
R12=0x0000000000000000 is an unknown value
R13=0x00007ff88550b564 is at entry_point+2020 in (nmethod*)0x00007ff88550ab50
R14=0x00007ff89b5c6208 is pointing into the stack for thread: 0x00007ff89400a000
R15=0x00007ff89400a000 is a thread


Stack: [0x00007ff89b4c7000,0x00007ff89b5c8000],  sp=0x00007ff89b5c60d8,  free space=1020k
Native frames: (J=compiled Java code, j=interpreted, Vv=VM code, C=native code)
C  0x00007ff846005060
j  com.android.dx.merge.DexMerger.transformMethods(Lcom/android/dex/Dex;Lcom/android/dx/merge/IndexMap;[Lcom/android/dex/ClassData$Method;)V+116
j  com.android.dx.merge.DexMerger.transformClassData(Lcom/android/dex/Dex;Lcom/android/dex/ClassData;Lcom/android/dx/merge/IndexMap;)V+107
j  com.android.dx.merge.DexMerger.transformClassDef(Lcom/android/dex/Dex;Lcom/android/dex/ClassDef;Lcom/android/dx/merge/IndexMap;)V+137
j  com.android.dx.merge.DexMerger.mergeClassDefs()V+93
j  com.android.dx.merge.DexMerger.mergeDexes()Lcom/android/dex/Dex;+33
j  com.android.dx.merge.DexMerger.merge()Lcom/android/dex/Dex;+5
j  com.android.dx.command.dexer.Main.mergeLibraryDexBuffers([B)[B+69
j  com.android.dx.command.dexer.Main.runMonoDex()I+129
j  com.android.dx.command.dexer.Main.run(Lcom/android/dx/command/dexer/Main$Arguments;)I+76
j  com.android.dx.command.dexer.Main.main([Ljava/lang/String;)V+14
j  com.android.dx.command.Main.main([Ljava/lang/String;)V+61
v  ~StubRoutines::call_stub
V  [libjvm.so+0x664086]  JavaCalls::call_helper(JavaValue*, methodHandle*, JavaCallArguments*, Thread*)+0x1056
V  [libjvm.so+0x6ab096]  jni_invoke_static(JNIEnv_*, JavaValue*, _jobject*, JNICallType, _jmethodID*, JNI_ArgumentPusher*, Thread*)+0x346
V  [libjvm.so+0x6b1c2a]  jni_CallStaticVoidMethod+0x17a
C  [libjli.so+0x7b14]  JavaMain+0x844
C  [libpthread.so.0+0x8182]  start_thread+0xc2


---------------  P R O C E S S  ---------------

Java Threads: ( => current thread )
  0x00007ff894187800 JavaThread "Service Thread" daemon [_thread_blocked, id=6690, stack(0x00007ff87c315000,0x00007ff87c416000)]
  0x00007ff894177800 JavaThread "C1 CompilerThread2" daemon [_thread_blocked, id=6689, stack(0x00007ff87c416000,0x00007ff87c517000)]
  0x00007ff894175800 JavaThread "C2 CompilerThread1" daemon [_thread_in_native, id=6688, stack(0x00007ff87c517000,0x00007ff87c618000)]
  0x00007ff894172800 JavaThread "C2 CompilerThread0" daemon [_thread_in_native, id=6687, stack(0x00007ff87c618000,0x00007ff87c719000)]
  0x00007ff894170800 JavaThread "Signal Dispatcher" daemon [_thread_blocked, id=6686, stack(0x00007ff87c719000,0x00007ff87c81a000)]
  0x00007ff894143000 JavaThread "Finalizer" daemon [_thread_blocked, id=6685, stack(0x00007ff87cc18000,0x00007ff87cd19000)]
  0x00007ff894141000 JavaThread "Reference Handler" daemon [_thread_blocked, id=6684, stack(0x00007ff87cd19000,0x00007ff87ce1a000)]
=>0x00007ff89400a000 JavaThread "main" [_thread_in_Java, id=6678, stack(0x00007ff89b4c7000,0x00007ff89b5c8000)]

Other Threads:
  0x00007ff89413a000 VMThread [stack: 0x00007ff87ce1a000,0x00007ff87cf1b000] [id=6683]
  0x00007ff894191800 WatcherThread [stack: 0x00007ff87c214000,0x00007ff87c315000] [id=6691]

VM state:not at safepoint (normal execution)

VM Mutex/Monitor currently owned by a thread: None

Heap:
 PSYoungGen      total 18432K, used 17367K [0x00000000eab00000, 0x00000000ecf00000, 0x0000000100000000)
  eden space 15872K, 93% used [0x00000000eab00000,0x00000000eb97dc48,0x00000000eba80000)
  from space 2560K, 98% used [0x00000000eba80000,0x00000000ebcf8038,0x00000000ebd00000)
  to   space 2560K, 0% used [0x00000000ecc80000,0x00000000ecc80000,0x00000000ecf00000)
 ParOldGen       total 42496K, used 1199K [0x00000000c0000000, 0x00000000c2980000, 0x00000000eab00000)
  object space 42496K, 2% used [0x00000000c0000000,0x00000000c012bea0,0x00000000c2980000)
 Metaspace       used 6659K, capacity 7536K, committed 7680K, reserved 1056768K
  class space    used 671K, capacity 680K, committed 768K, reserved 1048576K

Card table byte_map: [0x00007ff8980dd000,0x00007ff8982de000] byte_map_base: 0x00007ff897add000

Marking Bits: (ParMarkBitMap*) 0x00007ff89a9982c0
 Begin Bits: [0x00007ff87e000000, 0x00007ff87f000000)
 End Bits:   [0x00007ff87f000000, 0x00007ff880000000)

Polling page: 0x00007ff89b5df000

CodeCache: size=245760Kb used=5225Kb max_used=5225Kb free=240535Kb
 bounds [0x00007ff885000000, 0x00007ff885520000, 0x00007ff894000000]
 total_blobs=1898 nmethods=1618 adapters=196
 compilation: enabled

Compilation events (10 events):
Event: 0,901 Thread 0x00007ff894177800 nmethod 1626 0x00007ff885508150 code [0x00007ff8855082a0, 0x00007ff8855083b0]
Event: 0,901 Thread 0x00007ff894177800 1613       3       com.android.dx.io.instructions.InstructionCodec::access$300 (5 bytes)
Event: 0,901 Thread 0x00007ff894177800 nmethod 1613 0x00007ff885507d90 code [0x00007ff885507f00, 0x00007ff885508090]
Event: 0,901 Thread 0x00007ff894177800 1606       3       com.android.dx.io.instructions.DecodedInstruction::getD (2 bytes)
Event: 0,901 Thread 0x00007ff894177800 nmethod 1606 0x00007ff885507a50 code [0x00007ff885507ba0, 0x00007ff885507cf0]
Event: 0,901 Thread 0x00007ff894177800 1611       3       com.android.dx.io.instructions.DecodedInstruction::getC (2 bytes)
Event: 0,901 Thread 0x00007ff894177800 nmethod 1611 0x00007ff885507710 code [0x00007ff885507860, 0x00007ff8855079b0]
Event: 0,901 Thread 0x00007ff894177800 1617       3       com.android.dx.io.instructions.InstructionCodec::access$400 (5 bytes)
Event: 0,901 Thread 0x00007ff894177800 nmethod 1617 0x00007ff885507350 code [0x00007ff8855074c0, 0x00007ff885507650]
Event: 0,901 Thread 0x00007ff894177800 1609       3       com.android.dx.io.instructions.OneRegisterDecodedInstruction::withIndex (33 bytes)

GC Heap History (2 events):
Event: 0,452 GC heap before
{Heap before GC invocations=1 (full 0):
 PSYoungGen      total 18432K, used 15872K [0x00000000eab00000, 0x00000000ebf80000, 0x0000000100000000)
  eden space 15872K, 100% used [0x00000000eab00000,0x00000000eba80000,0x00000000eba80000)
  from space 2560K, 0% used [0x00000000ebd00000,0x00000000ebd00000,0x00000000ebf80000)
  to   space 2560K, 0% used [0x00000000eba80000,0x00000000eba80000,0x00000000ebd00000)
 ParOldGen       total 42496K, used 0K [0x00000000c0000000, 0x00000000c2980000, 0x00000000eab00000)
  object space 42496K, 0% used [0x00000000c0000000,0x00000000c0000000,0x00000000c2980000)
 Metaspace       used 5294K, capacity 6704K, committed 6784K, reserved 1056768K
  class space    used 540K, capacity 616K, committed 640K, reserved 1048576K
Event: 0,459 GC heap after
Heap after GC invocations=1 (full 0):
 PSYoungGen      total 18432K, used 2528K [0x00000000eab00000, 0x00000000ecf00000, 0x0000000100000000)
  eden space 15872K, 0% used [0x00000000eab00000,0x00000000eab00000,0x00000000eba80000)
  from space 2560K, 98% used [0x00000000eba80000,0x00000000ebcf8038,0x00000000ebd00000)
  to   space 2560K, 0% used [0x00000000ecc80000,0x00000000ecc80000,0x00000000ecf00000)
 ParOldGen       total 42496K, used 1199K [0x00000000c0000000, 0x00000000c2980000, 0x00000000eab00000)
  object space 42496K, 2% used [0x00000000c0000000,0x00000000c012bea0,0x00000000c2980000)
 Metaspace       used 5294K, capacity 6704K, committed 6784K, reserved 1056768K
  class space    used 540K, capacity 616K, committed 640K, reserved 1048576K
}

Deoptimization events (10 events):
Event: 0,569 Thread 0x00007ff89400a000 Uncommon trap: reason=speculate_class_check action=maybe_recompile pc=0x00007ff88539f860 method=com.android.dx.util.FixedSizeList.equals(Ljava/lang/Object;)Z @ 25
Event: 0,569 Thread 0x00007ff89400a000 Uncommon trap: reason=class_check action=maybe_recompile pc=0x00007ff885371620 method=java.util.Arrays.equals([Ljava/lang/Object;[Ljava/lang/Object;)Z @ 62
Event: 0,569 Thread 0x00007ff89400a000 Uncommon trap: reason=speculate_class_check action=maybe_recompile pc=0x00007ff88539f860 method=com.android.dx.util.FixedSizeList.equals(Ljava/lang/Object;)Z @ 25
Event: 0,569 Thread 0x00007ff89400a000 Uncommon trap: reason=class_check action=maybe_recompile pc=0x00007ff885371620 method=java.util.Arrays.equals([Ljava/lang/Object;[Ljava/lang/Object;)Z @ 62
Event: 0,618 Thread 0x00007ff89400a000 Uncommon trap: reason=unreached action=reinterpret pc=0x00007ff88534fa14 method=java.util.Arrays.copyOf([Ljava/lang/Object;ILjava/lang/Class;)[Ljava/lang/Object; @ 3
Event: 0,620 Thread 0x00007ff89400a000 Uncommon trap: reason=class_check action=maybe_recompile pc=0x00007ff8853dd1b4 method=java.util.HashMap.putVal(ILjava/lang/Object;Ljava/lang/Object;ZZ)Ljava/lang/Object; @ 56
Event: 0,620 Thread 0x00007ff89400a000 Uncommon trap: reason=class_check action=maybe_recompile pc=0x00007ff8853dd1b4 method=java.util.HashMap.putVal(ILjava/lang/Object;Ljava/lang/Object;ZZ)Ljava/lang/Object; @ 56
Event: 0,620 Thread 0x00007ff89400a000 Uncommon trap: reason=class_check action=maybe_recompile pc=0x00007ff8853dd1b4 method=java.util.HashMap.putVal(ILjava/lang/Object;Ljava/lang/Object;ZZ)Ljava/lang/Object; @ 56
Event: 0,621 Thread 0x00007ff89400a000 Uncommon trap: reason=class_check action=maybe_recompile pc=0x00007ff8853dd224 method=java.util.HashMap.putVal(ILjava/lang/Object;Ljava/lang/Object;ZZ)Ljava/lang/Object; @ 152
Event: 0,621 Thread 0x00007ff89400a000 Uncommon trap: reason=class_check action=maybe_recompile pc=0x00007ff8853dd224 method=java.util.HashMap.putVal(ILjava/lang/Object;Ljava/lang/Object;ZZ)Ljava/lang/Object; @ 152

Internal exceptions (10 events):
Event: 0,707 Thread 0x00007ff89400a000 Exception <a 'java/security/PrivilegedActionException'> (0x00000000eb7f94a0) thrown at [/HUDSON/workspace/8-2-build-linux-amd64/jdk8u25/1514/hotspot/src/share/vm/prims/jvm.cpp, line 1312]
Event: 0,707 Thread 0x00007ff89400a000 Exception <a 'java/security/PrivilegedActionException'> (0x00000000eb7fc590) thrown at [/HUDSON/workspace/8-2-build-linux-amd64/jdk8u25/1514/hotspot/src/share/vm/prims/jvm.cpp, line 1312]
Event: 0,707 Thread 0x00007ff89400a000 Exception <a 'java/security/PrivilegedActionException'> (0x00000000eb7ff968) thrown at [/HUDSON/workspace/8-2-build-linux-amd64/jdk8u25/1514/hotspot/src/share/vm/prims/jvm.cpp, line 1312]
Event: 0,708 Thread 0x00007ff89400a000 Exception <a 'java/security/PrivilegedActionException'> (0x00000000eb802e90) thrown at [/HUDSON/workspace/8-2-build-linux-amd64/jdk8u25/1514/hotspot/src/share/vm/prims/jvm.cpp, line 1312]
Event: 0,709 Thread 0x00007ff89400a000 Exception <a 'java/security/PrivilegedActionException'> (0x00000000eb808eb0) thrown at [/HUDSON/workspace/8-2-build-linux-amd64/jdk8u25/1514/hotspot/src/share/vm/prims/jvm.cpp, line 1312]
Event: 0,709 Thread 0x00007ff89400a000 Exception <a 'java/security/PrivilegedActionException'> (0x00000000eb80bde8) thrown at [/HUDSON/workspace/8-2-build-linux-amd64/jdk8u25/1514/hotspot/src/share/vm/prims/jvm.cpp, line 1312]
Event: 0,710 Thread 0x00007ff89400a000 Exception <a 'java/security/PrivilegedActionException'> (0x00000000eb80eee0) thrown at [/HUDSON/workspace/8-2-build-linux-amd64/jdk8u25/1514/hotspot/src/share/vm/prims/jvm.cpp, line 1312]
Event: 0,710 Thread 0x00007ff89400a000 Exception <a 'java/security/PrivilegedActionException'> (0x00000000eb812410) thrown at [/HUDSON/workspace/8-2-build-linux-amd64/jdk8u25/1514/hotspot/src/share/vm/prims/jvm.cpp, line 1312]
Event: 0,712 Thread 0x00007ff89400a000 Exception <a 'java/security/PrivilegedActionException'> (0x00000000eb819638) thrown at [/HUDSON/workspace/8-2-build-linux-amd64/jdk8u25/1514/hotspot/src/share/vm/prims/jvm.cpp, line 1312]
Event: 0,713 Thread 0x00007ff89400a000 Exception <a 'java/security/PrivilegedActionException'> (0x00000000eb81b890) thrown at [/HUDSON/workspace/8-2-build-linux-amd64/jdk8u25/1514/hotspot/src/share/vm/prims/jvm.cpp, line 1312]

Events (10 events):
Event: 0,709 loading class com/android/dx/io/instructions/SparseSwitchPayloadDecodedInstruction
Event: 0,709 loading class com/android/dx/io/instructions/SparseSwitchPayloadDecodedInstruction done
Event: 0,710 loading class com/android/dx/io/instructions/FillArrayDataPayloadDecodedInstruction
Event: 0,710 loading class com/android/dx/io/instructions/FillArrayDataPayloadDecodedInstruction done
Event: 0,710 loading class com/android/dx/io/IndexType
Event: 0,710 loading class com/android/dx/io/IndexType done
Event: 0,712 loading class com/android/dx/io/CodeReader$1
Event: 0,712 loading class com/android/dx/io/CodeReader$1 done
Event: 0,713 loading class com/android/dx/io/instructions/ShortArrayCodeOutput
Event: 0,713 loading class com/android/dx/io/instructions/ShortArrayCodeOutput done


Dynamic libraries:
00400000-00401000 r-xp 00000000 08:03 1719663                            /usr/lib/jvm/java-8-oracle/jre/bin/java
00600000-00601000 rw-p 00000000 08:03 1719663                            /usr/lib/jvm/java-8-oracle/jre/bin/java
024a1000-024c2000 rw-p 00000000 00:00 0                                  [heap]
c0000000-c2980000 rw-p 00000000 00:00 0 
c2980000-eab00000 ---p 00000000 00:00 0 
eab00000-ecf00000 rw-p 00000000 00:00 0 
ecf00000-100000000 ---p 00000000 00:00 0 
100000000-1000c0000 rw-p 00000000 00:00 0 
1000c0000-140000000 ---p 00000000 00:00 0 
7ff848000000-7ff848021000 rw-p 00000000 00:00 0 
7ff848021000-7ff84c000000 ---p 00000000 00:00 0 
7ff850000000-7ff850536000 rw-p 00000000 00:00 0 
7ff850536000-7ff854000000 ---p 00000000 00:00 0 
7ff854000000-7ff854021000 rw-p 00000000 00:00 0 
7ff854021000-7ff858000000 ---p 00000000 00:00 0 
7ff858000000-7ff8584e8000 rw-p 00000000 00:00 0 
7ff8584e8000-7ff85c000000 ---p 00000000 00:00 0 
7ff85c000000-7ff85c7b6000 rw-p 00000000 00:00 0 
7ff85c7b6000-7ff860000000 ---p 00000000 00:00 0 
7ff860000000-7ff860021000 rw-p 00000000 00:00 0 
7ff860021000-7ff864000000 ---p 00000000 00:00 0 
7ff864000000-7ff864021000 rw-p 00000000 00:00 0 
7ff864021000-7ff868000000 ---p 00000000 00:00 0 
7ff868000000-7ff868021000 rw-p 00000000 00:00 0 
7ff868021000-7ff86c000000 ---p 00000000 00:00 0 
7ff86c000000-7ff86c021000 rw-p 00000000 00:00 0 
7ff86c021000-7ff870000000 ---p 00000000 00:00 0 
7ff870000000-7ff870021000 rw-p 00000000 00:00 0 
7ff870021000-7ff874000000 ---p 00000000 00:00 0 
7ff874000000-7ff874021000 rw-p 00000000 00:00 0 
7ff874021000-7ff878000000 ---p 00000000 00:00 0 
7ff878000000-7ff878021000 rw-p 00000000 00:00 0 
7ff878021000-7ff87c000000 ---p 00000000 00:00 0 
7ff87c214000-7ff87c215000 ---p 00000000 00:00 0 
7ff87c215000-7ff87c315000 rw-p 00000000 00:00 0                          [stack:6691]
7ff87c315000-7ff87c318000 ---p 00000000 00:00 0 
7ff87c318000-7ff87c416000 rw-p 00000000 00:00 0                          [stack:6690]
7ff87c416000-7ff87c419000 ---p 00000000 00:00 0 
7ff87c419000-7ff87c517000 rw-p 00000000 00:00 0                          [stack:6689]
7ff87c517000-7ff87c51a000 ---p 00000000 00:00 0 
7ff87c51a000-7ff87c618000 rw-p 00000000 00:00 0                          [stack:6688]
7ff87c618000-7ff87c61b000 ---p 00000000 00:00 0 
7ff87c61b000-7ff87c719000 rw-p 00000000 00:00 0                          [stack:6687]
7ff87c719000-7ff87c71c000 ---p 00000000 00:00 0 
7ff87c71c000-7ff87c81a000 rw-p 00000000 00:00 0                          [stack:6686]
7ff87c81a000-7ff87cc18000 r--p 00000000 08:03 1704955                    /usr/lib/locale/locale-archive
7ff87cc18000-7ff87cc1b000 ---p 00000000 00:00 0 
7ff87cc1b000-7ff87cd19000 rw-p 00000000 00:00 0                          [stack:6685]
7ff87cd19000-7ff87cd1c000 ---p 00000000 00:00 0 
7ff87cd1c000-7ff87ce1a000 rw-p 00000000 00:00 0                          [stack:6684]
7ff87ce1a000-7ff87ce1b000 ---p 00000000 00:00 0 
7ff87ce1b000-7ff87de2a000 rw-p 00000000 00:00 0                          [stack:6683]
7ff87de2a000-7ff87e000000 r--s 03caa000 08:03 1719620                    /usr/lib/jvm/java-8-oracle/jre/lib/rt.jar
7ff87e000000-7ff880000000 rw-p 00000000 00:00 0 
7ff880000000-7ff880021000 rw-p 00000000 00:00 0 
7ff880021000-7ff884000000 ---p 00000000 00:00 0 
7ff8840a6000-7ff884766000 rw-p 00000000 00:00 0 
7ff884766000-7ff8848a6000 ---p 00000000 00:00 0 
7ff8848a6000-7ff884aa6000 rw-p 00000000 00:00 0 
7ff884aa6000-7ff884aa7000 ---p 00000000 00:00 0 
7ff884aa7000-7ff884ba7000 rw-p 00000000 00:00 0                          [stack:6682]
7ff884ba7000-7ff884ba8000 ---p 00000000 00:00 0 
7ff884ba8000-7ff884ca8000 rw-p 00000000 00:00 0                          [stack:6681]
7ff884ca8000-7ff884ca9000 ---p 00000000 00:00 0 
7ff884ca9000-7ff884da9000 rw-p 00000000 00:00 0                          [stack:6680]
7ff884da9000-7ff884daa000 ---p 00000000 00:00 0 
7ff884daa000-7ff884ebf000 rw-p 00000000 00:00 0                          [stack:6679]
7ff884ebf000-7ff885000000 ---p 00000000 00:00 0 
7ff885000000-7ff885520000 rwxp 00000000 00:00 0 
7ff885520000-7ff894000000 ---p 00000000 00:00 0 
7ff894000000-7ff894580000 rw-p 00000000 00:00 0 
7ff894580000-7ff898000000 ---p 00000000 00:00 0 
7ff898067000-7ff8980f2000 rw-p 00000000 00:00 0 
7ff8980f2000-7ff898232000 ---p 00000000 00:00 0 
7ff898232000-7ff898245000 rw-p 00000000 00:00 0 
7ff898245000-7ff8982dd000 ---p 00000000 00:00 0 
7ff8982dd000-7ff8982f3000 rw-p 00000000 00:00 0 
7ff8982f3000-7ff89869e000 ---p 00000000 00:00 0 
7ff89869e000-7ff8986b8000 r-xp 00000000 08:03 1719386                    /usr/lib/jvm/java-8-oracle/jre/lib/amd64/libzip.so
7ff8986b8000-7ff8988b8000 ---p 0001a000 08:03 1719386                    /usr/lib/jvm/java-8-oracle/jre/lib/amd64/libzip.so
7ff8988b8000-7ff8988b9000 rw-p 0001a000 08:03 1719386                    /usr/lib/jvm/java-8-oracle/jre/lib/amd64/libzip.so
7ff8988b9000-7ff8988c4000 r-xp 00000000 08:03 2103193                    /lib/x86_64-linux-gnu/libnss_files-2.19.so
7ff8988c4000-7ff898ac3000 ---p 0000b000 08:03 2103193                    /lib/x86_64-linux-gnu/libnss_files-2.19.so
7ff898ac3000-7ff898ac4000 r--p 0000a000 08:03 2103193                    /lib/x86_64-linux-gnu/libnss_files-2.19.so
7ff898ac4000-7ff898ac5000 rw-p 0000b000 08:03 2103193                    /lib/x86_64-linux-gnu/libnss_files-2.19.so
7ff898ac5000-7ff898ad0000 r-xp 00000000 08:03 2103194                    /lib/x86_64-linux-gnu/libnss_nis-2.19.so
7ff898ad0000-7ff898ccf000 ---p 0000b000 08:03 2103194                    /lib/x86_64-linux-gnu/libnss_nis-2.19.so
7ff898ccf000-7ff898cd0000 r--p 0000a000 08:03 2103194                    /lib/x86_64-linux-gnu/libnss_nis-2.19.so
7ff898cd0000-7ff898cd1000 rw-p 0000b000 08:03 2103194                    /lib/x86_64-linux-gnu/libnss_nis-2.19.so
7ff898cd1000-7ff898ce8000 r-xp 00000000 08:03 2102533                    /lib/x86_64-linux-gnu/libnsl-2.19.so
7ff898ce8000-7ff898ee7000 ---p 00017000 08:03 2102533                    /lib/x86_64-linux-gnu/libnsl-2.19.so
7ff898ee7000-7ff898ee8000 r--p 00016000 08:03 2102533                    /lib/x86_64-linux-gnu/libnsl-2.19.so
7ff898ee8000-7ff898ee9000 rw-p 00017000 08:03 2102533                    /lib/x86_64-linux-gnu/libnsl-2.19.so
7ff898ee9000-7ff898eeb000 rw-p 00000000 00:00 0 
7ff898eeb000-7ff898ef4000 r-xp 00000000 08:03 2102431                    /lib/x86_64-linux-gnu/libnss_compat-2.19.so
7ff898ef4000-7ff8990f3000 ---p 00009000 08:03 2102431                    /lib/x86_64-linux-gnu/libnss_compat-2.19.so
7ff8990f3000-7ff8990f4000 r--p 00008000 08:03 2102431                    /lib/x86_64-linux-gnu/libnss_compat-2.19.so
7ff8990f4000-7ff8990f5000 rw-p 00009000 08:03 2102431                    /lib/x86_64-linux-gnu/libnss_compat-2.19.so
7ff8990f5000-7ff89911f000 r-xp 00000000 08:03 1719352                    /usr/lib/jvm/java-8-oracle/jre/lib/amd64/libjava.so
7ff89911f000-7ff89931f000 ---p 0002a000 08:03 1719352                    /usr/lib/jvm/java-8-oracle/jre/lib/amd64/libjava.so
7ff89931f000-7ff899321000 rw-p 0002a000 08:03 1719352                    /usr/lib/jvm/java-8-oracle/jre/lib/amd64/libjava.so
7ff899321000-7ff89932e000 r-xp 00000000 08:03 1719370                    /usr/lib/jvm/java-8-oracle/jre/lib/amd64/libverify.so
7ff89932e000-7ff89952e000 ---p 0000d000 08:03 1719370                    /usr/lib/jvm/java-8-oracle/jre/lib/amd64/libverify.so
7ff89952e000-7ff899530000 rw-p 0000d000 08:03 1719370                    /usr/lib/jvm/java-8-oracle/jre/lib/amd64/libverify.so
7ff899530000-7ff899537000 r-xp 00000000 08:03 2102576                    /lib/x86_64-linux-gnu/librt-2.19.so
7ff899537000-7ff899736000 ---p 00007000 08:03 2102576                    /lib/x86_64-linux-gnu/librt-2.19.so
7ff899736000-7ff899737000 r--p 00006000 08:03 2102576                    /lib/x86_64-linux-gnu/librt-2.19.so
7ff899737000-7ff899738000 rw-p 00007000 08:03 2102576                    /lib/x86_64-linux-gnu/librt-2.19.so
7ff899738000-7ff89983d000 r-xp 00000000 08:03 2102682                    /lib/x86_64-linux-gnu/libm-2.19.so
7ff89983d000-7ff899a3c000 ---p 00105000 08:03 2102682                    /lib/x86_64-linux-gnu/libm-2.19.so
7ff899a3c000-7ff899a3d000 r--p 00104000 08:03 2102682                    /lib/x86_64-linux-gnu/libm-2.19.so
7ff899a3d000-7ff899a3e000 rw-p 00105000 08:03 2102682                    /lib/x86_64-linux-gnu/libm-2.19.so
7ff899a3e000-7ff89a6ab000 r-xp 00000000 08:03 1719359                    /usr/lib/jvm/java-8-oracle/jre/lib/amd64/server/libjvm.so
7ff89a6ab000-7ff89a8aa000 ---p 00c6d000 08:03 1719359                    /usr/lib/jvm/java-8-oracle/jre/lib/amd64/server/libjvm.so
7ff89a8aa000-7ff89a980000 rw-p 00c6c000 08:03 1719359                    /usr/lib/jvm/java-8-oracle/jre/lib/amd64/server/libjvm.so
7ff89a980000-7ff89a9c3000 rw-p 00000000 00:00 0 
7ff89a9c3000-7ff89ab7e000 r-xp 00000000 08:03 2102633                    /lib/x86_64-linux-gnu/libc-2.19.so
7ff89ab7e000-7ff89ad7e000 ---p 001bb000 08:03 2102633                    /lib/x86_64-linux-gnu/libc-2.19.so
7ff89ad7e000-7ff89ad82000 r--p 001bb000 08:03 2102633                    /lib/x86_64-linux-gnu/libc-2.19.so
7ff89ad82000-7ff89ad84000 rw-p 001bf000 08:03 2102633                    /lib/x86_64-linux-gnu/libc-2.19.so
7ff89ad84000-7ff89ad89000 rw-p 00000000 00:00 0 
7ff89ad89000-7ff89ad8c000 r-xp 00000000 08:03 2103199                    /lib/x86_64-linux-gnu/libdl-2.19.so
7ff89ad8c000-7ff89af8b000 ---p 00003000 08:03 2103199                    /lib/x86_64-linux-gnu/libdl-2.19.so
7ff89af8b000-7ff89af8c000 r--p 00002000 08:03 2103199                    /lib/x86_64-linux-gnu/libdl-2.19.so
7ff89af8c000-7ff89af8d000 rw-p 00003000 08:03 2103199                    /lib/x86_64-linux-gnu/libdl-2.19.so
7ff89af8d000-7ff89afa2000 r-xp 00000000 08:03 1719341                    /usr/lib/jvm/java-8-oracle/jre/lib/amd64/jli/libjli.so
7ff89afa2000-7ff89b1a1000 ---p 00015000 08:03 1719341                    /usr/lib/jvm/java-8-oracle/jre/lib/amd64/jli/libjli.so
7ff89b1a1000-7ff89b1a2000 rw-p 00014000 08:03 1719341                    /usr/lib/jvm/java-8-oracle/jre/lib/amd64/jli/libjli.so
7ff89b1a2000-7ff89b1bb000 r-xp 00000000 08:03 2103200                    /lib/x86_64-linux-gnu/libpthread-2.19.so
7ff89b1bb000-7ff89b3ba000 ---p 00019000 08:03 2103200                    /lib/x86_64-linux-gnu/libpthread-2.19.so
7ff89b3ba000-7ff89b3bb000 r--p 00018000 08:03 2103200                    /lib/x86_64-linux-gnu/libpthread-2.19.so
7ff89b3bb000-7ff89b3bc000 rw-p 00019000 08:03 2103200                    /lib/x86_64-linux-gnu/libpthread-2.19.so
7ff89b3bc000-7ff89b3c0000 rw-p 00000000 00:00 0 
7ff89b3c0000-7ff89b3e3000 r-xp 00000000 08:03 2102634                    /lib/x86_64-linux-gnu/ld-2.19.so
7ff89b3fb000-7ff89b409000 r--s 000dc000 08:03 790900                     /opt/android-sdk-linux/build-tools/21.1.1/lib/dx.jar
7ff89b409000-7ff89b4c7000 rw-p 00000000 00:00 0 
7ff89b4c7000-7ff89b4ca000 ---p 00000000 00:00 0 
7ff89b4ca000-7ff89b5cc000 rw-p 00000000 00:00 0                          [stack:6678]
7ff89b5cf000-7ff89b5d2000 rw-p 00000000 00:00 0 
7ff89b5d2000-7ff89b5d6000 r--s 00093000 08:03 1719336                    /usr/lib/jvm/java-8-oracle/jre/lib/jsse.jar
7ff89b5d6000-7ff89b5de000 rw-s 00000000 08:03 1842658                    /tmp/hsperfdata_sergio/6670
7ff89b5de000-7ff89b5df000 rw-p 00000000 00:00 0 
7ff89b5df000-7ff89b5e0000 r--p 00000000 00:00 0 
7ff89b5e0000-7ff89b5e2000 rw-p 00000000 00:00 0 
7ff89b5e2000-7ff89b5e3000 r--p 00022000 08:03 2102634                    /lib/x86_64-linux-gnu/ld-2.19.so
7ff89b5e3000-7ff89b5e4000 rw-p 00023000 08:03 2102634                    /lib/x86_64-linux-gnu/ld-2.19.so
7ff89b5e4000-7ff89b5e5000 rw-p 00000000 00:00 0 
7fffb7184000-7fffb71a5000 rw-p 00000000 00:00 0                          [stack]
7fffb71fe000-7fffb7200000 r-xp 00000000 00:00 0                          [vdso]
ffffffffff600000-ffffffffff601000 r-xp 00000000 00:00 0                  [vsyscall]

VM Arguments:
jvm_args: -Xmx1024M 
java_command: /opt/android-sdk-linux/build-tools/21.1.1/lib/dx.jar --dex --output /home/sergio/IWEB/practica6/platforms/android/ant-build/classes.dex /home/sergio/IWEB/practica6/platforms/android/ant-build/classes /home/sergio/IWEB/practica6/platforms/android/ant-build/dexedLibs/classes-9deac6fcda1132d952c6977d1a2e02e7.jar
java_class_path (initial): /opt/android-sdk-linux/build-tools/21.1.1/lib/dx.jar
Launcher Type: SUN_STANDARD

Environment Variables:
JAVA_HOME=/usr/lib/jvm/java-8-oracle
PATH=/usr/local/sbin:/usr/local/bin:/usr/sbin:/usr/bin:/sbin:/bin:/usr/games:/usr/local/games:/opt/android-sdk-linux/tools:/opt/android-sdk-linux/platform-tools:/opt/android-sdk-linux/bin
SHELL=/bin/bash
DISPLAY=:0

Signal Handlers:
SIGSEGV: [libjvm.so+0xa79a80], sa_mask[0]=11111111011111111101111111111110, sa_flags=SA_RESTART|SA_SIGINFO
SIGBUS: [libjvm.so+0xa79a80], sa_mask[0]=11111111011111111101111111111110, sa_flags=SA_RESTART|SA_SIGINFO
SIGFPE: [libjvm.so+0x8e24e0], sa_mask[0]=11111111011111111101111111111110, sa_flags=SA_RESTART|SA_SIGINFO
SIGPIPE: [libjvm.so+0x8e24e0], sa_mask[0]=11111111011111111101111111111110, sa_flags=SA_RESTART|SA_SIGINFO
SIGXFSZ: [libjvm.so+0x8e24e0], sa_mask[0]=11111111011111111101111111111110, sa_flags=SA_RESTART|SA_SIGINFO
SIGILL: [libjvm.so+0x8e24e0], sa_mask[0]=11111111011111111101111111111110, sa_flags=SA_RESTART|SA_SIGINFO
SIGUSR1: SIG_DFL, sa_mask[0]=00000000000000000000000000000000, sa_flags=none
SIGUSR2: [libjvm.so+0x8e3d10], sa_mask[0]=00100000000000000000000000000000, sa_flags=SA_RESTART|SA_SIGINFO
SIGHUP: [libjvm.so+0x8e50d0], sa_mask[0]=11111111011111111101111111111110, sa_flags=SA_RESTART|SA_SIGINFO
SIGINT: [libjvm.so+0x8e50d0], sa_mask[0]=11111111011111111101111111111110, sa_flags=SA_RESTART|SA_SIGINFO
SIGTERM: [libjvm.so+0x8e50d0], sa_mask[0]=11111111011111111101111111111110, sa_flags=SA_RESTART|SA_SIGINFO
SIGQUIT: [libjvm.so+0x8e50d0], sa_mask[0]=11111111011111111101111111111110, sa_flags=SA_RESTART|SA_SIGINFO


---------------  S Y S T E M  ---------------

OS:DISTRIB_ID="elementary OS"
DISTRIB_RELEASE=0.3
DISTRIB_CODENAME=freya
DISTRIB_DESCRIPTION="elementary OS Freya"

uname:Linux 3.13.0-39-generic #66-Ubuntu SMP Tue Oct 28 13:30:27 UTC 2014 x86_64
libc:glibc 2.19 NPTL 2.19 
rlimit: STACK 8192k, CORE 0k, NPROC 31387, NOFILE 4096, AS infinity
load average:0,54 0,85 0,75

/proc/meminfo:
MemTotal:        4046980 kB
MemFree:          124196 kB
Buffers:           79496 kB
Cached:          1119544 kB
SwapCached:          648 kB
Active:          2347568 kB
Inactive:        1205484 kB
Active(anon):    1759060 kB
Inactive(anon):   621428 kB
Active(file):     588508 kB
Inactive(file):   584056 kB
Unevictable:           0 kB
Mlocked:               0 kB
SwapTotal:       1771516 kB
SwapFree:        1766320 kB
Dirty:             12908 kB
Writeback:             0 kB
AnonPages:       2353540 kB
Mapped:           325720 kB
Shmem:             26256 kB
Slab:             132900 kB
SReclaimable:      99632 kB
SUnreclaim:        33268 kB
KernelStack:        3856 kB
PageTables:        30096 kB
NFS_Unstable:          0 kB
Bounce:                0 kB
WritebackTmp:          0 kB
CommitLimit:     3795004 kB
Committed_AS:    5518092 kB
VmallocTotal:   34359738367 kB
VmallocUsed:      307488 kB
VmallocChunk:   34359426044 kB
HardwareCorrupted:     0 kB
AnonHugePages:    821248 kB
HugePages_Total:       0
HugePages_Free:        0
HugePages_Rsvd:        0
HugePages_Surp:        0
Hugepagesize:       2048 kB
DirectMap4k:      326592 kB
DirectMap2M:     3866624 kB


CPU:total 4 (4 cores per cpu, 1 threads per core) family 6 model 23 stepping 7, cmov, cx8, fxsr, mmx, sse, sse2, sse3, ssse3, sse4.1, tsc

/proc/cpuinfo:
processor	: 0
vendor_id	: GenuineIntel
cpu family	: 6
model		: 23
model name	: Intel(R) Core(TM)2 Quad  CPU   Q9550  @ 2.83GHz
stepping	: 7
microcode	: 0x705
cpu MHz		: 2834.000
cache size	: 6144 KB
physical id	: 0
siblings	: 4
core id		: 0
cpu cores	: 4
apicid		: 0
initial apicid	: 0
fpu		: yes
fpu_exception	: yes
cpuid level	: 10
wp		: yes
flags		: fpu vme de pse tsc msr pae mce cx8 apic sep mtrr pge mca cmov pat pse36 clflush dts acpi mmx fxsr sse sse2 ss ht tm pbe syscall nx lm constant_tsc arch_perfmon pebs bts rep_good nopl aperfmperf pni dtes64 monitor ds_cpl vmx smx est tm2 ssse3 cx16 xtpr pdcm sse4_1 lahf_lm dtherm tpr_shadow vnmi flexpriority
bogomips	: 5666.53
clflush size	: 64
cache_alignment	: 64
address sizes	: 36 bits physical, 48 bits virtual
power management:

processor	: 1
vendor_id	: GenuineIntel
cpu family	: 6
model		: 23
model name	: Intel(R) Core(TM)2 Quad  CPU   Q9550  @ 2.83GHz
stepping	: 7
microcode	: 0x705
cpu MHz		: 2834.000
cache size	: 6144 KB
physical id	: 0
siblings	: 4
core id		: 3
cpu cores	: 4
apicid		: 3
initial apicid	: 3
fpu		: yes
fpu_exception	: yes
cpuid level	: 10
wp		: yes
flags		: fpu vme de pse tsc msr pae mce cx8 apic sep mtrr pge mca cmov pat pse36 clflush dts acpi mmx fxsr sse sse2 ss ht tm pbe syscall nx lm constant_tsc arch_perfmon pebs bts rep_good nopl aperfmperf pni dtes64 monitor ds_cpl vmx smx est tm2 ssse3 cx16 xtpr pdcm sse4_1 lahf_lm dtherm tpr_shadow vnmi flexpriority
bogomips	: 5666.53
clflush size	: 64
cache_alignment	: 64
address sizes	: 36 bits physical, 48 bits virtual
power management:

processor	: 2
vendor_id	: GenuineIntel
cpu family	: 6
model		: 23
model name	: Intel(R) Core(TM)2 Quad  CPU   Q9550  @ 2.83GHz
stepping	: 7
microcode	: 0x705
cpu MHz		: 2834.000
cache size	: 6144 KB
physical id	: 0
siblings	: 4
core id		: 2
cpu cores	: 4
apicid		: 2
initial apicid	: 2
fpu		: yes
fpu_exception	: yes
cpuid level	: 10
wp		: yes
flags		: fpu vme de pse tsc msr pae mce cx8 apic sep mtrr pge mca cmov pat pse36 clflush dts acpi mmx fxsr sse sse2 ss ht tm pbe syscall nx lm constant_tsc arch_perfmon pebs bts rep_good nopl aperfmperf pni dtes64 monitor ds_cpl vmx smx est tm2 ssse3 cx16 xtpr pdcm sse4_1 lahf_lm dtherm tpr_shadow vnmi flexpriority
bogomips	: 5666.53
clflush size	: 64
cache_alignment	: 64
address sizes	: 36 bits physical, 48 bits virtual
power management:

processor	: 3
vendor_id	: GenuineIntel
cpu family	: 6
model		: 23
model name	: Intel(R) Core(TM)2 Quad  CPU   Q9550  @ 2.83GHz
stepping	: 7
microcode	: 0x705
cpu MHz		: 2834.000
cache size	: 6144 KB
physical id	: 0
siblings	: 4
core id		: 1
cpu cores	: 4
apicid		: 1
initial apicid	: 1
fpu		: yes
fpu_exception	: yes
cpuid level	: 10
wp		: yes
flags		: fpu vme de pse tsc msr pae mce cx8 apic sep mtrr pge mca cmov pat pse36 clflush dts acpi mmx fxsr sse sse2 ss ht tm pbe syscall nx lm constant_tsc arch_perfmon pebs bts rep_good nopl aperfmperf pni dtes64 monitor ds_cpl vmx smx est tm2 ssse3 cx16 xtpr pdcm sse4_1 lahf_lm dtherm tpr_shadow vnmi flexpriority
bogomips	: 5666.53
clflush size	: 64
cache_alignment	: 64
address sizes	: 36 bits physical, 48 bits virtual
power management:



Memory: 4k page, physical 4046980k(124196k free), swap 1771516k(1766320k free)

vm_info: Java HotSpot(TM) 64-Bit Server VM (25.25-b02) for linux-amd64 JRE (1.8.0_25-b17), built on Sep 17 2014 17:32:11 by "java_re" with gcc 4.3.0 20080428 (Red Hat 4.3.0-8)

time: Sun Nov 23 10:07:14 2014
elapsed time: 0 seconds (0d 0h 0m 0s)

