#
# A fatal error has been detected by the Java Runtime Environment:
#
#  SIGSEGV (0xb) at pc=0x00007f70d6005060, pid=16321, tid=140124066047744
#
# JRE version: Java(TM) SE Runtime Environment (8.0_25-b17) (build 1.8.0_25-b17)
# Java VM: Java HotSpot(TM) 64-Bit Server VM (25.25-b02 mixed mode linux-amd64 compressed oops)
# Problematic frame:
# C  0x00007f70d6005060
#
# Failed to write core dump. Core dumps have been disabled. To enable core dumping, try "ulimit -c unlimited" before starting Java again
#
# If you would like to submit a bug report, please visit:
#   http://bugreport.sun.com/bugreport/crash.jsp
#

---------------  T H R E A D  ---------------

Current thread (0x00007f712400a000):  JavaThread "main" [_thread_in_Java, id=16329, stack(0x00007f712d1e6000,0x00007f712d2e7000)]

siginfo: si_signo: 11 (SIGSEGV), si_code: 1 (SEGV_MAPERR), si_addr: 0x00007f70d6005060

Registers:
RAX=0x00007f712953e888, RBX=0x00007f712953e888, RCX=0x00000000c0f93d78, RDX=0x0000000000000205
RSP=0x00007f712d2e53c8, RBP=0x00007f712d2e5430, RSI=0x00000000c0f93d78, RDI=0x00000001000a0100
R8 =0x00000000000001be, R9 =0x0000000000000af9, R10=0x00007f712c6ba440, R11=0x00007f71157641e0
R12=0x0000000000000000, R13=0x00007f712d2e53e0, R14=0x00007f712d2e5448, R15=0x00007f712400a000
RIP=0x00007f70d6005060, EFLAGS=0x0000000000010202, CSGSFS=0x0000000000000033, ERR=0x0000000000000014
  TRAPNO=0x000000000000000e

Top of Stack: (sp=0x00007f712d2e53c8)
0x00007f712d2e53c8:   00007f711500798d 00007f712d2e5430
0x00007f712d2e53d8:   00007f711500798d 0000000000000205
0x00007f712d2e53e8:   00000000c0f93d78 00007f712d2e53f0
0x00007f712d2e53f8:   00007f7129566d9d 00007f712d2e5448
0x00007f712d2e5408:   00007f7129567040 00007f71295688d0
0x00007f712d2e5418:   00007f7129566dd8 00007f712d2e53e0
0x00007f712d2e5428:   00007f712d2e5440 00007f712d2e5490
0x00007f712d2e5438:   00007f711500798d 00000000c0f93d78
0x00007f712d2e5448:   00000000eab03b80 00007f712d2e5450
0x00007f712d2e5458:   00007f7129565fa8 00007f712d2e54a8
0x00007f712d2e5468:   00007f71295661d0 00007f7129568750
0x00007f712d2e5478:   00007f7129565fd0 00007f712d2e5440
0x00007f712d2e5488:   00007f712d2e54a0 00007f712d2e54f0
0x00007f712d2e5498:   00007f711500798d 00000000eab03b80
0x00007f712d2e54a8:   00000000c0f92f30 00007f712d2e54b0
0x00007f712d2e54b8:   00007f712956605d 00007f712d2e5508
0x00007f712d2e54c8:   00007f71295661d0 00007f71295685c0
0x00007f712d2e54d8:   00007f7129566080 00007f712d2e54a0
0x00007f712d2e54e8:   00007f712d2e5500 00007f712d2e5550
0x00007f712d2e54f8:   00007f711500798d 00000000eab03b80
0x00007f712d2e5508:   00000000c0f92f30 00007f712d2e5510
0x00007f712d2e5518:   00007f7129553e73 00007f712d2e55d0
0x00007f712d2e5528:   00007f7129554670 0000000000000000
0x00007f712d2e5538:   00007f7129553f98 00007f712d2e5500
0x00007f712d2e5548:   00007f712d2e55d0 00007f712d2e5618
0x00007f712d2e5558:   00007f711500798d 00000000eab03b80
0x00007f712d2e5568:   0000000000000000 0000000000000001
0x00007f712d2e5578:   00000000eab02900 0000000000000000
0x00007f712d2e5588:   0000000000000af9 0000000000000a15
0x00007f712d2e5598:   00000000000001bf 000000000000d730
0x00007f712d2e55a8:   00000000ffffffff 00000000c0f92fa8
0x00007f712d2e55b8:   00000000c0f92f88 00000000c0f92f68 

Instructions: (pc=0x00007f70d6005060)
0x00007f70d6005040:   
[error occurred during error reporting (printing registers, top of stack, instructions near pc), id 0xb]

Register to memory mapping:

RAX={method} {0x00007f712953e888} 'writeUnsignedShort' '(I)V' in 'com/android/dex/Dex$Section'
RBX={method} {0x00007f712953e888} 'writeUnsignedShort' '(I)V' in 'com/android/dex/Dex$Section'
RCX=0x00000000c0f93d78 is an oop
com.android.dex.Dex$Section 
 - klass: 'com/android/dex/Dex$Section'
RDX=0x0000000000000205 is an unknown value
RSP=0x00007f712d2e53c8 is pointing into the stack for thread: 0x00007f712400a000
RBP=0x00007f712d2e5430 is pointing into the stack for thread: 0x00007f712400a000
RSI=0x00000000c0f93d78 is an oop
com.android.dex.Dex$Section 
 - klass: 'com/android/dex/Dex$Section'
RDI=0x00000001000a0100 is pointing into metadata
R8 =0x00000000000001be is an unknown value
R9 =0x0000000000000af9 is an unknown value
R10=0x00007f712c6ba440: <offset 0xf5c440> in /usr/lib/jvm/java-8-oracle/jre/lib/amd64/server/libjvm.so at 0x00007f712b75e000
R11=0x00007f71157641e0 is at entry_point+32 in (nmethod*)0x00007f7115763fd0
R12=0x0000000000000000 is an unknown value
R13=0x00007f712d2e53e0 is pointing into the stack for thread: 0x00007f712400a000
R14=0x00007f712d2e5448 is pointing into the stack for thread: 0x00007f712400a000
R15=0x00007f712400a000 is a thread


Stack: [0x00007f712d1e6000,0x00007f712d2e7000],  sp=0x00007f712d2e53c8,  free space=1020k
Native frames: (J=compiled Java code, j=interpreted, Vv=VM code, C=native code)
C  0x00007f70d6005060
j  com.android.dx.merge.DexMerger$6.write(Lcom/android/dex/MethodId;)V+8
j  com.android.dx.merge.DexMerger$6.write(Ljava/lang/Comparable;)V+5
j  com.android.dx.merge.DexMerger$IdMerger.mergeSorted()V+355
j  com.android.dx.merge.DexMerger.mergeMethodIds()V+12
j  com.android.dx.merge.DexMerger.mergeDexes()Lcom/android/dex/Dex;+21
j  com.android.dx.merge.DexMerger.merge()Lcom/android/dex/Dex;+5
j  com.android.dx.command.dexer.Main.mergeLibraryDexBuffers([B)[B+69
j  com.android.dx.command.dexer.Main.runMonoDex()I+129
j  com.android.dx.command.dexer.Main.run(Lcom/android/dx/command/dexer/Main$Arguments;)I+76
j  com.android.dx.command.dexer.Main.main([Ljava/lang/String;)V+14
j  com.android.dx.command.Main.main([Ljava/lang/String;)V+61
v  ~StubRoutines::call_stub
V  [libjvm.so+0x664086]  JavaCalls::call_helper(JavaValue*, methodHandle*, JavaCallArguments*, Thread*)+0x1056
V  [libjvm.so+0x6ab096]  jni_invoke_static(JNIEnv_*, JavaValue*, _jobject*, JNICallType, _jmethodID*, JNI_ArgumentPusher*, Thread*)+0x346
V  [libjvm.so+0x6b1c2a]  jni_CallStaticVoidMethod+0x17a
C  [libjli.so+0x7b14]  JavaMain+0x844
C  [libpthread.so.0+0x8182]  start_thread+0xc2


---------------  P R O C E S S  ---------------

Java Threads: ( => current thread )
  0x00007f712417a000 JavaThread "Service Thread" daemon [_thread_blocked, id=16341, stack(0x00007f71120f7000,0x00007f71121f8000)]
  0x00007f7124177000 JavaThread "C1 CompilerThread2" daemon [_thread_blocked, id=16340, stack(0x00007f71121f8000,0x00007f71122f9000)]
  0x00007f7124175800 JavaThread "C2 CompilerThread1" daemon [_thread_blocked, id=16339, stack(0x00007f71122f9000,0x00007f71123fa000)]
  0x00007f7124172800 JavaThread "C2 CompilerThread0" daemon [_thread_blocked, id=16338, stack(0x00007f71123fa000,0x00007f71124fb000)]
  0x00007f7124170800 JavaThread "Signal Dispatcher" daemon [_thread_blocked, id=16337, stack(0x00007f71124fb000,0x00007f71125fc000)]
  0x00007f7124143000 JavaThread "Finalizer" daemon [_thread_blocked, id=16336, stack(0x00007f71129fa000,0x00007f7112afb000)]
  0x00007f7124141000 JavaThread "Reference Handler" daemon [_thread_blocked, id=16335, stack(0x00007f7112afb000,0x00007f7112bfc000)]
=>0x00007f712400a000 JavaThread "main" [_thread_in_Java, id=16329, stack(0x00007f712d1e6000,0x00007f712d2e7000)]

Other Threads:
  0x00007f712413a000 VMThread [stack: 0x00007f7112bfc000,0x00007f7112cfd000] [id=16334]
  0x00007f7124189000 WatcherThread [stack: 0x00007f7111ff6000,0x00007f71120f7000] [id=16342]

VM state:not at safepoint (normal execution)

VM Mutex/Monitor currently owned by a thread: None

Heap:
 PSYoungGen      total 66048K, used 3818K [0x00000000eab00000, 0x00000000f3b00000, 0x0000000100000000)
  eden space 63488K, 1% used [0x00000000eab00000,0x00000000eac3c688,0x00000000ee900000)
  from space 2560K, 99% used [0x00000000ee900000,0x00000000eeb7e358,0x00000000eeb80000)
  to   space 10240K, 0% used [0x00000000f3100000,0x00000000f3100000,0x00000000f3b00000)
 ParOldGen       total 42496K, used 19068K [0x00000000c0000000, 0x00000000c2980000, 0x00000000eab00000)
  object space 42496K, 44% used [0x00000000c0000000,0x00000000c129f2d0,0x00000000c2980000)
 Metaspace       used 6754K, capacity 7632K, committed 7936K, reserved 1056768K
  class space    used 632K, capacity 648K, committed 768K, reserved 1048576K

Card table byte_map: [0x00007f7129dfd000,0x00007f7129ffe000] byte_map_base: 0x00007f71297fd000

Marking Bits: (ParMarkBitMap*) 0x00007f712c6b82c0
 Begin Bits: [0x00007f7113000000, 0x00007f7114000000)
 End Bits:   [0x00007f7114000000, 0x00007f7115000000)

Polling page: 0x00007f712d2ff000

CodeCache: size=245760Kb used=7620Kb max_used=7624Kb free=238139Kb
 bounds [0x00007f7115000000, 0x00007f7115780000, 0x00007f7124000000]
 total_blobs=2399 nmethods=2126 adapters=189
 compilation: enabled

Compilation events (10 events):
Event: 1,642 Thread 0x00007f7124177000 2141       3       com.android.dx.merge.IndexMap::adjust (36 bytes)
Event: 1,642 Thread 0x00007f7124177000 nmethod 2141 0x00007f7115774d90 code [0x00007f7115774f40, 0x00007f7115775750]
Event: 1,642 Thread 0x00007f7124177000 2144       3       com.android.dx.merge.IndexMap::adjustProto (10 bytes)
Event: 1,642 Thread 0x00007f7124177000 nmethod 2144 0x00007f7115770390 code [0x00007f7115770500, 0x00007f7115770670]
Event: 1,642 Thread 0x00007f7124177000 2143       3       com.android.dex.MethodId::compareTo (9 bytes)
Event: 1,642 Thread 0x00007f7124177000 nmethod 2143 0x00007f7115772b90 code [0x00007f7115772d00, 0x00007f7115772fe8]
Event: 1,642 Thread 0x00007f7124177000 2146       3       com.android.dex.MethodId::compareTo (58 bytes)
Event: 1,663 Thread 0x00007f7124177000 nmethod 2146 0x00007f7115774590 code [0x00007f7115774720, 0x00007f7115774c50]
Event: 1,663 Thread 0x00007f7124177000 2147       3       com.android.dx.merge.DexMerger$6::write (9 bytes)
Event: 1,663 Thread 0x00007f7124172800 nmethod 2152 0x00007f7115778910 code [0x00007f7115778a80, 0x00007f7115778c48]

GC Heap History (10 events):
Event: 0,455 GC heap before
{Heap before GC invocations=1 (full 0):
 PSYoungGen      total 18432K, used 15872K [0x00000000eab00000, 0x00000000ebf80000, 0x0000000100000000)
  eden space 15872K, 100% used [0x00000000eab00000,0x00000000eba80000,0x00000000eba80000)
  from space 2560K, 0% used [0x00000000ebd00000,0x00000000ebd00000,0x00000000ebf80000)
  to   space 2560K, 0% used [0x00000000eba80000,0x00000000eba80000,0x00000000ebd00000)
 ParOldGen       total 42496K, used 0K [0x00000000c0000000, 0x00000000c2980000, 0x00000000eab00000)
  object space 42496K, 0% used [0x00000000c0000000,0x00000000c0000000,0x00000000c2980000)
 Metaspace       used 5341K, capacity 6704K, committed 6784K, reserved 1056768K
  class space    used 540K, capacity 616K, committed 640K, reserved 1048576K
Event: 0,464 GC heap after
Heap after GC invocations=1 (full 0):
 PSYoungGen      total 18432K, used 2544K [0x00000000eab00000, 0x00000000ecf00000, 0x0000000100000000)
  eden space 15872K, 0% used [0x00000000eab00000,0x00000000eab00000,0x00000000eba80000)
  from space 2560K, 99% used [0x00000000eba80000,0x00000000ebcfc028,0x00000000ebd00000)
  to   space 2560K, 0% used [0x00000000ecc80000,0x00000000ecc80000,0x00000000ecf00000)
 ParOldGen       total 42496K, used 1414K [0x00000000c0000000, 0x00000000c2980000, 0x00000000eab00000)
  object space 42496K, 3% used [0x00000000c0000000,0x00000000c01619f8,0x00000000c2980000)
 Metaspace       used 5341K, capacity 6704K, committed 6784K, reserved 1056768K
  class space    used 540K, capacity 616K, committed 640K, reserved 1048576K
}
Event: 0,631 GC heap before
{Heap before GC invocations=2 (full 0):
 PSYoungGen      total 18432K, used 18416K [0x00000000eab00000, 0x00000000ecf00000, 0x0000000100000000)
  eden space 15872K, 100% used [0x00000000eab00000,0x00000000eba80000,0x00000000eba80000)
  from space 2560K, 99% used [0x00000000eba80000,0x00000000ebcfc028,0x00000000ebd00000)
  to   space 2560K, 0% used [0x00000000ecc80000,0x00000000ecc80000,0x00000000ecf00000)
 ParOldGen       total 42496K, used 1414K [0x00000000c0000000, 0x00000000c2980000, 0x00000000eab00000)
  object space 42496K, 3% used [0x00000000c0000000,0x00000000c01619f8,0x00000000c2980000)
 Metaspace       used 5553K, capacity 6896K, committed 7040K, reserved 1056768K
  class space    used 545K, capacity 616K, committed 640K, reserved 1048576K
Event: 0,643 GC heap after
Heap after GC invocations=2 (full 0):
 PSYoungGen      total 34304K, used 2552K [0x00000000eab00000, 0x00000000ecf00000, 0x0000000100000000)
  eden space 31744K, 0% used [0x00000000eab00000,0x00000000eab00000,0x00000000eca00000)
  from space 2560K, 99% used [0x00000000ecc80000,0x00000000ecefe358,0x00000000ecf00000)
  to   space 2560K, 0% used [0x00000000eca00000,0x00000000eca00000,0x00000000ecc80000)
 ParOldGen       total 42496K, used 3589K [0x00000000c0000000, 0x00000000c2980000, 0x00000000eab00000)
  object space 42496K, 8% used [0x00000000c0000000,0x00000000c0381560,0x00000000c2980000)
 Metaspace       used 5553K, capacity 6896K, committed 7040K, reserved 1056768K
  class space    used 545K, capacity 616K, committed 640K, reserved 1048576K
}
Event: 0,850 GC heap before
{Heap before GC invocations=3 (full 0):
 PSYoungGen      total 34304K, used 34296K [0x00000000eab00000, 0x00000000ecf00000, 0x0000000100000000)
  eden space 31744K, 100% used [0x00000000eab00000,0x00000000eca00000,0x00000000eca00000)
  from space 2560K, 99% used [0x00000000ecc80000,0x00000000ecefe358,0x00000000ecf00000)
  to   space 2560K, 0% used [0x00000000eca00000,0x00000000eca00000,0x00000000ecc80000)
 ParOldGen       total 42496K, used 3589K [0x00000000c0000000, 0x00000000c2980000, 0x00000000eab00000)
  object space 42496K, 8% used [0x00000000c0000000,0x00000000c0381560,0x00000000c2980000)
 Metaspace       used 5635K, capacity 6960K, committed 7040K, reserved 1056768K
  class space    used 546K, capacity 616K, committed 640K, reserved 1048576K
Event: 0,864 GC heap after
Heap after GC invocations=3 (full 0):
 PSYoungGen      total 34304K, used 2552K [0x00000000eab00000, 0x00000000eee00000, 0x0000000100000000)
  eden space 31744K, 0% used [0x00000000eab00000,0x00000000eab00000,0x00000000eca00000)
  from space 2560K, 99% used [0x00000000eca00000,0x00000000ecc7e348,0x00000000ecc80000)
  to   space 2560K, 0% used [0x00000000eeb80000,0x00000000eeb80000,0x00000000eee00000)
 ParOldGen       total 42496K, used 8180K [0x00000000c0000000, 0x00000000c2980000, 0x00000000eab00000)
  object space 42496K, 19% used [0x00000000c0000000,0x00000000c07fd290,0x00000000c2980000)
 Metaspace       used 5635K, capacity 6960K, committed 7040K, reserved 1056768K
  class space    used 546K, capacity 616K, committed 640K, reserved 1048576K
}
Event: 1,110 GC heap before
{Heap before GC invocations=4 (full 0):
 PSYoungGen      total 34304K, used 34296K [0x00000000eab00000, 0x00000000eee00000, 0x0000000100000000)
  eden space 31744K, 100% used [0x00000000eab00000,0x00000000eca00000,0x00000000eca00000)
  from space 2560K, 99% used [0x00000000eca00000,0x00000000ecc7e348,0x00000000ecc80000)
  to   space 2560K, 0% used [0x00000000eeb80000,0x00000000eeb80000,0x00000000eee00000)
 ParOldGen       total 42496K, used 8180K [0x00000000c0000000, 0x00000000c2980000, 0x00000000eab00000)
  object space 42496K, 19% used [0x00000000c0000000,0x00000000c07fd290,0x00000000c2980000)
 Metaspace       used 5683K, capacity 6960K, committed 7040K, reserved 1056768K
  class space    used 548K, capacity 616K, committed 640K, reserved 1048576K
Event: 1,125 GC heap after
Heap after GC invocations=4 (full 0):
 PSYoungGen      total 66048K, used 2545K [0x00000000eab00000, 0x00000000eee00000, 0x0000000100000000)
  eden space 63488K, 0% used [0x00000000eab00000,0x00000000eab00000,0x00000000ee900000)
  from space 2560K, 99% used [0x00000000eeb80000,0x00000000eedfc658,0x00000000eee00000)
  to   space 2560K, 0% used [0x00000000ee900000,0x00000000ee900000,0x00000000eeb80000)
 ParOldGen       total 42496K, used 13730K [0x00000000c0000000, 0x00000000c2980000, 0x00000000eab00000)
  object space 42496K, 32% used [0x00000000c0000000,0x00000000c0d68a88,0x00000000c2980000)
 Metaspace       used 5683K, capacity 6960K, committed 7040K, reserved 1056768K
  class space    used 548K, capacity 616K, committed 640K, reserved 1048576K
}
Event: 1,643 GC heap before
{Heap before GC invocations=5 (full 0):
 PSYoungGen      total 66048K, used 66033K [0x00000000eab00000, 0x00000000eee00000, 0x0000000100000000)
  eden space 63488K, 100% used [0x00000000eab00000,0x00000000ee900000,0x00000000ee900000)
  from space 2560K, 99% used [0x00000000eeb80000,0x00000000eedfc658,0x00000000eee00000)
  to   space 2560K, 0% used [0x00000000ee900000,0x00000000ee900000,0x00000000eeb80000)
 ParOldGen       total 42496K, used 13730K [0x00000000c0000000, 0x00000000c2980000, 0x00000000eab00000)
  object space 42496K, 32% used [0x00000000c0000000,0x00000000c0d68a88,0x00000000c2980000)
 Metaspace       used 6754K, capacity 7632K, committed 7936K, reserved 1056768K
  class space    used 632K, capacity 648K, committed 768K, reserved 1048576K
Event: 1,663 GC heap after
Heap after GC invocations=5 (full 0):
 PSYoungGen      total 66048K, used 2552K [0x00000000eab00000, 0x00000000f3b00000, 0x0000000100000000)
  eden space 63488K, 0% used [0x00000000eab00000,0x00000000eab00000,0x00000000ee900000)
  from space 2560K, 99% used [0x00000000ee900000,0x00000000eeb7e358,0x00000000eeb80000)
  to   space 10240K, 0% used [0x00000000f3100000,0x00000000f3100000,0x00000000f3b00000)
 ParOldGen       total 42496K, used 19068K [0x00000000c0000000, 0x00000000c2980000, 0x00000000eab00000)
  object space 42496K, 44% used [0x00000000c0000000,0x00000000c129f2d0,0x00000000c2980000)
 Metaspace       used 6754K, capacity 7632K, committed 7936K, reserved 1056768K
  class space    used 632K, capacity 648K, committed 768K, reserved 1048576K
}

Deoptimization events (10 events):
Event: 1,452 Thread 0x00007f712400a000 Uncommon trap: reason=speculate_class_check action=maybe_recompile pc=0x00007f7115359014 method=com.android.dx.util.FixedSizeList.equals(Ljava/lang/Object;)Z @ 25
Event: 1,452 Thread 0x00007f712400a000 Uncommon trap: reason=speculate_class_check action=maybe_recompile pc=0x00007f7115359014 method=com.android.dx.util.FixedSizeList.equals(Ljava/lang/Object;)Z @ 25
Event: 1,452 Thread 0x00007f712400a000 Uncommon trap: reason=speculate_class_check action=maybe_recompile pc=0x00007f7115359014 method=com.android.dx.util.FixedSizeList.equals(Ljava/lang/Object;)Z @ 25
Event: 1,452 Thread 0x00007f712400a000 Uncommon trap: reason=speculate_class_check action=maybe_recompile pc=0x00007f7115359014 method=com.android.dx.util.FixedSizeList.equals(Ljava/lang/Object;)Z @ 25
Event: 1,578 Thread 0x00007f712400a000 Uncommon trap: reason=unreached action=reinterpret pc=0x00007f7115373c14 method=java.util.Arrays.copyOf([Ljava/lang/Object;ILjava/lang/Class;)[Ljava/lang/Object; @ 3
Event: 1,580 Thread 0x00007f712400a000 Uncommon trap: reason=class_check action=maybe_recompile pc=0x00007f71155fd2f4 method=java.util.HashMap.putVal(ILjava/lang/Object;Ljava/lang/Object;ZZ)Ljava/lang/Object; @ 56
Event: 1,580 Thread 0x00007f712400a000 Uncommon trap: reason=class_check action=maybe_recompile pc=0x00007f71155fd2f4 method=java.util.HashMap.putVal(ILjava/lang/Object;Ljava/lang/Object;ZZ)Ljava/lang/Object; @ 56
Event: 1,603 Thread 0x00007f712400a000 Uncommon trap: reason=class_check action=maybe_recompile pc=0x00007f71156d63b8 method=com.android.dex.Leb128.writeUnsignedLeb128(Lcom/android/dex/util/ByteOutput;I)V @ 40
Event: 1,603 Thread 0x00007f712400a000 Uncommon trap: reason=class_check action=maybe_recompile pc=0x00007f71156d63b8 method=com.android.dex.Leb128.writeUnsignedLeb128(Lcom/android/dex/util/ByteOutput;I)V @ 40
Event: 1,604 Thread 0x00007f712400a000 Uncommon trap: reason=predicate action=maybe_recompile pc=0x00007f71156d6500 method=com.android.dex.Leb128.writeUnsignedLeb128(Lcom/android/dex/util/ByteOutput;I)V @ 9

Internal exceptions (10 events):
Event: 1,622 Thread 0x00007f712400a000 Exception <a 'java/security/PrivilegedActionException'> (0x00000000ee869f68) thrown at [/HUDSON/workspace/8-2-build-linux-amd64/jdk8u25/1514/hotspot/src/share/vm/prims/jvm.cpp, line 1312]
Event: 1,622 Thread 0x00007f712400a000 Exception <a 'java/security/PrivilegedActionException'> (0x00000000ee86d1c0) thrown at [/HUDSON/workspace/8-2-build-linux-amd64/jdk8u25/1514/hotspot/src/share/vm/prims/jvm.cpp, line 1312]
Event: 1,622 Thread 0x00007f712400a000 Exception <a 'java/security/PrivilegedActionException'> (0x00000000ee870188) thrown at [/HUDSON/workspace/8-2-build-linux-amd64/jdk8u25/1514/hotspot/src/share/vm/prims/jvm.cpp, line 1312]
Event: 1,625 Thread 0x00007f712400a000 Exception <a 'java/security/PrivilegedActionException'> (0x00000000ee88b6d0) thrown at [/HUDSON/workspace/8-2-build-linux-amd64/jdk8u25/1514/hotspot/src/share/vm/prims/jvm.cpp, line 1312]
Event: 1,629 Thread 0x00007f712400a000 Exception <a 'java/security/PrivilegedActionException'> (0x00000000ee899c20) thrown at [/HUDSON/workspace/8-2-build-linux-amd64/jdk8u25/1514/hotspot/src/share/vm/prims/jvm.cpp, line 1312]
Event: 1,629 Thread 0x00007f712400a000 Exception <a 'java/security/PrivilegedActionException'> (0x00000000ee89d138) thrown at [/HUDSON/workspace/8-2-build-linux-amd64/jdk8u25/1514/hotspot/src/share/vm/prims/jvm.cpp, line 1312]
Event: 1,633 Thread 0x00007f712400a000 Exception <a 'java/security/PrivilegedActionException'> (0x00000000ee8b53b8) thrown at [/HUDSON/workspace/8-2-build-linux-amd64/jdk8u25/1514/hotspot/src/share/vm/prims/jvm.cpp, line 1312]
Event: 1,633 Thread 0x00007f712400a000 Exception <a 'java/security/PrivilegedActionException'> (0x00000000ee8b88d0) thrown at [/HUDSON/workspace/8-2-build-linux-amd64/jdk8u25/1514/hotspot/src/share/vm/prims/jvm.cpp, line 1312]
Event: 1,637 Thread 0x00007f712400a000 Exception <a 'java/security/PrivilegedActionException'> (0x00000000ee8ce588) thrown at [/HUDSON/workspace/8-2-build-linux-amd64/jdk8u25/1514/hotspot/src/share/vm/prims/jvm.cpp, line 1312]
Event: 1,637 Thread 0x00007f712400a000 Exception <a 'java/security/PrivilegedActionException'> (0x00000000ee8d1ac0) thrown at [/HUDSON/workspace/8-2-build-linux-amd64/jdk8u25/1514/hotspot/src/share/vm/prims/jvm.cpp, line 1312]

Events (10 events):
Event: 1,633 loading class com/android/dx/merge/DexMerger$5
Event: 1,633 loading class com/android/dx/merge/DexMerger$5 done
Event: 1,633 loading class com/android/dex/FieldId
Event: 1,633 loading class com/android/dex/FieldId done
Event: 1,637 loading class com/android/dx/merge/DexMerger$6
Event: 1,637 loading class com/android/dx/merge/DexMerger$6 done
Event: 1,637 loading class com/android/dex/MethodId
Event: 1,637 loading class com/android/dex/MethodId done
Event: 1,643 Executing VM operation: ParallelGCFailedAllocation
Event: 1,663 Executing VM operation: ParallelGCFailedAllocation done


Dynamic libraries:
00400000-00401000 r-xp 00000000 08:03 1719663                            /usr/lib/jvm/java-8-oracle/jre/bin/java
00600000-00601000 rw-p 00000000 08:03 1719663                            /usr/lib/jvm/java-8-oracle/jre/bin/java
01847000-01868000 rw-p 00000000 00:00 0                                  [heap]
c0000000-c2980000 rw-p 00000000 00:00 0 
c2980000-eab00000 ---p 00000000 00:00 0 
eab00000-f3b00000 rw-p 00000000 00:00 0 
f3b00000-100000000 ---p 00000000 00:00 0 
100000000-1000c0000 rw-p 00000000 00:00 0 
1000c0000-140000000 ---p 00000000 00:00 0 
7f70dc000000-7f70dc021000 rw-p 00000000 00:00 0 
7f70dc021000-7f70e0000000 ---p 00000000 00:00 0 
7f70e0000000-7f70e0021000 rw-p 00000000 00:00 0 
7f70e0021000-7f70e4000000 ---p 00000000 00:00 0 
7f70e4000000-7f70e4816000 rw-p 00000000 00:00 0 
7f70e4816000-7f70e8000000 ---p 00000000 00:00 0 
7f70e8000000-7f70e868f000 rw-p 00000000 00:00 0 
7f70e868f000-7f70ec000000 ---p 00000000 00:00 0 
7f70ec000000-7f70ec021000 rw-p 00000000 00:00 0 
7f70ec021000-7f70f0000000 ---p 00000000 00:00 0 
7f70f0000000-7f70f0851000 rw-p 00000000 00:00 0 
7f70f0851000-7f70f4000000 ---p 00000000 00:00 0 
7f70f4000000-7f70f4021000 rw-p 00000000 00:00 0 
7f70f4021000-7f70f8000000 ---p 00000000 00:00 0 
7f70f8000000-7f70f8021000 rw-p 00000000 00:00 0 
7f70f8021000-7f70fc000000 ---p 00000000 00:00 0 
7f70fc000000-7f70fc021000 rw-p 00000000 00:00 0 
7f70fc021000-7f7100000000 ---p 00000000 00:00 0 
7f7100000000-7f7100021000 rw-p 00000000 00:00 0 
7f7100021000-7f7104000000 ---p 00000000 00:00 0 
7f7104000000-7f7104021000 rw-p 00000000 00:00 0 
7f7104021000-7f7108000000 ---p 00000000 00:00 0 
7f7108000000-7f7108021000 rw-p 00000000 00:00 0 
7f7108021000-7f710c000000 ---p 00000000 00:00 0 
7f710c000000-7f710c021000 rw-p 00000000 00:00 0 
7f710c021000-7f7110000000 ---p 00000000 00:00 0 
7f7111ff6000-7f7111ff7000 ---p 00000000 00:00 0 
7f7111ff7000-7f71120f7000 rw-p 00000000 00:00 0                          [stack:16342]
7f71120f7000-7f71120fa000 ---p 00000000 00:00 0 
7f71120fa000-7f71121f8000 rw-p 00000000 00:00 0                          [stack:16341]
7f71121f8000-7f71121fb000 ---p 00000000 00:00 0 
7f71121fb000-7f71122f9000 rw-p 00000000 00:00 0                          [stack:16340]
7f71122f9000-7f71122fc000 ---p 00000000 00:00 0 
7f71122fc000-7f71123fa000 rw-p 00000000 00:00 0                          [stack:16339]
7f71123fa000-7f71123fd000 ---p 00000000 00:00 0 
7f71123fd000-7f71124fb000 rw-p 00000000 00:00 0                          [stack:16338]
7f71124fb000-7f71124fe000 ---p 00000000 00:00 0 
7f71124fe000-7f71125fc000 rw-p 00000000 00:00 0                          [stack:16337]
7f71125fc000-7f71129fa000 r--p 00000000 08:03 1704955                    /usr/lib/locale/locale-archive
7f71129fa000-7f71129fd000 ---p 00000000 00:00 0 
7f71129fd000-7f7112afb000 rw-p 00000000 00:00 0                          [stack:16336]
7f7112afb000-7f7112afe000 ---p 00000000 00:00 0 
7f7112afe000-7f7112bfc000 rw-p 00000000 00:00 0                          [stack:16335]
7f7112bfc000-7f7112bfd000 ---p 00000000 00:00 0 
7f7112bfd000-7f7115000000 rw-p 00000000 00:00 0                          [stack:16334]
7f7115000000-7f7115780000 rwxp 00000000 00:00 0 
7f7115780000-7f7124000000 ---p 00000000 00:00 0 
7f7124000000-7f712455b000 rw-p 00000000 00:00 0 
7f712455b000-7f7128000000 ---p 00000000 00:00 0 
7f712804b000-7f7128c57000 rw-p 00000000 00:00 0 
7f7128c57000-7f7128e2d000 r--s 03caa000 08:03 1719620                    /usr/lib/jvm/java-8-oracle/jre/lib/rt.jar
7f7128e2d000-7f71295a3000 rw-p 00000000 00:00 0 
7f71295a3000-7f71296a3000 ---p 00000000 00:00 0 
7f71296a3000-7f71298a3000 rw-p 00000000 00:00 0 
7f71298a3000-7f71298a4000 ---p 00000000 00:00 0 
7f71298a4000-7f71299a4000 rw-p 00000000 00:00 0                          [stack:16333]
7f71299a4000-7f71299a5000 ---p 00000000 00:00 0 
7f71299a5000-7f7129aa5000 rw-p 00000000 00:00 0                          [stack:16332]
7f7129aa5000-7f7129aa6000 ---p 00000000 00:00 0 
7f7129aa6000-7f7129ba6000 rw-p 00000000 00:00 0                          [stack:16331]
7f7129ba6000-7f7129ba7000 ---p 00000000 00:00 0 
7f7129ba7000-7f7129cbc000 rw-p 00000000 00:00 0                          [stack:16330]
7f7129cbc000-7f7129dfd000 ---p 00000000 00:00 0 
7f7129dfd000-7f7129e12000 rw-p 00000000 00:00 0 
7f7129e12000-7f7129f52000 ---p 00000000 00:00 0 
7f7129f52000-7f7129f9b000 rw-p 00000000 00:00 0 
7f7129f9b000-7f7129ffd000 ---p 00000000 00:00 0 
7f7129ffd000-7f712a01c000 rw-p 00000000 00:00 0 
7f712a01c000-7f712a3be000 ---p 00000000 00:00 0 
7f712a3be000-7f712a3d8000 r-xp 00000000 08:03 1719386                    /usr/lib/jvm/java-8-oracle/jre/lib/amd64/libzip.so
7f712a3d8000-7f712a5d8000 ---p 0001a000 08:03 1719386                    /usr/lib/jvm/java-8-oracle/jre/lib/amd64/libzip.so
7f712a5d8000-7f712a5d9000 rw-p 0001a000 08:03 1719386                    /usr/lib/jvm/java-8-oracle/jre/lib/amd64/libzip.so
7f712a5d9000-7f712a5e4000 r-xp 00000000 08:03 2103193                    /lib/x86_64-linux-gnu/libnss_files-2.19.so
7f712a5e4000-7f712a7e3000 ---p 0000b000 08:03 2103193                    /lib/x86_64-linux-gnu/libnss_files-2.19.so
7f712a7e3000-7f712a7e4000 r--p 0000a000 08:03 2103193                    /lib/x86_64-linux-gnu/libnss_files-2.19.so
7f712a7e4000-7f712a7e5000 rw-p 0000b000 08:03 2103193                    /lib/x86_64-linux-gnu/libnss_files-2.19.so
7f712a7e5000-7f712a7f0000 r-xp 00000000 08:03 2103194                    /lib/x86_64-linux-gnu/libnss_nis-2.19.so
7f712a7f0000-7f712a9ef000 ---p 0000b000 08:03 2103194                    /lib/x86_64-linux-gnu/libnss_nis-2.19.so
7f712a9ef000-7f712a9f0000 r--p 0000a000 08:03 2103194                    /lib/x86_64-linux-gnu/libnss_nis-2.19.so
7f712a9f0000-7f712a9f1000 rw-p 0000b000 08:03 2103194                    /lib/x86_64-linux-gnu/libnss_nis-2.19.so
7f712a9f1000-7f712aa08000 r-xp 00000000 08:03 2102533                    /lib/x86_64-linux-gnu/libnsl-2.19.so
7f712aa08000-7f712ac07000 ---p 00017000 08:03 2102533                    /lib/x86_64-linux-gnu/libnsl-2.19.so
7f712ac07000-7f712ac08000 r--p 00016000 08:03 2102533                    /lib/x86_64-linux-gnu/libnsl-2.19.so
7f712ac08000-7f712ac09000 rw-p 00017000 08:03 2102533                    /lib/x86_64-linux-gnu/libnsl-2.19.so
7f712ac09000-7f712ac0b000 rw-p 00000000 00:00 0 
7f712ac0b000-7f712ac14000 r-xp 00000000 08:03 2102431                    /lib/x86_64-linux-gnu/libnss_compat-2.19.so
7f712ac14000-7f712ae13000 ---p 00009000 08:03 2102431                    /lib/x86_64-linux-gnu/libnss_compat-2.19.so
7f712ae13000-7f712ae14000 r--p 00008000 08:03 2102431                    /lib/x86_64-linux-gnu/libnss_compat-2.19.so
7f712ae14000-7f712ae15000 rw-p 00009000 08:03 2102431                    /lib/x86_64-linux-gnu/libnss_compat-2.19.so
7f712ae15000-7f712ae3f000 r-xp 00000000 08:03 1719352                    /usr/lib/jvm/java-8-oracle/jre/lib/amd64/libjava.so
7f712ae3f000-7f712b03f000 ---p 0002a000 08:03 1719352                    /usr/lib/jvm/java-8-oracle/jre/lib/amd64/libjava.so
7f712b03f000-7f712b041000 rw-p 0002a000 08:03 1719352                    /usr/lib/jvm/java-8-oracle/jre/lib/amd64/libjava.so
7f712b041000-7f712b04e000 r-xp 00000000 08:03 1719370                    /usr/lib/jvm/java-8-oracle/jre/lib/amd64/libverify.so
7f712b04e000-7f712b24e000 ---p 0000d000 08:03 1719370                    /usr/lib/jvm/java-8-oracle/jre/lib/amd64/libverify.so
7f712b24e000-7f712b250000 rw-p 0000d000 08:03 1719370                    /usr/lib/jvm/java-8-oracle/jre/lib/amd64/libverify.so
7f712b250000-7f712b257000 r-xp 00000000 08:03 2102576                    /lib/x86_64-linux-gnu/librt-2.19.so
7f712b257000-7f712b456000 ---p 00007000 08:03 2102576                    /lib/x86_64-linux-gnu/librt-2.19.so
7f712b456000-7f712b457000 r--p 00006000 08:03 2102576                    /lib/x86_64-linux-gnu/librt-2.19.so
7f712b457000-7f712b458000 rw-p 00007000 08:03 2102576                    /lib/x86_64-linux-gnu/librt-2.19.so
7f712b458000-7f712b55d000 r-xp 00000000 08:03 2102682                    /lib/x86_64-linux-gnu/libm-2.19.so
7f712b55d000-7f712b75c000 ---p 00105000 08:03 2102682                    /lib/x86_64-linux-gnu/libm-2.19.so
7f712b75c000-7f712b75d000 r--p 00104000 08:03 2102682                    /lib/x86_64-linux-gnu/libm-2.19.so
7f712b75d000-7f712b75e000 rw-p 00105000 08:03 2102682                    /lib/x86_64-linux-gnu/libm-2.19.so
7f712b75e000-7f712c3cb000 r-xp 00000000 08:03 1719359                    /usr/lib/jvm/java-8-oracle/jre/lib/amd64/server/libjvm.so
7f712c3cb000-7f712c5ca000 ---p 00c6d000 08:03 1719359                    /usr/lib/jvm/java-8-oracle/jre/lib/amd64/server/libjvm.so
7f712c5ca000-7f712c6a0000 rw-p 00c6c000 08:03 1719359                    /usr/lib/jvm/java-8-oracle/jre/lib/amd64/server/libjvm.so
7f712c6a0000-7f712c6e3000 rw-p 00000000 00:00 0 
7f712c6e3000-7f712c89e000 r-xp 00000000 08:03 2102633                    /lib/x86_64-linux-gnu/libc-2.19.so
7f712c89e000-7f712ca9e000 ---p 001bb000 08:03 2102633                    /lib/x86_64-linux-gnu/libc-2.19.so
7f712ca9e000-7f712caa2000 r--p 001bb000 08:03 2102633                    /lib/x86_64-linux-gnu/libc-2.19.so
7f712caa2000-7f712caa4000 rw-p 001bf000 08:03 2102633                    /lib/x86_64-linux-gnu/libc-2.19.so
7f712caa4000-7f712caa9000 rw-p 00000000 00:00 0 
7f712caa9000-7f712caac000 r-xp 00000000 08:03 2103199                    /lib/x86_64-linux-gnu/libdl-2.19.so
7f712caac000-7f712ccab000 ---p 00003000 08:03 2103199                    /lib/x86_64-linux-gnu/libdl-2.19.so
7f712ccab000-7f712ccac000 r--p 00002000 08:03 2103199                    /lib/x86_64-linux-gnu/libdl-2.19.so
7f712ccac000-7f712ccad000 rw-p 00003000 08:03 2103199                    /lib/x86_64-linux-gnu/libdl-2.19.so
7f712ccad000-7f712ccc2000 r-xp 00000000 08:03 1719341                    /usr/lib/jvm/java-8-oracle/jre/lib/amd64/jli/libjli.so
7f712ccc2000-7f712cec1000 ---p 00015000 08:03 1719341                    /usr/lib/jvm/java-8-oracle/jre/lib/amd64/jli/libjli.so
7f712cec1000-7f712cec2000 rw-p 00014000 08:03 1719341                    /usr/lib/jvm/java-8-oracle/jre/lib/amd64/jli/libjli.so
7f712cec2000-7f712cedb000 r-xp 00000000 08:03 2103200                    /lib/x86_64-linux-gnu/libpthread-2.19.so
7f712cedb000-7f712d0da000 ---p 00019000 08:03 2103200                    /lib/x86_64-linux-gnu/libpthread-2.19.so
7f712d0da000-7f712d0db000 r--p 00018000 08:03 2103200                    /lib/x86_64-linux-gnu/libpthread-2.19.so
7f712d0db000-7f712d0dc000 rw-p 00019000 08:03 2103200                    /lib/x86_64-linux-gnu/libpthread-2.19.so
7f712d0dc000-7f712d0e0000 rw-p 00000000 00:00 0 
7f712d0e0000-7f712d103000 r-xp 00000000 08:03 2102634                    /lib/x86_64-linux-gnu/ld-2.19.so
7f712d11a000-7f712d128000 r--s 000dc000 08:03 790900                     /opt/android-sdk-linux/build-tools/21.1.1/lib/dx.jar
7f712d128000-7f712d1e6000 rw-p 00000000 00:00 0 
7f712d1e6000-7f712d1e9000 ---p 00000000 00:00 0 
7f712d1e9000-7f712d2eb000 rw-p 00000000 00:00 0                          [stack:16329]
7f712d2ef000-7f712d2f2000 rw-p 00000000 00:00 0 
7f712d2f2000-7f712d2f6000 r--s 00093000 08:03 1719336                    /usr/lib/jvm/java-8-oracle/jre/lib/jsse.jar
7f712d2f6000-7f712d2fe000 rw-s 00000000 08:03 1842796                    /tmp/hsperfdata_sergio/16321
7f712d2fe000-7f712d2ff000 rw-p 00000000 00:00 0 
7f712d2ff000-7f712d300000 r--p 00000000 00:00 0 
7f712d300000-7f712d302000 rw-p 00000000 00:00 0 
7f712d302000-7f712d303000 r--p 00022000 08:03 2102634                    /lib/x86_64-linux-gnu/ld-2.19.so
7f712d303000-7f712d304000 rw-p 00023000 08:03 2102634                    /lib/x86_64-linux-gnu/ld-2.19.so
7f712d304000-7f712d305000 rw-p 00000000 00:00 0 
7fffd779a000-7fffd77bb000 rw-p 00000000 00:00 0                          [stack]
7fffd77fe000-7fffd7800000 r-xp 00000000 00:00 0                          [vdso]
ffffffffff600000-ffffffffff601000 r-xp 00000000 00:00 0                  [vsyscall]

VM Arguments:
jvm_args: -Xmx1024M 
java_command: /opt/android-sdk-linux/build-tools/21.1.1/lib/dx.jar --dex --output /home/sergio/IWEB/practica6/platforms/android/ant-build/classes.dex /home/sergio/IWEB/practica6/platforms/android/ant-build/classes /home/sergio/IWEB/practica6/platforms/android/ant-build/dexedLibs/classes-9deac6fcda1132d952c6977d1a2e02e7.jar
java_class_path (initial): /opt/android-sdk-linux/build-tools/21.1.1/lib/dx.jar
Launcher Type: SUN_STANDARD

Environment Variables:
JAVA_HOME=/usr/lib/jvm/java-8-oracle
PATH=/usr/local/sbin:/usr/local/bin:/usr/sbin:/usr/bin:/sbin:/bin:/usr/games:/usr/local/games:/opt/android-sdk-linux/tools:/opt/android-sdk-linux/platform-tools:/opt/android-sdk-linux/bin
SHELL=/bin/bash
DISPLAY=:0

Signal Handlers:
SIGSEGV: [libjvm.so+0xa79a80], sa_mask[0]=11111111011111111101111111111110, sa_flags=SA_RESTART|SA_SIGINFO
SIGBUS: [libjvm.so+0xa79a80], sa_mask[0]=11111111011111111101111111111110, sa_flags=SA_RESTART|SA_SIGINFO
SIGFPE: [libjvm.so+0x8e24e0], sa_mask[0]=11111111011111111101111111111110, sa_flags=SA_RESTART|SA_SIGINFO
SIGPIPE: [libjvm.so+0x8e24e0], sa_mask[0]=11111111011111111101111111111110, sa_flags=SA_RESTART|SA_SIGINFO
SIGXFSZ: [libjvm.so+0x8e24e0], sa_mask[0]=11111111011111111101111111111110, sa_flags=SA_RESTART|SA_SIGINFO
SIGILL: [libjvm.so+0x8e24e0], sa_mask[0]=11111111011111111101111111111110, sa_flags=SA_RESTART|SA_SIGINFO
SIGUSR1: SIG_DFL, sa_mask[0]=00000000000000000000000000000000, sa_flags=none
SIGUSR2: [libjvm.so+0x8e3d10], sa_mask[0]=00100000000000000000000000000000, sa_flags=SA_RESTART|SA_SIGINFO
SIGHUP: [libjvm.so+0x8e50d0], sa_mask[0]=11111111011111111101111111111110, sa_flags=SA_RESTART|SA_SIGINFO
SIGINT: [libjvm.so+0x8e50d0], sa_mask[0]=11111111011111111101111111111110, sa_flags=SA_RESTART|SA_SIGINFO
SIGTERM: [libjvm.so+0x8e50d0], sa_mask[0]=11111111011111111101111111111110, sa_flags=SA_RESTART|SA_SIGINFO
SIGQUIT: [libjvm.so+0x8e50d0], sa_mask[0]=11111111011111111101111111111110, sa_flags=SA_RESTART|SA_SIGINFO


---------------  S Y S T E M  ---------------

OS:DISTRIB_ID="elementary OS"
DISTRIB_RELEASE=0.3
DISTRIB_CODENAME=freya
DISTRIB_DESCRIPTION="elementary OS Freya"

uname:Linux 3.13.0-39-generic #66-Ubuntu SMP Tue Oct 28 13:30:27 UTC 2014 x86_64
libc:glibc 2.19 NPTL 2.19 
rlimit: STACK 8192k, CORE 0k, NPROC 31387, NOFILE 4096, AS infinity
load average:0,29 0,32 0,27

/proc/meminfo:
MemTotal:        4046980 kB
MemFree:          758040 kB
Buffers:          160148 kB
Cached:          1408652 kB
SwapCached:            0 kB
Active:          2062644 kB
Inactive:         910888 kB
Active(anon):    1307324 kB
Inactive(anon):   119972 kB
Active(file):     755320 kB
Inactive(file):   790916 kB
Unevictable:           0 kB
Mlocked:               0 kB
SwapTotal:       1771516 kB
SwapFree:        1771516 kB
Dirty:               752 kB
Writeback:             0 kB
AnonPages:       1404932 kB
Mapped:           258292 kB
Shmem:             22568 kB
Slab:             175516 kB
SReclaimable:     144640 kB
SUnreclaim:        30876 kB
KernelStack:        3896 kB
PageTables:        29464 kB
NFS_Unstable:          0 kB
Bounce:                0 kB
WritebackTmp:          0 kB
CommitLimit:     3795004 kB
Committed_AS:    4536008 kB
VmallocTotal:   34359738367 kB
VmallocUsed:      307312 kB
VmallocChunk:   34359425532 kB
HardwareCorrupted:     0 kB
AnonHugePages:    339968 kB
HugePages_Total:       0
HugePages_Free:        0
HugePages_Rsvd:        0
HugePages_Surp:        0
Hugepagesize:       2048 kB
DirectMap4k:      175040 kB
DirectMap2M:     4018176 kB


CPU:total 4 (4 cores per cpu, 1 threads per core) family 6 model 23 stepping 7, cmov, cx8, fxsr, mmx, sse, sse2, sse3, ssse3, sse4.1, tsc

/proc/cpuinfo:
processor	: 0
vendor_id	: GenuineIntel
cpu family	: 6
model		: 23
model name	: Intel(R) Core(TM)2 Quad  CPU   Q9550  @ 2.83GHz
stepping	: 7
microcode	: 0x705
cpu MHz		: 2834.000
cache size	: 6144 KB
physical id	: 0
siblings	: 4
core id		: 0
cpu cores	: 4
apicid		: 0
initial apicid	: 0
fpu		: yes
fpu_exception	: yes
cpuid level	: 10
wp		: yes
flags		: fpu vme de pse tsc msr pae mce cx8 apic sep mtrr pge mca cmov pat pse36 clflush dts acpi mmx fxsr sse sse2 ss ht tm pbe syscall nx lm constant_tsc arch_perfmon pebs bts rep_good nopl aperfmperf pni dtes64 monitor ds_cpl vmx smx est tm2 ssse3 cx16 xtpr pdcm sse4_1 lahf_lm dtherm tpr_shadow vnmi flexpriority
bogomips	: 5666.28
clflush size	: 64
cache_alignment	: 64
address sizes	: 36 bits physical, 48 bits virtual
power management:

processor	: 1
vendor_id	: GenuineIntel
cpu family	: 6
model		: 23
model name	: Intel(R) Core(TM)2 Quad  CPU   Q9550  @ 2.83GHz
stepping	: 7
microcode	: 0x705
cpu MHz		: 2834.000
cache size	: 6144 KB
physical id	: 0
siblings	: 4
core id		: 3
cpu cores	: 4
apicid		: 3
initial apicid	: 3
fpu		: yes
fpu_exception	: yes
cpuid level	: 10
wp		: yes
flags		: fpu vme de pse tsc msr pae mce cx8 apic sep mtrr pge mca cmov pat pse36 clflush dts acpi mmx fxsr sse sse2 ss ht tm pbe syscall nx lm constant_tsc arch_perfmon pebs bts rep_good nopl aperfmperf pni dtes64 monitor ds_cpl vmx smx est tm2 ssse3 cx16 xtpr pdcm sse4_1 lahf_lm dtherm tpr_shadow vnmi flexpriority
bogomips	: 5666.28
clflush size	: 64
cache_alignment	: 64
address sizes	: 36 bits physical, 48 bits virtual
power management:

processor	: 2
vendor_id	: GenuineIntel
cpu family	: 6
model		: 23
model name	: Intel(R) Core(TM)2 Quad  CPU   Q9550  @ 2.83GHz
stepping	: 7
microcode	: 0x705
cpu MHz		: 2834.000
cache size	: 6144 KB
physical id	: 0
siblings	: 4
core id		: 2
cpu cores	: 4
apicid		: 2
initial apicid	: 2
fpu		: yes
fpu_exception	: yes
cpuid level	: 10
wp		: yes
flags		: fpu vme de pse tsc msr pae mce cx8 apic sep mtrr pge mca cmov pat pse36 clflush dts acpi mmx fxsr sse sse2 ss ht tm pbe syscall nx lm constant_tsc arch_perfmon pebs bts rep_good nopl aperfmperf pni dtes64 monitor ds_cpl vmx smx est tm2 ssse3 cx16 xtpr pdcm sse4_1 lahf_lm dtherm tpr_shadow vnmi flexpriority
bogomips	: 5666.28
clflush size	: 64
cache_alignment	: 64
address sizes	: 36 bits physical, 48 bits virtual
power management:

processor	: 3
vendor_id	: GenuineIntel
cpu family	: 6
model		: 23
model name	: Intel(R) Core(TM)2 Quad  CPU   Q9550  @ 2.83GHz
stepping	: 7
microcode	: 0x705
cpu MHz		: 2834.000
cache size	: 6144 KB
physical id	: 0
siblings	: 4
core id		: 1
cpu cores	: 4
apicid		: 1
initial apicid	: 1
fpu		: yes
fpu_exception	: yes
cpuid level	: 10
wp		: yes
flags		: fpu vme de pse tsc msr pae mce cx8 apic sep mtrr pge mca cmov pat pse36 clflush dts acpi mmx fxsr sse sse2 ss ht tm pbe syscall nx lm constant_tsc arch_perfmon pebs bts rep_good nopl aperfmperf pni dtes64 monitor ds_cpl vmx smx est tm2 ssse3 cx16 xtpr pdcm sse4_1 lahf_lm dtherm tpr_shadow vnmi flexpriority
bogomips	: 5666.28
clflush size	: 64
cache_alignment	: 64
address sizes	: 36 bits physical, 48 bits virtual
power management:



Memory: 4k page, physical 4046980k(758040k free), swap 1771516k(1771516k free)

vm_info: Java HotSpot(TM) 64-Bit Server VM (25.25-b02) for linux-amd64 JRE (1.8.0_25-b17), built on Sep 17 2014 17:32:11 by "java_re" with gcc 4.3.0 20080428 (Red Hat 4.3.0-8)

time: Wed Nov 26 16:10:05 2014
elapsed time: 1 seconds (0d 0h 0m 1s)

