#
# A fatal error has been detected by the Java Runtime Environment:
#
#  SIGSEGV (0xb) at pc=0x00007f9342005060, pid=32422, tid=140271903753984
#
# JRE version: Java(TM) SE Runtime Environment (8.0_25-b17) (build 1.8.0_25-b17)
# Java VM: Java HotSpot(TM) 64-Bit Server VM (25.25-b02 mixed mode linux-amd64 compressed oops)
# Problematic frame:
# C  0x00007f9342005060
#
# Failed to write core dump. Core dumps have been disabled. To enable core dumping, try "ulimit -c unlimited" before starting Java again
#
# If you would like to submit a bug report, please visit:
#   http://bugreport.sun.com/bugreport/crash.jsp
#

---------------  T H R E A D  ---------------

Current thread (0x00007f939000a000):  JavaThread "main" [_thread_in_Java, id=32430, stack(0x00007f9398eec000,0x00007f9398fed000)]

siginfo: si_signo: 11 (SIGSEGV), si_code: 1 (SEGV_MAPERR), si_addr: 0x00007f9342005060

Registers:
RAX=0x00007f9395280800, RBX=0x00007f9395280800, RCX=0x00000000ef0a0de0, RDX=0x00000000efca61e0
RSP=0x00007f9398feb448, RBP=0x00007f9398feb4f8, RSI=0x00000000efd35750, RDI=0x000000000000087f
R8 =0x00000000ef0b8490, R9 =0x00000000efd35738, R10=0x00007f93983c0440, R11=0x00007f9381885980
R12=0x0000000000000000, R13=0x000000000021db18, R14=0x00007f9398feb548, R15=0x00007f939000a000
RIP=0x00007f9342005060, EFLAGS=0x0000000000010206, CSGSFS=0x0000000000000033, ERR=0x0000000000000014
  TRAPNO=0x000000000000000e

Top of Stack: (sp=0x00007f9398feb448)
0x00007f9398feb448:   00007f938100798d 000000000021db18
0x00007f9398feb458:   00000000efce3b70 00000000ef0b8490
0x00007f9398feb468:   00007f938100798d 000000000021db18
0x00007f9398feb478:   000000000000087f 00000000efd35738
0x00007f9398feb488:   00000000ef0b8490 00000000ef0a0de0
0x00007f9398feb498:   00000000efca61e0 00000000efd35750
0x00007f9398feb4a8:   00000000efd35750 00000000efce3b28
0x00007f9398feb4b8:   00007f9398feb4b8 00007f9395278f4b
0x00007f9398feb4c8:   00007f9398feb548 00007f93952792b8
0x00007f9398feb4d8:   0000000000000000 00007f9395278fe0
0x00007f9398feb4e8:   00007f9398feb470 00007f9398feb538
0x00007f9398feb4f8:   00007f9398feb598 00007f9381007710
0x00007f9398feb508:   00000000efd35738 000000000021db18
0x00007f9398feb518:   000000000000087f 00000000efce3b70
0x00007f9398feb528:   00000000efce3b28 00000000ef0a0fb8
0x00007f9398feb538:   00000000ef0b8490 00000000ef0a0de0
0x00007f9398feb548:   00000000efca61e0 00000000efca61f8
0x00007f9398feb558:   00007f9398feb558 00007f9395278d3e
0x00007f9398feb568:   00007f9398feb5d0 00007f93952792b8
0x00007f9398feb578:   0000000000000000 00007f9395278e50
0x00007f9398feb588:   00007f9398feb538 00007f9398feb5d0
0x00007f9398feb598:   00007f9398feb618 00007f938100798d
0x00007f9398feb5a8:   0000000000000000 0000000000000000
0x00007f9398feb5b8:   0000000000000000 0000000000000000
0x00007f9398feb5c8:   00000000efca61f8 00000000efca61e0
0x00007f9398feb5d8:   00007f9398feb5d8 00007f9395267bf4
0x00007f9398feb5e8:   00007f9398feb628 00007f939526b028
0x00007f9398feb5f8:   0000000000000000 00007f9395267c10
0x00007f9398feb608:   00007f9398feb5d0 00007f9398feb628
0x00007f9398feb618:   00007f9398feb670 00007f938100798d
0x00007f9398feb628:   00000000ef0a1360 00007f9398feb630
0x00007f9398feb638:   00007f9395267661 00007f9398feb680 

Instructions: (pc=0x00007f9342005060)
0x00007f9342005040:   
[error occurred during error reporting (printing registers, top of stack, instructions near pc), id 0xb]

Register to memory mapping:

RAX={method} {0x00007f9395280800} '<init>' '(Lcom/android/dx/merge/DexMerger$IdMerger;Lcom/android/dex/Dex;Lcom/android/dx/merge/IndexMap;Ljava/lang/Comparable;II)V' in 'com/android/dx/merge/DexMerger$IdMerger$UnsortedValue'
RBX={method} {0x00007f9395280800} '<init>' '(Lcom/android/dx/merge/DexMerger$IdMerger;Lcom/android/dex/Dex;Lcom/android/dx/merge/IndexMap;Ljava/lang/Comparable;II)V' in 'com/android/dx/merge/DexMerger$IdMerger$UnsortedValue'
RCX=0x00000000ef0a0de0 is an oop
com.android.dex.Dex 
 - klass: 'com/android/dex/Dex'
RDX=0x00000000efca61e0 is an oop
com.android.dx.merge.DexMerger$3 
 - klass: 'com/android/dx/merge/DexMerger$3'
RSP=0x00007f9398feb448 is pointing into the stack for thread: 0x00007f939000a000
RBP=0x00007f9398feb4f8 is pointing into the stack for thread: 0x00007f939000a000
RSI=0x00000000efd35750 is an oop
com.android.dx.merge.DexMerger$IdMerger$UnsortedValue 
 - klass: 'com/android/dx/merge/DexMerger$IdMerger$UnsortedValue'
RDI=0x000000000000087f is an unknown value
R8 =0x00000000ef0b8490 is an oop
com.android.dx.merge.IndexMap 
 - klass: 'com/android/dx/merge/IndexMap'
R9 =0x00000000efd35738 is an oop
com.android.dex.TypeList 
 - klass: 'com/android/dex/TypeList'
R10=0x00007f93983c0440: <offset 0xf5c440> in /usr/lib/jvm/java-8-oracle/jre/lib/amd64/server/libjvm.so at 0x00007f9397464000
R11=0x00007f9381885980 is at entry_point+32 in (nmethod*)0x00007f9381885810
R12=0x0000000000000000 is an unknown value
R13=0x000000000021db18 is an unknown value
R14=0x00007f9398feb548 is pointing into the stack for thread: 0x00007f939000a000
R15=0x00007f939000a000 is a thread


Stack: [0x00007f9398eec000,0x00007f9398fed000],  sp=0x00007f9398feb448,  free space=1021k
Native frames: (J=compiled Java code, j=interpreted, Vv=VM code, C=native code)
C  0x00007f9342005060
j  com.android.dx.merge.DexMerger$IdMerger.mergeUnsorted()V+70
j  com.android.dx.merge.DexMerger.mergeTypeLists()V+12
j  com.android.dx.merge.DexMerger.mergeDexes()Lcom/android/dex/Dex;+9
j  com.android.dx.merge.DexMerger.merge()Lcom/android/dex/Dex;+5
j  com.android.dx.command.dexer.Main.mergeLibraryDexBuffers([B)[B+69
j  com.android.dx.command.dexer.Main.runMonoDex()I+129
j  com.android.dx.command.dexer.Main.run(Lcom/android/dx/command/dexer/Main$Arguments;)I+76
j  com.android.dx.command.dexer.Main.main([Ljava/lang/String;)V+14
j  com.android.dx.command.Main.main([Ljava/lang/String;)V+61
v  ~StubRoutines::call_stub
V  [libjvm.so+0x664086]  JavaCalls::call_helper(JavaValue*, methodHandle*, JavaCallArguments*, Thread*)+0x1056
V  [libjvm.so+0x6ab096]  jni_invoke_static(JNIEnv_*, JavaValue*, _jobject*, JNICallType, _jmethodID*, JNI_ArgumentPusher*, Thread*)+0x346
V  [libjvm.so+0x6b1c2a]  jni_CallStaticVoidMethod+0x17a
C  [libjli.so+0x7b14]  JavaMain+0x844
C  [libpthread.so.0+0x8182]  start_thread+0xc2


---------------  P R O C E S S  ---------------

Java Threads: ( => current thread )
  0x00007f93901a7800 JavaThread "Service Thread" daemon [_thread_blocked, id=32442, stack(0x00007f9369cfd000,0x00007f9369dfe000)]
  0x00007f9390177000 JavaThread "C1 CompilerThread2" daemon [_thread_blocked, id=32441, stack(0x00007f9369dfe000,0x00007f9369eff000)]
  0x00007f9390175800 JavaThread "C2 CompilerThread1" daemon [_thread_blocked, id=32440, stack(0x00007f9369eff000,0x00007f936a000000)]
  0x00007f9390172800 JavaThread "C2 CompilerThread0" daemon [_thread_blocked, id=32439, stack(0x00007f93800f7000,0x00007f93801f8000)]
  0x00007f9390170800 JavaThread "Signal Dispatcher" daemon [_thread_blocked, id=32438, stack(0x00007f93801f8000,0x00007f93802f9000)]
  0x00007f9390143800 JavaThread "Finalizer" daemon [_thread_blocked, id=32437, stack(0x00007f93806f7000,0x00007f93807f8000)]
  0x00007f9390141800 JavaThread "Reference Handler" daemon [_thread_blocked, id=32436, stack(0x00007f93807f8000,0x00007f93808f9000)]
=>0x00007f939000a000 JavaThread "main" [_thread_in_Java, id=32430, stack(0x00007f9398eec000,0x00007f9398fed000)]

Other Threads:
  0x00007f939013a000 VMThread [stack: 0x00007f93808f9000,0x00007f93809fa000] [id=32435]
  0x00007f93901a9800 WatcherThread [stack: 0x00007f9369bfc000,0x00007f9369cfd000] [id=32443]

VM state:not at safepoint (normal execution)

VM Mutex/Monitor currently owned by a thread: None

Heap:
 PSYoungGen      total 135168K, used 95320K [0x00000000eab00000, 0x00000000f3f00000, 0x0000000100000000)
  eden space 124928K, 68% used [0x00000000eab00000,0x00000000efe1d948,0x00000000f2500000)
  from space 10240K, 99% used [0x00000000f3100000,0x00000000f3af89a8,0x00000000f3b00000)
  to   space 12288K, 0% used [0x00000000f2500000,0x00000000f2500000,0x00000000f3100000)
 ParOldGen       total 42496K, used 19953K [0x00000000c0000000, 0x00000000c2980000, 0x00000000eab00000)
  object space 42496K, 46% used [0x00000000c0000000,0x00000000c137c538,0x00000000c2980000)
 Metaspace       used 7962K, capacity 8324K, committed 8576K, reserved 1056768K
  class space    used 769K, capacity 820K, committed 896K, reserved 1048576K

Card table byte_map: [0x00007f9395b03000,0x00007f9395d04000] byte_map_base: 0x00007f9395503000

Marking Bits: (ParMarkBitMap*) 0x00007f93983be2c0
 Begin Bits: [0x00007f936a000000, 0x00007f936b000000)
 End Bits:   [0x00007f936b000000, 0x00007f936c000000)

Polling page: 0x00007f9399005000

CodeCache: size=245760Kb used=9812Kb max_used=9812Kb free=235947Kb
 bounds [0x00007f9381000000, 0x00007f93819a0000, 0x00007f9390000000]
 total_blobs=3183 nmethods=2893 adapters=205
 compilation: enabled

Compilation events (10 events):
Event: 3,512 Thread 0x00007f9390177000 2924       3       java.lang.Integer::compareTo (9 bytes)
Event: 3,512 Thread 0x00007f9390177000 nmethod 2924 0x00007f938198d2d0 code [0x00007f938198d460, 0x00007f938198d890]
Event: 3,512 Thread 0x00007f9390177000 2923       3       com.android.dx.merge.DexMerger$2::write (9 bytes)
Event: 3,513 Thread 0x00007f9390177000 nmethod 2923 0x00007f9381998190 code [0x00007f9381998320, 0x00007f9381998828]
Event: 3,514 Thread 0x00007f9390177000 2925       3       com.android.dx.merge.DexMerger$3::read (8 bytes)
Event: 3,515 Thread 0x00007f9390177000 nmethod 2925 0x00007f9381997150 code [0x00007f9381997320, 0x00007f9381997c78]
Event: 3,515 Thread 0x00007f9390177000 2926       3       com.android.dx.merge.IndexMap::adjustTypeList (58 bytes)
Event: 3,515 Thread 0x00007f9390177000 nmethod 2926 0x00007f9381996550 code [0x00007f9381996700, 0x00007f9381996e48]
Event: 3,515 Thread 0x00007f9390177000 2927       3       com.android.dx.merge.DexMerger$IdMerger$UnsortedValue::<init> (38 bytes)
Event: 3,515 Thread 0x00007f9390177000 nmethod 2927 0x00007f9381992fd0 code [0x00007f9381993140, 0x00007f9381993350]

GC Heap History (10 events):
Event: 0,963 GC heap before
{Heap before GC invocations=2 (full 0):
 PSYoungGen      total 18432K, used 18400K [0x00000000eab00000, 0x00000000ecf00000, 0x0000000100000000)
  eden space 15872K, 100% used [0x00000000eab00000,0x00000000eba80000,0x00000000eba80000)
  from space 2560K, 98% used [0x00000000eba80000,0x00000000ebcf8018,0x00000000ebd00000)
  to   space 2560K, 0% used [0x00000000ecc80000,0x00000000ecc80000,0x00000000ecf00000)
 ParOldGen       total 42496K, used 1515K [0x00000000c0000000, 0x00000000c2980000, 0x00000000eab00000)
  object space 42496K, 3% used [0x00000000c0000000,0x00000000c017ac18,0x00000000c2980000)
 Metaspace       used 5518K, capacity 6832K, committed 7040K, reserved 1056768K
  class space    used 545K, capacity 616K, committed 640K, reserved 1048576K
Event: 0,980 GC heap after
Heap after GC invocations=2 (full 0):
 PSYoungGen      total 34304K, used 2544K [0x00000000eab00000, 0x00000000ecf00000, 0x0000000100000000)
  eden space 31744K, 0% used [0x00000000eab00000,0x00000000eab00000,0x00000000eca00000)
  from space 2560K, 99% used [0x00000000ecc80000,0x00000000ecefc038,0x00000000ecf00000)
  to   space 2560K, 0% used [0x00000000eca00000,0x00000000eca00000,0x00000000ecc80000)
 ParOldGen       total 42496K, used 3705K [0x00000000c0000000, 0x00000000c2980000, 0x00000000eab00000)
  object space 42496K, 8% used [0x00000000c0000000,0x00000000c039e780,0x00000000c2980000)
 Metaspace       used 5518K, capacity 6832K, committed 7040K, reserved 1056768K
  class space    used 545K, capacity 616K, committed 640K, reserved 1048576K
}
Event: 1,192 GC heap before
{Heap before GC invocations=3 (full 0):
 PSYoungGen      total 34304K, used 34288K [0x00000000eab00000, 0x00000000ecf00000, 0x0000000100000000)
  eden space 31744K, 100% used [0x00000000eab00000,0x00000000eca00000,0x00000000eca00000)
  from space 2560K, 99% used [0x00000000ecc80000,0x00000000ecefc038,0x00000000ecf00000)
  to   space 2560K, 0% used [0x00000000eca00000,0x00000000eca00000,0x00000000ecc80000)
 ParOldGen       total 42496K, used 3705K [0x00000000c0000000, 0x00000000c2980000, 0x00000000eab00000)
  object space 42496K, 8% used [0x00000000c0000000,0x00000000c039e780,0x00000000c2980000)
 Metaspace       used 5627K, capacity 6960K, committed 7040K, reserved 1056768K
  class space    used 546K, capacity 616K, committed 640K, reserved 1048576K
Event: 1,212 GC heap after
Heap after GC invocations=3 (full 0):
 PSYoungGen      total 34304K, used 2536K [0x00000000eab00000, 0x00000000eee00000, 0x0000000100000000)
  eden space 31744K, 0% used [0x00000000eab00000,0x00000000eab00000,0x00000000eca00000)
  from space 2560K, 99% used [0x00000000eca00000,0x00000000ecc7a320,0x00000000ecc80000)
  to   space 2560K, 0% used [0x00000000eeb80000,0x00000000eeb80000,0x00000000eee00000)
 ParOldGen       total 42496K, used 8296K [0x00000000c0000000, 0x00000000c2980000, 0x00000000eab00000)
  object space 42496K, 19% used [0x00000000c0000000,0x00000000c081a2d0,0x00000000c2980000)
 Metaspace       used 5627K, capacity 6960K, committed 7040K, reserved 1056768K
  class space    used 546K, capacity 616K, committed 640K, reserved 1048576K
}
Event: 1,387 GC heap before
{Heap before GC invocations=4 (full 0):
 PSYoungGen      total 34304K, used 34280K [0x00000000eab00000, 0x00000000eee00000, 0x0000000100000000)
  eden space 31744K, 100% used [0x00000000eab00000,0x00000000eca00000,0x00000000eca00000)
  from space 2560K, 99% used [0x00000000eca00000,0x00000000ecc7a320,0x00000000ecc80000)
  to   space 2560K, 0% used [0x00000000eeb80000,0x00000000eeb80000,0x00000000eee00000)
 ParOldGen       total 42496K, used 8296K [0x00000000c0000000, 0x00000000c2980000, 0x00000000eab00000)
  object space 42496K, 19% used [0x00000000c0000000,0x00000000c081a2d0,0x00000000c2980000)
 Metaspace       used 5676K, capacity 6960K, committed 7040K, reserved 1056768K
  class space    used 548K, capacity 616K, committed 640K, reserved 1048576K
Event: 1,402 GC heap after
Heap after GC invocations=4 (full 0):
 PSYoungGen      total 66048K, used 2552K [0x00000000eab00000, 0x00000000eee00000, 0x0000000100000000)
  eden space 63488K, 0% used [0x00000000eab00000,0x00000000eab00000,0x00000000ee900000)
  from space 2560K, 99% used [0x00000000eeb80000,0x00000000eedfe310,0x00000000eee00000)
  to   space 2560K, 0% used [0x00000000ee900000,0x00000000ee900000,0x00000000eeb80000)
 ParOldGen       total 42496K, used 13682K [0x00000000c0000000, 0x00000000c2980000, 0x00000000eab00000)
  object space 42496K, 32% used [0x00000000c0000000,0x00000000c0d5c958,0x00000000c2980000)
 Metaspace       used 5676K, capacity 6960K, committed 7040K, reserved 1056768K
  class space    used 548K, capacity 616K, committed 640K, reserved 1048576K
}
Event: 1,702 GC heap before
{Heap before GC invocations=5 (full 0):
 PSYoungGen      total 66048K, used 66040K [0x00000000eab00000, 0x00000000eee00000, 0x0000000100000000)
  eden space 63488K, 100% used [0x00000000eab00000,0x00000000ee900000,0x00000000ee900000)
  from space 2560K, 99% used [0x00000000eeb80000,0x00000000eedfe310,0x00000000eee00000)
  to   space 2560K, 0% used [0x00000000ee900000,0x00000000ee900000,0x00000000eeb80000)
 ParOldGen       total 42496K, used 13682K [0x00000000c0000000, 0x00000000c2980000, 0x00000000eab00000)
  object space 42496K, 32% used [0x00000000c0000000,0x00000000c0d5c958,0x00000000c2980000)
 Metaspace       used 5719K, capacity 7024K, committed 7296K, reserved 1056768K
  class space    used 548K, capacity 616K, committed 640K, reserved 1048576K
Event: 1,723 GC heap after
Heap after GC invocations=5 (full 0):
 PSYoungGen      total 66048K, used 2533K [0x00000000eab00000, 0x00000000f3b00000, 0x0000000100000000)
  eden space 63488K, 0% used [0x00000000eab00000,0x00000000eab00000,0x00000000ee900000)
  from space 2560K, 98% used [0x00000000ee900000,0x00000000eeb79478,0x00000000eeb80000)
  to   space 10240K, 0% used [0x00000000f3100000,0x00000000f3100000,0x00000000f3b00000)
 ParOldGen       total 42496K, used 19665K [0x00000000c0000000, 0x00000000c2980000, 0x00000000eab00000)
  object space 42496K, 46% used [0x00000000c0000000,0x00000000c1334538,0x00000000c2980000)
 Metaspace       used 5719K, capacity 7024K, committed 7296K, reserved 1056768K
  class space    used 548K, capacity 616K, committed 640K, reserved 1048576K
}
Event: 2,029 GC heap before
{Heap before GC invocations=6 (full 0):
 PSYoungGen      total 66048K, used 66021K [0x00000000eab00000, 0x00000000f3b00000, 0x0000000100000000)
  eden space 63488K, 100% used [0x00000000eab00000,0x00000000ee900000,0x00000000ee900000)
  from space 2560K, 98% used [0x00000000ee900000,0x00000000eeb79478,0x00000000eeb80000)
  to   space 10240K, 0% used [0x00000000f3100000,0x00000000f3100000,0x00000000f3b00000)
 ParOldGen       total 42496K, used 19665K [0x00000000c0000000, 0x00000000c2980000, 0x00000000eab00000)
  object space 42496K, 46% used [0x00000000c0000000,0x00000000c1334538,0x00000000c2980000)
 Metaspace       used 5868K, capacity 7088K, committed 7296K, reserved 1056768K
  class space    used 567K, capacity 616K, committed 640K, reserved 1048576K
Event: 2,051 GC heap after
Heap after GC invocations=6 (full 0):
 PSYoungGen      total 135168K, used 10210K [0x00000000eab00000, 0x00000000f3f00000, 0x0000000100000000)
  eden space 124928K, 0% used [0x00000000eab00000,0x00000000eab00000,0x00000000f2500000)
  from space 10240K, 99% used [0x00000000f3100000,0x00000000f3af89a8,0x00000000f3b00000)
  to   space 12288K, 0% used [0x00000000f2500000,0x00000000f2500000,0x00000000f3100000)
 ParOldGen       total 42496K, used 19953K [0x00000000c0000000, 0x00000000c2980000, 0x00000000eab00000)
  object space 42496K, 46% used [0x00000000c0000000,0x00000000c137c538,0x00000000c2980000)
 Metaspace       used 5868K, capacity 7088K, committed 7296K, reserved 1056768K
  class space    used 567K, capacity 616K, committed 640K, reserved 1048576K
}

Deoptimization events (10 events):
Event: 2,202 Thread 0x00007f939000a000 Uncommon trap: reason=class_check action=maybe_recompile pc=0x00007f93813be2c0 method=java.util.Arrays.equals([Ljava/lang/Object;[Ljava/lang/Object;)Z @ 62
Event: 2,202 Thread 0x00007f939000a000 Uncommon trap: reason=class_check action=maybe_recompile pc=0x00007f93813be2c0 method=java.util.Arrays.equals([Ljava/lang/Object;[Ljava/lang/Object;)Z @ 62
Event: 3,149 Thread 0x00007f939000a000 Uncommon trap: reason=unreached action=reinterpret pc=0x00007f9381370294 method=java.util.Arrays.copyOf([Ljava/lang/Object;ILjava/lang/Class;)[Ljava/lang/Object; @ 3
Event: 3,191 Thread 0x00007f939000a000 Uncommon trap: reason=class_check action=maybe_recompile pc=0x00007f93818200dc method=com.android.dex.Leb128.writeUnsignedLeb128(Lcom/android/dex/util/ByteOutput;I)V @ 40
Event: 3,191 Thread 0x00007f939000a000 Uncommon trap: reason=class_check action=maybe_recompile pc=0x00007f93818200dc method=com.android.dex.Leb128.writeUnsignedLeb128(Lcom/android/dex/util/ByteOutput;I)V @ 40
Event: 3,191 Thread 0x00007f939000a000 Uncommon trap: reason=predicate action=maybe_recompile pc=0x00007f9381820140 method=com.android.dex.Leb128.writeUnsignedLeb128(Lcom/android/dex/util/ByteOutput;I)V @ 9
Event: 3,351 Thread 0x00007f939000a000 Uncommon trap: reason=class_check action=maybe_recompile pc=0x00007f93813ea928 method=java.util.ArrayList.<init>(Ljava/util/Collection;)V @ 6
Event: 3,355 Thread 0x00007f939000a000 Uncommon trap: reason=class_check action=maybe_recompile pc=0x00007f93813ea928 method=java.util.ArrayList.<init>(Ljava/util/Collection;)V @ 6
Event: 3,382 Thread 0x00007f939000a000 Uncommon trap: reason=predicate action=maybe_recompile pc=0x00007f93818b75a0 method=com.android.dex.Leb128.readUnsignedLeb128(Lcom/android/dex/util/ByteInput;)I @ 41
Event: 3,397 Thread 0x00007f939000a000 Uncommon trap: reason=unreached action=reinterpret pc=0x00007f938155093c method=java.util.HashMap.getNode(ILjava/lang/Object;)Ljava/util/HashMap$Node; @ 84

Internal exceptions (10 events):
Event: 3,269 Thread 0x00007f939000a000 Exception <a 'java/security/PrivilegedActionException'> (0x00000000ed400370) thrown at [/HUDSON/workspace/8-2-build-linux-amd64/jdk8u25/1514/hotspot/src/share/vm/prims/jvm.cpp, line 1312]
Event: 3,270 Thread 0x00007f939000a000 Exception <a 'java/security/PrivilegedActionException'> (0x00000000ed4032a8) thrown at [/HUDSON/workspace/8-2-build-linux-amd64/jdk8u25/1514/hotspot/src/share/vm/prims/jvm.cpp, line 1312]
Event: 3,270 Thread 0x00007f939000a000 Exception <a 'java/security/PrivilegedActionException'> (0x00000000ed4063a0) thrown at [/HUDSON/workspace/8-2-build-linux-amd64/jdk8u25/1514/hotspot/src/share/vm/prims/jvm.cpp, line 1312]
Event: 3,270 Thread 0x00007f939000a000 Exception <a 'java/security/PrivilegedActionException'> (0x00000000ed4098d0) thrown at [/HUDSON/workspace/8-2-build-linux-amd64/jdk8u25/1514/hotspot/src/share/vm/prims/jvm.cpp, line 1312]
Event: 3,273 Thread 0x00007f939000a000 Exception <a 'java/security/PrivilegedActionException'> (0x00000000ed450ae0) thrown at [/HUDSON/workspace/8-2-build-linux-amd64/jdk8u25/1514/hotspot/src/share/vm/prims/jvm.cpp, line 1312]
Event: 3,273 Thread 0x00007f939000a000 Exception <a 'java/security/PrivilegedActionException'> (0x00000000ed452d38) thrown at [/HUDSON/workspace/8-2-build-linux-amd64/jdk8u25/1514/hotspot/src/share/vm/prims/jvm.cpp, line 1312]
Event: 3,349 Thread 0x00007f939000a000 Exception <a 'java/security/PrivilegedActionException'> (0x00000000ed9dfe60) thrown at [/HUDSON/workspace/8-2-build-linux-amd64/jdk8u25/1514/hotspot/src/share/vm/prims/jvm.cpp, line 1312]
Event: 3,349 Thread 0x00007f939000a000 Exception <a 'java/security/PrivilegedActionException'> (0x00000000ed9e01a8) thrown at [/HUDSON/workspace/8-2-build-linux-amd64/jdk8u25/1514/hotspot/src/share/vm/prims/jvm.cpp, line 1312]
Event: 3,350 Thread 0x00007f939000a000 Exception <a 'java/security/PrivilegedActionException'> (0x00000000ed9e2858) thrown at [/HUDSON/workspace/8-2-build-linux-amd64/jdk8u25/1514/hotspot/src/share/vm/prims/jvm.cpp, line 1312]
Event: 3,350 Thread 0x00007f939000a000 Exception <a 'java/security/PrivilegedActionException'> (0x00000000ed9e2ba0) thrown at [/HUDSON/workspace/8-2-build-linux-amd64/jdk8u25/1514/hotspot/src/share/vm/prims/jvm.cpp, line 1312]

Events (10 events):
Event: 3,479 Thread 0x00007f939000a000 DEOPT PACKING pc=0x00007f938184f3be sp=0x00007f9398feb380
Event: 3,479 Thread 0x00007f939000a000 DEOPT UNPACKING pc=0x00007f9381046f73 sp=0x00007f9398feb0a0 mode 0
Event: 3,479 Thread 0x00007f939000a000 DEOPT PACKING pc=0x00007f938184f3be sp=0x00007f9398feb380
Event: 3,479 Thread 0x00007f939000a000 DEOPT UNPACKING pc=0x00007f9381046f73 sp=0x00007f9398feb0a0 mode 0
Event: 3,479 Thread 0x00007f939000a000 DEOPT PACKING pc=0x00007f938184f3be sp=0x00007f9398feb380
Event: 3,479 Thread 0x00007f939000a000 DEOPT UNPACKING pc=0x00007f9381046f73 sp=0x00007f9398feb0a0 mode 0
Event: 3,480 Thread 0x00007f939000a000 DEOPT PACKING pc=0x00007f938184f45d sp=0x00007f9398feb380
Event: 3,480 Thread 0x00007f939000a000 DEOPT UNPACKING pc=0x00007f9381046f73 sp=0x00007f9398feb0a0 mode 0
Event: 3,511 Executing VM operation: ForceSafepoint
Event: 3,511 Executing VM operation: ForceSafepoint done


Dynamic libraries:
00400000-00401000 r-xp 00000000 08:03 1719663                            /usr/lib/jvm/java-8-oracle/jre/bin/java
00600000-00601000 rw-p 00000000 08:03 1719663                            /usr/lib/jvm/java-8-oracle/jre/bin/java
01b66000-01b87000 rw-p 00000000 00:00 0                                  [heap]
c0000000-c2980000 rw-p 00000000 00:00 0 
c2980000-eab00000 ---p 00000000 00:00 0 
eab00000-f3f00000 rw-p 00000000 00:00 0 
f3f00000-100000000 ---p 00000000 00:00 0 
100000000-1000e0000 rw-p 00000000 00:00 0 
1000e0000-140000000 ---p 00000000 00:00 0 
7f9344000000-7f9344021000 rw-p 00000000 00:00 0 
7f9344021000-7f9348000000 ---p 00000000 00:00 0 
7f934c000000-7f934c897000 rw-p 00000000 00:00 0 
7f934c897000-7f9350000000 ---p 00000000 00:00 0 
7f9350000000-7f9350021000 rw-p 00000000 00:00 0 
7f9350021000-7f9354000000 ---p 00000000 00:00 0 
7f9354000000-7f9354822000 rw-p 00000000 00:00 0 
7f9354822000-7f9358000000 ---p 00000000 00:00 0 
7f9358000000-7f93588d1000 rw-p 00000000 00:00 0 
7f93588d1000-7f935c000000 ---p 00000000 00:00 0 
7f935c000000-7f935c021000 rw-p 00000000 00:00 0 
7f935c021000-7f9360000000 ---p 00000000 00:00 0 
7f9360000000-7f9360021000 rw-p 00000000 00:00 0 
7f9360021000-7f9364000000 ---p 00000000 00:00 0 
7f9364000000-7f9364021000 rw-p 00000000 00:00 0 
7f9364021000-7f9368000000 ---p 00000000 00:00 0 
7f9369bfc000-7f9369bfd000 ---p 00000000 00:00 0 
7f9369bfd000-7f9369cfd000 rw-p 00000000 00:00 0                          [stack:32443]
7f9369cfd000-7f9369d00000 ---p 00000000 00:00 0 
7f9369d00000-7f9369dfe000 rw-p 00000000 00:00 0                          [stack:32442]
7f9369dfe000-7f9369e01000 ---p 00000000 00:00 0 
7f9369e01000-7f9369eff000 rw-p 00000000 00:00 0                          [stack:32441]
7f9369eff000-7f9369f02000 ---p 00000000 00:00 0 
7f9369f02000-7f936c000000 rw-p 00000000 00:00 0                          [stack:32440]
7f936c000000-7f936c021000 rw-p 00000000 00:00 0 
7f936c021000-7f9370000000 ---p 00000000 00:00 0 
7f9370000000-7f9370021000 rw-p 00000000 00:00 0 
7f9370021000-7f9374000000 ---p 00000000 00:00 0 
7f9374000000-7f9374021000 rw-p 00000000 00:00 0 
7f9374021000-7f9378000000 ---p 00000000 00:00 0 
7f9378000000-7f9378021000 rw-p 00000000 00:00 0 
7f9378021000-7f937c000000 ---p 00000000 00:00 0 
7f937c000000-7f937c021000 rw-p 00000000 00:00 0 
7f937c021000-7f9380000000 ---p 00000000 00:00 0 
7f93800f7000-7f93800fa000 ---p 00000000 00:00 0 
7f93800fa000-7f93801f8000 rw-p 00000000 00:00 0                          [stack:32439]
7f93801f8000-7f93801fb000 ---p 00000000 00:00 0 
7f93801fb000-7f93802f9000 rw-p 00000000 00:00 0                          [stack:32438]
7f93802f9000-7f93806f7000 r--p 00000000 08:03 1704955                    /usr/lib/locale/locale-archive
7f93806f7000-7f93806fa000 ---p 00000000 00:00 0 
7f93806fa000-7f93807f8000 rw-p 00000000 00:00 0                          [stack:32437]
7f93807f8000-7f93807fb000 ---p 00000000 00:00 0 
7f93807fb000-7f93808f9000 rw-p 00000000 00:00 0                          [stack:32436]
7f93808f9000-7f93808fa000 ---p 00000000 00:00 0 
7f93808fa000-7f9381000000 rw-p 00000000 00:00 0                          [stack:32435]
7f9381000000-7f93819a0000 rwxp 00000000 00:00 0 
7f93819a0000-7f9390000000 ---p 00000000 00:00 0 
7f9390000000-7f9390611000 rw-p 00000000 00:00 0 
7f9390611000-7f9394000000 ---p 00000000 00:00 0 
7f9394038000-7f9394054000 r--s 00393000 08:03 1719423                    /usr/lib/jvm/java-8-oracle/jre/lib/ext/cldrdata.jar
7f9394054000-7f939495d000 rw-p 00000000 00:00 0 
7f939495d000-7f9394b33000 r--s 03caa000 08:03 1719620                    /usr/lib/jvm/java-8-oracle/jre/lib/rt.jar
7f9394b33000-7f9395329000 rw-p 00000000 00:00 0 
7f9395329000-7f93953a9000 ---p 00000000 00:00 0 
7f93953a9000-7f93955a9000 rw-p 00000000 00:00 0 
7f93955a9000-7f93955aa000 ---p 00000000 00:00 0 
7f93955aa000-7f93956aa000 rw-p 00000000 00:00 0                          [stack:32434]
7f93956aa000-7f93956ab000 ---p 00000000 00:00 0 
7f93956ab000-7f93957ab000 rw-p 00000000 00:00 0                          [stack:32433]
7f93957ab000-7f93957ac000 ---p 00000000 00:00 0 
7f93957ac000-7f93958ac000 rw-p 00000000 00:00 0                          [stack:32432]
7f93958ac000-7f93958ad000 ---p 00000000 00:00 0 
7f93958ad000-7f93959c2000 rw-p 00000000 00:00 0                          [stack:32431]
7f93959c2000-7f9395b03000 ---p 00000000 00:00 0 
7f9395b03000-7f9395b18000 rw-p 00000000 00:00 0 
7f9395b18000-7f9395c58000 ---p 00000000 00:00 0 
7f9395c58000-7f9395ca3000 rw-p 00000000 00:00 0 
7f9395ca3000-7f9395d03000 ---p 00000000 00:00 0 
7f9395d03000-7f9395d2b000 rw-p 00000000 00:00 0 
7f9395d2b000-7f93960c4000 ---p 00000000 00:00 0 
7f93960c4000-7f93960de000 r-xp 00000000 08:03 1719386                    /usr/lib/jvm/java-8-oracle/jre/lib/amd64/libzip.so
7f93960de000-7f93962de000 ---p 0001a000 08:03 1719386                    /usr/lib/jvm/java-8-oracle/jre/lib/amd64/libzip.so
7f93962de000-7f93962df000 rw-p 0001a000 08:03 1719386                    /usr/lib/jvm/java-8-oracle/jre/lib/amd64/libzip.so
7f93962df000-7f93962ea000 r-xp 00000000 08:03 2103193                    /lib/x86_64-linux-gnu/libnss_files-2.19.so
7f93962ea000-7f93964e9000 ---p 0000b000 08:03 2103193                    /lib/x86_64-linux-gnu/libnss_files-2.19.so
7f93964e9000-7f93964ea000 r--p 0000a000 08:03 2103193                    /lib/x86_64-linux-gnu/libnss_files-2.19.so
7f93964ea000-7f93964eb000 rw-p 0000b000 08:03 2103193                    /lib/x86_64-linux-gnu/libnss_files-2.19.so
7f93964eb000-7f93964f6000 r-xp 00000000 08:03 2103194                    /lib/x86_64-linux-gnu/libnss_nis-2.19.so
7f93964f6000-7f93966f5000 ---p 0000b000 08:03 2103194                    /lib/x86_64-linux-gnu/libnss_nis-2.19.so
7f93966f5000-7f93966f6000 r--p 0000a000 08:03 2103194                    /lib/x86_64-linux-gnu/libnss_nis-2.19.so
7f93966f6000-7f93966f7000 rw-p 0000b000 08:03 2103194                    /lib/x86_64-linux-gnu/libnss_nis-2.19.so
7f93966f7000-7f939670e000 r-xp 00000000 08:03 2102533                    /lib/x86_64-linux-gnu/libnsl-2.19.so
7f939670e000-7f939690d000 ---p 00017000 08:03 2102533                    /lib/x86_64-linux-gnu/libnsl-2.19.so
7f939690d000-7f939690e000 r--p 00016000 08:03 2102533                    /lib/x86_64-linux-gnu/libnsl-2.19.so
7f939690e000-7f939690f000 rw-p 00017000 08:03 2102533                    /lib/x86_64-linux-gnu/libnsl-2.19.so
7f939690f000-7f9396911000 rw-p 00000000 00:00 0 
7f9396911000-7f939691a000 r-xp 00000000 08:03 2102431                    /lib/x86_64-linux-gnu/libnss_compat-2.19.so
7f939691a000-7f9396b19000 ---p 00009000 08:03 2102431                    /lib/x86_64-linux-gnu/libnss_compat-2.19.so
7f9396b19000-7f9396b1a000 r--p 00008000 08:03 2102431                    /lib/x86_64-linux-gnu/libnss_compat-2.19.so
7f9396b1a000-7f9396b1b000 rw-p 00009000 08:03 2102431                    /lib/x86_64-linux-gnu/libnss_compat-2.19.so
7f9396b1b000-7f9396b45000 r-xp 00000000 08:03 1719352                    /usr/lib/jvm/java-8-oracle/jre/lib/amd64/libjava.so
7f9396b45000-7f9396d45000 ---p 0002a000 08:03 1719352                    /usr/lib/jvm/java-8-oracle/jre/lib/amd64/libjava.so
7f9396d45000-7f9396d47000 rw-p 0002a000 08:03 1719352                    /usr/lib/jvm/java-8-oracle/jre/lib/amd64/libjava.so
7f9396d47000-7f9396d54000 r-xp 00000000 08:03 1719370                    /usr/lib/jvm/java-8-oracle/jre/lib/amd64/libverify.so
7f9396d54000-7f9396f54000 ---p 0000d000 08:03 1719370                    /usr/lib/jvm/java-8-oracle/jre/lib/amd64/libverify.so
7f9396f54000-7f9396f56000 rw-p 0000d000 08:03 1719370                    /usr/lib/jvm/java-8-oracle/jre/lib/amd64/libverify.so
7f9396f56000-7f9396f5d000 r-xp 00000000 08:03 2102576                    /lib/x86_64-linux-gnu/librt-2.19.so
7f9396f5d000-7f939715c000 ---p 00007000 08:03 2102576                    /lib/x86_64-linux-gnu/librt-2.19.so
7f939715c000-7f939715d000 r--p 00006000 08:03 2102576                    /lib/x86_64-linux-gnu/librt-2.19.so
7f939715d000-7f939715e000 rw-p 00007000 08:03 2102576                    /lib/x86_64-linux-gnu/librt-2.19.so
7f939715e000-7f9397263000 r-xp 00000000 08:03 2102682                    /lib/x86_64-linux-gnu/libm-2.19.so
7f9397263000-7f9397462000 ---p 00105000 08:03 2102682                    /lib/x86_64-linux-gnu/libm-2.19.so
7f9397462000-7f9397463000 r--p 00104000 08:03 2102682                    /lib/x86_64-linux-gnu/libm-2.19.so
7f9397463000-7f9397464000 rw-p 00105000 08:03 2102682                    /lib/x86_64-linux-gnu/libm-2.19.so
7f9397464000-7f93980d1000 r-xp 00000000 08:03 1719359                    /usr/lib/jvm/java-8-oracle/jre/lib/amd64/server/libjvm.so
7f93980d1000-7f93982d0000 ---p 00c6d000 08:03 1719359                    /usr/lib/jvm/java-8-oracle/jre/lib/amd64/server/libjvm.so
7f93982d0000-7f93983a6000 rw-p 00c6c000 08:03 1719359                    /usr/lib/jvm/java-8-oracle/jre/lib/amd64/server/libjvm.so
7f93983a6000-7f93983e9000 rw-p 00000000 00:00 0 
7f93983e9000-7f93985a4000 r-xp 00000000 08:03 2102633                    /lib/x86_64-linux-gnu/libc-2.19.so
7f93985a4000-7f93987a4000 ---p 001bb000 08:03 2102633                    /lib/x86_64-linux-gnu/libc-2.19.so
7f93987a4000-7f93987a8000 r--p 001bb000 08:03 2102633                    /lib/x86_64-linux-gnu/libc-2.19.so
7f93987a8000-7f93987aa000 rw-p 001bf000 08:03 2102633                    /lib/x86_64-linux-gnu/libc-2.19.so
7f93987aa000-7f93987af000 rw-p 00000000 00:00 0 
7f93987af000-7f93987b2000 r-xp 00000000 08:03 2103199                    /lib/x86_64-linux-gnu/libdl-2.19.so
7f93987b2000-7f93989b1000 ---p 00003000 08:03 2103199                    /lib/x86_64-linux-gnu/libdl-2.19.so
7f93989b1000-7f93989b2000 r--p 00002000 08:03 2103199                    /lib/x86_64-linux-gnu/libdl-2.19.so
7f93989b2000-7f93989b3000 rw-p 00003000 08:03 2103199                    /lib/x86_64-linux-gnu/libdl-2.19.so
7f93989b3000-7f93989c8000 r-xp 00000000 08:03 1719341                    /usr/lib/jvm/java-8-oracle/jre/lib/amd64/jli/libjli.so
7f93989c8000-7f9398bc7000 ---p 00015000 08:03 1719341                    /usr/lib/jvm/java-8-oracle/jre/lib/amd64/jli/libjli.so
7f9398bc7000-7f9398bc8000 rw-p 00014000 08:03 1719341                    /usr/lib/jvm/java-8-oracle/jre/lib/amd64/jli/libjli.so
7f9398bc8000-7f9398be1000 r-xp 00000000 08:03 2103200                    /lib/x86_64-linux-gnu/libpthread-2.19.so
7f9398be1000-7f9398de0000 ---p 00019000 08:03 2103200                    /lib/x86_64-linux-gnu/libpthread-2.19.so
7f9398de0000-7f9398de1000 r--p 00018000 08:03 2103200                    /lib/x86_64-linux-gnu/libpthread-2.19.so
7f9398de1000-7f9398de2000 rw-p 00019000 08:03 2103200                    /lib/x86_64-linux-gnu/libpthread-2.19.so
7f9398de2000-7f9398de6000 rw-p 00000000 00:00 0 
7f9398de6000-7f9398e09000 r-xp 00000000 08:03 2102634                    /lib/x86_64-linux-gnu/ld-2.19.so
7f9398e16000-7f9398e20000 r--s 00116000 08:03 1719424                    /usr/lib/jvm/java-8-oracle/jre/lib/ext/localedata.jar
7f9398e20000-7f9398e2e000 r--s 000dc000 08:03 790900                     /opt/android-sdk-linux/build-tools/21.1.1/lib/dx.jar
7f9398e2e000-7f9398eec000 rw-p 00000000 00:00 0 
7f9398eec000-7f9398eef000 ---p 00000000 00:00 0 
7f9398eef000-7f9398ff1000 rw-p 00000000 00:00 0                          [stack:32430]
7f9398ff5000-7f9398ff8000 rw-p 00000000 00:00 0 
7f9398ff8000-7f9398ffc000 r--s 00093000 08:03 1719336                    /usr/lib/jvm/java-8-oracle/jre/lib/jsse.jar
7f9398ffc000-7f9399004000 rw-s 00000000 08:03 1844508                    /tmp/hsperfdata_sergio/32422
7f9399004000-7f9399005000 rw-p 00000000 00:00 0 
7f9399005000-7f9399006000 r--p 00000000 00:00 0 
7f9399006000-7f9399008000 rw-p 00000000 00:00 0 
7f9399008000-7f9399009000 r--p 00022000 08:03 2102634                    /lib/x86_64-linux-gnu/ld-2.19.so
7f9399009000-7f939900a000 rw-p 00023000 08:03 2102634                    /lib/x86_64-linux-gnu/ld-2.19.so
7f939900a000-7f939900b000 rw-p 00000000 00:00 0 
7fff20196000-7fff201b8000 rw-p 00000000 00:00 0                          [stack]
7fff201fe000-7fff20200000 r-xp 00000000 00:00 0                          [vdso]
ffffffffff600000-ffffffffff601000 r-xp 00000000 00:00 0                  [vsyscall]

VM Arguments:
jvm_args: -Xmx1024M 
java_command: /opt/android-sdk-linux/build-tools/21.1.1/lib/dx.jar --dex --output /home/sergio/IWEB/practica6/platforms/android/ant-build/classes.dex /home/sergio/IWEB/practica6/platforms/android/ant-build/classes /home/sergio/IWEB/practica6/platforms/android/ant-build/dexedLibs/classes-9deac6fcda1132d952c6977d1a2e02e7.jar /home/sergio/IWEB/practica6/platforms/android/ant-build/dexedLibs/android-support-v4-addcf5fcf44af2702e8a45876d1b952e.jar /home/sergio/IWEB/practica6/platforms/android/ant-build/dexedLibs/google-play-services-e6fb6b561b70fdf788baf22401daf49c.jar /home/sergio/IWEB/practica6/platforms/android/ant-build/dexedLibs/google-volley-281838d0fa69b1e574df75766f8cc723.jar
java_class_path (initial): /opt/android-sdk-linux/build-tools/21.1.1/lib/dx.jar
Launcher Type: SUN_STANDARD

Environment Variables:
JAVA_HOME=/usr/lib/jvm/java-8-oracle
PATH=/usr/local/sbin:/usr/local/bin:/usr/sbin:/usr/bin:/sbin:/bin:/usr/games:/usr/local/games:/opt/android-sdk-linux/tools:/opt/android-sdk-linux/platform-tools:/opt/android-sdk-linux/bin
SHELL=/bin/bash
DISPLAY=:0

Signal Handlers:
SIGSEGV: [libjvm.so+0xa79a80], sa_mask[0]=11111111011111111101111111111110, sa_flags=SA_RESTART|SA_SIGINFO
SIGBUS: [libjvm.so+0xa79a80], sa_mask[0]=11111111011111111101111111111110, sa_flags=SA_RESTART|SA_SIGINFO
SIGFPE: [libjvm.so+0x8e24e0], sa_mask[0]=11111111011111111101111111111110, sa_flags=SA_RESTART|SA_SIGINFO
SIGPIPE: [libjvm.so+0x8e24e0], sa_mask[0]=11111111011111111101111111111110, sa_flags=SA_RESTART|SA_SIGINFO
SIGXFSZ: [libjvm.so+0x8e24e0], sa_mask[0]=11111111011111111101111111111110, sa_flags=SA_RESTART|SA_SIGINFO
SIGILL: [libjvm.so+0x8e24e0], sa_mask[0]=11111111011111111101111111111110, sa_flags=SA_RESTART|SA_SIGINFO
SIGUSR1: SIG_DFL, sa_mask[0]=00000000000000000000000000000000, sa_flags=none
SIGUSR2: [libjvm.so+0x8e3d10], sa_mask[0]=00100000000000000000000000000000, sa_flags=SA_RESTART|SA_SIGINFO
SIGHUP: [libjvm.so+0x8e50d0], sa_mask[0]=11111111011111111101111111111110, sa_flags=SA_RESTART|SA_SIGINFO
SIGINT: [libjvm.so+0x8e50d0], sa_mask[0]=11111111011111111101111111111110, sa_flags=SA_RESTART|SA_SIGINFO
SIGTERM: [libjvm.so+0x8e50d0], sa_mask[0]=11111111011111111101111111111110, sa_flags=SA_RESTART|SA_SIGINFO
SIGQUIT: [libjvm.so+0x8e50d0], sa_mask[0]=11111111011111111101111111111110, sa_flags=SA_RESTART|SA_SIGINFO


---------------  S Y S T E M  ---------------

OS:DISTRIB_ID="elementary OS"
DISTRIB_RELEASE=0.3
DISTRIB_CODENAME=freya
DISTRIB_DESCRIPTION="elementary OS Freya"

uname:Linux 3.13.0-39-generic #66-Ubuntu SMP Tue Oct 28 13:30:27 UTC 2014 x86_64
libc:glibc 2.19 NPTL 2.19 
rlimit: STACK 8192k, CORE 0k, NPROC 31387, NOFILE 4096, AS infinity
load average:0,33 0,28 0,25

/proc/meminfo:
MemTotal:        4046980 kB
MemFree:          638388 kB
Buffers:           84396 kB
Cached:          1402560 kB
SwapCached:          828 kB
Active:          1993272 kB
Inactive:        1071836 kB
Active(anon):    1209680 kB
Inactive(anon):   393760 kB
Active(file):     783592 kB
Inactive(file):   678076 kB
Unevictable:           0 kB
Mlocked:               0 kB
SwapTotal:       1771516 kB
SwapFree:        1707844 kB
Dirty:               956 kB
Writeback:             0 kB
AnonPages:       1577588 kB
Mapped:           249888 kB
Shmem:             25288 kB
Slab:             203152 kB
SReclaimable:     171100 kB
SUnreclaim:        32052 kB
KernelStack:        4192 kB
PageTables:        31084 kB
NFS_Unstable:          0 kB
Bounce:                0 kB
WritebackTmp:          0 kB
CommitLimit:     3795004 kB
Committed_AS:    5195284 kB
VmallocTotal:   34359738367 kB
VmallocUsed:      307312 kB
VmallocChunk:   34359425532 kB
HardwareCorrupted:     0 kB
AnonHugePages:    475136 kB
HugePages_Total:       0
HugePages_Free:        0
HugePages_Rsvd:        0
HugePages_Surp:        0
Hugepagesize:       2048 kB
DirectMap4k:      213952 kB
DirectMap2M:     3979264 kB


CPU:total 4 (4 cores per cpu, 1 threads per core) family 6 model 23 stepping 7, cmov, cx8, fxsr, mmx, sse, sse2, sse3, ssse3, sse4.1, tsc

/proc/cpuinfo:
processor	: 0
vendor_id	: GenuineIntel
cpu family	: 6
model		: 23
model name	: Intel(R) Core(TM)2 Quad  CPU   Q9550  @ 2.83GHz
stepping	: 7
microcode	: 0x705
cpu MHz		: 2834.000
cache size	: 6144 KB
physical id	: 0
siblings	: 4
core id		: 0
cpu cores	: 4
apicid		: 0
initial apicid	: 0
fpu		: yes
fpu_exception	: yes
cpuid level	: 10
wp		: yes
flags		: fpu vme de pse tsc msr pae mce cx8 apic sep mtrr pge mca cmov pat pse36 clflush dts acpi mmx fxsr sse sse2 ss ht tm pbe syscall nx lm constant_tsc arch_perfmon pebs bts rep_good nopl aperfmperf pni dtes64 monitor ds_cpl vmx smx est tm2 ssse3 cx16 xtpr pdcm sse4_1 lahf_lm dtherm tpr_shadow vnmi flexpriority
bogomips	: 5666.28
clflush size	: 64
cache_alignment	: 64
address sizes	: 36 bits physical, 48 bits virtual
power management:

processor	: 1
vendor_id	: GenuineIntel
cpu family	: 6
model		: 23
model name	: Intel(R) Core(TM)2 Quad  CPU   Q9550  @ 2.83GHz
stepping	: 7
microcode	: 0x705
cpu MHz		: 2834.000
cache size	: 6144 KB
physical id	: 0
siblings	: 4
core id		: 3
cpu cores	: 4
apicid		: 3
initial apicid	: 3
fpu		: yes
fpu_exception	: yes
cpuid level	: 10
wp		: yes
flags		: fpu vme de pse tsc msr pae mce cx8 apic sep mtrr pge mca cmov pat pse36 clflush dts acpi mmx fxsr sse sse2 ss ht tm pbe syscall nx lm constant_tsc arch_perfmon pebs bts rep_good nopl aperfmperf pni dtes64 monitor ds_cpl vmx smx est tm2 ssse3 cx16 xtpr pdcm sse4_1 lahf_lm dtherm tpr_shadow vnmi flexpriority
bogomips	: 5666.28
clflush size	: 64
cache_alignment	: 64
address sizes	: 36 bits physical, 48 bits virtual
power management:

processor	: 2
vendor_id	: GenuineIntel
cpu family	: 6
model		: 23
model name	: Intel(R) Core(TM)2 Quad  CPU   Q9550  @ 2.83GHz
stepping	: 7
microcode	: 0x705
cpu MHz		: 2834.000
cache size	: 6144 KB
physical id	: 0
siblings	: 4
core id		: 2
cpu cores	: 4
apicid		: 2
initial apicid	: 2
fpu		: yes
fpu_exception	: yes
cpuid level	: 10
wp		: yes
flags		: fpu vme de pse tsc msr pae mce cx8 apic sep mtrr pge mca cmov pat pse36 clflush dts acpi mmx fxsr sse sse2 ss ht tm pbe syscall nx lm constant_tsc arch_perfmon pebs bts rep_good nopl aperfmperf pni dtes64 monitor ds_cpl vmx smx est tm2 ssse3 cx16 xtpr pdcm sse4_1 lahf_lm dtherm tpr_shadow vnmi flexpriority
bogomips	: 5666.28
clflush size	: 64
cache_alignment	: 64
address sizes	: 36 bits physical, 48 bits virtual
power management:

processor	: 3
vendor_id	: GenuineIntel
cpu family	: 6
model		: 23
model name	: Intel(R) Core(TM)2 Quad  CPU   Q9550  @ 2.83GHz
stepping	: 7
microcode	: 0x705
cpu MHz		: 2834.000
cache size	: 6144 KB
physical id	: 0
siblings	: 4
core id		: 1
cpu cores	: 4
apicid		: 1
initial apicid	: 1
fpu		: yes
fpu_exception	: yes
cpuid level	: 10
wp		: yes
flags		: fpu vme de pse tsc msr pae mce cx8 apic sep mtrr pge mca cmov pat pse36 clflush dts acpi mmx fxsr sse sse2 ss ht tm pbe syscall nx lm constant_tsc arch_perfmon pebs bts rep_good nopl aperfmperf pni dtes64 monitor ds_cpl vmx smx est tm2 ssse3 cx16 xtpr pdcm sse4_1 lahf_lm dtherm tpr_shadow vnmi flexpriority
bogomips	: 5666.28
clflush size	: 64
cache_alignment	: 64
address sizes	: 36 bits physical, 48 bits virtual
power management:



Memory: 4k page, physical 4046980k(638388k free), swap 1771516k(1707844k free)

vm_info: Java HotSpot(TM) 64-Bit Server VM (25.25-b02) for linux-amd64 JRE (1.8.0_25-b17), built on Sep 17 2014 17:32:11 by "java_re" with gcc 4.3.0 20080428 (Red Hat 4.3.0-8)

time: Wed Nov 26 22:49:03 2014
elapsed time: 3 seconds (0d 0h 0m 3s)

