#
# A fatal error has been detected by the Java Runtime Environment:
#
#  SIGSEGV (0xb) at pc=0x00007f6b4d9d2060, pid=15317, tid=140100265707264
#
# JRE version: Java(TM) SE Runtime Environment (8.0_25-b17) (build 1.8.0_25-b17)
# Java VM: Java HotSpot(TM) 64-Bit Server VM (25.25-b02 mixed mode linux-amd64 compressed oops)
# Problematic frame:
# C  0x00007f6b4d9d2060
#
# Failed to write core dump. Core dumps have been disabled. To enable core dumping, try "ulimit -c unlimited" before starting Java again
#
# If you would like to submit a bug report, please visit:
#   http://bugreport.sun.com/bugreport/crash.jsp
#

---------------  T H R E A D  ---------------

Current thread (0x00007f6b9c00a000):  JavaThread "main" [_thread_in_Java, id=15325, stack(0x00007f6ba2820000,0x00007f6ba2921000)]

siginfo: si_signo: 11 (SIGSEGV), si_code: 2 (SEGV_ACCERR), si_addr: 0x00007f6b4d9d2060

Registers:
RAX=0x00007f6b89bb57e8, RBX=0x0000000000000062, RCX=0x0000000000000b4f, RDX=0x0000000000005a90
RSP=0x00007f6ba291f168, RBP=0x00007f6ba291f260, RSI=0x0000000000000062, RDI=0x0000000000000762
R8 =0x0000000000000000, R9 =0x0000000000000000, R10=0x00007f6ba1cf4440, R11=0x00007f6b8d124620
R12=0x0000000000000000, R13=0x00007f6ba291f208, R14=0x00007f6ba291f290, R15=0x00007f6b9c00a000
RIP=0x00007f6b4d9d2060, EFLAGS=0x0000000000010202, CSGSFS=0x0000000000000033, ERR=0x0000000000000014
  TRAPNO=0x000000000000000e

Top of Stack: (sp=0x00007f6ba291f168)
0x00007f6ba291f168:   00007f6b8d12498c 00007f6ba291f1b0
0x00007f6ba291f178:   00007f6b89b8ddf8 00007f6b89bbb3d0
0x00007f6ba291f188:   00007f6b89b8da80 0000000000000000
0x00007f6ba291f198:   00007f6ba291f1b0 00007f6ba291f1f8
0x00007f6ba291f1a8:   00007f6b8c9d498d 00000000eabd58d0
0x00007f6ba291f1b8:   00007f6ba291f1b8 00007f6b89b8d371
0x00007f6ba291f1c8:   00007f6b00000762 00000000eabd58d0
0x00007f6ba291f1d8:   00007f6b89bbb8c8 00007f6b89b8d3b0
0x00007f6ba291f1e8:   0000000000000000 00007f6ba291f260
0x00007f6ba291f1f8:   00007f6b8c9d4710 00007f6b8c9d4710
0x00007f6ba291f208:   00000000eabd58d0 0000000000000077
0x00007f6ba291f218:   00000000eabd5530 00007f6ba291f220
0x00007f6ba291f228:   00007f6b89b8a82e 00007f6ba291f290
0x00007f6ba291f238:   00007f6b89b8cbc0 00007f6b89bbb6d0
0x00007f6ba291f248:   00007f6b89b8a8a0 00007f6ba291f208
0x00007f6ba291f258:   00007f6ba291f290 00007f6ba291f2d8
0x00007f6ba291f268:   00007f6b8c9d4710 0000000000000000
0x00007f6ba291f278:   00000000eabd58d0 00000000eabd5530
0x00007f6ba291f288:   00000000000000e4 00000000eabd51f8
0x00007f6ba291f298:   00007f6ba291f298 00007f6b89b5c329
0x00007f6ba291f2a8:   00007f6ba291f328 00007f6b89b5d420
0x00007f6ba291f2b8:   00007f6b89bbab70 00007f6b89b5c408
0x00007f6ba291f2c8:   00007f6ba291f290 00007f6ba291f320
0x00007f6ba291f2d8:   00007f6ba291f370 00007f6b8c9d4710
0x00007f6ba291f2e8:   0000000000000000 0000000000000000
0x00007f6ba291f2f8:   0000000000000000 0000000000000000
0x00007f6ba291f308:   0000000000000000 0000000000000000
0x00007f6ba291f318:   0000000000000000 00000000eabd51f8
0x00007f6ba291f328:   00000000c11570e8 00007f6ba291f330
0x00007f6ba291f338:   00007f6b89b531d4 00007f6ba291f3d8
0x00007f6ba291f348:   00007f6b89b549d8 0000000000000000
0x00007f6ba291f358:   00007f6b89b532e8 00007f6ba291f320 

Instructions: (pc=0x00007f6b4d9d2060)
0x00007f6b4d9d2040:   
[error occurred during error reporting (printing registers, top of stack, instructions near pc), id 0xb]

Register to memory mapping:

RAX=0x00007f6b89bb57e8 is pointing into metadata
RBX=0x0000000000000062 is an unknown value
RCX=0x0000000000000b4f is an unknown value
RDX=0x0000000000005a90 is an unknown value
RSP=0x00007f6ba291f168 is pointing into the stack for thread: 0x00007f6b9c00a000
RBP=0x00007f6ba291f260 is pointing into the stack for thread: 0x00007f6b9c00a000
RSI=0x0000000000000062 is an unknown value
RDI=0x0000000000000762 is an unknown value
R8 =0x0000000000000000 is an unknown value
R9 =0x0000000000000000 is an unknown value
R10=0x00007f6ba1cf4440: <offset 0xf5c440> in /usr/lib/jvm/java-8-oracle/jre/lib/amd64/server/libjvm.so at 0x00007f6ba0d98000
R11=0x00007f6b8d124620 is at entry_point+0 in (nmethod*)0x00007f6b8d124450
R12=0x0000000000000000 is an unknown value
R13=0x00007f6ba291f208 is pointing into the stack for thread: 0x00007f6b9c00a000
R14=0x00007f6ba291f290 is pointing into the stack for thread: 0x00007f6b9c00a000
R15=0x00007f6b9c00a000 is a thread


Stack: [0x00007f6ba2820000,0x00007f6ba2921000],  sp=0x00007f6ba291f168,  free space=1020k
Native frames: (J=compiled Java code, j=interpreted, Vv=VM code, C=native code)
C  0x00007f6b4d9d2060
j  com.android.dx.merge.InstructionTransformer.transform([S)[S+1
j  com.android.dx.merge.DexMerger.transformCode(Lcom/android/dex/Dex;Lcom/android/dex/Code;Lcom/android/dx/merge/IndexMap;)V+156
j  com.android.dx.merge.DexMerger.transformMethods(Lcom/android/dex/Dex;Lcom/android/dx/merge/IndexMap;[Lcom/android/dex/ClassData$Method;)V+116
j  com.android.dx.merge.DexMerger.transformClassData(Lcom/android/dex/Dex;Lcom/android/dex/ClassData;Lcom/android/dx/merge/IndexMap;)V+99
j  com.android.dx.merge.DexMerger.transformClassDef(Lcom/android/dex/Dex;Lcom/android/dex/ClassDef;Lcom/android/dx/merge/IndexMap;)V+137
j  com.android.dx.merge.DexMerger.mergeClassDefs()V+93
j  com.android.dx.merge.DexMerger.mergeDexes()Lcom/android/dex/Dex;+33
j  com.android.dx.merge.DexMerger.merge()Lcom/android/dex/Dex;+5
j  com.android.dx.command.dexer.Main.mergeLibraryDexBuffers([B)[B+69
j  com.android.dx.command.dexer.Main.runMonoDex()I+129
j  com.android.dx.command.dexer.Main.run(Lcom/android/dx/command/dexer/Main$Arguments;)I+76
j  com.android.dx.command.dexer.Main.main([Ljava/lang/String;)V+14
j  com.android.dx.command.Main.main([Ljava/lang/String;)V+61
v  ~StubRoutines::call_stub
V  [libjvm.so+0x664086]  JavaCalls::call_helper(JavaValue*, methodHandle*, JavaCallArguments*, Thread*)+0x1056
V  [libjvm.so+0x6ab096]  jni_invoke_static(JNIEnv_*, JavaValue*, _jobject*, JNICallType, _jmethodID*, JNI_ArgumentPusher*, Thread*)+0x346
V  [libjvm.so+0x6b1c2a]  jni_CallStaticVoidMethod+0x17a
C  [libjli.so+0x7b14]  JavaMain+0x844
C  [libpthread.so.0+0x8182]  start_thread+0xc2


---------------  P R O C E S S  ---------------

Java Threads: ( => current thread )
  0x00007f6b9c18f000 JavaThread "Service Thread" daemon [_thread_blocked, id=15337, stack(0x00007f6b6b6fd000,0x00007f6b6b7fe000)]
  0x00007f6b9c177000 JavaThread "C1 CompilerThread2" daemon [_thread_in_native, id=15336, stack(0x00007f6b6b7fe000,0x00007f6b6b8ff000)]
  0x00007f6b9c175800 JavaThread "C2 CompilerThread1" daemon [_thread_blocked, id=15335, stack(0x00007f6b6b8ff000,0x00007f6b6ba00000)]
  0x00007f6b9c172800 JavaThread "C2 CompilerThread0" daemon [_thread_blocked, id=15334, stack(0x00007f6b6ba00000,0x00007f6b6bb01000)]
  0x00007f6b9c170800 JavaThread "Signal Dispatcher" daemon [_thread_blocked, id=15333, stack(0x00007f6b6bb01000,0x00007f6b6bc02000)]
  0x00007f6b9c143000 JavaThread "Finalizer" daemon [_thread_blocked, id=15332, stack(0x00007f6b88054000,0x00007f6b88155000)]
  0x00007f6b9c141000 JavaThread "Reference Handler" daemon [_thread_blocked, id=15331, stack(0x00007f6b88155000,0x00007f6b88256000)]
=>0x00007f6b9c00a000 JavaThread "main" [_thread_in_Java, id=15325, stack(0x00007f6ba2820000,0x00007f6ba2921000)]

Other Threads:
  0x00007f6b9c13a000 VMThread [stack: 0x00007f6b88256000,0x00007f6b88357000] [id=15330]
  0x00007f6b9c191000 WatcherThread [stack: 0x00007f6b6b5fc000,0x00007f6b6b6fd000] [id=15338]

VM state:not at safepoint (normal execution)

VM Mutex/Monitor currently owned by a thread: None

Heap:
 PSYoungGen      total 66048K, used 3918K [0x00000000eab00000, 0x00000000f3b00000, 0x0000000100000000)
  eden space 63488K, 2% used [0x00000000eab00000,0x00000000eac59698,0x00000000ee900000)
  from space 2560K, 99% used [0x00000000ee900000,0x00000000eeb7a320,0x00000000eeb80000)
  to   space 10240K, 0% used [0x00000000f3100000,0x00000000f3100000,0x00000000f3b00000)
 ParOldGen       total 42496K, used 19130K [0x00000000c0000000, 0x00000000c2980000, 0x00000000eab00000)
  object space 42496K, 45% used [0x00000000c0000000,0x00000000c12aebf0,0x00000000c2980000)
 Metaspace       used 7108K, capacity 7952K, committed 8192K, reserved 1056768K
  class space    used 677K, capacity 712K, committed 768K, reserved 1048576K

Card table byte_map: [0x00007f6b8c40c000,0x00007f6b8c60d000] byte_map_base: 0x00007f6b8be0c000

Marking Bits: (ParMarkBitMap*) 0x00007f6ba1cf22c0
 Begin Bits: [0x00007f6b89eb2000, 0x00007f6b8aeb2000)
 End Bits:   [0x00007f6b8aeb2000, 0x00007f6b8beb2000)

Polling page: 0x00007f6ba2939000

CodeCache: size=245760Kb used=7615Kb max_used=7615Kb free=238144Kb
 bounds [0x00007f6b8c9cd000, 0x00007f6b8d14d000, 0x00007f6b9b9cd000]
 total_blobs=2553 nmethods=2273 adapters=196
 compilation: enabled

Compilation events (10 events):
Event: 9,191 Thread 0x00007f6b9c175800 nmethod 2273 0x00007f6b8d13d8d0 code [0x00007f6b8d13da40, 0x00007f6b8d13dd38]
Event: 9,191 Thread 0x00007f6b9c175800 2291       4       java.util.HashMap::<init> (11 bytes)
Event: 9,191 Thread 0x00007f6b9c177000 nmethod 2277 0x00007f6b8d13c7d0 code [0x00007f6b8d13c9c0, 0x00007f6b8d13d288]
Event: 9,191 Thread 0x00007f6b9c177000 2297       1       com.android.dx.io.instructions.DecodedInstruction::getIndexUnit (6 bytes)
Event: 9,192 Thread 0x00007f6b9c177000 nmethod 2297 0x00007f6b8d13c510 code [0x00007f6b8d13c660, 0x00007f6b8d13c770]
Event: 9,192 Thread 0x00007f6b9c177000 2294   !   3       com.android.dx.io.instructions.DecodedInstruction::decodeAll (54 bytes)
Event: 9,192 Thread 0x00007f6b9c175800 nmethod 2291 0x00007f6b8d13ae10 code [0x00007f6b8d13af60, 0x00007f6b8d13afb8]
Event: 9,192 Thread 0x00007f6b9c175800 2300       4       com.android.dx.io.Opcodes::isValidShape (46 bytes)
Event: 9,192 Thread 0x00007f6b9c175800 nmethod 2300 0x00007f6b8d13ac10 code [0x00007f6b8d13ad40, 0x00007f6b8d13adb8]
Event: 9,192 Thread 0x00007f6b9c172800 nmethod 2269 0x00007f6b8d13f490 code [0x00007f6b8d13f5e0, 0x00007f6b8d13f678]

GC Heap History (10 events):
Event: 0,457 GC heap before
{Heap before GC invocations=1 (full 0):
 PSYoungGen      total 18432K, used 15872K [0x00000000eab00000, 0x00000000ebf80000, 0x0000000100000000)
  eden space 15872K, 100% used [0x00000000eab00000,0x00000000eba80000,0x00000000eba80000)
  from space 2560K, 0% used [0x00000000ebd00000,0x00000000ebd00000,0x00000000ebf80000)
  to   space 2560K, 0% used [0x00000000eba80000,0x00000000eba80000,0x00000000ebd00000)
 ParOldGen       total 42496K, used 0K [0x00000000c0000000, 0x00000000c2980000, 0x00000000eab00000)
  object space 42496K, 0% used [0x00000000c0000000,0x00000000c0000000,0x00000000c2980000)
 Metaspace       used 5341K, capacity 6704K, committed 6784K, reserved 1056768K
  class space    used 540K, capacity 616K, committed 640K, reserved 1048576K
Event: 0,469 GC heap after
Heap after GC invocations=1 (full 0):
 PSYoungGen      total 18432K, used 2544K [0x00000000eab00000, 0x00000000ecf00000, 0x0000000100000000)
  eden space 15872K, 0% used [0x00000000eab00000,0x00000000eab00000,0x00000000eba80000)
  from space 2560K, 99% used [0x00000000eba80000,0x00000000ebcfc028,0x00000000ebd00000)
  to   space 2560K, 0% used [0x00000000ecc80000,0x00000000ecc80000,0x00000000ecf00000)
 ParOldGen       total 42496K, used 1480K [0x00000000c0000000, 0x00000000c2980000, 0x00000000eab00000)
  object space 42496K, 3% used [0x00000000c0000000,0x00000000c0172300,0x00000000c2980000)
 Metaspace       used 5341K, capacity 6704K, committed 6784K, reserved 1056768K
  class space    used 540K, capacity 616K, committed 640K, reserved 1048576K
}
Event: 0,630 GC heap before
{Heap before GC invocations=2 (full 0):
 PSYoungGen      total 18432K, used 18416K [0x00000000eab00000, 0x00000000ecf00000, 0x0000000100000000)
  eden space 15872K, 100% used [0x00000000eab00000,0x00000000eba80000,0x00000000eba80000)
  from space 2560K, 99% used [0x00000000eba80000,0x00000000ebcfc028,0x00000000ebd00000)
  to   space 2560K, 0% used [0x00000000ecc80000,0x00000000ecc80000,0x00000000ecf00000)
 ParOldGen       total 42496K, used 1480K [0x00000000c0000000, 0x00000000c2980000, 0x00000000eab00000)
  object space 42496K, 3% used [0x00000000c0000000,0x00000000c0172300,0x00000000c2980000)
 Metaspace       used 5555K, capacity 6896K, committed 7040K, reserved 1056768K
  class space    used 545K, capacity 616K, committed 640K, reserved 1048576K
Event: 0,641 GC heap after
Heap after GC invocations=2 (full 0):
 PSYoungGen      total 34304K, used 2536K [0x00000000eab00000, 0x00000000ecf00000, 0x0000000100000000)
  eden space 31744K, 0% used [0x00000000eab00000,0x00000000eab00000,0x00000000eca00000)
  from space 2560K, 99% used [0x00000000ecc80000,0x00000000ecefa348,0x00000000ecf00000)
  to   space 2560K, 0% used [0x00000000eca00000,0x00000000eca00000,0x00000000ecc80000)
 ParOldGen       total 42496K, used 3672K [0x00000000c0000000, 0x00000000c2980000, 0x00000000eab00000)
  object space 42496K, 8% used [0x00000000c0000000,0x00000000c0396188,0x00000000c2980000)
 Metaspace       used 5555K, capacity 6896K, committed 7040K, reserved 1056768K
  class space    used 545K, capacity 616K, committed 640K, reserved 1048576K
}
Event: 0,846 GC heap before
{Heap before GC invocations=3 (full 0):
 PSYoungGen      total 34304K, used 34280K [0x00000000eab00000, 0x00000000ecf00000, 0x0000000100000000)
  eden space 31744K, 100% used [0x00000000eab00000,0x00000000eca00000,0x00000000eca00000)
  from space 2560K, 99% used [0x00000000ecc80000,0x00000000ecefa348,0x00000000ecf00000)
  to   space 2560K, 0% used [0x00000000eca00000,0x00000000eca00000,0x00000000ecc80000)
 ParOldGen       total 42496K, used 3672K [0x00000000c0000000, 0x00000000c2980000, 0x00000000eab00000)
  object space 42496K, 8% used [0x00000000c0000000,0x00000000c0396188,0x00000000c2980000)
 Metaspace       used 5638K, capacity 6960K, committed 7040K, reserved 1056768K
  class space    used 546K, capacity 616K, committed 640K, reserved 1048576K
Event: 0,862 GC heap after
Heap after GC invocations=3 (full 0):
 PSYoungGen      total 34304K, used 2536K [0x00000000eab00000, 0x00000000eee00000, 0x0000000100000000)
  eden space 31744K, 0% used [0x00000000eab00000,0x00000000eab00000,0x00000000eca00000)
  from space 2560K, 99% used [0x00000000eca00000,0x00000000ecc7a348,0x00000000ecc80000)
  to   space 2560K, 0% used [0x00000000eeb80000,0x00000000eeb80000,0x00000000eee00000)
 ParOldGen       total 42496K, used 8264K [0x00000000c0000000, 0x00000000c2980000, 0x00000000eab00000)
  object space 42496K, 19% used [0x00000000c0000000,0x00000000c0812260,0x00000000c2980000)
 Metaspace       used 5638K, capacity 6960K, committed 7040K, reserved 1056768K
  class space    used 546K, capacity 616K, committed 640K, reserved 1048576K
}
Event: 1,043 GC heap before
{Heap before GC invocations=4 (full 0):
 PSYoungGen      total 34304K, used 34280K [0x00000000eab00000, 0x00000000eee00000, 0x0000000100000000)
  eden space 31744K, 100% used [0x00000000eab00000,0x00000000eca00000,0x00000000eca00000)
  from space 2560K, 99% used [0x00000000eca00000,0x00000000ecc7a348,0x00000000ecc80000)
  to   space 2560K, 0% used [0x00000000eeb80000,0x00000000eeb80000,0x00000000eee00000)
 ParOldGen       total 42496K, used 8264K [0x00000000c0000000, 0x00000000c2980000, 0x00000000eab00000)
  object space 42496K, 19% used [0x00000000c0000000,0x00000000c0812260,0x00000000c2980000)
 Metaspace       used 5685K, capacity 6960K, committed 7040K, reserved 1056768K
  class space    used 548K, capacity 616K, committed 640K, reserved 1048576K
Event: 1,058 GC heap after
Heap after GC invocations=4 (full 0):
 PSYoungGen      total 66048K, used 2529K [0x00000000eab00000, 0x00000000eee00000, 0x0000000100000000)
  eden space 63488K, 0% used [0x00000000eab00000,0x00000000eab00000,0x00000000ee900000)
  from space 2560K, 98% used [0x00000000eeb80000,0x00000000eedf8618,0x00000000eee00000)
  to   space 2560K, 0% used [0x00000000ee900000,0x00000000ee900000,0x00000000eeb80000)
 ParOldGen       total 42496K, used 13868K [0x00000000c0000000, 0x00000000c2980000, 0x00000000eab00000)
  object space 42496K, 32% used [0x00000000c0000000,0x00000000c0d8b2f8,0x00000000c2980000)
 Metaspace       used 5685K, capacity 6960K, committed 7040K, reserved 1056768K
  class space    used 548K, capacity 616K, committed 640K, reserved 1048576K
}
Event: 9,138 GC heap before
{Heap before GC invocations=5 (full 0):
 PSYoungGen      total 66048K, used 66017K [0x00000000eab00000, 0x00000000eee00000, 0x0000000100000000)
  eden space 63488K, 100% used [0x00000000eab00000,0x00000000ee900000,0x00000000ee900000)
  from space 2560K, 98% used [0x00000000eeb80000,0x00000000eedf8618,0x00000000eee00000)
  to   space 2560K, 0% used [0x00000000ee900000,0x00000000ee900000,0x00000000eeb80000)
 ParOldGen       total 42496K, used 13868K [0x00000000c0000000, 0x00000000c2980000, 0x00000000eab00000)
  object space 42496K, 32% used [0x00000000c0000000,0x00000000c0d8b2f8,0x00000000c2980000)
 Metaspace       used 7025K, capacity 7856K, committed 8192K, reserved 1056768K
  class space    used 671K, capacity 680K, committed 768K, reserved 1048576K
Event: 9,164 GC heap after
Heap after GC invocations=5 (full 0):
 PSYoungGen      total 66048K, used 2536K [0x00000000eab00000, 0x00000000f3b00000, 0x0000000100000000)
  eden space 63488K, 0% used [0x00000000eab00000,0x00000000eab00000,0x00000000ee900000)
  from space 2560K, 99% used [0x00000000ee900000,0x00000000eeb7a320,0x00000000eeb80000)
  to   space 10240K, 0% used [0x00000000f3100000,0x00000000f3100000,0x00000000f3b00000)
 ParOldGen       total 42496K, used 19130K [0x00000000c0000000, 0x00000000c2980000, 0x00000000eab00000)
  object space 42496K, 45% used [0x00000000c0000000,0x00000000c12aebf0,0x00000000c2980000)
 Metaspace       used 7025K, capacity 7856K, committed 8192K, reserved 1056768K
  class space    used 671K, capacity 680K, committed 768K, reserved 1048576K
}

Deoptimization events (10 events):
Event: 1,322 Thread 0x00007f6b9c00a000 Uncommon trap: reason=class_check action=maybe_recompile pc=0x00007f6b8ce9cba4 method=java.util.HashMap.putVal(ILjava/lang/Object;Ljava/lang/Object;ZZ)Ljava/lang/Object; @ 203
Event: 1,322 Thread 0x00007f6b9c00a000 Uncommon trap: reason=class_check action=maybe_recompile pc=0x00007f6b8ce9cba4 method=java.util.HashMap.putVal(ILjava/lang/Object;Ljava/lang/Object;ZZ)Ljava/lang/Object; @ 203
Event: 1,361 Thread 0x00007f6b9c00a000 Uncommon trap: reason=speculate_class_check action=maybe_recompile pc=0x00007f6b8cd5ea58 method=com.android.dx.util.FixedSizeList.equals(Ljava/lang/Object;)Z @ 25
Event: 1,361 Thread 0x00007f6b9c00a000 Uncommon trap: reason=speculate_class_check action=maybe_recompile pc=0x00007f6b8cd5ea58 method=com.android.dx.util.FixedSizeList.equals(Ljava/lang/Object;)Z @ 25
Event: 1,361 Thread 0x00007f6b9c00a000 Uncommon trap: reason=speculate_class_check action=maybe_recompile pc=0x00007f6b8cd5ea58 method=com.android.dx.util.FixedSizeList.equals(Ljava/lang/Object;)Z @ 25
Event: 1,361 Thread 0x00007f6b9c00a000 Uncommon trap: reason=speculate_class_check action=maybe_recompile pc=0x00007f6b8cd5ea58 method=com.android.dx.util.FixedSizeList.equals(Ljava/lang/Object;)Z @ 25
Event: 8,956 Thread 0x00007f6b9c00a000 Uncommon trap: reason=unreached action=reinterpret pc=0x00007f6b8cd1e454 method=java.util.Arrays.copyOf([Ljava/lang/Object;ILjava/lang/Class;)[Ljava/lang/Object; @ 3
Event: 8,958 Thread 0x00007f6b9c00a000 Uncommon trap: reason=class_check action=maybe_recompile pc=0x00007f6b8cfee8a8 method=java.util.HashMap.putVal(ILjava/lang/Object;Ljava/lang/Object;ZZ)Ljava/lang/Object; @ 56
Event: 8,958 Thread 0x00007f6b9c00a000 Uncommon trap: reason=class_check action=maybe_recompile pc=0x00007f6b8cfee8a8 method=java.util.HashMap.putVal(ILjava/lang/Object;Ljava/lang/Object;ZZ)Ljava/lang/Object; @ 56
Event: 9,101 Thread 0x00007f6b9c00a000 Uncommon trap: reason=unreached action=reinterpret pc=0x00007f6b8d08928c method=java.util.HashMap.putVal(ILjava/lang/Object;Ljava/lang/Object;ZZ)Ljava/lang/Object; @ 109

Internal exceptions (10 events):
Event: 9,138 Thread 0x00007f6b9c00a000 Exception <a 'java/security/PrivilegedActionException'> (0x00000000ee8f75b0) thrown at [/HUDSON/workspace/8-2-build-linux-amd64/jdk8u25/1514/hotspot/src/share/vm/prims/jvm.cpp, line 1312]
Event: 9,138 Thread 0x00007f6b9c00a000 Exception <a 'java/security/PrivilegedActionException'> (0x00000000ee8fa6a0) thrown at [/HUDSON/workspace/8-2-build-linux-amd64/jdk8u25/1514/hotspot/src/share/vm/prims/jvm.cpp, line 1312]
Event: 9,138 Thread 0x00007f6b9c00a000 Exception <a 'java/security/PrivilegedActionException'> (0x00000000ee8fda78) thrown at [/HUDSON/workspace/8-2-build-linux-amd64/jdk8u25/1514/hotspot/src/share/vm/prims/jvm.cpp, line 1312]
Event: 9,164 Thread 0x00007f6b9c00a000 Exception <a 'java/security/PrivilegedActionException'> (0x00000000eab011b8) thrown at [/HUDSON/workspace/8-2-build-linux-amd64/jdk8u25/1514/hotspot/src/share/vm/prims/jvm.cpp, line 1312]
Event: 9,166 Thread 0x00007f6b9c00a000 Exception <a 'java/security/PrivilegedActionException'> (0x00000000eab06658) thrown at [/HUDSON/workspace/8-2-build-linux-amd64/jdk8u25/1514/hotspot/src/share/vm/prims/jvm.cpp, line 1312]
Event: 9,166 Thread 0x00007f6b9c00a000 Exception <a 'java/security/PrivilegedActionException'> (0x00000000eab09590) thrown at [/HUDSON/workspace/8-2-build-linux-amd64/jdk8u25/1514/hotspot/src/share/vm/prims/jvm.cpp, line 1312]
Event: 9,166 Thread 0x00007f6b9c00a000 Exception <a 'java/security/PrivilegedActionException'> (0x00000000eab0c688) thrown at [/HUDSON/workspace/8-2-build-linux-amd64/jdk8u25/1514/hotspot/src/share/vm/prims/jvm.cpp, line 1312]
Event: 9,167 Thread 0x00007f6b9c00a000 Exception <a 'java/security/PrivilegedActionException'> (0x00000000eab0fbb8) thrown at [/HUDSON/workspace/8-2-build-linux-amd64/jdk8u25/1514/hotspot/src/share/vm/prims/jvm.cpp, line 1312]
Event: 9,169 Thread 0x00007f6b9c00a000 Exception <a 'java/security/PrivilegedActionException'> (0x00000000eab56dc8) thrown at [/HUDSON/workspace/8-2-build-linux-amd64/jdk8u25/1514/hotspot/src/share/vm/prims/jvm.cpp, line 1312]
Event: 9,170 Thread 0x00007f6b9c00a000 Exception <a 'java/security/PrivilegedActionException'> (0x00000000eab59020) thrown at [/HUDSON/workspace/8-2-build-linux-amd64/jdk8u25/1514/hotspot/src/share/vm/prims/jvm.cpp, line 1312]

Events (10 events):
Event: 9,166 loading class com/android/dx/io/instructions/SparseSwitchPayloadDecodedInstruction
Event: 9,166 loading class com/android/dx/io/instructions/SparseSwitchPayloadDecodedInstruction done
Event: 9,166 loading class com/android/dx/io/instructions/FillArrayDataPayloadDecodedInstruction
Event: 9,166 loading class com/android/dx/io/instructions/FillArrayDataPayloadDecodedInstruction done
Event: 9,167 loading class com/android/dx/io/IndexType
Event: 9,167 loading class com/android/dx/io/IndexType done
Event: 9,169 loading class com/android/dx/io/CodeReader$1
Event: 9,169 loading class com/android/dx/io/CodeReader$1 done
Event: 9,170 loading class com/android/dx/io/instructions/ShortArrayCodeOutput
Event: 9,170 loading class com/android/dx/io/instructions/ShortArrayCodeOutput done


Dynamic libraries:
00400000-00401000 r-xp 00000000 08:03 1719663                            /usr/lib/jvm/java-8-oracle/jre/bin/java
00600000-00601000 rw-p 00000000 08:03 1719663                            /usr/lib/jvm/java-8-oracle/jre/bin/java
00c34000-00c55000 rw-p 00000000 00:00 0                                  [heap]
c0000000-c2980000 rw-p 00000000 00:00 0 
c2980000-eab00000 ---p 00000000 00:00 0 
eab00000-f3b00000 rw-p 00000000 00:00 0 
f3b00000-100000000 ---p 00000000 00:00 0 
100000000-1000c0000 rw-p 00000000 00:00 0 
1000c0000-140000000 ---p 00000000 00:00 0 
7f6b4c000000-7f6b4c021000 rw-p 00000000 00:00 0 
7f6b4c021000-7f6b50000000 ---p 00000000 00:00 0 
7f6b54000000-7f6b546ee000 rw-p 00000000 00:00 0 
7f6b546ee000-7f6b58000000 ---p 00000000 00:00 0 
7f6b58000000-7f6b58021000 rw-p 00000000 00:00 0 
7f6b58021000-7f6b5c000000 ---p 00000000 00:00 0 
7f6b5c000000-7f6b5c873000 rw-p 00000000 00:00 0 
7f6b5c873000-7f6b60000000 ---p 00000000 00:00 0 
7f6b60000000-7f6b6073c000 rw-p 00000000 00:00 0 
7f6b6073c000-7f6b64000000 ---p 00000000 00:00 0 
7f6b64000000-7f6b64021000 rw-p 00000000 00:00 0 
7f6b64021000-7f6b68000000 ---p 00000000 00:00 0 
7f6b6b5fc000-7f6b6b5fd000 ---p 00000000 00:00 0 
7f6b6b5fd000-7f6b6b6fd000 rw-p 00000000 00:00 0                          [stack:15338]
7f6b6b6fd000-7f6b6b700000 ---p 00000000 00:00 0 
7f6b6b700000-7f6b6b7fe000 rw-p 00000000 00:00 0                          [stack:15337]
7f6b6b7fe000-7f6b6b801000 ---p 00000000 00:00 0 
7f6b6b801000-7f6b6b8ff000 rw-p 00000000 00:00 0                          [stack:15336]
7f6b6b8ff000-7f6b6b902000 ---p 00000000 00:00 0 
7f6b6b902000-7f6b6ba00000 rw-p 00000000 00:00 0                          [stack:15335]
7f6b6ba00000-7f6b6ba03000 ---p 00000000 00:00 0 
7f6b6ba03000-7f6b6bb01000 rw-p 00000000 00:00 0                          [stack:15334]
7f6b6bb01000-7f6b6bb04000 ---p 00000000 00:00 0 
7f6b6bb04000-7f6b6bc02000 rw-p 00000000 00:00 0                          [stack:15333]
7f6b6bc02000-7f6b6c000000 r--p 00000000 08:03 1704955                    /usr/lib/locale/locale-archive
7f6b6c000000-7f6b6c021000 rw-p 00000000 00:00 0 
7f6b6c021000-7f6b70000000 ---p 00000000 00:00 0 
7f6b70000000-7f6b70021000 rw-p 00000000 00:00 0 
7f6b70021000-7f6b74000000 ---p 00000000 00:00 0 
7f6b74000000-7f6b74021000 rw-p 00000000 00:00 0 
7f6b74021000-7f6b78000000 ---p 00000000 00:00 0 
7f6b78000000-7f6b78021000 rw-p 00000000 00:00 0 
7f6b78021000-7f6b7c000000 ---p 00000000 00:00 0 
7f6b7c000000-7f6b7c021000 rw-p 00000000 00:00 0 
7f6b7c021000-7f6b80000000 ---p 00000000 00:00 0 
7f6b80000000-7f6b80021000 rw-p 00000000 00:00 0 
7f6b80021000-7f6b84000000 ---p 00000000 00:00 0 
7f6b84000000-7f6b84021000 rw-p 00000000 00:00 0 
7f6b84021000-7f6b88000000 ---p 00000000 00:00 0 
7f6b88054000-7f6b88057000 ---p 00000000 00:00 0 
7f6b88057000-7f6b88155000 rw-p 00000000 00:00 0                          [stack:15332]
7f6b88155000-7f6b88158000 ---p 00000000 00:00 0 
7f6b88158000-7f6b88256000 rw-p 00000000 00:00 0                          [stack:15331]
7f6b88256000-7f6b88257000 ---p 00000000 00:00 0 
7f6b88257000-7f6b89266000 rw-p 00000000 00:00 0                          [stack:15330]
7f6b89266000-7f6b8943c000 r--s 03caa000 08:03 1719620                    /usr/lib/jvm/java-8-oracle/jre/lib/rt.jar
7f6b8943c000-7f6b89bf2000 rw-p 00000000 00:00 0 
7f6b89bf2000-7f6b89cb2000 ---p 00000000 00:00 0 
7f6b89cb2000-7f6b8beb2000 rw-p 00000000 00:00 0 
7f6b8beb2000-7f6b8beb3000 ---p 00000000 00:00 0 
7f6b8beb3000-7f6b8bfb3000 rw-p 00000000 00:00 0                          [stack:15329]
7f6b8bfb3000-7f6b8bfb4000 ---p 00000000 00:00 0 
7f6b8bfb4000-7f6b8c0b4000 rw-p 00000000 00:00 0                          [stack:15328]
7f6b8c0b4000-7f6b8c0b5000 ---p 00000000 00:00 0 
7f6b8c0b5000-7f6b8c1b5000 rw-p 00000000 00:00 0                          [stack:15327]
7f6b8c1b5000-7f6b8c1b6000 ---p 00000000 00:00 0 
7f6b8c1b6000-7f6b8c2cb000 rw-p 00000000 00:00 0                          [stack:15326]
7f6b8c2cb000-7f6b8c40c000 ---p 00000000 00:00 0 
7f6b8c40c000-7f6b8c421000 rw-p 00000000 00:00 0 
7f6b8c421000-7f6b8c561000 ---p 00000000 00:00 0 
7f6b8c561000-7f6b8c5aa000 rw-p 00000000 00:00 0 
7f6b8c5aa000-7f6b8c60c000 ---p 00000000 00:00 0 
7f6b8c60c000-7f6b8c62b000 rw-p 00000000 00:00 0 
7f6b8c62b000-7f6b8c9cd000 ---p 00000000 00:00 0 
7f6b8c9cd000-7f6b8d14d000 rwxp 00000000 00:00 0 
7f6b8d14d000-7f6b9b9cd000 ---p 00000000 00:00 0 
7f6b9b9cd000-7f6b9b9e7000 r-xp 00000000 08:03 1719386                    /usr/lib/jvm/java-8-oracle/jre/lib/amd64/libzip.so
7f6b9b9e7000-7f6b9bbe7000 ---p 0001a000 08:03 1719386                    /usr/lib/jvm/java-8-oracle/jre/lib/amd64/libzip.so
7f6b9bbe7000-7f6b9bbe8000 rw-p 0001a000 08:03 1719386                    /usr/lib/jvm/java-8-oracle/jre/lib/amd64/libzip.so
7f6b9bbe8000-7f6b9bbf3000 r-xp 00000000 08:03 2103193                    /lib/x86_64-linux-gnu/libnss_files-2.19.so
7f6b9bbf3000-7f6b9bdf2000 ---p 0000b000 08:03 2103193                    /lib/x86_64-linux-gnu/libnss_files-2.19.so
7f6b9bdf2000-7f6b9bdf3000 r--p 0000a000 08:03 2103193                    /lib/x86_64-linux-gnu/libnss_files-2.19.so
7f6b9bdf3000-7f6b9bdf4000 rw-p 0000b000 08:03 2103193                    /lib/x86_64-linux-gnu/libnss_files-2.19.so
7f6b9bdf4000-7f6b9bdff000 r-xp 00000000 08:03 2103194                    /lib/x86_64-linux-gnu/libnss_nis-2.19.so
7f6b9bdff000-7f6b9bffe000 ---p 0000b000 08:03 2103194                    /lib/x86_64-linux-gnu/libnss_nis-2.19.so
7f6b9bffe000-7f6b9bfff000 r--p 0000a000 08:03 2103194                    /lib/x86_64-linux-gnu/libnss_nis-2.19.so
7f6b9bfff000-7f6b9c000000 rw-p 0000b000 08:03 2103194                    /lib/x86_64-linux-gnu/libnss_nis-2.19.so
7f6b9c000000-7f6b9c55b000 rw-p 00000000 00:00 0 
7f6b9c55b000-7f6ba0000000 ---p 00000000 00:00 0 
7f6ba002b000-7f6ba0042000 r-xp 00000000 08:03 2102533                    /lib/x86_64-linux-gnu/libnsl-2.19.so
7f6ba0042000-7f6ba0241000 ---p 00017000 08:03 2102533                    /lib/x86_64-linux-gnu/libnsl-2.19.so
7f6ba0241000-7f6ba0242000 r--p 00016000 08:03 2102533                    /lib/x86_64-linux-gnu/libnsl-2.19.so
7f6ba0242000-7f6ba0243000 rw-p 00017000 08:03 2102533                    /lib/x86_64-linux-gnu/libnsl-2.19.so
7f6ba0243000-7f6ba0245000 rw-p 00000000 00:00 0 
7f6ba0245000-7f6ba024e000 r-xp 00000000 08:03 2102431                    /lib/x86_64-linux-gnu/libnss_compat-2.19.so
7f6ba024e000-7f6ba044d000 ---p 00009000 08:03 2102431                    /lib/x86_64-linux-gnu/libnss_compat-2.19.so
7f6ba044d000-7f6ba044e000 r--p 00008000 08:03 2102431                    /lib/x86_64-linux-gnu/libnss_compat-2.19.so
7f6ba044e000-7f6ba044f000 rw-p 00009000 08:03 2102431                    /lib/x86_64-linux-gnu/libnss_compat-2.19.so
7f6ba044f000-7f6ba0479000 r-xp 00000000 08:03 1719352                    /usr/lib/jvm/java-8-oracle/jre/lib/amd64/libjava.so
7f6ba0479000-7f6ba0679000 ---p 0002a000 08:03 1719352                    /usr/lib/jvm/java-8-oracle/jre/lib/amd64/libjava.so
7f6ba0679000-7f6ba067b000 rw-p 0002a000 08:03 1719352                    /usr/lib/jvm/java-8-oracle/jre/lib/amd64/libjava.so
7f6ba067b000-7f6ba0688000 r-xp 00000000 08:03 1719370                    /usr/lib/jvm/java-8-oracle/jre/lib/amd64/libverify.so
7f6ba0688000-7f6ba0888000 ---p 0000d000 08:03 1719370                    /usr/lib/jvm/java-8-oracle/jre/lib/amd64/libverify.so
7f6ba0888000-7f6ba088a000 rw-p 0000d000 08:03 1719370                    /usr/lib/jvm/java-8-oracle/jre/lib/amd64/libverify.so
7f6ba088a000-7f6ba0891000 r-xp 00000000 08:03 2102576                    /lib/x86_64-linux-gnu/librt-2.19.so
7f6ba0891000-7f6ba0a90000 ---p 00007000 08:03 2102576                    /lib/x86_64-linux-gnu/librt-2.19.so
7f6ba0a90000-7f6ba0a91000 r--p 00006000 08:03 2102576                    /lib/x86_64-linux-gnu/librt-2.19.so
7f6ba0a91000-7f6ba0a92000 rw-p 00007000 08:03 2102576                    /lib/x86_64-linux-gnu/librt-2.19.so
7f6ba0a92000-7f6ba0b97000 r-xp 00000000 08:03 2102682                    /lib/x86_64-linux-gnu/libm-2.19.so
7f6ba0b97000-7f6ba0d96000 ---p 00105000 08:03 2102682                    /lib/x86_64-linux-gnu/libm-2.19.so
7f6ba0d96000-7f6ba0d97000 r--p 00104000 08:03 2102682                    /lib/x86_64-linux-gnu/libm-2.19.so
7f6ba0d97000-7f6ba0d98000 rw-p 00105000 08:03 2102682                    /lib/x86_64-linux-gnu/libm-2.19.so
7f6ba0d98000-7f6ba1a05000 r-xp 00000000 08:03 1719359                    /usr/lib/jvm/java-8-oracle/jre/lib/amd64/server/libjvm.so
7f6ba1a05000-7f6ba1c04000 ---p 00c6d000 08:03 1719359                    /usr/lib/jvm/java-8-oracle/jre/lib/amd64/server/libjvm.so
7f6ba1c04000-7f6ba1cda000 rw-p 00c6c000 08:03 1719359                    /usr/lib/jvm/java-8-oracle/jre/lib/amd64/server/libjvm.so
7f6ba1cda000-7f6ba1d1d000 rw-p 00000000 00:00 0 
7f6ba1d1d000-7f6ba1ed8000 r-xp 00000000 08:03 2102633                    /lib/x86_64-linux-gnu/libc-2.19.so
7f6ba1ed8000-7f6ba20d8000 ---p 001bb000 08:03 2102633                    /lib/x86_64-linux-gnu/libc-2.19.so
7f6ba20d8000-7f6ba20dc000 r--p 001bb000 08:03 2102633                    /lib/x86_64-linux-gnu/libc-2.19.so
7f6ba20dc000-7f6ba20de000 rw-p 001bf000 08:03 2102633                    /lib/x86_64-linux-gnu/libc-2.19.so
7f6ba20de000-7f6ba20e3000 rw-p 00000000 00:00 0 
7f6ba20e3000-7f6ba20e6000 r-xp 00000000 08:03 2103199                    /lib/x86_64-linux-gnu/libdl-2.19.so
7f6ba20e6000-7f6ba22e5000 ---p 00003000 08:03 2103199                    /lib/x86_64-linux-gnu/libdl-2.19.so
7f6ba22e5000-7f6ba22e6000 r--p 00002000 08:03 2103199                    /lib/x86_64-linux-gnu/libdl-2.19.so
7f6ba22e6000-7f6ba22e7000 rw-p 00003000 08:03 2103199                    /lib/x86_64-linux-gnu/libdl-2.19.so
7f6ba22e7000-7f6ba22fc000 r-xp 00000000 08:03 1719341                    /usr/lib/jvm/java-8-oracle/jre/lib/amd64/jli/libjli.so
7f6ba22fc000-7f6ba24fb000 ---p 00015000 08:03 1719341                    /usr/lib/jvm/java-8-oracle/jre/lib/amd64/jli/libjli.so
7f6ba24fb000-7f6ba24fc000 rw-p 00014000 08:03 1719341                    /usr/lib/jvm/java-8-oracle/jre/lib/amd64/jli/libjli.so
7f6ba24fc000-7f6ba2515000 r-xp 00000000 08:03 2103200                    /lib/x86_64-linux-gnu/libpthread-2.19.so
7f6ba2515000-7f6ba2714000 ---p 00019000 08:03 2103200                    /lib/x86_64-linux-gnu/libpthread-2.19.so
7f6ba2714000-7f6ba2715000 r--p 00018000 08:03 2103200                    /lib/x86_64-linux-gnu/libpthread-2.19.so
7f6ba2715000-7f6ba2716000 rw-p 00019000 08:03 2103200                    /lib/x86_64-linux-gnu/libpthread-2.19.so
7f6ba2716000-7f6ba271a000 rw-p 00000000 00:00 0 
7f6ba271a000-7f6ba273d000 r-xp 00000000 08:03 2102634                    /lib/x86_64-linux-gnu/ld-2.19.so
7f6ba2754000-7f6ba2762000 r--s 000dc000 08:03 790900                     /opt/android-sdk-linux/build-tools/21.1.1/lib/dx.jar
7f6ba2762000-7f6ba2820000 rw-p 00000000 00:00 0 
7f6ba2820000-7f6ba2823000 ---p 00000000 00:00 0 
7f6ba2823000-7f6ba2925000 rw-p 00000000 00:00 0                          [stack:15325]
7f6ba2929000-7f6ba292c000 rw-p 00000000 00:00 0 
7f6ba292c000-7f6ba2930000 r--s 00093000 08:03 1719336                    /usr/lib/jvm/java-8-oracle/jre/lib/jsse.jar
7f6ba2930000-7f6ba2938000 rw-s 00000000 08:03 1842796                    /tmp/hsperfdata_sergio/15317
7f6ba2938000-7f6ba2939000 rw-p 00000000 00:00 0 
7f6ba2939000-7f6ba293a000 r--p 00000000 00:00 0 
7f6ba293a000-7f6ba293c000 rw-p 00000000 00:00 0 
7f6ba293c000-7f6ba293d000 r--p 00022000 08:03 2102634                    /lib/x86_64-linux-gnu/ld-2.19.so
7f6ba293d000-7f6ba293e000 rw-p 00023000 08:03 2102634                    /lib/x86_64-linux-gnu/ld-2.19.so
7f6ba293e000-7f6ba293f000 rw-p 00000000 00:00 0 
7fffd3be9000-7fffd3c0a000 rw-p 00000000 00:00 0                          [stack]
7fffd3d33000-7fffd3d35000 r-xp 00000000 00:00 0                          [vdso]
ffffffffff600000-ffffffffff601000 r-xp 00000000 00:00 0                  [vsyscall]

VM Arguments:
jvm_args: -Xmx1024M 
java_command: /opt/android-sdk-linux/build-tools/21.1.1/lib/dx.jar --dex --output /home/sergio/IWEB/practica6/platforms/android/ant-build/classes.dex /home/sergio/IWEB/practica6/platforms/android/ant-build/classes /home/sergio/IWEB/practica6/platforms/android/ant-build/dexedLibs/classes-9deac6fcda1132d952c6977d1a2e02e7.jar
java_class_path (initial): /opt/android-sdk-linux/build-tools/21.1.1/lib/dx.jar
Launcher Type: SUN_STANDARD

Environment Variables:
JAVA_HOME=/usr/lib/jvm/java-8-oracle
PATH=/usr/local/sbin:/usr/local/bin:/usr/sbin:/usr/bin:/sbin:/bin:/usr/games:/usr/local/games:/opt/android-sdk-linux/tools:/opt/android-sdk-linux/platform-tools:/opt/android-sdk-linux/bin
SHELL=/bin/bash
DISPLAY=:0

Signal Handlers:
SIGSEGV: [libjvm.so+0xa79a80], sa_mask[0]=11111111011111111101111111111110, sa_flags=SA_RESTART|SA_SIGINFO
SIGBUS: [libjvm.so+0xa79a80], sa_mask[0]=11111111011111111101111111111110, sa_flags=SA_RESTART|SA_SIGINFO
SIGFPE: [libjvm.so+0x8e24e0], sa_mask[0]=11111111011111111101111111111110, sa_flags=SA_RESTART|SA_SIGINFO
SIGPIPE: [libjvm.so+0x8e24e0], sa_mask[0]=11111111011111111101111111111110, sa_flags=SA_RESTART|SA_SIGINFO
SIGXFSZ: [libjvm.so+0x8e24e0], sa_mask[0]=11111111011111111101111111111110, sa_flags=SA_RESTART|SA_SIGINFO
SIGILL: [libjvm.so+0x8e24e0], sa_mask[0]=11111111011111111101111111111110, sa_flags=SA_RESTART|SA_SIGINFO
SIGUSR1: SIG_DFL, sa_mask[0]=00000000000000000000000000000000, sa_flags=none
SIGUSR2: [libjvm.so+0x8e3d10], sa_mask[0]=00100000000000000000000000000000, sa_flags=SA_RESTART|SA_SIGINFO
SIGHUP: [libjvm.so+0x8e50d0], sa_mask[0]=11111111011111111101111111111110, sa_flags=SA_RESTART|SA_SIGINFO
SIGINT: [libjvm.so+0x8e50d0], sa_mask[0]=11111111011111111101111111111110, sa_flags=SA_RESTART|SA_SIGINFO
SIGTERM: [libjvm.so+0x8e50d0], sa_mask[0]=11111111011111111101111111111110, sa_flags=SA_RESTART|SA_SIGINFO
SIGQUIT: [libjvm.so+0x8e50d0], sa_mask[0]=11111111011111111101111111111110, sa_flags=SA_RESTART|SA_SIGINFO


---------------  S Y S T E M  ---------------

OS:DISTRIB_ID="elementary OS"
DISTRIB_RELEASE=0.3
DISTRIB_CODENAME=freya
DISTRIB_DESCRIPTION="elementary OS Freya"

uname:Linux 3.13.0-39-generic #66-Ubuntu SMP Tue Oct 28 13:30:27 UTC 2014 x86_64
libc:glibc 2.19 NPTL 2.19 
rlimit: STACK 8192k, CORE 0k, NPROC 31387, NOFILE 4096, AS infinity
load average:0,57 0,35 0,25

/proc/meminfo:
MemTotal:        4046980 kB
MemFree:          771560 kB
Buffers:          159988 kB
Cached:          1407996 kB
SwapCached:            0 kB
Active:          2109616 kB
Inactive:         852356 kB
Active(anon):    1353992 kB
Inactive(anon):    60772 kB
Active(file):     755624 kB
Inactive(file):   791584 kB
Unevictable:           0 kB
Mlocked:               0 kB
SwapTotal:       1771516 kB
SwapFree:        1771516 kB
Dirty:               464 kB
Writeback:             0 kB
AnonPages:       1394156 kB
Mapped:           254460 kB
Shmem:             20780 kB
Slab:             175444 kB
SReclaimable:     144676 kB
SUnreclaim:        30768 kB
KernelStack:        3896 kB
PageTables:        29448 kB
NFS_Unstable:          0 kB
Bounce:                0 kB
WritebackTmp:          0 kB
CommitLimit:     3795004 kB
Committed_AS:    4491032 kB
VmallocTotal:   34359738367 kB
VmallocUsed:      307312 kB
VmallocChunk:   34359425532 kB
HardwareCorrupted:     0 kB
AnonHugePages:    393216 kB
HugePages_Total:       0
HugePages_Free:        0
HugePages_Rsvd:        0
HugePages_Surp:        0
Hugepagesize:       2048 kB
DirectMap4k:      170944 kB
DirectMap2M:     4022272 kB


CPU:total 4 (4 cores per cpu, 1 threads per core) family 6 model 23 stepping 7, cmov, cx8, fxsr, mmx, sse, sse2, sse3, ssse3, sse4.1, tsc

/proc/cpuinfo:
processor	: 0
vendor_id	: GenuineIntel
cpu family	: 6
model		: 23
model name	: Intel(R) Core(TM)2 Quad  CPU   Q9550  @ 2.83GHz
stepping	: 7
microcode	: 0x705
cpu MHz		: 2834.000
cache size	: 6144 KB
physical id	: 0
siblings	: 4
core id		: 0
cpu cores	: 4
apicid		: 0
initial apicid	: 0
fpu		: yes
fpu_exception	: yes
cpuid level	: 10
wp		: yes
flags		: fpu vme de pse tsc msr pae mce cx8 apic sep mtrr pge mca cmov pat pse36 clflush dts acpi mmx fxsr sse sse2 ss ht tm pbe syscall nx lm constant_tsc arch_perfmon pebs bts rep_good nopl aperfmperf pni dtes64 monitor ds_cpl vmx smx est tm2 ssse3 cx16 xtpr pdcm sse4_1 lahf_lm dtherm tpr_shadow vnmi flexpriority
bogomips	: 5666.28
clflush size	: 64
cache_alignment	: 64
address sizes	: 36 bits physical, 48 bits virtual
power management:

processor	: 1
vendor_id	: GenuineIntel
cpu family	: 6
model		: 23
model name	: Intel(R) Core(TM)2 Quad  CPU   Q9550  @ 2.83GHz
stepping	: 7
microcode	: 0x705
cpu MHz		: 2834.000
cache size	: 6144 KB
physical id	: 0
siblings	: 4
core id		: 3
cpu cores	: 4
apicid		: 3
initial apicid	: 3
fpu		: yes
fpu_exception	: yes
cpuid level	: 10
wp		: yes
flags		: fpu vme de pse tsc msr pae mce cx8 apic sep mtrr pge mca cmov pat pse36 clflush dts acpi mmx fxsr sse sse2 ss ht tm pbe syscall nx lm constant_tsc arch_perfmon pebs bts rep_good nopl aperfmperf pni dtes64 monitor ds_cpl vmx smx est tm2 ssse3 cx16 xtpr pdcm sse4_1 lahf_lm dtherm tpr_shadow vnmi flexpriority
bogomips	: 5666.28
clflush size	: 64
cache_alignment	: 64
address sizes	: 36 bits physical, 48 bits virtual
power management:

processor	: 2
vendor_id	: GenuineIntel
cpu family	: 6
model		: 23
model name	: Intel(R) Core(TM)2 Quad  CPU   Q9550  @ 2.83GHz
stepping	: 7
microcode	: 0x705
cpu MHz		: 2834.000
cache size	: 6144 KB
physical id	: 0
siblings	: 4
core id		: 2
cpu cores	: 4
apicid		: 2
initial apicid	: 2
fpu		: yes
fpu_exception	: yes
cpuid level	: 10
wp		: yes
flags		: fpu vme de pse tsc msr pae mce cx8 apic sep mtrr pge mca cmov pat pse36 clflush dts acpi mmx fxsr sse sse2 ss ht tm pbe syscall nx lm constant_tsc arch_perfmon pebs bts rep_good nopl aperfmperf pni dtes64 monitor ds_cpl vmx smx est tm2 ssse3 cx16 xtpr pdcm sse4_1 lahf_lm dtherm tpr_shadow vnmi flexpriority
bogomips	: 5666.28
clflush size	: 64
cache_alignment	: 64
address sizes	: 36 bits physical, 48 bits virtual
power management:

processor	: 3
vendor_id	: GenuineIntel
cpu family	: 6
model		: 23
model name	: Intel(R) Core(TM)2 Quad  CPU   Q9550  @ 2.83GHz
stepping	: 7
microcode	: 0x705
cpu MHz		: 2834.000
cache size	: 6144 KB
physical id	: 0
siblings	: 4
core id		: 1
cpu cores	: 4
apicid		: 1
initial apicid	: 1
fpu		: yes
fpu_exception	: yes
cpuid level	: 10
wp		: yes
flags		: fpu vme de pse tsc msr pae mce cx8 apic sep mtrr pge mca cmov pat pse36 clflush dts acpi mmx fxsr sse sse2 ss ht tm pbe syscall nx lm constant_tsc arch_perfmon pebs bts rep_good nopl aperfmperf pni dtes64 monitor ds_cpl vmx smx est tm2 ssse3 cx16 xtpr pdcm sse4_1 lahf_lm dtherm tpr_shadow vnmi flexpriority
bogomips	: 5666.28
clflush size	: 64
cache_alignment	: 64
address sizes	: 36 bits physical, 48 bits virtual
power management:



Memory: 4k page, physical 4046980k(771560k free), swap 1771516k(1771516k free)

vm_info: Java HotSpot(TM) 64-Bit Server VM (25.25-b02) for linux-amd64 JRE (1.8.0_25-b17), built on Sep 17 2014 17:32:11 by "java_re" with gcc 4.3.0 20080428 (Red Hat 4.3.0-8)

time: Wed Nov 26 16:03:55 2014
elapsed time: 9 seconds (0d 0h 0m 9s)

