#
# A fatal error has been detected by the Java Runtime Environment:
#
#  SIGSEGV (0xb) at pc=0x00007fe07a005060, pid=2897, tid=140603532232448
#
# JRE version: Java(TM) SE Runtime Environment (8.0_25-b17) (build 1.8.0_25-b17)
# Java VM: Java HotSpot(TM) 64-Bit Server VM (25.25-b02 mixed mode linux-amd64 compressed oops)
# Problematic frame:
# C  0x00007fe07a005060
#
# Failed to write core dump. Core dumps have been disabled. To enable core dumping, try "ulimit -c unlimited" before starting Java again
#
# If you would like to submit a bug report, please visit:
#   http://bugreport.sun.com/bugreport/crash.jsp
#

---------------  T H R E A D  ---------------

Current thread (0x00007fe0c800a000):  JavaThread "main" [_thread_in_Java, id=2905, stack(0x00007fe0cf87c000,0x00007fe0cf97d000)]

siginfo: si_signo: 11 (SIGSEGV), si_code: 2 (SEGV_ACCERR), si_addr: 0x00007fe07a005060

Registers:
RAX=0x00007fe0b6b588b0, RBX=0x00007fe0b6b588b0, RCX=0x00000000ec78aaf0, RDX=0x00007fe0b6b877b8
RSP=0x00007fe0cf97b3a8, RBP=0x00007fe0cf97b408, RSI=0x00000000ec78aaf0, RDI=0x0000000000001db0
R8 =0x0000000000000245, R9 =0x0000000100098108, R10=0x00007fe0ced4f4a0, R11=0x00007fe0b96a96a0
R12=0x0000000000000000, R13=0x00007fe0cf97b3c0, R14=0x0000000100098108, R15=0x00007fe0c800a000
RIP=0x00007fe07a005060, EFLAGS=0x0000000000010202, CSGSFS=0x0000000000000033, ERR=0x0000000000000014
  TRAPNO=0x000000000000000e

Top of Stack: (sp=0x00007fe0cf97b3a8)
0x00007fe0cf97b3a8:   00007fe0b90071a5 00007fe0cf97b408
0x00007fe0cf97b3b8:   00007fe0b90071a5 00000000ec78aaf0
0x00007fe0cf97b3c8:   00007fe0cf97b3c8 00007fe0b698f86a
0x00007fe0cf97b3d8:   00007fe0cf97b438 00007fe0b6b43ff0
0x00007fe0cf97b3e8:   00007fe0b6b877b8 00007fe0b698f910
0x00007fe0cf97b3f8:   00007fe0cf97b3c0 00007fe0cf97b440
0x00007fe0cf97b408:   00007fe0cf97b558 00007fe0b96e73bc
0x00007fe0cf97b418:   000000000000000e 00000000eab54a00
0x00007fe0cf97b428:   00000000ec78aaf0 00000000ef351198
0x00007fe0cf97b438:   00000000ec3af2b0 00007fe0cf97b508
0x00007fe0cf97b448:   0000000000000000 00007fe0b9687ea0
0x00007fe0cf97b458:   00007fe0ced4f440 000000000001339d
0x00007fe0cf97b468:   00000000ec770f80 00007fe0cf97b200
0x00007fe0cf97b478:   00000000ec3ada08 00007fe0cf97b4b0
0x00007fe0cf97b488:   00007fe0cf97b4b0 00007fe0b6974228
0x00007fe0cf97b498:   00000000ec3af2b0 00000000ec78aaf0
0x00007fe0cf97b4a8:   00000000ef351198 00007fe0cf97b558
0x00007fe0cf97b4b8:   00007fe0b9687fc0 ffffffffffffffff
0x00007fe0cf97b4c8:   00007fe0b6974228 00007fe0b6974360
0x00007fe0cf97b4d8:   0000000000000000 00007fe0cf97b558
0x00007fe0cf97b4e8:   00007fe0b900798d 00007fe0cf97b558
0x00007fe0cf97b4f8:   00007fe0b900798d 00000000ec78aaf0
0x00007fe0cf97b508:   00000000ef351198 00000000ec3af2b0
0x00007fe0cf97b518:   00007fe0cf97b518 00007fe0b691b83f
0x00007fe0cf97b528:   00007fe0cf97b5b0 00007fe0b6921028
0x00007fe0cf97b538:   0000000000000000 00007fe0b691b8f8
0x00007fe0cf97b548:   00007fe0cf97b500 00007fe0cf97b5a8
0x00007fe0cf97b558:   00007fe0cf97b5f8 00007fe0b900798d
0x00007fe0cf97b568:   00000000000033af 0000000000000000
0x00007fe0cf97b578:   00000000ec3af2b0 00000000ec78e398
0x00007fe0cf97b588:   00000000000033af 00000000ef351198
0x00007fe0cf97b598:   0000000000000001 0000000000000000 

Instructions: (pc=0x00007fe07a005060)
0x00007fe07a005040:   
[error occurred during error reporting (printing registers, top of stack, instructions near pc), id 0xb]

Register to memory mapping:

RAX={method} {0x00007fe0b6b588b0} 'annotates' '()Z' in 'com/android/dx/util/ByteArrayAnnotatedOutput'
RBX={method} {0x00007fe0b6b588b0} 'annotates' '()Z' in 'com/android/dx/util/ByteArrayAnnotatedOutput'
RCX=0x00000000ec78aaf0 is an oop
com.android.dx.util.ByteArrayAnnotatedOutput 
 - klass: 'com/android/dx/util/ByteArrayAnnotatedOutput'
RDX=0x00007fe0b6b877b8 is pointing into metadata
RSP=0x00007fe0cf97b3a8 is pointing into the stack for thread: 0x00007fe0c800a000
RBP=0x00007fe0cf97b408 is pointing into the stack for thread: 0x00007fe0c800a000
RSI=0x00000000ec78aaf0 is an oop
com.android.dx.util.ByteArrayAnnotatedOutput 
 - klass: 'com/android/dx/util/ByteArrayAnnotatedOutput'
RDI=0x0000000000001db0 is an unknown value
R8 =0x0000000000000245 is an unknown value
R9 =0x0000000100098108 is pointing into metadata
R10=0x00007fe0ced4f4a0: <offset 0xf5c4a0> in /usr/lib/jvm/java-8-oracle/jre/lib/amd64/server/libjvm.so at 0x00007fe0cddf3000
R11=0x00007fe0b96a96a0 is at entry_point+32 in (nmethod*)0x00007fe0b96a9510
R12=0x0000000000000000 is an unknown value
R13=0x00007fe0cf97b3c0 is pointing into the stack for thread: 0x00007fe0c800a000
R14=0x0000000100098108 is pointing into metadata
R15=0x00007fe0c800a000 is a thread


Stack: [0x00007fe0cf87c000,0x00007fe0cf97d000],  sp=0x00007fe0cf97b3a8,  free space=1020k
Native frames: (J=compiled Java code, j=interpreted, Vv=VM code, C=native code)
C  0x00007fe07a005060
J 1901 C1 com.android.dx.dex.file.OffsettedItem.writeTo(Lcom/android/dx/dex/file/DexFile;Lcom/android/dx/util/AnnotatedOutput;)V (72 bytes) @ 0x00007fe0b96e73bc [0x00007fe0b96e6fe0+0x3dc]
C  0xffffffffffffffff


---------------  P R O C E S S  ---------------

Java Threads: ( => current thread )
  0x00007fe0c8197800 JavaThread "Service Thread" daemon [_thread_blocked, id=2917, stack(0x00007fe0b479e000,0x00007fe0b489f000)]
  0x00007fe0c8177800 JavaThread "C1 CompilerThread2" daemon [_thread_in_native, id=2916, stack(0x00007fe0b489f000,0x00007fe0b49a0000)]
  0x00007fe0c8175800 JavaThread "C2 CompilerThread1" daemon [_thread_in_native, id=2915, stack(0x00007fe0b49a0000,0x00007fe0b4aa1000)]
  0x00007fe0c8172800 JavaThread "C2 CompilerThread0" daemon [_thread_blocked, id=2914, stack(0x00007fe0b4aa1000,0x00007fe0b4ba2000)]
  0x00007fe0c8170800 JavaThread "Signal Dispatcher" daemon [_thread_blocked, id=2913, stack(0x00007fe0b4ba2000,0x00007fe0b4ca3000)]
  0x00007fe0c8143000 JavaThread "Finalizer" daemon [_thread_blocked, id=2912, stack(0x00007fe0b50a1000,0x00007fe0b51a2000)]
  0x00007fe0c8141000 JavaThread "Reference Handler" daemon [_thread_blocked, id=2911, stack(0x00007fe0b51a2000,0x00007fe0b52a3000)]
=>0x00007fe0c800a000 JavaThread "main" [_thread_in_Java, id=2905, stack(0x00007fe0cf87c000,0x00007fe0cf97d000)]

Other Threads:
  0x00007fe0c813a000 VMThread [stack: 0x00007fe0b52a3000,0x00007fe0b53a4000] [id=2910]
  0x00007fe0c8199800 WatcherThread [stack: 0x00007fe0b469d000,0x00007fe0b479e000] [id=2918]

VM state:not at safepoint (normal execution)

VM Mutex/Monitor currently owned by a thread: None

Heap:
 PSYoungGen      total 71680K, used 34224K [0x00000000eab00000, 0x00000000ef900000, 0x0000000100000000)
  eden space 63488K, 47% used [0x00000000eab00000,0x00000000ec828150,0x00000000ee900000)
  from space 8192K, 53% used [0x00000000ef100000,0x00000000ef544010,0x00000000ef900000)
  to   space 8192K, 0% used [0x00000000ee900000,0x00000000ee900000,0x00000000ef100000)
 ParOldGen       total 42496K, used 14911K [0x00000000c0000000, 0x00000000c2980000, 0x00000000eab00000)
  object space 42496K, 35% used [0x00000000c0000000,0x00000000c0e8ff40,0x00000000c2980000)
 Metaspace       used 6126K, capacity 7344K, committed 7552K, reserved 1056768K
  class space    used 572K, capacity 616K, committed 640K, reserved 1048576K

Card table byte_map: [0x00007fe0cc492000,0x00007fe0cc693000] byte_map_base: 0x00007fe0cbe92000

Marking Bits: (ParMarkBitMap*) 0x00007fe0ced4d2c0
 Begin Bits: [0x00007fe0b6eff000, 0x00007fe0b7eff000)
 End Bits:   [0x00007fe0b7eff000, 0x00007fe0b8eff000)

Polling page: 0x00007fe0cf994000

CodeCache: size=245760Kb used=7050Kb max_used=7062Kb free=238709Kb
 bounds [0x00007fe0b9000000, 0x00007fe0b96f0000, 0x00007fe0c8000000]
 total_blobs=2139 nmethods=1879 adapters=175
 compilation: enabled

Compilation events (10 events):
Event: 9,234 Thread 0x00007fe0c8177800 nmethod 1897 0x00007fe0b96e2910 code [0x00007fe0b96e2a60, 0x00007fe0b96e2b70]
Event: 9,234 Thread 0x00007fe0c8177800 1901   !   3       com.android.dx.dex.file.OffsettedItem::writeTo (72 bytes)
Event: 9,234 Thread 0x00007fe0c8172800 1904       4       com.android.dx.util.ByteArrayAnnotatedOutput::writeInt (90 bytes)
Event: 9,235 Thread 0x00007fe0c8177800 nmethod 1901 0x00007fe0b96e6d50 code [0x00007fe0b96e6fe0, 0x00007fe0b96e7ee8]
Event: 9,235 Thread 0x00007fe0c8177800 1902       3       com.android.dx.util.ByteArrayAnnotatedOutput::assertCursor (48 bytes)
Event: 9,235 Thread 0x00007fe0c8175800 1906       4       com.android.dx.util.ByteArrayAnnotatedOutput::annotates (13 bytes)
Event: 9,235 Thread 0x00007fe0c8177800 nmethod 1902 0x00007fe0b96e43d0 code [0x00007fe0b96e45e0, 0x00007fe0b96e5018]
Event: 9,235 Thread 0x00007fe0c8177800 1903       3       com.android.dx.dex.file.MethodIdsSection::indexOf (49 bytes)
Event: 9,235 Thread 0x00007fe0c8175800 nmethod 1906 0x00007fe0b96e4190 code [0x00007fe0b96e42e0, 0x00007fe0b96e4358]
Event: 9,235 Thread 0x00007fe0c8175800 1910       4       com.android.dx.util.ByteArrayAnnotatedOutput::writeUleb128 (34 bytes)

GC Heap History (10 events):
Event: 8,349 GC heap before
{Heap before GC invocations=2 (full 0):
 PSYoungGen      total 18432K, used 18400K [0x00000000eab00000, 0x00000000ebf80000, 0x0000000100000000)
  eden space 15872K, 100% used [0x00000000eab00000,0x00000000eba80000,0x00000000eba80000)
  from space 2560K, 98% used [0x00000000eba80000,0x00000000ebcf8018,0x00000000ebd00000)
  to   space 2560K, 0% used [0x00000000ebd00000,0x00000000ebd00000,0x00000000ebf80000)
 ParOldGen       total 42496K, used 1476K [0x00000000c0000000, 0x00000000c2980000, 0x00000000eab00000)
  object space 42496K, 3% used [0x00000000c0000000,0x00000000c0171060,0x00000000c2980000)
 Metaspace       used 5539K, capacity 6896K, committed 7040K, reserved 1056768K
  class space    used 545K, capacity 616K, committed 640K, reserved 1048576K
Event: 8,361 GC heap after
Heap after GC invocations=2 (full 0):
 PSYoungGen      total 18432K, used 2536K [0x00000000eab00000, 0x00000000ecf00000, 0x0000000100000000)
  eden space 15872K, 0% used [0x00000000eab00000,0x00000000eab00000,0x00000000eba80000)
  from space 2560K, 99% used [0x00000000ebd00000,0x00000000ebf7a348,0x00000000ebf80000)
  to   space 2560K, 0% used [0x00000000eba80000,0x00000000eba80000,0x00000000ebd00000)
 ParOldGen       total 42496K, used 3671K [0x00000000c0000000, 0x00000000c2980000, 0x00000000eab00000)
  object space 42496K, 8% used [0x00000000c0000000,0x00000000c0395d18,0x00000000c2980000)
 Metaspace       used 5539K, capacity 6896K, committed 7040K, reserved 1056768K
  class space    used 545K, capacity 616K, committed 640K, reserved 1048576K
}
Event: 8,462 GC heap before
{Heap before GC invocations=3 (full 0):
 PSYoungGen      total 18432K, used 18408K [0x00000000eab00000, 0x00000000ecf00000, 0x0000000100000000)
  eden space 15872K, 100% used [0x00000000eab00000,0x00000000eba80000,0x00000000eba80000)
  from space 2560K, 99% used [0x00000000ebd00000,0x00000000ebf7a348,0x00000000ebf80000)
  to   space 2560K, 0% used [0x00000000eba80000,0x00000000eba80000,0x00000000ebd00000)
 ParOldGen       total 42496K, used 3671K [0x00000000c0000000, 0x00000000c2980000, 0x00000000eab00000)
  object space 42496K, 8% used [0x00000000c0000000,0x00000000c0395d18,0x00000000c2980000)
 Metaspace       used 5625K, capacity 6960K, committed 7040K, reserved 1056768K
  class space    used 546K, capacity 616K, committed 640K, reserved 1048576K
Event: 8,479 GC heap after
Heap after GC invocations=3 (full 0):
 PSYoungGen      total 18432K, used 2544K [0x00000000eab00000, 0x00000000ecf00000, 0x0000000100000000)
  eden space 15872K, 0% used [0x00000000eab00000,0x00000000eab00000,0x00000000eba80000)
  from space 2560K, 99% used [0x00000000eba80000,0x00000000ebcfc038,0x00000000ebd00000)
  to   space 2560K, 0% used [0x00000000ecc80000,0x00000000ecc80000,0x00000000ecf00000)
 ParOldGen       total 42496K, used 7259K [0x00000000c0000000, 0x00000000c2980000, 0x00000000eab00000)
  object space 42496K, 17% used [0x00000000c0000000,0x00000000c0716e68,0x00000000c2980000)
 Metaspace       used 5625K, capacity 6960K, committed 7040K, reserved 1056768K
  class space    used 546K, capacity 616K, committed 640K, reserved 1048576K
}
Event: 8,569 GC heap before
{Heap before GC invocations=4 (full 0):
 PSYoungGen      total 18432K, used 18416K [0x00000000eab00000, 0x00000000ecf00000, 0x0000000100000000)
  eden space 15872K, 100% used [0x00000000eab00000,0x00000000eba80000,0x00000000eba80000)
  from space 2560K, 99% used [0x00000000eba80000,0x00000000ebcfc038,0x00000000ebd00000)
  to   space 2560K, 0% used [0x00000000ecc80000,0x00000000ecc80000,0x00000000ecf00000)
 ParOldGen       total 42496K, used 7259K [0x00000000c0000000, 0x00000000c2980000, 0x00000000eab00000)
  object space 42496K, 17% used [0x00000000c0000000,0x00000000c0716e68,0x00000000c2980000)
 Metaspace       used 5634K, capacity 6960K, committed 7040K, reserved 1056768K
  class space    used 546K, capacity 616K, committed 640K, reserved 1048576K
Event: 8,594 GC heap after
Heap after GC invocations=4 (full 0):
 PSYoungGen      total 34304K, used 2528K [0x00000000eab00000, 0x00000000ecf00000, 0x0000000100000000)
  eden space 31744K, 0% used [0x00000000eab00000,0x00000000eab00000,0x00000000eca00000)
  from space 2560K, 98% used [0x00000000ecc80000,0x00000000ecef8018,0x00000000ecf00000)
  to   space 2560K, 0% used [0x00000000eca00000,0x00000000eca00000,0x00000000ecc80000)
 ParOldGen       total 42496K, used 9394K [0x00000000c0000000, 0x00000000c2980000, 0x00000000eab00000)
  object space 42496K, 22% used [0x00000000c0000000,0x00000000c092c810,0x00000000c2980000)
 Metaspace       used 5634K, capacity 6960K, committed 7040K, reserved 1056768K
  class space    used 546K, capacity 616K, committed 640K, reserved 1048576K
}
Event: 8,778 GC heap before
{Heap before GC invocations=5 (full 0):
 PSYoungGen      total 34304K, used 34272K [0x00000000eab00000, 0x00000000ecf00000, 0x0000000100000000)
  eden space 31744K, 100% used [0x00000000eab00000,0x00000000eca00000,0x00000000eca00000)
  from space 2560K, 98% used [0x00000000ecc80000,0x00000000ecef8018,0x00000000ecf00000)
  to   space 2560K, 0% used [0x00000000eca00000,0x00000000eca00000,0x00000000ecc80000)
 ParOldGen       total 42496K, used 9394K [0x00000000c0000000, 0x00000000c2980000, 0x00000000eab00000)
  object space 42496K, 22% used [0x00000000c0000000,0x00000000c092c810,0x00000000c2980000)
 Metaspace       used 5682K, capacity 6960K, committed 7040K, reserved 1056768K
  class space    used 548K, capacity 616K, committed 640K, reserved 1048576K
Event: 8,807 GC heap after
Heap after GC invocations=5 (full 0):
 PSYoungGen      total 34304K, used 2560K [0x00000000eab00000, 0x00000000ef900000, 0x0000000100000000)
  eden space 31744K, 0% used [0x00000000eab00000,0x00000000eab00000,0x00000000eca00000)
  from space 2560K, 100% used [0x00000000eca00000,0x00000000ecc80000,0x00000000ecc80000)
  to   space 8192K, 0% used [0x00000000ef100000,0x00000000ef100000,0x00000000ef900000)
 ParOldGen       total 42496K, used 14911K [0x00000000c0000000, 0x00000000c2980000, 0x00000000eab00000)
  object space 42496K, 35% used [0x00000000c0000000,0x00000000c0e8ff40,0x00000000c2980000)
 Metaspace       used 5682K, capacity 6960K, committed 7040K, reserved 1056768K
  class space    used 548K, capacity 616K, committed 640K, reserved 1048576K
}
Event: 8,933 GC heap before
{Heap before GC invocations=6 (full 0):
 PSYoungGen      total 34304K, used 34304K [0x00000000eab00000, 0x00000000ef900000, 0x0000000100000000)
  eden space 31744K, 100% used [0x00000000eab00000,0x00000000eca00000,0x00000000eca00000)
  from space 2560K, 100% used [0x00000000eca00000,0x00000000ecc80000,0x00000000ecc80000)
  to   space 8192K, 0% used [0x00000000ef100000,0x00000000ef100000,0x00000000ef900000)
 ParOldGen       total 42496K, used 14911K [0x00000000c0000000, 0x00000000c2980000, 0x00000000eab00000)
  object space 42496K, 35% used [0x00000000c0000000,0x00000000c0e8ff40,0x00000000c2980000)
 Metaspace       used 5684K, capacity 6960K, committed 7040K, reserved 1056768K
  class space    used 548K, capacity 616K, committed 640K, reserved 1048576K
Event: 8,950 GC heap after
Heap after GC invocations=6 (full 0):
 PSYoungGen      total 71680K, used 4368K [0x00000000eab00000, 0x00000000ef900000, 0x0000000100000000)
  eden space 63488K, 0% used [0x00000000eab00000,0x00000000eab00000,0x00000000ee900000)
  from space 8192K, 53% used [0x00000000ef100000,0x00000000ef544010,0x00000000ef900000)
  to   space 8192K, 0% used [0x00000000ee900000,0x00000000ee900000,0x00000000ef100000)
 ParOldGen       total 42496K, used 14911K [0x00000000c0000000, 0x00000000c2980000, 0x00000000eab00000)
  object space 42496K, 35% used [0x00000000c0000000,0x00000000c0e8ff40,0x00000000c2980000)
 Metaspace       used 5684K, capacity 6960K, committed 7040K, reserved 1056768K
  class space    used 548K, capacity 616K, committed 640K, reserved 1048576K
}

Deoptimization events (10 events):
Event: 9,081 Thread 0x00007fe0c800a000 Uncommon trap: reason=class_check action=maybe_recompile pc=0x00007fe0b9446a1c method=java.util.HashMap.putVal(ILjava/lang/Object;Ljava/lang/Object;ZZ)Ljava/lang/Object; @ 203
Event: 9,081 Thread 0x00007fe0c800a000 Uncommon trap: reason=class_check action=maybe_recompile pc=0x00007fe0b9446a1c method=java.util.HashMap.putVal(ILjava/lang/Object;Ljava/lang/Object;ZZ)Ljava/lang/Object; @ 203
Event: 9,120 Thread 0x00007fe0c800a000 Uncommon trap: reason=speculate_class_check action=maybe_recompile pc=0x00007fe0b93fced4 method=com.android.dx.util.FixedSizeList.equals(Ljava/lang/Object;)Z @ 25
Event: 9,120 Thread 0x00007fe0c800a000 Uncommon trap: reason=class_check action=maybe_recompile pc=0x00007fe0b93efb80 method=java.util.Arrays.equals([Ljava/lang/Object;[Ljava/lang/Object;)Z @ 62
Event: 9,120 Thread 0x00007fe0c800a000 Uncommon trap: reason=speculate_class_check action=maybe_recompile pc=0x00007fe0b93fced4 method=com.android.dx.util.FixedSizeList.equals(Ljava/lang/Object;)Z @ 25
Event: 9,120 Thread 0x00007fe0c800a000 Uncommon trap: reason=class_check action=maybe_recompile pc=0x00007fe0b93efb80 method=java.util.Arrays.equals([Ljava/lang/Object;[Ljava/lang/Object;)Z @ 62
Event: 9,120 Thread 0x00007fe0c800a000 Uncommon trap: reason=speculate_class_check action=maybe_recompile pc=0x00007fe0b93fced4 method=com.android.dx.util.FixedSizeList.equals(Ljava/lang/Object;)Z @ 25
Event: 9,120 Thread 0x00007fe0c800a000 Uncommon trap: reason=class_check action=maybe_recompile pc=0x00007fe0b93efb80 method=java.util.Arrays.equals([Ljava/lang/Object;[Ljava/lang/Object;)Z @ 62
Event: 9,120 Thread 0x00007fe0c800a000 Uncommon trap: reason=speculate_class_check action=maybe_recompile pc=0x00007fe0b93fced4 method=com.android.dx.util.FixedSizeList.equals(Ljava/lang/Object;)Z @ 25
Event: 9,120 Thread 0x00007fe0c800a000 Uncommon trap: reason=class_check action=maybe_recompile pc=0x00007fe0b93efb80 method=java.util.Arrays.equals([Ljava/lang/Object;[Ljava/lang/Object;)Z @ 62

Internal exceptions (10 events):
Event: 9,120 Thread 0x00007fe0c800a000 Exception <a 'java/security/PrivilegedActionException'> (0x00000000ec3f7260) thrown at [/HUDSON/workspace/8-2-build-linux-amd64/jdk8u25/1514/hotspot/src/share/vm/prims/jvm.cpp, line 1312]
Event: 9,126 Thread 0x00007fe0c800a000 Exception <a 'java/security/PrivilegedActionException'> (0x00000000ec40f7d0) thrown at [/HUDSON/workspace/8-2-build-linux-amd64/jdk8u25/1514/hotspot/src/share/vm/prims/jvm.cpp, line 1312]
Event: 9,171 Thread 0x00007fe0c800a000 Exception <a 'java/security/PrivilegedActionException'> (0x00000000ec549ce0) thrown at [/HUDSON/workspace/8-2-build-linux-amd64/jdk8u25/1514/hotspot/src/share/vm/prims/jvm.cpp, line 1312]
Event: 9,196 Thread 0x00007fe0c800a000 Exception <a 'java/security/PrivilegedActionException'> (0x00000000ec6b2888) thrown at [/HUDSON/workspace/8-2-build-linux-amd64/jdk8u25/1514/hotspot/src/share/vm/prims/jvm.cpp, line 1312]
Event: 9,197 Thread 0x00007fe0c800a000 Exception <a 'java/security/PrivilegedActionException'> (0x00000000ec6be4e0) thrown at [/HUDSON/workspace/8-2-build-linux-amd64/jdk8u25/1514/hotspot/src/share/vm/prims/jvm.cpp, line 1312]
Event: 9,197 Thread 0x00007fe0c800a000 Exception <a 'java/security/PrivilegedActionException'> (0x00000000ec6c1080) thrown at [/HUDSON/workspace/8-2-build-linux-amd64/jdk8u25/1514/hotspot/src/share/vm/prims/jvm.cpp, line 1312]
Event: 9,209 Thread 0x00007fe0c800a000 Exception <a 'java/security/PrivilegedActionException'> (0x00000000ec73a5a8) thrown at [/HUDSON/workspace/8-2-build-linux-amd64/jdk8u25/1514/hotspot/src/share/vm/prims/jvm.cpp, line 1312]
Event: 9,211 Thread 0x00007fe0c800a000 Exception <a 'java/security/PrivilegedActionException'> (0x00000000ec7663f0) thrown at [/HUDSON/workspace/8-2-build-linux-amd64/jdk8u25/1514/hotspot/src/share/vm/prims/jvm.cpp, line 1312]
Event: 9,212 Thread 0x00007fe0c800a000 Exception <a 'java/security/PrivilegedActionException'> (0x00000000ec76b8c8) thrown at [/HUDSON/workspace/8-2-build-linux-amd64/jdk8u25/1514/hotspot/src/share/vm/prims/jvm.cpp, line 1312]
Event: 9,214 Thread 0x00007fe0c800a000 Exception <a 'java/security/PrivilegedActionException'> (0x00000000ec78afa8) thrown at [/HUDSON/workspace/8-2-build-linux-amd64/jdk8u25/1514/hotspot/src/share/vm/prims/jvm.cpp, line 1312]

Events (10 events):
Event: 9,209 loading class com/android/dex/EncodedValueCodec
Event: 9,209 loading class com/android/dex/EncodedValueCodec done
Event: 9,211 loading class com/android/dx/dex/file/MapItem
Event: 9,211 loading class com/android/dx/dex/file/MapItem done
Event: 9,212 loading class com/android/dx/dex/file/UniformListItem
Event: 9,212 loading class com/android/dx/dex/file/UniformListItem done
Event: 9,214 loading class com/android/dex/DexFormat
Event: 9,214 loading class com/android/dex/DexFormat done
Event: 9,231 Executing VM operation: ForceSafepoint
Event: 9,231 Executing VM operation: ForceSafepoint done


Dynamic libraries:
00400000-00401000 r-xp 00000000 08:03 1719663                            /usr/lib/jvm/java-8-oracle/jre/bin/java
00600000-00601000 rw-p 00000000 08:03 1719663                            /usr/lib/jvm/java-8-oracle/jre/bin/java
025ad000-025ce000 rw-p 00000000 00:00 0                                  [heap]
c0000000-c2980000 rw-p 00000000 00:00 0 
c2980000-eab00000 ---p 00000000 00:00 0 
eab00000-ef900000 rw-p 00000000 00:00 0 
ef900000-100000000 ---p 00000000 00:00 0 
100000000-1000a0000 rw-p 00000000 00:00 0 
1000a0000-140000000 ---p 00000000 00:00 0 
7fe078000000-7fe078021000 rw-p 00000000 00:00 0 
7fe078021000-7fe07c000000 ---p 00000000 00:00 0 
7fe07c000000-7fe07c021000 rw-p 00000000 00:00 0 
7fe07c021000-7fe080000000 ---p 00000000 00:00 0 
7fe080000000-7fe080ab3000 rw-p 00000000 00:00 0 
7fe080ab3000-7fe084000000 ---p 00000000 00:00 0 
7fe084000000-7fe084875000 rw-p 00000000 00:00 0 
7fe084875000-7fe088000000 ---p 00000000 00:00 0 
7fe088000000-7fe088021000 rw-p 00000000 00:00 0 
7fe088021000-7fe08c000000 ---p 00000000 00:00 0 
7fe08c000000-7fe08ca2e000 rw-p 00000000 00:00 0 
7fe08ca2e000-7fe090000000 ---p 00000000 00:00 0 
7fe090000000-7fe090021000 rw-p 00000000 00:00 0 
7fe090021000-7fe094000000 ---p 00000000 00:00 0 
7fe094000000-7fe094021000 rw-p 00000000 00:00 0 
7fe094021000-7fe098000000 ---p 00000000 00:00 0 
7fe098000000-7fe098021000 rw-p 00000000 00:00 0 
7fe098021000-7fe09c000000 ---p 00000000 00:00 0 
7fe09c000000-7fe09c021000 rw-p 00000000 00:00 0 
7fe09c021000-7fe0a0000000 ---p 00000000 00:00 0 
7fe0a0000000-7fe0a0021000 rw-p 00000000 00:00 0 
7fe0a0021000-7fe0a4000000 ---p 00000000 00:00 0 
7fe0a8000000-7fe0a8021000 rw-p 00000000 00:00 0 
7fe0a8021000-7fe0ac000000 ---p 00000000 00:00 0 
7fe0b0000000-7fe0b0021000 rw-p 00000000 00:00 0 
7fe0b0021000-7fe0b4000000 ---p 00000000 00:00 0 
7fe0b469d000-7fe0b469e000 ---p 00000000 00:00 0 
7fe0b469e000-7fe0b479e000 rw-p 00000000 00:00 0                          [stack:2918]
7fe0b479e000-7fe0b47a1000 ---p 00000000 00:00 0 
7fe0b47a1000-7fe0b489f000 rw-p 00000000 00:00 0                          [stack:2917]
7fe0b489f000-7fe0b48a2000 ---p 00000000 00:00 0 
7fe0b48a2000-7fe0b49a0000 rw-p 00000000 00:00 0                          [stack:2916]
7fe0b49a0000-7fe0b49a3000 ---p 00000000 00:00 0 
7fe0b49a3000-7fe0b4aa1000 rw-p 00000000 00:00 0                          [stack:2915]
7fe0b4aa1000-7fe0b4aa4000 ---p 00000000 00:00 0 
7fe0b4aa4000-7fe0b4ba2000 rw-p 00000000 00:00 0                          [stack:2914]
7fe0b4ba2000-7fe0b4ba5000 ---p 00000000 00:00 0 
7fe0b4ba5000-7fe0b4ca3000 rw-p 00000000 00:00 0                          [stack:2913]
7fe0b4ca3000-7fe0b50a1000 r--p 00000000 08:03 1704955                    /usr/lib/locale/locale-archive
7fe0b50a1000-7fe0b50a4000 ---p 00000000 00:00 0 
7fe0b50a4000-7fe0b51a2000 rw-p 00000000 00:00 0                          [stack:2912]
7fe0b51a2000-7fe0b51a5000 ---p 00000000 00:00 0 
7fe0b51a5000-7fe0b52a3000 rw-p 00000000 00:00 0                          [stack:2911]
7fe0b52a3000-7fe0b52a4000 ---p 00000000 00:00 0 
7fe0b52a4000-7fe0b62b3000 rw-p 00000000 00:00 0                          [stack:2910]
7fe0b62b3000-7fe0b6489000 r--s 03caa000 08:03 1719620                    /usr/lib/jvm/java-8-oracle/jre/lib/rt.jar
7fe0b6489000-7fe0b6bbf000 rw-p 00000000 00:00 0 
7fe0b6bbf000-7fe0b6cff000 ---p 00000000 00:00 0 
7fe0b6cff000-7fe0b8eff000 rw-p 00000000 00:00 0 
7fe0b8eff000-7fe0b8f00000 ---p 00000000 00:00 0 
7fe0b8f00000-7fe0b9000000 rw-p 00000000 00:00 0                          [stack:2909]
7fe0b9000000-7fe0b96f0000 rwxp 00000000 00:00 0 
7fe0b96f0000-7fe0c8000000 ---p 00000000 00:00 0 
7fe0c8000000-7fe0c8468000 rw-p 00000000 00:00 0 
7fe0c8468000-7fe0cc000000 ---p 00000000 00:00 0 
7fe0cc039000-7fe0cc03a000 ---p 00000000 00:00 0 
7fe0cc03a000-7fe0cc13a000 rw-p 00000000 00:00 0                          [stack:2908]
7fe0cc13a000-7fe0cc13b000 ---p 00000000 00:00 0 
7fe0cc13b000-7fe0cc23b000 rw-p 00000000 00:00 0                          [stack:2907]
7fe0cc23b000-7fe0cc23c000 ---p 00000000 00:00 0 
7fe0cc23c000-7fe0cc351000 rw-p 00000000 00:00 0                          [stack:2906]
7fe0cc351000-7fe0cc492000 ---p 00000000 00:00 0 
7fe0cc492000-7fe0cc4a7000 rw-p 00000000 00:00 0 
7fe0cc4a7000-7fe0cc5e7000 ---p 00000000 00:00 0 
7fe0cc5e7000-7fe0cc60f000 rw-p 00000000 00:00 0 
7fe0cc60f000-7fe0cc692000 ---p 00000000 00:00 0 
7fe0cc692000-7fe0cc6af000 rw-p 00000000 00:00 0 
7fe0cc6af000-7fe0cca53000 ---p 00000000 00:00 0 
7fe0cca53000-7fe0cca6d000 r-xp 00000000 08:03 1719386                    /usr/lib/jvm/java-8-oracle/jre/lib/amd64/libzip.so
7fe0cca6d000-7fe0ccc6d000 ---p 0001a000 08:03 1719386                    /usr/lib/jvm/java-8-oracle/jre/lib/amd64/libzip.so
7fe0ccc6d000-7fe0ccc6e000 rw-p 0001a000 08:03 1719386                    /usr/lib/jvm/java-8-oracle/jre/lib/amd64/libzip.so
7fe0ccc6e000-7fe0ccc79000 r-xp 00000000 08:03 2103193                    /lib/x86_64-linux-gnu/libnss_files-2.19.so
7fe0ccc79000-7fe0cce78000 ---p 0000b000 08:03 2103193                    /lib/x86_64-linux-gnu/libnss_files-2.19.so
7fe0cce78000-7fe0cce79000 r--p 0000a000 08:03 2103193                    /lib/x86_64-linux-gnu/libnss_files-2.19.so
7fe0cce79000-7fe0cce7a000 rw-p 0000b000 08:03 2103193                    /lib/x86_64-linux-gnu/libnss_files-2.19.so
7fe0cce7a000-7fe0cce85000 r-xp 00000000 08:03 2103194                    /lib/x86_64-linux-gnu/libnss_nis-2.19.so
7fe0cce85000-7fe0cd084000 ---p 0000b000 08:03 2103194                    /lib/x86_64-linux-gnu/libnss_nis-2.19.so
7fe0cd084000-7fe0cd085000 r--p 0000a000 08:03 2103194                    /lib/x86_64-linux-gnu/libnss_nis-2.19.so
7fe0cd085000-7fe0cd086000 rw-p 0000b000 08:03 2103194                    /lib/x86_64-linux-gnu/libnss_nis-2.19.so
7fe0cd086000-7fe0cd09d000 r-xp 00000000 08:03 2102533                    /lib/x86_64-linux-gnu/libnsl-2.19.so
7fe0cd09d000-7fe0cd29c000 ---p 00017000 08:03 2102533                    /lib/x86_64-linux-gnu/libnsl-2.19.so
7fe0cd29c000-7fe0cd29d000 r--p 00016000 08:03 2102533                    /lib/x86_64-linux-gnu/libnsl-2.19.so
7fe0cd29d000-7fe0cd29e000 rw-p 00017000 08:03 2102533                    /lib/x86_64-linux-gnu/libnsl-2.19.so
7fe0cd29e000-7fe0cd2a0000 rw-p 00000000 00:00 0 
7fe0cd2a0000-7fe0cd2a9000 r-xp 00000000 08:03 2102431                    /lib/x86_64-linux-gnu/libnss_compat-2.19.so
7fe0cd2a9000-7fe0cd4a8000 ---p 00009000 08:03 2102431                    /lib/x86_64-linux-gnu/libnss_compat-2.19.so
7fe0cd4a8000-7fe0cd4a9000 r--p 00008000 08:03 2102431                    /lib/x86_64-linux-gnu/libnss_compat-2.19.so
7fe0cd4a9000-7fe0cd4aa000 rw-p 00009000 08:03 2102431                    /lib/x86_64-linux-gnu/libnss_compat-2.19.so
7fe0cd4aa000-7fe0cd4d4000 r-xp 00000000 08:03 1719352                    /usr/lib/jvm/java-8-oracle/jre/lib/amd64/libjava.so
7fe0cd4d4000-7fe0cd6d4000 ---p 0002a000 08:03 1719352                    /usr/lib/jvm/java-8-oracle/jre/lib/amd64/libjava.so
7fe0cd6d4000-7fe0cd6d6000 rw-p 0002a000 08:03 1719352                    /usr/lib/jvm/java-8-oracle/jre/lib/amd64/libjava.so
7fe0cd6d6000-7fe0cd6e3000 r-xp 00000000 08:03 1719370                    /usr/lib/jvm/java-8-oracle/jre/lib/amd64/libverify.so
7fe0cd6e3000-7fe0cd8e3000 ---p 0000d000 08:03 1719370                    /usr/lib/jvm/java-8-oracle/jre/lib/amd64/libverify.so
7fe0cd8e3000-7fe0cd8e5000 rw-p 0000d000 08:03 1719370                    /usr/lib/jvm/java-8-oracle/jre/lib/amd64/libverify.so
7fe0cd8e5000-7fe0cd8ec000 r-xp 00000000 08:03 2102576                    /lib/x86_64-linux-gnu/librt-2.19.so
7fe0cd8ec000-7fe0cdaeb000 ---p 00007000 08:03 2102576                    /lib/x86_64-linux-gnu/librt-2.19.so
7fe0cdaeb000-7fe0cdaec000 r--p 00006000 08:03 2102576                    /lib/x86_64-linux-gnu/librt-2.19.so
7fe0cdaec000-7fe0cdaed000 rw-p 00007000 08:03 2102576                    /lib/x86_64-linux-gnu/librt-2.19.so
7fe0cdaed000-7fe0cdbf2000 r-xp 00000000 08:03 2102682                    /lib/x86_64-linux-gnu/libm-2.19.so
7fe0cdbf2000-7fe0cddf1000 ---p 00105000 08:03 2102682                    /lib/x86_64-linux-gnu/libm-2.19.so
7fe0cddf1000-7fe0cddf2000 r--p 00104000 08:03 2102682                    /lib/x86_64-linux-gnu/libm-2.19.so
7fe0cddf2000-7fe0cddf3000 rw-p 00105000 08:03 2102682                    /lib/x86_64-linux-gnu/libm-2.19.so
7fe0cddf3000-7fe0cea60000 r-xp 00000000 08:03 1719359                    /usr/lib/jvm/java-8-oracle/jre/lib/amd64/server/libjvm.so
7fe0cea60000-7fe0cec5f000 ---p 00c6d000 08:03 1719359                    /usr/lib/jvm/java-8-oracle/jre/lib/amd64/server/libjvm.so
7fe0cec5f000-7fe0ced35000 rw-p 00c6c000 08:03 1719359                    /usr/lib/jvm/java-8-oracle/jre/lib/amd64/server/libjvm.so
7fe0ced35000-7fe0ced78000 rw-p 00000000 00:00 0 
7fe0ced78000-7fe0cef33000 r-xp 00000000 08:03 2102633                    /lib/x86_64-linux-gnu/libc-2.19.so
7fe0cef33000-7fe0cf133000 ---p 001bb000 08:03 2102633                    /lib/x86_64-linux-gnu/libc-2.19.so
7fe0cf133000-7fe0cf137000 r--p 001bb000 08:03 2102633                    /lib/x86_64-linux-gnu/libc-2.19.so
7fe0cf137000-7fe0cf139000 rw-p 001bf000 08:03 2102633                    /lib/x86_64-linux-gnu/libc-2.19.so
7fe0cf139000-7fe0cf13e000 rw-p 00000000 00:00 0 
7fe0cf13e000-7fe0cf141000 r-xp 00000000 08:03 2103199                    /lib/x86_64-linux-gnu/libdl-2.19.so
7fe0cf141000-7fe0cf340000 ---p 00003000 08:03 2103199                    /lib/x86_64-linux-gnu/libdl-2.19.so
7fe0cf340000-7fe0cf341000 r--p 00002000 08:03 2103199                    /lib/x86_64-linux-gnu/libdl-2.19.so
7fe0cf341000-7fe0cf342000 rw-p 00003000 08:03 2103199                    /lib/x86_64-linux-gnu/libdl-2.19.so
7fe0cf342000-7fe0cf357000 r-xp 00000000 08:03 1719341                    /usr/lib/jvm/java-8-oracle/jre/lib/amd64/jli/libjli.so
7fe0cf357000-7fe0cf556000 ---p 00015000 08:03 1719341                    /usr/lib/jvm/java-8-oracle/jre/lib/amd64/jli/libjli.so
7fe0cf556000-7fe0cf557000 rw-p 00014000 08:03 1719341                    /usr/lib/jvm/java-8-oracle/jre/lib/amd64/jli/libjli.so
7fe0cf557000-7fe0cf570000 r-xp 00000000 08:03 2103200                    /lib/x86_64-linux-gnu/libpthread-2.19.so
7fe0cf570000-7fe0cf76f000 ---p 00019000 08:03 2103200                    /lib/x86_64-linux-gnu/libpthread-2.19.so
7fe0cf76f000-7fe0cf770000 r--p 00018000 08:03 2103200                    /lib/x86_64-linux-gnu/libpthread-2.19.so
7fe0cf770000-7fe0cf771000 rw-p 00019000 08:03 2103200                    /lib/x86_64-linux-gnu/libpthread-2.19.so
7fe0cf771000-7fe0cf775000 rw-p 00000000 00:00 0 
7fe0cf775000-7fe0cf798000 r-xp 00000000 08:03 2102634                    /lib/x86_64-linux-gnu/ld-2.19.so
7fe0cf7b0000-7fe0cf7be000 r--s 000dc000 08:03 790900                     /opt/android-sdk-linux/build-tools/21.1.1/lib/dx.jar
7fe0cf7be000-7fe0cf87c000 rw-p 00000000 00:00 0 
7fe0cf87c000-7fe0cf87f000 ---p 00000000 00:00 0 
7fe0cf87f000-7fe0cf981000 rw-p 00000000 00:00 0                          [stack:2905]
7fe0cf98b000-7fe0cf993000 rw-s 00000000 08:03 1842385                    /tmp/hsperfdata_sergio/2897
7fe0cf993000-7fe0cf994000 rw-p 00000000 00:00 0 
7fe0cf994000-7fe0cf995000 r--p 00000000 00:00 0 
7fe0cf995000-7fe0cf997000 rw-p 00000000 00:00 0 
7fe0cf997000-7fe0cf998000 r--p 00022000 08:03 2102634                    /lib/x86_64-linux-gnu/ld-2.19.so
7fe0cf998000-7fe0cf999000 rw-p 00023000 08:03 2102634                    /lib/x86_64-linux-gnu/ld-2.19.so
7fe0cf999000-7fe0cf99a000 rw-p 00000000 00:00 0 
7fff941d3000-7fff941f4000 rw-p 00000000 00:00 0                          [stack]
7fff941fe000-7fff94200000 r-xp 00000000 00:00 0                          [vdso]
ffffffffff600000-ffffffffff601000 r-xp 00000000 00:00 0                  [vsyscall]

VM Arguments:
jvm_args: -Xmx1024M 
java_command: /opt/android-sdk-linux/build-tools/21.1.1/lib/dx.jar --dex --output /home/sergio/IWEB/practica6/platforms/android/ant-build/classes.dex /home/sergio/IWEB/practica6/platforms/android/ant-build/classes /home/sergio/IWEB/practica6/platforms/android/ant-build/dexedLibs/classes-9deac6fcda1132d952c6977d1a2e02e7.jar
java_class_path (initial): /opt/android-sdk-linux/build-tools/21.1.1/lib/dx.jar
Launcher Type: SUN_STANDARD

Environment Variables:
JAVA_HOME=/usr/lib/jvm/java-8-oracle
PATH=/usr/local/sbin:/usr/local/bin:/usr/sbin:/usr/bin:/sbin:/bin:/usr/games:/usr/local/games:/opt/android-sdk-linux/tools:/opt/android-sdk-linux/platform-tools:/opt/android-sdk-linux/bin
SHELL=/bin/bash
DISPLAY=:0

Signal Handlers:
SIGSEGV: [libjvm.so+0xa79a80], sa_mask[0]=11111111011111111101111111111110, sa_flags=SA_RESTART|SA_SIGINFO
SIGBUS: [libjvm.so+0xa79a80], sa_mask[0]=11111111011111111101111111111110, sa_flags=SA_RESTART|SA_SIGINFO
SIGFPE: [libjvm.so+0x8e24e0], sa_mask[0]=11111111011111111101111111111110, sa_flags=SA_RESTART|SA_SIGINFO
SIGPIPE: [libjvm.so+0x8e24e0], sa_mask[0]=11111111011111111101111111111110, sa_flags=SA_RESTART|SA_SIGINFO
SIGXFSZ: [libjvm.so+0x8e24e0], sa_mask[0]=11111111011111111101111111111110, sa_flags=SA_RESTART|SA_SIGINFO
SIGILL: [libjvm.so+0x8e24e0], sa_mask[0]=11111111011111111101111111111110, sa_flags=SA_RESTART|SA_SIGINFO
SIGUSR1: SIG_DFL, sa_mask[0]=00000000000000000000000000000000, sa_flags=none
SIGUSR2: [libjvm.so+0x8e3d10], sa_mask[0]=00100000000000000000000000000000, sa_flags=SA_RESTART|SA_SIGINFO
SIGHUP: [libjvm.so+0x8e50d0], sa_mask[0]=11111111011111111101111111111110, sa_flags=SA_RESTART|SA_SIGINFO
SIGINT: [libjvm.so+0x8e50d0], sa_mask[0]=11111111011111111101111111111110, sa_flags=SA_RESTART|SA_SIGINFO
SIGTERM: [libjvm.so+0x8e50d0], sa_mask[0]=11111111011111111101111111111110, sa_flags=SA_RESTART|SA_SIGINFO
SIGQUIT: [libjvm.so+0x8e50d0], sa_mask[0]=11111111011111111101111111111110, sa_flags=SA_RESTART|SA_SIGINFO


---------------  S Y S T E M  ---------------

OS:DISTRIB_ID="elementary OS"
DISTRIB_RELEASE=0.3
DISTRIB_CODENAME=freya
DISTRIB_DESCRIPTION="elementary OS Freya"

uname:Linux 3.13.0-39-generic #66-Ubuntu SMP Tue Oct 28 13:30:27 UTC 2014 x86_64
libc:glibc 2.19 NPTL 2.19 
rlimit: STACK 8192k, CORE 0k, NPROC 31387, NOFILE 4096, AS infinity
load average:0,78 0,25 0,18

/proc/meminfo:
MemTotal:        4046980 kB
MemFree:          810136 kB
Buffers:           26744 kB
Cached:           864772 kB
SwapCached:        30640 kB
Active:          1864940 kB
Inactive:        1109768 kB
Active(anon):    1464016 kB
Inactive(anon):   645560 kB
Active(file):     400924 kB
Inactive(file):   464208 kB
Unevictable:           0 kB
Mlocked:               0 kB
SwapTotal:       1771516 kB
SwapFree:        1654932 kB
Dirty:               692 kB
Writeback:             0 kB
AnonPages:       2054484 kB
Mapped:           207632 kB
Shmem:             26236 kB
Slab:             115740 kB
SReclaimable:      84408 kB
SUnreclaim:        31332 kB
KernelStack:        3960 kB
PageTables:        31092 kB
NFS_Unstable:          0 kB
Bounce:                0 kB
WritebackTmp:          0 kB
CommitLimit:     3795004 kB
Committed_AS:    5344736 kB
VmallocTotal:   34359738367 kB
VmallocUsed:      307296 kB
VmallocChunk:   34359426044 kB
HardwareCorrupted:     0 kB
AnonHugePages:    882688 kB
HugePages_Total:       0
HugePages_Free:        0
HugePages_Rsvd:        0
HugePages_Surp:        0
Hugepagesize:       2048 kB
DirectMap4k:      345024 kB
DirectMap2M:     3848192 kB


CPU:total 4 (4 cores per cpu, 1 threads per core) family 6 model 23 stepping 7, cmov, cx8, fxsr, mmx, sse, sse2, sse3, ssse3, sse4.1, tsc

/proc/cpuinfo:
processor	: 0
vendor_id	: GenuineIntel
cpu family	: 6
model		: 23
model name	: Intel(R) Core(TM)2 Quad  CPU   Q9550  @ 2.83GHz
stepping	: 7
microcode	: 0x705
cpu MHz		: 2834.000
cache size	: 6144 KB
physical id	: 0
siblings	: 4
core id		: 0
cpu cores	: 4
apicid		: 0
initial apicid	: 0
fpu		: yes
fpu_exception	: yes
cpuid level	: 10
wp		: yes
flags		: fpu vme de pse tsc msr pae mce cx8 apic sep mtrr pge mca cmov pat pse36 clflush dts acpi mmx fxsr sse sse2 ss ht tm pbe syscall nx lm constant_tsc arch_perfmon pebs bts rep_good nopl aperfmperf pni dtes64 monitor ds_cpl vmx smx est tm2 ssse3 cx16 xtpr pdcm sse4_1 lahf_lm dtherm tpr_shadow vnmi flexpriority
bogomips	: 5666.53
clflush size	: 64
cache_alignment	: 64
address sizes	: 36 bits physical, 48 bits virtual
power management:

processor	: 1
vendor_id	: GenuineIntel
cpu family	: 6
model		: 23
model name	: Intel(R) Core(TM)2 Quad  CPU   Q9550  @ 2.83GHz
stepping	: 7
microcode	: 0x705
cpu MHz		: 2834.000
cache size	: 6144 KB
physical id	: 0
siblings	: 4
core id		: 3
cpu cores	: 4
apicid		: 3
initial apicid	: 3
fpu		: yes
fpu_exception	: yes
cpuid level	: 10
wp		: yes
flags		: fpu vme de pse tsc msr pae mce cx8 apic sep mtrr pge mca cmov pat pse36 clflush dts acpi mmx fxsr sse sse2 ss ht tm pbe syscall nx lm constant_tsc arch_perfmon pebs bts rep_good nopl aperfmperf pni dtes64 monitor ds_cpl vmx smx est tm2 ssse3 cx16 xtpr pdcm sse4_1 lahf_lm dtherm tpr_shadow vnmi flexpriority
bogomips	: 5666.53
clflush size	: 64
cache_alignment	: 64
address sizes	: 36 bits physical, 48 bits virtual
power management:

processor	: 2
vendor_id	: GenuineIntel
cpu family	: 6
model		: 23
model name	: Intel(R) Core(TM)2 Quad  CPU   Q9550  @ 2.83GHz
stepping	: 7
microcode	: 0x705
cpu MHz		: 2834.000
cache size	: 6144 KB
physical id	: 0
siblings	: 4
core id		: 2
cpu cores	: 4
apicid		: 2
initial apicid	: 2
fpu		: yes
fpu_exception	: yes
cpuid level	: 10
wp		: yes
flags		: fpu vme de pse tsc msr pae mce cx8 apic sep mtrr pge mca cmov pat pse36 clflush dts acpi mmx fxsr sse sse2 ss ht tm pbe syscall nx lm constant_tsc arch_perfmon pebs bts rep_good nopl aperfmperf pni dtes64 monitor ds_cpl vmx smx est tm2 ssse3 cx16 xtpr pdcm sse4_1 lahf_lm dtherm tpr_shadow vnmi flexpriority
bogomips	: 5666.53
clflush size	: 64
cache_alignment	: 64
address sizes	: 36 bits physical, 48 bits virtual
power management:

processor	: 3
vendor_id	: GenuineIntel
cpu family	: 6
model		: 23
model name	: Intel(R) Core(TM)2 Quad  CPU   Q9550  @ 2.83GHz
stepping	: 7
microcode	: 0x705
cpu MHz		: 2834.000
cache size	: 6144 KB
physical id	: 0
siblings	: 4
core id		: 1
cpu cores	: 4
apicid		: 1
initial apicid	: 1
fpu		: yes
fpu_exception	: yes
cpuid level	: 10
wp		: yes
flags		: fpu vme de pse tsc msr pae mce cx8 apic sep mtrr pge mca cmov pat pse36 clflush dts acpi mmx fxsr sse sse2 ss ht tm pbe syscall nx lm constant_tsc arch_perfmon pebs bts rep_good nopl aperfmperf pni dtes64 monitor ds_cpl vmx smx est tm2 ssse3 cx16 xtpr pdcm sse4_1 lahf_lm dtherm tpr_shadow vnmi flexpriority
bogomips	: 5666.53
clflush size	: 64
cache_alignment	: 64
address sizes	: 36 bits physical, 48 bits virtual
power management:



Memory: 4k page, physical 4046980k(810136k free), swap 1771516k(1654932k free)

vm_info: Java HotSpot(TM) 64-Bit Server VM (25.25-b02) for linux-amd64 JRE (1.8.0_25-b17), built on Sep 17 2014 17:32:11 by "java_re" with gcc 4.3.0 20080428 (Red Hat 4.3.0-8)

time: Sun Nov 23 19:44:13 2014
elapsed time: 9 seconds (0d 0h 0m 9s)

