#
# A fatal error has been detected by the Java Runtime Environment:
#
#  SIGSEGV (0xb) at pc=0x00007fa916005060, pid=17533, tid=140365669291776
#
# JRE version: Java(TM) SE Runtime Environment (8.0_25-b17) (build 1.8.0_25-b17)
# Java VM: Java HotSpot(TM) 64-Bit Server VM (25.25-b02 mixed mode linux-amd64 compressed oops)
# Problematic frame:
# C  0x00007fa916005060
#
# Failed to write core dump. Core dumps have been disabled. To enable core dumping, try "ulimit -c unlimited" before starting Java again
#
# If you would like to submit a bug report, please visit:
#   http://bugreport.sun.com/bugreport/crash.jsp
#

---------------  T H R E A D  ---------------

Current thread (0x00007fa96400a000):  JavaThread "main" [_thread_in_Java, id=17541, stack(0x00007fa96dcb5000,0x00007fa96ddb6000)]

siginfo: si_signo: 11 (SIGSEGV), si_code: 1 (SEGV_MAPERR), si_addr: 0x00007fa916005060

Registers:
RAX=0x00007fa954d3dff8, RBX=0x00007fa954d3dff8, RCX=0x00000000ee3c97f8, RDX=0x00000000ee5a8590
RSP=0x00007fa96ddb4188, RBP=0x00007fa96ddb41e8, RSI=0x00000000ee3c97f8, RDI=0x00000000ee3b72f8
R8 =0x00000000ee58ea20, R9 =0x00000000ee5a8590, R10=0x00007fa96d189440, R11=0x00007fa95568e4a0
R12=0x0000000000000000, R13=0x00007fa96ddb4198, R14=0x00007fa96ddb4220, R15=0x00007fa96400a000
RIP=0x00007fa916005060, EFLAGS=0x0000000000010206, CSGSFS=0x0000000000000033, ERR=0x0000000000000014
  TRAPNO=0x000000000000000e

Top of Stack: (sp=0x00007fa96ddb4188)
0x00007fa96ddb4188:   00007fa95500798d 00007fa95500798d
0x00007fa96ddb4198:   00000000ee5a8590 00000000ee3c97f8
0x00007fa96ddb41a8:   00007fa96ddb41a8 00007fa954d42a7e
0x00007fa96ddb41b8:   00007fa96ddb4220 00007fa954e62f18
0x00007fa96ddb41c8:   0000000000000000 00007fa954d42ae0
0x00007fa96ddb41d8:   00007fa96ddb4198 00007fa96ddb4230
0x00007fa96ddb41e8:   00007fa96ddb43c0 00007fa9556b43dc
0x00007fa96ddb41f8:   00000000ee3c97f8 0000000000000000
0x00007fa96ddb4208:   0000000000000001 00000000ee3c97e0
0x00007fa96ddb4218:   00000000ee5a8590 00000000ee3b72f8
0x00007fa96ddb4228:   00007fa9556b43dc ffffffff6ddb4310
0x00007fa96ddb4238:   0000000000000000 00007fa96400a000
0x00007fa96ddb4248:   00007fa96ddb43f0 00007fa96ddb4398
0x00007fa96ddb4258:   0000000000000000 00000000ee3cecc8
0x00007fa96ddb4268:   0000000000000f0e 0000000000000142
0x00007fa96ddb4278:   0000000000002a64 00007fa954c40560
0x00007fa96ddb4288:   00000000eece6188 00007fa96ddb42c0
0x00007fa96ddb4298:   00007fa96ddb42c0 00007fa96ddb43e0
0x00007fa96ddb42a8:   00007fa95566376c 000000010006a2b8
0x00007fa96ddb42b8:   00000000ee5a8590 00000000ee3cecb0
0x00007fa96ddb42c8:   0000c22000000f0e ffffffffffffffff
0x00007fa96ddb42d8:   000000fb54c40560 00000000ee3b72f8
0x00007fa96ddb42e8:   0000000100000002 00007fa96ddb43e0
0x00007fa96ddb42f8:   00007fa95568dd7c 00000000eed23678
0x00007fa96ddb4308:   00007fa9555e5574 00007fa96ddb43e0
0x00007fa96ddb4318:   00007fa9556b845c 00007fa96ddb43c0
0x00007fa96ddb4328:   00007fa95566d084 00007fa96ddb4380
0x00007fa96ddb4338:   00007fa96c886cfb 00007fa96ddb4438
0x00007fa96ddb4348:   00007fa96ddb4348 00007fa96ddb43c0
0x00007fa96ddb4358:   00007fa95500798d 00007fa96ddb43c0
0x00007fa96ddb4368:   00007fa95500798d 00000000ee5a8590
0x00007fa96ddb4378:   00000000ee3cecb0 00007fa96ddb4380 

Instructions: (pc=0x00007fa916005060)
0x00007fa916005040:   
[error occurred during error reporting (printing registers, top of stack, instructions near pc), id 0xb]

Register to memory mapping:

RAX={method} {0x00007fa954d3dff8} 'writeTo' '(Lcom/android/dx/util/AnnotatedOutput;)V' in 'com/android/dx/dex/code/FixedSizeInsn'
RBX={method} {0x00007fa954d3dff8} 'writeTo' '(Lcom/android/dx/util/AnnotatedOutput;)V' in 'com/android/dx/dex/code/FixedSizeInsn'
RCX=0x00000000ee3c97f8 is an oop
com.android.dx.dex.code.SimpleInsn 
 - klass: 'com/android/dx/dex/code/SimpleInsn'
RDX=0x00000000ee5a8590 is an oop
com.android.dx.util.ByteArrayAnnotatedOutput 
 - klass: 'com/android/dx/util/ByteArrayAnnotatedOutput'
RSP=0x00007fa96ddb4188 is pointing into the stack for thread: 0x00007fa96400a000
RBP=0x00007fa96ddb41e8 is pointing into the stack for thread: 0x00007fa96400a000
RSI=0x00000000ee3c97f8 is an oop
com.android.dx.dex.code.SimpleInsn 
 - klass: 'com/android/dx/dex/code/SimpleInsn'
RDI=0x00000000ee3b72f8 is an oop
com.android.dx.dex.code.HighRegisterPrefix 
 - klass: 'com/android/dx/dex/code/HighRegisterPrefix'
R8 =0x00000000ee58ea20 is an oop
[B 
 - klass: {type array byte}
 - length: 105312
R9 =0x00000000ee5a8590 is an oop
com.android.dx.util.ByteArrayAnnotatedOutput 
 - klass: 'com/android/dx/util/ByteArrayAnnotatedOutput'
R10=0x00007fa96d189440: <offset 0xf5c440> in /usr/lib/jvm/java-8-oracle/jre/lib/amd64/server/libjvm.so at 0x00007fa96c22d000
R11=0x00007fa95568e4a0 is at entry_point+32 in (nmethod*)0x00007fa95568e310
R12=0x0000000000000000 is an unknown value
R13=0x00007fa96ddb4198 is pointing into the stack for thread: 0x00007fa96400a000
R14=0x00007fa96ddb4220 is pointing into the stack for thread: 0x00007fa96400a000
R15=0x00007fa96400a000 is a thread


Stack: [0x00007fa96dcb5000,0x00007fa96ddb6000],  sp=0x00007fa96ddb4188,  free space=1020k
Native frames: (J=compiled Java code, j=interpreted, Vv=VM code, C=native code)
C  0x00007fa916005060
J 1863 C1 com.android.dx.dex.code.DalvInsnList.writeTo(Lcom/android/dx/util/AnnotatedOutput;)V (254 bytes) @ 0x00007fa9556b43dc [0x00007fa9556b37e0+0xbfc]
C  0x00007fa96ddb43c0


---------------  P R O C E S S  ---------------

Java Threads: ( => current thread )
  0x00007fa96417f000 JavaThread "Service Thread" daemon [_thread_blocked, id=17553, stack(0x00007fa946af1000,0x00007fa946bf2000)]
  0x00007fa964177000 JavaThread "C1 CompilerThread2" daemon [_thread_in_vm, id=17552, stack(0x00007fa946bf2000,0x00007fa946cf3000)]
  0x00007fa964175800 JavaThread "C2 CompilerThread1" daemon [_thread_blocked, id=17551, stack(0x00007fa946cf3000,0x00007fa946df4000)]
  0x00007fa964172800 JavaThread "C2 CompilerThread0" daemon [_thread_blocked, id=17550, stack(0x00007fa946df4000,0x00007fa946ef5000)]
  0x00007fa964170800 JavaThread "Signal Dispatcher" daemon [_thread_blocked, id=17549, stack(0x00007fa946ef5000,0x00007fa946ff6000)]
  0x00007fa964143000 JavaThread "Finalizer" daemon [_thread_blocked, id=17548, stack(0x00007fa9473f4000,0x00007fa9474f5000)]
  0x00007fa964141000 JavaThread "Reference Handler" daemon [_thread_blocked, id=17547, stack(0x00007fa9474f5000,0x00007fa9475f6000)]
=>0x00007fa96400a000 JavaThread "main" [_thread_in_Java, id=17541, stack(0x00007fa96dcb5000,0x00007fa96ddb6000)]

Other Threads:
  0x00007fa96413a000 VMThread [stack: 0x00007fa9475f6000,0x00007fa9476f7000] [id=17546]
  0x00007fa964181000 WatcherThread [stack: 0x00007fa9469f0000,0x00007fa946af1000] [id=17554]

VM state:not at safepoint (normal execution)

VM Mutex/Monitor currently owned by a thread: None

Heap:
 PSYoungGen      total 66048K, used 63082K [0x00000000eab00000, 0x00000000eee00000, 0x0000000100000000)
  eden space 63488K, 95% used [0x00000000eab00000,0x00000000ee620740,0x00000000ee900000)
  from space 2560K, 99% used [0x00000000eeb80000,0x00000000eedfa348,0x00000000eee00000)
  to   space 2560K, 0% used [0x00000000ee900000,0x00000000ee900000,0x00000000eeb80000)
 ParOldGen       total 42496K, used 13748K [0x00000000c0000000, 0x00000000c2980000, 0x00000000eab00000)
  object space 42496K, 32% used [0x00000000c0000000,0x00000000c0d6d018,0x00000000c2980000)
 Metaspace       used 6140K, capacity 7344K, committed 7552K, reserved 1056768K
  class space    used 571K, capacity 616K, committed 640K, reserved 1048576K

Card table byte_map: [0x00007fa96a8cc000,0x00007fa96aacd000] byte_map_base: 0x00007fa96a2cc000

Marking Bits: (ParMarkBitMap*) 0x00007fa96d1872c0
 Begin Bits: [0x00007fa968372000, 0x00007fa969372000)
 End Bits:   [0x00007fa969372000, 0x00007fa96a372000)

Polling page: 0x00007fa96ddce000

CodeCache: size=245760Kb used=6871Kb max_used=6876Kb free=238888Kb
 bounds [0x00007fa955000000, 0x00007fa9556c0000, 0x00007fa964000000]
 total_blobs=2100 nmethods=1841 adapters=175
 compilation: enabled

Compilation events (10 events):
Event: 21,118 Thread 0x00007fa964177000 nmethod 1859 0x00007fa9556b0890 code [0x00007fa9556b0b60, 0x00007fa9556b23c8]
Event: 21,118 Thread 0x00007fa964177000 1865       3       com.android.dx.dex.file.OffsettedItem::getAbsoluteOffset (29 bytes)
Event: 21,118 Thread 0x00007fa964177000 nmethod 1865 0x00007fa9556b2dd0 code [0x00007fa9556b2f60, 0x00007fa9556b3258]
Event: 21,118 Thread 0x00007fa964177000 1863   !   3       com.android.dx.dex.code.DalvInsnList::writeTo (254 bytes)
Event: 21,121 Thread 0x00007fa964177000 nmethod 1863 0x00007fa9556b3350 code [0x00007fa9556b37e0, 0x00007fa9556b6858]
Event: 21,121 Thread 0x00007fa964177000 1864       3       com.android.dx.dex.code.DalvInsnList::getOutsSize (105 bytes)
Event: 21,121 Thread 0x00007fa964177000 nmethod 1864 0x00007fa9556b8050 code [0x00007fa9556b8240, 0x00007fa9556b9088]
Event: 21,121 Thread 0x00007fa964177000 1861       3       com.android.dx.dex.code.InsnFormat::codeUnit (89 bytes)
Event: 21,121 Thread 0x00007fa964175800 1866       4       com.android.dx.dex.code.FixedSizeInsn::writeTo (13 bytes)
Event: 21,122 Thread 0x00007fa964175800 nmethod 1866 0x00007fa9556bc150 code [0x00007fa9556bc2a0, 0x00007fa9556bc338]

GC Heap History (8 events):
Event: 0,472 GC heap before
{Heap before GC invocations=1 (full 0):
 PSYoungGen      total 18432K, used 15872K [0x00000000eab00000, 0x00000000ebf80000, 0x0000000100000000)
  eden space 15872K, 100% used [0x00000000eab00000,0x00000000eba80000,0x00000000eba80000)
  from space 2560K, 0% used [0x00000000ebd00000,0x00000000ebd00000,0x00000000ebf80000)
  to   space 2560K, 0% used [0x00000000eba80000,0x00000000eba80000,0x00000000ebd00000)
 ParOldGen       total 42496K, used 0K [0x00000000c0000000, 0x00000000c2980000, 0x00000000eab00000)
  object space 42496K, 0% used [0x00000000c0000000,0x00000000c0000000,0x00000000c2980000)
 Metaspace       used 5345K, capacity 6704K, committed 6784K, reserved 1056768K
  class space    used 540K, capacity 616K, committed 640K, reserved 1048576K
Event: 0,486 GC heap after
Heap after GC invocations=1 (full 0):
 PSYoungGen      total 18432K, used 2528K [0x00000000eab00000, 0x00000000ecf00000, 0x0000000100000000)
  eden space 15872K, 0% used [0x00000000eab00000,0x00000000eab00000,0x00000000eba80000)
  from space 2560K, 98% used [0x00000000eba80000,0x00000000ebcf8018,0x00000000ebd00000)
  to   space 2560K, 0% used [0x00000000ecc80000,0x00000000ecc80000,0x00000000ecf00000)
 ParOldGen       total 42496K, used 1515K [0x00000000c0000000, 0x00000000c2980000, 0x00000000eab00000)
  object space 42496K, 3% used [0x00000000c0000000,0x00000000c017ac18,0x00000000c2980000)
 Metaspace       used 5345K, capacity 6704K, committed 6784K, reserved 1056768K
  class space    used 540K, capacity 616K, committed 640K, reserved 1048576K
}
Event: 0,673 GC heap before
{Heap before GC invocations=2 (full 0):
 PSYoungGen      total 18432K, used 18400K [0x00000000eab00000, 0x00000000ecf00000, 0x0000000100000000)
  eden space 15872K, 100% used [0x00000000eab00000,0x00000000eba80000,0x00000000eba80000)
  from space 2560K, 98% used [0x00000000eba80000,0x00000000ebcf8018,0x00000000ebd00000)
  to   space 2560K, 0% used [0x00000000ecc80000,0x00000000ecc80000,0x00000000ecf00000)
 ParOldGen       total 42496K, used 1515K [0x00000000c0000000, 0x00000000c2980000, 0x00000000eab00000)
  object space 42496K, 3% used [0x00000000c0000000,0x00000000c017ac18,0x00000000c2980000)
 Metaspace       used 5577K, capacity 6896K, committed 7040K, reserved 1056768K
  class space    used 545K, capacity 616K, committed 640K, reserved 1048576K
Event: 0,690 GC heap after
Heap after GC invocations=2 (full 0):
 PSYoungGen      total 34304K, used 2552K [0x00000000eab00000, 0x00000000ecf00000, 0x0000000100000000)
  eden space 31744K, 0% used [0x00000000eab00000,0x00000000eab00000,0x00000000eca00000)
  from space 2560K, 99% used [0x00000000ecc80000,0x00000000ecefe338,0x00000000ecf00000)
  to   space 2560K, 0% used [0x00000000eca00000,0x00000000eca00000,0x00000000ecc80000)
 ParOldGen       total 42496K, used 3694K [0x00000000c0000000, 0x00000000c2980000, 0x00000000eab00000)
  object space 42496K, 8% used [0x00000000c0000000,0x00000000c039bac0,0x00000000c2980000)
 Metaspace       used 5577K, capacity 6896K, committed 7040K, reserved 1056768K
  class space    used 545K, capacity 616K, committed 640K, reserved 1048576K
}
Event: 0,893 GC heap before
{Heap before GC invocations=3 (full 0):
 PSYoungGen      total 34304K, used 34296K [0x00000000eab00000, 0x00000000ecf00000, 0x0000000100000000)
  eden space 31744K, 100% used [0x00000000eab00000,0x00000000eca00000,0x00000000eca00000)
  from space 2560K, 99% used [0x00000000ecc80000,0x00000000ecefe338,0x00000000ecf00000)
  to   space 2560K, 0% used [0x00000000eca00000,0x00000000eca00000,0x00000000ecc80000)
 ParOldGen       total 42496K, used 3694K [0x00000000c0000000, 0x00000000c2980000, 0x00000000eab00000)
  object space 42496K, 8% used [0x00000000c0000000,0x00000000c039bac0,0x00000000c2980000)
 Metaspace       used 5635K, capacity 6960K, committed 7040K, reserved 1056768K
  class space    used 546K, capacity 616K, committed 640K, reserved 1048576K
Event: 0,921 GC heap after
Heap after GC invocations=3 (full 0):
 PSYoungGen      total 34304K, used 2536K [0x00000000eab00000, 0x00000000eee00000, 0x0000000100000000)
  eden space 31744K, 0% used [0x00000000eab00000,0x00000000eab00000,0x00000000eca00000)
  from space 2560K, 99% used [0x00000000eca00000,0x00000000ecc7a348,0x00000000ecc80000)
  to   space 2560K, 0% used [0x00000000eeb80000,0x00000000eeb80000,0x00000000eee00000)
 ParOldGen       total 42496K, used 8351K [0x00000000c0000000, 0x00000000c2980000, 0x00000000eab00000)
  object space 42496K, 19% used [0x00000000c0000000,0x00000000c0827e48,0x00000000c2980000)
 Metaspace       used 5635K, capacity 6960K, committed 7040K, reserved 1056768K
  class space    used 546K, capacity 616K, committed 640K, reserved 1048576K
}
Event: 1,079 GC heap before
{Heap before GC invocations=4 (full 0):
 PSYoungGen      total 34304K, used 34280K [0x00000000eab00000, 0x00000000eee00000, 0x0000000100000000)
  eden space 31744K, 100% used [0x00000000eab00000,0x00000000eca00000,0x00000000eca00000)
  from space 2560K, 99% used [0x00000000eca00000,0x00000000ecc7a348,0x00000000ecc80000)
  to   space 2560K, 0% used [0x00000000eeb80000,0x00000000eeb80000,0x00000000eee00000)
 ParOldGen       total 42496K, used 8351K [0x00000000c0000000, 0x00000000c2980000, 0x00000000eab00000)
  object space 42496K, 19% used [0x00000000c0000000,0x00000000c0827e48,0x00000000c2980000)
 Metaspace       used 5683K, capacity 6960K, committed 7040K, reserved 1056768K
  class space    used 548K, capacity 616K, committed 640K, reserved 1048576K
Event: 1,094 GC heap after
Heap after GC invocations=4 (full 0):
 PSYoungGen      total 66048K, used 2536K [0x00000000eab00000, 0x00000000eee00000, 0x0000000100000000)
  eden space 63488K, 0% used [0x00000000eab00000,0x00000000eab00000,0x00000000ee900000)
  from space 2560K, 99% used [0x00000000eeb80000,0x00000000eedfa348,0x00000000eee00000)
  to   space 2560K, 0% used [0x00000000ee900000,0x00000000ee900000,0x00000000eeb80000)
 ParOldGen       total 42496K, used 13748K [0x00000000c0000000, 0x00000000c2980000, 0x00000000eab00000)
  object space 42496K, 32% used [0x00000000c0000000,0x00000000c0d6d018,0x00000000c2980000)
 Metaspace       used 5683K, capacity 6960K, committed 7040K, reserved 1056768K
  class space    used 548K, capacity 616K, committed 640K, reserved 1048576K
}

Deoptimization events (10 events):
Event: 1,355 Thread 0x00007fa96400a000 Uncommon trap: reason=class_check action=maybe_recompile pc=0x00007fa95547fdd8 method=java.util.HashMap.putVal(ILjava/lang/Object;Ljava/lang/Object;ZZ)Ljava/lang/Object; @ 203
Event: 1,355 Thread 0x00007fa96400a000 Uncommon trap: reason=class_check action=maybe_recompile pc=0x00007fa95547fdd8 method=java.util.HashMap.putVal(ILjava/lang/Object;Ljava/lang/Object;ZZ)Ljava/lang/Object; @ 203
Event: 1,395 Thread 0x00007fa96400a000 Uncommon trap: reason=speculate_class_check action=maybe_recompile pc=0x00007fa955420114 method=com.android.dx.util.FixedSizeList.equals(Ljava/lang/Object;)Z @ 25
Event: 1,395 Thread 0x00007fa96400a000 Uncommon trap: reason=class_check action=maybe_recompile pc=0x00007fa9553daf7c method=java.util.Arrays.equals([Ljava/lang/Object;[Ljava/lang/Object;)Z @ 62
Event: 1,395 Thread 0x00007fa96400a000 Uncommon trap: reason=speculate_class_check action=maybe_recompile pc=0x00007fa955420114 method=com.android.dx.util.FixedSizeList.equals(Ljava/lang/Object;)Z @ 25
Event: 1,395 Thread 0x00007fa96400a000 Uncommon trap: reason=class_check action=maybe_recompile pc=0x00007fa9553daf7c method=java.util.Arrays.equals([Ljava/lang/Object;[Ljava/lang/Object;)Z @ 62
Event: 1,395 Thread 0x00007fa96400a000 Uncommon trap: reason=speculate_class_check action=maybe_recompile pc=0x00007fa955420114 method=com.android.dx.util.FixedSizeList.equals(Ljava/lang/Object;)Z @ 25
Event: 1,395 Thread 0x00007fa96400a000 Uncommon trap: reason=class_check action=maybe_recompile pc=0x00007fa9553daf7c method=java.util.Arrays.equals([Ljava/lang/Object;[Ljava/lang/Object;)Z @ 62
Event: 1,395 Thread 0x00007fa96400a000 Uncommon trap: reason=speculate_class_check action=maybe_recompile pc=0x00007fa955420114 method=com.android.dx.util.FixedSizeList.equals(Ljava/lang/Object;)Z @ 25
Event: 1,395 Thread 0x00007fa96400a000 Uncommon trap: reason=class_check action=maybe_recompile pc=0x00007fa9553daf7c method=java.util.Arrays.equals([Ljava/lang/Object;[Ljava/lang/Object;)Z @ 62

Internal exceptions (10 events):
Event: 1,395 Thread 0x00007fa96400a000 Exception <a 'java/security/PrivilegedActionException'> (0x00000000ee213bc0) thrown at [/HUDSON/workspace/8-2-build-linux-amd64/jdk8u25/1514/hotspot/src/share/vm/prims/jvm.cpp, line 1312]
Event: 1,396 Thread 0x00007fa96400a000 Exception <a 'java/security/PrivilegedActionException'> (0x00000000ee216c88) thrown at [/HUDSON/workspace/8-2-build-linux-amd64/jdk8u25/1514/hotspot/src/share/vm/prims/jvm.cpp, line 1312]
Event: 1,402 Thread 0x00007fa96400a000 Exception <a 'java/security/PrivilegedActionException'> (0x00000000ee22f1f8) thrown at [/HUDSON/workspace/8-2-build-linux-amd64/jdk8u25/1514/hotspot/src/share/vm/prims/jvm.cpp, line 1312]
Event: 1,467 Thread 0x00007fa96400a000 Exception <a 'java/security/PrivilegedActionException'> (0x00000000ee4d0848) thrown at [/HUDSON/workspace/8-2-build-linux-amd64/jdk8u25/1514/hotspot/src/share/vm/prims/jvm.cpp, line 1312]
Event: 1,468 Thread 0x00007fa96400a000 Exception <a 'java/security/PrivilegedActionException'> (0x00000000ee4dc4a0) thrown at [/HUDSON/workspace/8-2-build-linux-amd64/jdk8u25/1514/hotspot/src/share/vm/prims/jvm.cpp, line 1312]
Event: 1,469 Thread 0x00007fa96400a000 Exception <a 'java/security/PrivilegedActionException'> (0x00000000ee4df040) thrown at [/HUDSON/workspace/8-2-build-linux-amd64/jdk8u25/1514/hotspot/src/share/vm/prims/jvm.cpp, line 1312]
Event: 1,480 Thread 0x00007fa96400a000 Exception <a 'java/security/PrivilegedActionException'> (0x00000000ee5580a0) thrown at [/HUDSON/workspace/8-2-build-linux-amd64/jdk8u25/1514/hotspot/src/share/vm/prims/jvm.cpp, line 1312]
Event: 1,483 Thread 0x00007fa96400a000 Exception <a 'java/security/PrivilegedActionException'> (0x00000000ee583e90) thrown at [/HUDSON/workspace/8-2-build-linux-amd64/jdk8u25/1514/hotspot/src/share/vm/prims/jvm.cpp, line 1312]
Event: 1,484 Thread 0x00007fa96400a000 Exception <a 'java/security/PrivilegedActionException'> (0x00000000ee589368) thrown at [/HUDSON/workspace/8-2-build-linux-amd64/jdk8u25/1514/hotspot/src/share/vm/prims/jvm.cpp, line 1312]
Event: 1,486 Thread 0x00007fa96400a000 Exception <a 'java/security/PrivilegedActionException'> (0x00000000ee5a8a48) thrown at [/HUDSON/workspace/8-2-build-linux-amd64/jdk8u25/1514/hotspot/src/share/vm/prims/jvm.cpp, line 1312]

Events (10 events):
Event: 1,480 loading class com/android/dex/EncodedValueCodec
Event: 1,480 loading class com/android/dex/EncodedValueCodec done
Event: 1,483 loading class com/android/dx/dex/file/MapItem
Event: 1,483 loading class com/android/dx/dex/file/MapItem done
Event: 1,484 loading class com/android/dx/dex/file/UniformListItem
Event: 1,484 loading class com/android/dx/dex/file/UniformListItem done
Event: 1,486 loading class com/android/dex/DexFormat
Event: 1,486 loading class com/android/dex/DexFormat done
Event: 12,631 Executing VM operation: EnableBiasedLocking
Event: 12,631 Executing VM operation: EnableBiasedLocking done


Dynamic libraries:
00400000-00401000 r-xp 00000000 08:03 1719663                            /usr/lib/jvm/java-8-oracle/jre/bin/java
00600000-00601000 rw-p 00000000 08:03 1719663                            /usr/lib/jvm/java-8-oracle/jre/bin/java
01ad7000-01af8000 rw-p 00000000 00:00 0                                  [heap]
c0000000-c2980000 rw-p 00000000 00:00 0 
c2980000-eab00000 ---p 00000000 00:00 0 
eab00000-eee00000 rw-p 00000000 00:00 0 
eee00000-100000000 ---p 00000000 00:00 0 
100000000-1000a0000 rw-p 00000000 00:00 0 
1000a0000-140000000 ---p 00000000 00:00 0 
7fa91c000000-7fa91c021000 rw-p 00000000 00:00 0 
7fa91c021000-7fa920000000 ---p 00000000 00:00 0 
7fa920000000-7fa920021000 rw-p 00000000 00:00 0 
7fa920021000-7fa924000000 ---p 00000000 00:00 0 
7fa924000000-7fa9247be000 rw-p 00000000 00:00 0 
7fa9247be000-7fa928000000 ---p 00000000 00:00 0 
7fa928000000-7fa92855c000 rw-p 00000000 00:00 0 
7fa92855c000-7fa92c000000 ---p 00000000 00:00 0 
7fa92c000000-7fa92c021000 rw-p 00000000 00:00 0 
7fa92c021000-7fa930000000 ---p 00000000 00:00 0 
7fa930000000-7fa9307c0000 rw-p 00000000 00:00 0 
7fa9307c0000-7fa934000000 ---p 00000000 00:00 0 
7fa934000000-7fa934021000 rw-p 00000000 00:00 0 
7fa934021000-7fa938000000 ---p 00000000 00:00 0 
7fa938000000-7fa938021000 rw-p 00000000 00:00 0 
7fa938021000-7fa93c000000 ---p 00000000 00:00 0 
7fa93c000000-7fa93c021000 rw-p 00000000 00:00 0 
7fa93c021000-7fa940000000 ---p 00000000 00:00 0 
7fa940000000-7fa940021000 rw-p 00000000 00:00 0 
7fa940021000-7fa944000000 ---p 00000000 00:00 0 
7fa9469f0000-7fa9469f1000 ---p 00000000 00:00 0 
7fa9469f1000-7fa946af1000 rw-p 00000000 00:00 0                          [stack:17554]
7fa946af1000-7fa946af4000 ---p 00000000 00:00 0 
7fa946af4000-7fa946bf2000 rw-p 00000000 00:00 0                          [stack:17553]
7fa946bf2000-7fa946bf5000 ---p 00000000 00:00 0 
7fa946bf5000-7fa946cf3000 rw-p 00000000 00:00 0                          [stack:17552]
7fa946cf3000-7fa946cf6000 ---p 00000000 00:00 0 
7fa946cf6000-7fa946df4000 rw-p 00000000 00:00 0                          [stack:17551]
7fa946df4000-7fa946df7000 ---p 00000000 00:00 0 
7fa946df7000-7fa946ef5000 rw-p 00000000 00:00 0                          [stack:17550]
7fa946ef5000-7fa946ef8000 ---p 00000000 00:00 0 
7fa946ef8000-7fa946ff6000 rw-p 00000000 00:00 0                          [stack:17549]
7fa946ff6000-7fa9473f4000 r--p 00000000 08:03 1704955                    /usr/lib/locale/locale-archive
7fa9473f4000-7fa9473f7000 ---p 00000000 00:00 0 
7fa9473f7000-7fa9474f5000 rw-p 00000000 00:00 0                          [stack:17548]
7fa9474f5000-7fa9474f8000 ---p 00000000 00:00 0 
7fa9474f8000-7fa9475f6000 rw-p 00000000 00:00 0                          [stack:17547]
7fa9475f6000-7fa9475f7000 ---p 00000000 00:00 0 
7fa9475f7000-7fa948000000 rw-p 00000000 00:00 0                          [stack:17546]
7fa948000000-7fa948021000 rw-p 00000000 00:00 0 
7fa948021000-7fa94c000000 ---p 00000000 00:00 0 
7fa94c000000-7fa94c021000 rw-p 00000000 00:00 0 
7fa94c021000-7fa950000000 ---p 00000000 00:00 0 
7fa950000000-7fa950021000 rw-p 00000000 00:00 0 
7fa950021000-7fa954000000 ---p 00000000 00:00 0 
7fa954024000-7fa95462a000 rw-p 00000000 00:00 0 
7fa95462a000-7fa954800000 r--s 03caa000 08:03 1719620                    /usr/lib/jvm/java-8-oracle/jre/lib/rt.jar
7fa954800000-7fa954ec0000 rw-p 00000000 00:00 0 
7fa954ec0000-7fa955000000 ---p 00000000 00:00 0 
7fa955000000-7fa9556c0000 rwxp 00000000 00:00 0 
7fa9556c0000-7fa964000000 ---p 00000000 00:00 0 
7fa964000000-7fa96444f000 rw-p 00000000 00:00 0 
7fa96444f000-7fa968000000 ---p 00000000 00:00 0 
7fa9680fc000-7fa96a372000 rw-p 00000000 00:00 0 
7fa96a372000-7fa96a373000 ---p 00000000 00:00 0 
7fa96a373000-7fa96a473000 rw-p 00000000 00:00 0                          [stack:17545]
7fa96a473000-7fa96a474000 ---p 00000000 00:00 0 
7fa96a474000-7fa96a574000 rw-p 00000000 00:00 0                          [stack:17544]
7fa96a574000-7fa96a575000 ---p 00000000 00:00 0 
7fa96a575000-7fa96a675000 rw-p 00000000 00:00 0                          [stack:17543]
7fa96a675000-7fa96a676000 ---p 00000000 00:00 0 
7fa96a676000-7fa96a78b000 rw-p 00000000 00:00 0                          [stack:17542]
7fa96a78b000-7fa96a8cc000 ---p 00000000 00:00 0 
7fa96a8cc000-7fa96a8e1000 rw-p 00000000 00:00 0 
7fa96a8e1000-7fa96aa21000 ---p 00000000 00:00 0 
7fa96aa21000-7fa96aa43000 rw-p 00000000 00:00 0 
7fa96aa43000-7fa96aacc000 ---p 00000000 00:00 0 
7fa96aacc000-7fa96aae8000 rw-p 00000000 00:00 0 
7fa96aae8000-7fa96ae8d000 ---p 00000000 00:00 0 
7fa96ae8d000-7fa96aea7000 r-xp 00000000 08:03 1719386                    /usr/lib/jvm/java-8-oracle/jre/lib/amd64/libzip.so
7fa96aea7000-7fa96b0a7000 ---p 0001a000 08:03 1719386                    /usr/lib/jvm/java-8-oracle/jre/lib/amd64/libzip.so
7fa96b0a7000-7fa96b0a8000 rw-p 0001a000 08:03 1719386                    /usr/lib/jvm/java-8-oracle/jre/lib/amd64/libzip.so
7fa96b0a8000-7fa96b0b3000 r-xp 00000000 08:03 2103193                    /lib/x86_64-linux-gnu/libnss_files-2.19.so
7fa96b0b3000-7fa96b2b2000 ---p 0000b000 08:03 2103193                    /lib/x86_64-linux-gnu/libnss_files-2.19.so
7fa96b2b2000-7fa96b2b3000 r--p 0000a000 08:03 2103193                    /lib/x86_64-linux-gnu/libnss_files-2.19.so
7fa96b2b3000-7fa96b2b4000 rw-p 0000b000 08:03 2103193                    /lib/x86_64-linux-gnu/libnss_files-2.19.so
7fa96b2b4000-7fa96b2bf000 r-xp 00000000 08:03 2103194                    /lib/x86_64-linux-gnu/libnss_nis-2.19.so
7fa96b2bf000-7fa96b4be000 ---p 0000b000 08:03 2103194                    /lib/x86_64-linux-gnu/libnss_nis-2.19.so
7fa96b4be000-7fa96b4bf000 r--p 0000a000 08:03 2103194                    /lib/x86_64-linux-gnu/libnss_nis-2.19.so
7fa96b4bf000-7fa96b4c0000 rw-p 0000b000 08:03 2103194                    /lib/x86_64-linux-gnu/libnss_nis-2.19.so
7fa96b4c0000-7fa96b4d7000 r-xp 00000000 08:03 2102533                    /lib/x86_64-linux-gnu/libnsl-2.19.so
7fa96b4d7000-7fa96b6d6000 ---p 00017000 08:03 2102533                    /lib/x86_64-linux-gnu/libnsl-2.19.so
7fa96b6d6000-7fa96b6d7000 r--p 00016000 08:03 2102533                    /lib/x86_64-linux-gnu/libnsl-2.19.so
7fa96b6d7000-7fa96b6d8000 rw-p 00017000 08:03 2102533                    /lib/x86_64-linux-gnu/libnsl-2.19.so
7fa96b6d8000-7fa96b6da000 rw-p 00000000 00:00 0 
7fa96b6da000-7fa96b6e3000 r-xp 00000000 08:03 2102431                    /lib/x86_64-linux-gnu/libnss_compat-2.19.so
7fa96b6e3000-7fa96b8e2000 ---p 00009000 08:03 2102431                    /lib/x86_64-linux-gnu/libnss_compat-2.19.so
7fa96b8e2000-7fa96b8e3000 r--p 00008000 08:03 2102431                    /lib/x86_64-linux-gnu/libnss_compat-2.19.so
7fa96b8e3000-7fa96b8e4000 rw-p 00009000 08:03 2102431                    /lib/x86_64-linux-gnu/libnss_compat-2.19.so
7fa96b8e4000-7fa96b90e000 r-xp 00000000 08:03 1719352                    /usr/lib/jvm/java-8-oracle/jre/lib/amd64/libjava.so
7fa96b90e000-7fa96bb0e000 ---p 0002a000 08:03 1719352                    /usr/lib/jvm/java-8-oracle/jre/lib/amd64/libjava.so
7fa96bb0e000-7fa96bb10000 rw-p 0002a000 08:03 1719352                    /usr/lib/jvm/java-8-oracle/jre/lib/amd64/libjava.so
7fa96bb10000-7fa96bb1d000 r-xp 00000000 08:03 1719370                    /usr/lib/jvm/java-8-oracle/jre/lib/amd64/libverify.so
7fa96bb1d000-7fa96bd1d000 ---p 0000d000 08:03 1719370                    /usr/lib/jvm/java-8-oracle/jre/lib/amd64/libverify.so
7fa96bd1d000-7fa96bd1f000 rw-p 0000d000 08:03 1719370                    /usr/lib/jvm/java-8-oracle/jre/lib/amd64/libverify.so
7fa96bd1f000-7fa96bd26000 r-xp 00000000 08:03 2102576                    /lib/x86_64-linux-gnu/librt-2.19.so
7fa96bd26000-7fa96bf25000 ---p 00007000 08:03 2102576                    /lib/x86_64-linux-gnu/librt-2.19.so
7fa96bf25000-7fa96bf26000 r--p 00006000 08:03 2102576                    /lib/x86_64-linux-gnu/librt-2.19.so
7fa96bf26000-7fa96bf27000 rw-p 00007000 08:03 2102576                    /lib/x86_64-linux-gnu/librt-2.19.so
7fa96bf27000-7fa96c02c000 r-xp 00000000 08:03 2102682                    /lib/x86_64-linux-gnu/libm-2.19.so
7fa96c02c000-7fa96c22b000 ---p 00105000 08:03 2102682                    /lib/x86_64-linux-gnu/libm-2.19.so
7fa96c22b000-7fa96c22c000 r--p 00104000 08:03 2102682                    /lib/x86_64-linux-gnu/libm-2.19.so
7fa96c22c000-7fa96c22d000 rw-p 00105000 08:03 2102682                    /lib/x86_64-linux-gnu/libm-2.19.so
7fa96c22d000-7fa96ce9a000 r-xp 00000000 08:03 1719359                    /usr/lib/jvm/java-8-oracle/jre/lib/amd64/server/libjvm.so
7fa96ce9a000-7fa96d099000 ---p 00c6d000 08:03 1719359                    /usr/lib/jvm/java-8-oracle/jre/lib/amd64/server/libjvm.so
7fa96d099000-7fa96d16f000 rw-p 00c6c000 08:03 1719359                    /usr/lib/jvm/java-8-oracle/jre/lib/amd64/server/libjvm.so
7fa96d16f000-7fa96d1b2000 rw-p 00000000 00:00 0 
7fa96d1b2000-7fa96d36d000 r-xp 00000000 08:03 2102633                    /lib/x86_64-linux-gnu/libc-2.19.so
7fa96d36d000-7fa96d56d000 ---p 001bb000 08:03 2102633                    /lib/x86_64-linux-gnu/libc-2.19.so
7fa96d56d000-7fa96d571000 r--p 001bb000 08:03 2102633                    /lib/x86_64-linux-gnu/libc-2.19.so
7fa96d571000-7fa96d573000 rw-p 001bf000 08:03 2102633                    /lib/x86_64-linux-gnu/libc-2.19.so
7fa96d573000-7fa96d578000 rw-p 00000000 00:00 0 
7fa96d578000-7fa96d57b000 r-xp 00000000 08:03 2103199                    /lib/x86_64-linux-gnu/libdl-2.19.so
7fa96d57b000-7fa96d77a000 ---p 00003000 08:03 2103199                    /lib/x86_64-linux-gnu/libdl-2.19.so
7fa96d77a000-7fa96d77b000 r--p 00002000 08:03 2103199                    /lib/x86_64-linux-gnu/libdl-2.19.so
7fa96d77b000-7fa96d77c000 rw-p 00003000 08:03 2103199                    /lib/x86_64-linux-gnu/libdl-2.19.so
7fa96d77c000-7fa96d791000 r-xp 00000000 08:03 1719341                    /usr/lib/jvm/java-8-oracle/jre/lib/amd64/jli/libjli.so
7fa96d791000-7fa96d990000 ---p 00015000 08:03 1719341                    /usr/lib/jvm/java-8-oracle/jre/lib/amd64/jli/libjli.so
7fa96d990000-7fa96d991000 rw-p 00014000 08:03 1719341                    /usr/lib/jvm/java-8-oracle/jre/lib/amd64/jli/libjli.so
7fa96d991000-7fa96d9aa000 r-xp 00000000 08:03 2103200                    /lib/x86_64-linux-gnu/libpthread-2.19.so
7fa96d9aa000-7fa96dba9000 ---p 00019000 08:03 2103200                    /lib/x86_64-linux-gnu/libpthread-2.19.so
7fa96dba9000-7fa96dbaa000 r--p 00018000 08:03 2103200                    /lib/x86_64-linux-gnu/libpthread-2.19.so
7fa96dbaa000-7fa96dbab000 rw-p 00019000 08:03 2103200                    /lib/x86_64-linux-gnu/libpthread-2.19.so
7fa96dbab000-7fa96dbaf000 rw-p 00000000 00:00 0 
7fa96dbaf000-7fa96dbd2000 r-xp 00000000 08:03 2102634                    /lib/x86_64-linux-gnu/ld-2.19.so
7fa96dbe9000-7fa96dbf7000 r--s 000dc000 08:03 790900                     /opt/android-sdk-linux/build-tools/21.1.1/lib/dx.jar
7fa96dbf7000-7fa96dcb5000 rw-p 00000000 00:00 0 
7fa96dcb5000-7fa96dcb8000 ---p 00000000 00:00 0 
7fa96dcb8000-7fa96ddba000 rw-p 00000000 00:00 0                          [stack:17541]
7fa96ddc5000-7fa96ddcd000 rw-s 00000000 08:03 1842796                    /tmp/hsperfdata_sergio/17533
7fa96ddcd000-7fa96ddce000 rw-p 00000000 00:00 0 
7fa96ddce000-7fa96ddcf000 r--p 00000000 00:00 0 
7fa96ddcf000-7fa96ddd1000 rw-p 00000000 00:00 0 
7fa96ddd1000-7fa96ddd2000 r--p 00022000 08:03 2102634                    /lib/x86_64-linux-gnu/ld-2.19.so
7fa96ddd2000-7fa96ddd3000 rw-p 00023000 08:03 2102634                    /lib/x86_64-linux-gnu/ld-2.19.so
7fa96ddd3000-7fa96ddd4000 rw-p 00000000 00:00 0 
7fffe2bfb000-7fffe2c1c000 rw-p 00000000 00:00 0                          [stack]
7fffe2ce3000-7fffe2ce5000 r-xp 00000000 00:00 0                          [vdso]
ffffffffff600000-ffffffffff601000 r-xp 00000000 00:00 0                  [vsyscall]

VM Arguments:
jvm_args: -Xmx1024M 
java_command: /opt/android-sdk-linux/build-tools/21.1.1/lib/dx.jar --dex --output /home/sergio/IWEB/practica6/platforms/android/ant-build/classes.dex /home/sergio/IWEB/practica6/platforms/android/ant-build/classes /home/sergio/IWEB/practica6/platforms/android/ant-build/dexedLibs/classes-9deac6fcda1132d952c6977d1a2e02e7.jar
java_class_path (initial): /opt/android-sdk-linux/build-tools/21.1.1/lib/dx.jar
Launcher Type: SUN_STANDARD

Environment Variables:
JAVA_HOME=/usr/lib/jvm/java-8-oracle
PATH=/usr/local/sbin:/usr/local/bin:/usr/sbin:/usr/bin:/sbin:/bin:/usr/games:/usr/local/games:/opt/android-sdk-linux/tools:/opt/android-sdk-linux/platform-tools:/opt/android-sdk-linux/bin
SHELL=/bin/bash
DISPLAY=:0

Signal Handlers:
SIGSEGV: [libjvm.so+0xa79a80], sa_mask[0]=11111111011111111101111111111110, sa_flags=SA_RESTART|SA_SIGINFO
SIGBUS: [libjvm.so+0xa79a80], sa_mask[0]=11111111011111111101111111111110, sa_flags=SA_RESTART|SA_SIGINFO
SIGFPE: [libjvm.so+0x8e24e0], sa_mask[0]=11111111011111111101111111111110, sa_flags=SA_RESTART|SA_SIGINFO
SIGPIPE: [libjvm.so+0x8e24e0], sa_mask[0]=11111111011111111101111111111110, sa_flags=SA_RESTART|SA_SIGINFO
SIGXFSZ: [libjvm.so+0x8e24e0], sa_mask[0]=11111111011111111101111111111110, sa_flags=SA_RESTART|SA_SIGINFO
SIGILL: [libjvm.so+0x8e24e0], sa_mask[0]=11111111011111111101111111111110, sa_flags=SA_RESTART|SA_SIGINFO
SIGUSR1: SIG_DFL, sa_mask[0]=00000000000000000000000000000000, sa_flags=none
SIGUSR2: [libjvm.so+0x8e3d10], sa_mask[0]=00100000000000000000000000000000, sa_flags=SA_RESTART|SA_SIGINFO
SIGHUP: [libjvm.so+0x8e50d0], sa_mask[0]=11111111011111111101111111111110, sa_flags=SA_RESTART|SA_SIGINFO
SIGINT: [libjvm.so+0x8e50d0], sa_mask[0]=11111111011111111101111111111110, sa_flags=SA_RESTART|SA_SIGINFO
SIGTERM: [libjvm.so+0x8e50d0], sa_mask[0]=11111111011111111101111111111110, sa_flags=SA_RESTART|SA_SIGINFO
SIGQUIT: [libjvm.so+0x8e50d0], sa_mask[0]=11111111011111111101111111111110, sa_flags=SA_RESTART|SA_SIGINFO


---------------  S Y S T E M  ---------------

OS:DISTRIB_ID="elementary OS"
DISTRIB_RELEASE=0.3
DISTRIB_CODENAME=freya
DISTRIB_DESCRIPTION="elementary OS Freya"

uname:Linux 3.13.0-39-generic #66-Ubuntu SMP Tue Oct 28 13:30:27 UTC 2014 x86_64
libc:glibc 2.19 NPTL 2.19 
rlimit: STACK 8192k, CORE 0k, NPROC 31387, NOFILE 4096, AS infinity
load average:0,92 0,53 0,37

/proc/meminfo:
MemTotal:        4046980 kB
MemFree:          753376 kB
Buffers:          161080 kB
Cached:          1408428 kB
SwapCached:            4 kB
Active:          2029380 kB
Inactive:         946528 kB
Active(anon):    1270724 kB
Inactive(anon):   158220 kB
Active(file):     758656 kB
Inactive(file):   788308 kB
Unevictable:           0 kB
Mlocked:               0 kB
SwapTotal:       1771516 kB
SwapFree:        1771456 kB
Dirty:               464 kB
Writeback:             0 kB
AnonPages:       1406484 kB
Mapped:           258612 kB
Shmem:             22540 kB
Slab:             176400 kB
SReclaimable:     145392 kB
SUnreclaim:        31008 kB
KernelStack:        3936 kB
PageTables:        29584 kB
NFS_Unstable:          0 kB
Bounce:                0 kB
WritebackTmp:          0 kB
CommitLimit:     3795004 kB
Committed_AS:    4492872 kB
VmallocTotal:   34359738367 kB
VmallocUsed:      307312 kB
VmallocChunk:   34359425532 kB
HardwareCorrupted:     0 kB
AnonHugePages:    376832 kB
HugePages_Total:       0
HugePages_Free:        0
HugePages_Rsvd:        0
HugePages_Surp:        0
Hugepagesize:       2048 kB
DirectMap4k:      175040 kB
DirectMap2M:     4018176 kB


CPU:total 4 (4 cores per cpu, 1 threads per core) family 6 model 23 stepping 7, cmov, cx8, fxsr, mmx, sse, sse2, sse3, ssse3, sse4.1, tsc

/proc/cpuinfo:
processor	: 0
vendor_id	: GenuineIntel
cpu family	: 6
model		: 23
model name	: Intel(R) Core(TM)2 Quad  CPU   Q9550  @ 2.83GHz
stepping	: 7
microcode	: 0x705
cpu MHz		: 2834.000
cache size	: 6144 KB
physical id	: 0
siblings	: 4
core id		: 0
cpu cores	: 4
apicid		: 0
initial apicid	: 0
fpu		: yes
fpu_exception	: yes
cpuid level	: 10
wp		: yes
flags		: fpu vme de pse tsc msr pae mce cx8 apic sep mtrr pge mca cmov pat pse36 clflush dts acpi mmx fxsr sse sse2 ss ht tm pbe syscall nx lm constant_tsc arch_perfmon pebs bts rep_good nopl aperfmperf pni dtes64 monitor ds_cpl vmx smx est tm2 ssse3 cx16 xtpr pdcm sse4_1 lahf_lm dtherm tpr_shadow vnmi flexpriority
bogomips	: 5666.28
clflush size	: 64
cache_alignment	: 64
address sizes	: 36 bits physical, 48 bits virtual
power management:

processor	: 1
vendor_id	: GenuineIntel
cpu family	: 6
model		: 23
model name	: Intel(R) Core(TM)2 Quad  CPU   Q9550  @ 2.83GHz
stepping	: 7
microcode	: 0x705
cpu MHz		: 2834.000
cache size	: 6144 KB
physical id	: 0
siblings	: 4
core id		: 3
cpu cores	: 4
apicid		: 3
initial apicid	: 3
fpu		: yes
fpu_exception	: yes
cpuid level	: 10
wp		: yes
flags		: fpu vme de pse tsc msr pae mce cx8 apic sep mtrr pge mca cmov pat pse36 clflush dts acpi mmx fxsr sse sse2 ss ht tm pbe syscall nx lm constant_tsc arch_perfmon pebs bts rep_good nopl aperfmperf pni dtes64 monitor ds_cpl vmx smx est tm2 ssse3 cx16 xtpr pdcm sse4_1 lahf_lm dtherm tpr_shadow vnmi flexpriority
bogomips	: 5666.28
clflush size	: 64
cache_alignment	: 64
address sizes	: 36 bits physical, 48 bits virtual
power management:

processor	: 2
vendor_id	: GenuineIntel
cpu family	: 6
model		: 23
model name	: Intel(R) Core(TM)2 Quad  CPU   Q9550  @ 2.83GHz
stepping	: 7
microcode	: 0x705
cpu MHz		: 2834.000
cache size	: 6144 KB
physical id	: 0
siblings	: 4
core id		: 2
cpu cores	: 4
apicid		: 2
initial apicid	: 2
fpu		: yes
fpu_exception	: yes
cpuid level	: 10
wp		: yes
flags		: fpu vme de pse tsc msr pae mce cx8 apic sep mtrr pge mca cmov pat pse36 clflush dts acpi mmx fxsr sse sse2 ss ht tm pbe syscall nx lm constant_tsc arch_perfmon pebs bts rep_good nopl aperfmperf pni dtes64 monitor ds_cpl vmx smx est tm2 ssse3 cx16 xtpr pdcm sse4_1 lahf_lm dtherm tpr_shadow vnmi flexpriority
bogomips	: 5666.28
clflush size	: 64
cache_alignment	: 64
address sizes	: 36 bits physical, 48 bits virtual
power management:

processor	: 3
vendor_id	: GenuineIntel
cpu family	: 6
model		: 23
model name	: Intel(R) Core(TM)2 Quad  CPU   Q9550  @ 2.83GHz
stepping	: 7
microcode	: 0x705
cpu MHz		: 2834.000
cache size	: 6144 KB
physical id	: 0
siblings	: 4
core id		: 1
cpu cores	: 4
apicid		: 1
initial apicid	: 1
fpu		: yes
fpu_exception	: yes
cpuid level	: 10
wp		: yes
flags		: fpu vme de pse tsc msr pae mce cx8 apic sep mtrr pge mca cmov pat pse36 clflush dts acpi mmx fxsr sse sse2 ss ht tm pbe syscall nx lm constant_tsc arch_perfmon pebs bts rep_good nopl aperfmperf pni dtes64 monitor ds_cpl vmx smx est tm2 ssse3 cx16 xtpr pdcm sse4_1 lahf_lm dtherm tpr_shadow vnmi flexpriority
bogomips	: 5666.28
clflush size	: 64
cache_alignment	: 64
address sizes	: 36 bits physical, 48 bits virtual
power management:



Memory: 4k page, physical 4046980k(753376k free), swap 1771516k(1771456k free)

vm_info: Java HotSpot(TM) 64-Bit Server VM (25.25-b02) for linux-amd64 JRE (1.8.0_25-b17), built on Sep 17 2014 17:32:11 by "java_re" with gcc 4.3.0 20080428 (Red Hat 4.3.0-8)

time: Wed Nov 26 16:18:37 2014
elapsed time: 21 seconds (0d 0h 0m 21s)

