#
# A fatal error has been detected by the Java Runtime Environment:
#
#  SIGSEGV (0xb) at pc=0x00007f79f2005060, pid=18128, tid=140163172722432
#
# JRE version: Java(TM) SE Runtime Environment (8.0_25-b17) (build 1.8.0_25-b17)
# Java VM: Java HotSpot(TM) 64-Bit Server VM (25.25-b02 mixed mode linux-amd64 compressed oops)
# Problematic frame:
# C  0x00007f79f2005060
#
# Failed to write core dump. Core dumps have been disabled. To enable core dumping, try "ulimit -c unlimited" before starting Java again
#
# If you would like to submit a bug report, please visit:
#   http://bugreport.sun.com/bugreport/crash.jsp
#

---------------  T H R E A D  ---------------

Current thread (0x00007f7a4000a000):  JavaThread "main" [_thread_in_Java, id=18136, stack(0x00007f7a480ee000,0x00007f7a481ef000)]

siginfo: si_signo: 11 (SIGSEGV), si_code: 1 (SEGV_MAPERR), si_addr: 0x00007f79f2005060

Registers:
RAX=0x00007f7a2eedfb80, RBX=0x00007f7a2eedfb80, RCX=0x00000000eae8f828, RDX=0x0000000000500001
RSP=0x00007f7a481ed178, RBP=0x00007f7a481ed1d8, RSI=0x00000000eae8f828, RDI=0x00000001000a4280
R8 =0x0000000000000000, R9 =0x0000000000000000, R10=0x00007f7a475c1440, R11=0x00007f7a31763920
R12=0x0000000000000000, R13=0x00007f7a481ed190, R14=0x00007f7a481ed208, R15=0x00007f7a4000a000
RIP=0x00007f79f2005060, EFLAGS=0x0000000000010202, CSGSFS=0x0000000000000033, ERR=0x0000000000000014
  TRAPNO=0x000000000000000e

Top of Stack: (sp=0x00007f7a481ed178)
0x00007f7a481ed178:   00007f7a31007160 00000000eae8fb20
0x00007f7a481ed188:   00007f7a31007160 00000000eae8f828
0x00007f7a481ed198:   00007f7a481ed198 00007f7a2eedcf2a
0x00007f7a481ed1a8:   00007f7a481ed208 00007f7a2eedf2c8
0x00007f7a481ed1b8:   00007f7a2ef0f1f0 00007f7a2eedcfa8
0x00007f7a481ed1c8:   00007f7a481ed190 00007f7a481ed210
0x00007f7a481ed1d8:   00007f7a481ed370 00007f7a317839c4
0x00007f7a481ed1e8:   0000000000000000 00000000eae8f828
0x00007f7a481ed1f8:   00000000eae8f758 0000000000000030
0x00007f7a481ed208:   00000000eae8f650 00007f7a481ed260
0x00007f7a481ed218:   00007f7a46cbecfb 00007f7a481ed2c0
0x00007f7a481ed228:   00007f7a3178777c 00000000c1073058
0x00007f7a481ed238:   00007f7a3176a694 0000000000000002
0x00007f7a481ed248:   0000000000000004 00007f7a481ed2c0
0x00007f7a481ed258:   00007f7a3100798d 00007f7a481ed2c0
0x00007f7a481ed268:   00007f7a3100798d 0000000000000000
0x00007f7a481ed278:   00000000c1073058 00007f7a481ed280
0x00007f7a481ed288:   00007f7a2eea48d3 00007f7a481ed328
0x00007f7a481ed298:   00007f7a2eea5c00 0000000000000000
0x00007f7a481ed2a8:   00007f7a2eea4a88 0000000000000000
0x00007f7a481ed2b8:   00007f7a481ed318 00000000c11208d8
0x00007f7a481ed2c8:   00007f7a3100798d 0000000000000000
0x00007f7a481ed2d8:   0000000000000000 0000000000000000
0x00007f7a481ed2e8:   0000000000000000 0000000000000000
0x00007f7a481ed2f8:   0000000000000693 00007f7a481ed370
0x00007f7a481ed308:   00007f7a31007710 00007f7a481ed370
0x00007f7a481ed318:   00007f7a31007710 00000000eae8f650
0x00007f7a481ed328:   00000000c11208d8 00007f7a481ed330
0x00007f7a481ed338:   00007f7a2eea4424 00007f7a481ed3d8
0x00007f7a481ed348:   00007f7a2eea5c00 0000000000000000
0x00007f7a481ed358:   00007f7a2eea4538 00007f7a481ed320
0x00007f7a481ed368:   00007f7a481ed3c0 00007f7a481ed420 

Instructions: (pc=0x00007f79f2005060)
0x00007f79f2005040:   
[error occurred during error reporting (printing registers, top of stack, instructions near pc), id 0xb]

Register to memory mapping:

RAX={method} {0x00007f7a2eedfb80} 'hasMore' '()Z' in 'com/android/dx/io/instructions/ShortArrayCodeInput'
RBX={method} {0x00007f7a2eedfb80} 'hasMore' '()Z' in 'com/android/dx/io/instructions/ShortArrayCodeInput'
RCX=0x00000000eae8f828 is an oop
com.android.dx.io.instructions.ShortArrayCodeInput 
 - klass: 'com/android/dx/io/instructions/ShortArrayCodeInput'
RDX=0x0000000000500001 is an unknown value
RSP=0x00007f7a481ed178 is pointing into the stack for thread: 0x00007f7a4000a000
RBP=0x00007f7a481ed1d8 is pointing into the stack for thread: 0x00007f7a4000a000
RSI=0x00000000eae8f828 is an oop
com.android.dx.io.instructions.ShortArrayCodeInput 
 - klass: 'com/android/dx/io/instructions/ShortArrayCodeInput'
RDI=0x00000001000a4280 is pointing into metadata
R8 =0x0000000000000000 is an unknown value
R9 =0x0000000000000000 is an unknown value
R10=0x00007f7a475c1440: <offset 0xf5c440> in /usr/lib/jvm/java-8-oracle/jre/lib/amd64/server/libjvm.so at 0x00007f7a46665000
R11=0x00007f7a31763920 is at entry_point+32 in (nmethod*)0x00007f7a31763790
R12=0x0000000000000000 is an unknown value
R13=0x00007f7a481ed190 is pointing into the stack for thread: 0x00007f7a4000a000
R14=0x00007f7a481ed208 is pointing into the stack for thread: 0x00007f7a4000a000
R15=0x00007f7a4000a000 is a thread


Stack: [0x00007f7a480ee000,0x00007f7a481ef000],  sp=0x00007f7a481ed178,  free space=1020k
Native frames: (J=compiled Java code, j=interpreted, Vv=VM code, C=native code)
C  0x00007f79f2005060
J 2268 C1 com.android.dx.merge.InstructionTransformer.transform([S)[S (91 bytes) @ 0x00007f7a317839c4 [0x00007f7a31783940+0x84]
C  0x0000000000000000


---------------  P R O C E S S  ---------------

Java Threads: ( => current thread )
  0x00007f7a401a7800 JavaThread "Service Thread" daemon [_thread_blocked, id=18148, stack(0x00007f7a2cfee000,0x00007f7a2d0ef000)]
  0x00007f7a40177000 JavaThread "C1 CompilerThread2" daemon [_thread_in_native, id=18147, stack(0x00007f7a2d0ef000,0x00007f7a2d1f0000)]
  0x00007f7a40175800 JavaThread "C2 CompilerThread1" daemon [_thread_blocked, id=18146, stack(0x00007f7a2d1f0000,0x00007f7a2d2f1000)]
  0x00007f7a40172800 JavaThread "C2 CompilerThread0" daemon [_thread_blocked, id=18145, stack(0x00007f7a2d2f1000,0x00007f7a2d3f2000)]
  0x00007f7a40170800 JavaThread "Signal Dispatcher" daemon [_thread_blocked, id=18144, stack(0x00007f7a2d3f2000,0x00007f7a2d4f3000)]
  0x00007f7a40143000 JavaThread "Finalizer" daemon [_thread_blocked, id=18143, stack(0x00007f7a2d8f1000,0x00007f7a2d9f2000)]
  0x00007f7a40141000 JavaThread "Reference Handler" daemon [_thread_blocked, id=18142, stack(0x00007f7a2d9f2000,0x00007f7a2daf3000)]
=>0x00007f7a4000a000 JavaThread "main" [_thread_in_Java, id=18136, stack(0x00007f7a480ee000,0x00007f7a481ef000)]

Other Threads:
  0x00007f7a4013a000 VMThread [stack: 0x00007f7a2daf3000,0x00007f7a2dbf4000] [id=18141]
  0x00007f7a401a9000 WatcherThread [stack: 0x00007f7a2ceed000,0x00007f7a2cfee000] [id=18149]

VM state:not at safepoint (normal execution)

VM Mutex/Monitor currently owned by a thread: None

Heap:
 PSYoungGen      total 66048K, used 6417K [0x00000000eab00000, 0x00000000f3a00000, 0x0000000100000000)
  eden space 63488K, 6% used [0x00000000eab00000,0x00000000eaec9470,0x00000000ee900000)
  from space 2560K, 99% used [0x00000000ee900000,0x00000000eeb7b158,0x00000000eeb80000)
  to   space 9728K, 0% used [0x00000000f3080000,0x00000000f3080000,0x00000000f3a00000)
 ParOldGen       total 42496K, used 18827K [0x00000000c0000000, 0x00000000c2980000, 0x00000000eab00000)
  object space 42496K, 44% used [0x00000000c0000000,0x00000000c1262c20,0x00000000c2980000)
 Metaspace       used 7121K, capacity 7952K, committed 8192K, reserved 1056768K
  class space    used 677K, capacity 712K, committed 768K, reserved 1048576K

Card table byte_map: [0x00007f7a44d04000,0x00007f7a44f05000] byte_map_base: 0x00007f7a44704000

Marking Bits: (ParMarkBitMap*) 0x00007f7a475bf2c0
 Begin Bits: [0x00007f7a2f000000, 0x00007f7a30000000)
 End Bits:   [0x00007f7a30000000, 0x00007f7a31000000)

Polling page: 0x00007f7a48206000

CodeCache: size=245760Kb used=7716Kb max_used=7716Kb free=238043Kb
 bounds [0x00007f7a31000000, 0x00007f7a317a0000, 0x00007f7a40000000]
 total_blobs=2540 nmethods=2260 adapters=196
 compilation: enabled

Compilation events (10 events):
Event: 7,604 Thread 0x00007f7a40177000 2269       1       com.android.dx.io.instructions.ThreeRegisterDecodedInstruction::getA (5 bytes)
Event: 7,604 Thread 0x00007f7a40177000 nmethod 2269 0x00007f7a31786590 code [0x00007f7a317866e0, 0x00007f7a317867f0]
Event: 7,604 Thread 0x00007f7a40177000 2270       1       com.android.dx.io.instructions.ThreeRegisterDecodedInstruction::getB (5 bytes)
Event: 7,604 Thread 0x00007f7a40177000 nmethod 2270 0x00007f7a31789a90 code [0x00007f7a31789be0, 0x00007f7a31789cf0]
Event: 7,604 Thread 0x00007f7a40177000 2271       1       com.android.dx.io.instructions.ThreeRegisterDecodedInstruction::getC (5 bytes)
Event: 7,604 Thread 0x00007f7a40177000 nmethod 2271 0x00007f7a317897d0 code [0x00007f7a31789920, 0x00007f7a31789a30]
Event: 7,604 Thread 0x00007f7a40177000 2279       1       com.android.dex.Code$CatchHandler::getOffset (5 bytes)
Event: 7,604 Thread 0x00007f7a40177000 nmethod 2279 0x00007f7a31789510 code [0x00007f7a31789660, 0x00007f7a31789770]
Event: 7,604 Thread 0x00007f7a40177000 2281       3       com.android.dx.io.instructions.InstructionCodec$13::decode (43 bytes)
Event: 7,604 Thread 0x00007f7a40175800 nmethod 2282 0x00007f7a31789290 code [0x00007f7a317893e0, 0x00007f7a31789478]

GC Heap History (10 events):
Event: 0,442 GC heap before
{Heap before GC invocations=1 (full 0):
 PSYoungGen      total 18432K, used 15872K [0x00000000eab00000, 0x00000000ebf80000, 0x0000000100000000)
  eden space 15872K, 100% used [0x00000000eab00000,0x00000000eba80000,0x00000000eba80000)
  from space 2560K, 0% used [0x00000000ebd00000,0x00000000ebd00000,0x00000000ebf80000)
  to   space 2560K, 0% used [0x00000000eba80000,0x00000000eba80000,0x00000000ebd00000)
 ParOldGen       total 42496K, used 0K [0x00000000c0000000, 0x00000000c2980000, 0x00000000eab00000)
  object space 42496K, 0% used [0x00000000c0000000,0x00000000c0000000,0x00000000c2980000)
 Metaspace       used 5341K, capacity 6704K, committed 6784K, reserved 1056768K
  class space    used 540K, capacity 616K, committed 640K, reserved 1048576K
Event: 0,450 GC heap after
Heap after GC invocations=1 (full 0):
 PSYoungGen      total 18432K, used 2544K [0x00000000eab00000, 0x00000000ecf00000, 0x0000000100000000)
  eden space 15872K, 0% used [0x00000000eab00000,0x00000000eab00000,0x00000000eba80000)
  from space 2560K, 99% used [0x00000000eba80000,0x00000000ebcfc028,0x00000000ebd00000)
  to   space 2560K, 0% used [0x00000000ecc80000,0x00000000ecc80000,0x00000000ecf00000)
 ParOldGen       total 42496K, used 1446K [0x00000000c0000000, 0x00000000c2980000, 0x00000000eab00000)
  object space 42496K, 3% used [0x00000000c0000000,0x00000000c0169a30,0x00000000c2980000)
 Metaspace       used 5341K, capacity 6704K, committed 6784K, reserved 1056768K
  class space    used 540K, capacity 616K, committed 640K, reserved 1048576K
}
Event: 0,604 GC heap before
{Heap before GC invocations=2 (full 0):
 PSYoungGen      total 18432K, used 18416K [0x00000000eab00000, 0x00000000ecf00000, 0x0000000100000000)
  eden space 15872K, 100% used [0x00000000eab00000,0x00000000eba80000,0x00000000eba80000)
  from space 2560K, 99% used [0x00000000eba80000,0x00000000ebcfc028,0x00000000ebd00000)
  to   space 2560K, 0% used [0x00000000ecc80000,0x00000000ecc80000,0x00000000ecf00000)
 ParOldGen       total 42496K, used 1446K [0x00000000c0000000, 0x00000000c2980000, 0x00000000eab00000)
  object space 42496K, 3% used [0x00000000c0000000,0x00000000c0169a30,0x00000000c2980000)
 Metaspace       used 5551K, capacity 6896K, committed 7040K, reserved 1056768K
  class space    used 545K, capacity 616K, committed 640K, reserved 1048576K
Event: 0,616 GC heap after
Heap after GC invocations=2 (full 0):
 PSYoungGen      total 34304K, used 2552K [0x00000000eab00000, 0x00000000ecf00000, 0x0000000100000000)
  eden space 31744K, 0% used [0x00000000eab00000,0x00000000eab00000,0x00000000eca00000)
  from space 2560K, 99% used [0x00000000ecc80000,0x00000000ecefe338,0x00000000ecf00000)
  to   space 2560K, 0% used [0x00000000eca00000,0x00000000eca00000,0x00000000ecc80000)
 ParOldGen       total 42496K, used 3609K [0x00000000c0000000, 0x00000000c2980000, 0x00000000eab00000)
  object space 42496K, 8% used [0x00000000c0000000,0x00000000c03866e8,0x00000000c2980000)
 Metaspace       used 5551K, capacity 6896K, committed 7040K, reserved 1056768K
  class space    used 545K, capacity 616K, committed 640K, reserved 1048576K
}
Event: 0,807 GC heap before
{Heap before GC invocations=3 (full 0):
 PSYoungGen      total 34304K, used 34296K [0x00000000eab00000, 0x00000000ecf00000, 0x0000000100000000)
  eden space 31744K, 100% used [0x00000000eab00000,0x00000000eca00000,0x00000000eca00000)
  from space 2560K, 99% used [0x00000000ecc80000,0x00000000ecefe338,0x00000000ecf00000)
  to   space 2560K, 0% used [0x00000000eca00000,0x00000000eca00000,0x00000000ecc80000)
 ParOldGen       total 42496K, used 3609K [0x00000000c0000000, 0x00000000c2980000, 0x00000000eab00000)
  object space 42496K, 8% used [0x00000000c0000000,0x00000000c03866e8,0x00000000c2980000)
 Metaspace       used 5631K, capacity 6960K, committed 7040K, reserved 1056768K
  class space    used 546K, capacity 616K, committed 640K, reserved 1048576K
Event: 0,819 GC heap after
Heap after GC invocations=3 (full 0):
 PSYoungGen      total 34304K, used 2528K [0x00000000eab00000, 0x00000000eee00000, 0x0000000100000000)
  eden space 31744K, 0% used [0x00000000eab00000,0x00000000eab00000,0x00000000eca00000)
  from space 2560K, 98% used [0x00000000eca00000,0x00000000ecc78028,0x00000000ecc80000)
  to   space 2560K, 0% used [0x00000000eeb80000,0x00000000eeb80000,0x00000000eee00000)
 ParOldGen       total 42496K, used 8234K [0x00000000c0000000, 0x00000000c2980000, 0x00000000eab00000)
  object space 42496K, 19% used [0x00000000c0000000,0x00000000c080a810,0x00000000c2980000)
 Metaspace       used 5631K, capacity 6960K, committed 7040K, reserved 1056768K
  class space    used 546K, capacity 616K, committed 640K, reserved 1048576K
}
Event: 0,999 GC heap before
{Heap before GC invocations=4 (full 0):
 PSYoungGen      total 34304K, used 34272K [0x00000000eab00000, 0x00000000eee00000, 0x0000000100000000)
  eden space 31744K, 100% used [0x00000000eab00000,0x00000000eca00000,0x00000000eca00000)
  from space 2560K, 98% used [0x00000000eca00000,0x00000000ecc78028,0x00000000ecc80000)
  to   space 2560K, 0% used [0x00000000eeb80000,0x00000000eeb80000,0x00000000eee00000)
 ParOldGen       total 42496K, used 8234K [0x00000000c0000000, 0x00000000c2980000, 0x00000000eab00000)
  object space 42496K, 19% used [0x00000000c0000000,0x00000000c080a810,0x00000000c2980000)
 Metaspace       used 5680K, capacity 6960K, committed 7040K, reserved 1056768K
  class space    used 548K, capacity 616K, committed 640K, reserved 1048576K
Event: 1,018 GC heap after
Heap after GC invocations=4 (full 0):
 PSYoungGen      total 66048K, used 2538K [0x00000000eab00000, 0x00000000eee00000, 0x0000000100000000)
  eden space 63488K, 0% used [0x00000000eab00000,0x00000000eab00000,0x00000000ee900000)
  from space 2560K, 99% used [0x00000000eeb80000,0x00000000eedfa910,0x00000000eee00000)
  to   space 2560K, 0% used [0x00000000ee900000,0x00000000ee900000,0x00000000eeb80000)
 ParOldGen       total 42496K, used 13623K [0x00000000c0000000, 0x00000000c2980000, 0x00000000eab00000)
  object space 42496K, 32% used [0x00000000c0000000,0x00000000c0d4dd18,0x00000000c2980000)
 Metaspace       used 5680K, capacity 6960K, committed 7040K, reserved 1056768K
  class space    used 548K, capacity 616K, committed 640K, reserved 1048576K
}
Event: 1,538 GC heap before
{Heap before GC invocations=5 (full 0):
 PSYoungGen      total 66048K, used 66026K [0x00000000eab00000, 0x00000000eee00000, 0x0000000100000000)
  eden space 63488K, 100% used [0x00000000eab00000,0x00000000ee900000,0x00000000ee900000)
  from space 2560K, 99% used [0x00000000eeb80000,0x00000000eedfa910,0x00000000eee00000)
  to   space 2560K, 0% used [0x00000000ee900000,0x00000000ee900000,0x00000000eeb80000)
 ParOldGen       total 42496K, used 13623K [0x00000000c0000000, 0x00000000c2980000, 0x00000000eab00000)
  object space 42496K, 32% used [0x00000000c0000000,0x00000000c0d4dd18,0x00000000c2980000)
 Metaspace       used 6685K, capacity 7568K, committed 7936K, reserved 1056768K
  class space    used 626K, capacity 648K, committed 768K, reserved 1048576K
Event: 1,555 GC heap after
Heap after GC invocations=5 (full 0):
 PSYoungGen      total 66048K, used 2540K [0x00000000eab00000, 0x00000000f3a00000, 0x0000000100000000)
  eden space 63488K, 0% used [0x00000000eab00000,0x00000000eab00000,0x00000000ee900000)
  from space 2560K, 99% used [0x00000000ee900000,0x00000000eeb7b158,0x00000000eeb80000)
  to   space 9728K, 0% used [0x00000000f3080000,0x00000000f3080000,0x00000000f3a00000)
 ParOldGen       total 42496K, used 18827K [0x00000000c0000000, 0x00000000c2980000, 0x00000000eab00000)
  object space 42496K, 44% used [0x00000000c0000000,0x00000000c1262c20,0x00000000c2980000)
 Metaspace       used 6685K, capacity 7568K, committed 7936K, reserved 1056768K
  class space    used 626K, capacity 648K, committed 768K, reserved 1048576K
}

Deoptimization events (10 events):
Event: 1,384 Thread 0x00007f7a4000a000 Uncommon trap: reason=class_check action=maybe_recompile pc=0x00007f7a313e8b40 method=java.util.Arrays.equals([Ljava/lang/Object;[Ljava/lang/Object;)Z @ 62
Event: 1,384 Thread 0x00007f7a4000a000 Uncommon trap: reason=speculate_class_check action=maybe_recompile pc=0x00007f7a3145bf54 method=com.android.dx.util.FixedSizeList.equals(Ljava/lang/Object;)Z @ 25
Event: 1,384 Thread 0x00007f7a4000a000 Uncommon trap: reason=class_check action=maybe_recompile pc=0x00007f7a313e8b40 method=java.util.Arrays.equals([Ljava/lang/Object;[Ljava/lang/Object;)Z @ 62
Event: 1,384 Thread 0x00007f7a4000a000 Uncommon trap: reason=speculate_class_check action=maybe_recompile pc=0x00007f7a3145bf54 method=com.android.dx.util.FixedSizeList.equals(Ljava/lang/Object;)Z @ 25
Event: 1,384 Thread 0x00007f7a4000a000 Uncommon trap: reason=class_check action=maybe_recompile pc=0x00007f7a313e8b40 method=java.util.Arrays.equals([Ljava/lang/Object;[Ljava/lang/Object;)Z @ 62
Event: 1,503 Thread 0x00007f7a4000a000 Uncommon trap: reason=unreached action=reinterpret pc=0x00007f7a31363354 method=java.util.Arrays.copyOf([Ljava/lang/Object;ILjava/lang/Class;)[Ljava/lang/Object; @ 3
Event: 1,505 Thread 0x00007f7a4000a000 Uncommon trap: reason=class_check action=maybe_recompile pc=0x00007f7a31639eec method=java.util.HashMap.putVal(ILjava/lang/Object;Ljava/lang/Object;ZZ)Ljava/lang/Object; @ 56
Event: 1,505 Thread 0x00007f7a4000a000 Uncommon trap: reason=class_check action=maybe_recompile pc=0x00007f7a31639eec method=java.util.HashMap.putVal(ILjava/lang/Object;Ljava/lang/Object;ZZ)Ljava/lang/Object; @ 56
Event: 7,556 Thread 0x00007f7a4000a000 Uncommon trap: reason=predicate action=maybe_recompile pc=0x00007f7a31745b04 method=com.android.dex.Leb128.readUnsignedLeb128(Lcom/android/dex/util/ByteInput;)I @ 41
Event: 7,560 Thread 0x00007f7a4000a000 Uncommon trap: reason=unreached action=reinterpret pc=0x00007f7a316da63c method=java.util.HashMap.putVal(ILjava/lang/Object;Ljava/lang/Object;ZZ)Ljava/lang/Object; @ 109

Internal exceptions (10 events):
Event: 7,578 Thread 0x00007f7a4000a000 Exception <a 'java/security/PrivilegedActionException'> (0x00000000ead75fd0) thrown at [/HUDSON/workspace/8-2-build-linux-amd64/jdk8u25/1514/hotspot/src/share/vm/prims/jvm.cpp, line 1312]
Event: 7,579 Thread 0x00007f7a4000a000 Exception <a 'java/security/PrivilegedActionException'> (0x00000000ead790c0) thrown at [/HUDSON/workspace/8-2-build-linux-amd64/jdk8u25/1514/hotspot/src/share/vm/prims/jvm.cpp, line 1312]
Event: 7,579 Thread 0x00007f7a4000a000 Exception <a 'java/security/PrivilegedActionException'> (0x00000000ead7c498) thrown at [/HUDSON/workspace/8-2-build-linux-amd64/jdk8u25/1514/hotspot/src/share/vm/prims/jvm.cpp, line 1312]
Event: 7,579 Thread 0x00007f7a4000a000 Exception <a 'java/security/PrivilegedActionException'> (0x00000000ead7f9c0) thrown at [/HUDSON/workspace/8-2-build-linux-amd64/jdk8u25/1514/hotspot/src/share/vm/prims/jvm.cpp, line 1312]
Event: 7,580 Thread 0x00007f7a4000a000 Exception <a 'java/security/PrivilegedActionException'> (0x00000000ead84e60) thrown at [/HUDSON/workspace/8-2-build-linux-amd64/jdk8u25/1514/hotspot/src/share/vm/prims/jvm.cpp, line 1312]
Event: 7,581 Thread 0x00007f7a4000a000 Exception <a 'java/security/PrivilegedActionException'> (0x00000000ead87d98) thrown at [/HUDSON/workspace/8-2-build-linux-amd64/jdk8u25/1514/hotspot/src/share/vm/prims/jvm.cpp, line 1312]
Event: 7,581 Thread 0x00007f7a4000a000 Exception <a 'java/security/PrivilegedActionException'> (0x00000000ead8ae90) thrown at [/HUDSON/workspace/8-2-build-linux-amd64/jdk8u25/1514/hotspot/src/share/vm/prims/jvm.cpp, line 1312]
Event: 7,581 Thread 0x00007f7a4000a000 Exception <a 'java/security/PrivilegedActionException'> (0x00000000ead8e3c0) thrown at [/HUDSON/workspace/8-2-build-linux-amd64/jdk8u25/1514/hotspot/src/share/vm/prims/jvm.cpp, line 1312]
Event: 7,584 Thread 0x00007f7a4000a000 Exception <a 'java/security/PrivilegedActionException'> (0x00000000eadd59f8) thrown at [/HUDSON/workspace/8-2-build-linux-amd64/jdk8u25/1514/hotspot/src/share/vm/prims/jvm.cpp, line 1312]
Event: 7,584 Thread 0x00007f7a4000a000 Exception <a 'java/security/PrivilegedActionException'> (0x00000000eadd7c50) thrown at [/HUDSON/workspace/8-2-build-linux-amd64/jdk8u25/1514/hotspot/src/share/vm/prims/jvm.cpp, line 1312]

Events (10 events):
Event: 7,581 loading class com/android/dx/io/instructions/SparseSwitchPayloadDecodedInstruction
Event: 7,581 loading class com/android/dx/io/instructions/SparseSwitchPayloadDecodedInstruction done
Event: 7,581 loading class com/android/dx/io/instructions/FillArrayDataPayloadDecodedInstruction
Event: 7,581 loading class com/android/dx/io/instructions/FillArrayDataPayloadDecodedInstruction done
Event: 7,581 loading class com/android/dx/io/IndexType
Event: 7,581 loading class com/android/dx/io/IndexType done
Event: 7,584 loading class com/android/dx/io/CodeReader$1
Event: 7,584 loading class com/android/dx/io/CodeReader$1 done
Event: 7,584 loading class com/android/dx/io/instructions/ShortArrayCodeOutput
Event: 7,584 loading class com/android/dx/io/instructions/ShortArrayCodeOutput done


Dynamic libraries:
00400000-00401000 r-xp 00000000 08:03 1719663                            /usr/lib/jvm/java-8-oracle/jre/bin/java
00600000-00601000 rw-p 00000000 08:03 1719663                            /usr/lib/jvm/java-8-oracle/jre/bin/java
01f4f000-01f70000 rw-p 00000000 00:00 0                                  [heap]
c0000000-c2980000 rw-p 00000000 00:00 0 
c2980000-eab00000 ---p 00000000 00:00 0 
eab00000-f3a00000 rw-p 00000000 00:00 0 
f3a00000-100000000 ---p 00000000 00:00 0 
100000000-1000c0000 rw-p 00000000 00:00 0 
1000c0000-140000000 ---p 00000000 00:00 0 
7f79f8000000-7f79f8021000 rw-p 00000000 00:00 0 
7f79f8021000-7f79fc000000 ---p 00000000 00:00 0 
7f79fc000000-7f79fc021000 rw-p 00000000 00:00 0 
7f79fc021000-7f7a00000000 ---p 00000000 00:00 0 
7f7a00000000-7f7a0086a000 rw-p 00000000 00:00 0 
7f7a0086a000-7f7a04000000 ---p 00000000 00:00 0 
7f7a04000000-7f7a0473f000 rw-p 00000000 00:00 0 
7f7a0473f000-7f7a08000000 ---p 00000000 00:00 0 
7f7a08000000-7f7a08021000 rw-p 00000000 00:00 0 
7f7a08021000-7f7a0c000000 ---p 00000000 00:00 0 
7f7a0c000000-7f7a0c809000 rw-p 00000000 00:00 0 
7f7a0c809000-7f7a10000000 ---p 00000000 00:00 0 
7f7a10000000-7f7a10021000 rw-p 00000000 00:00 0 
7f7a10021000-7f7a14000000 ---p 00000000 00:00 0 
7f7a14000000-7f7a14021000 rw-p 00000000 00:00 0 
7f7a14021000-7f7a18000000 ---p 00000000 00:00 0 
7f7a18000000-7f7a18021000 rw-p 00000000 00:00 0 
7f7a18021000-7f7a1c000000 ---p 00000000 00:00 0 
7f7a1c000000-7f7a1c021000 rw-p 00000000 00:00 0 
7f7a1c021000-7f7a20000000 ---p 00000000 00:00 0 
7f7a20000000-7f7a20021000 rw-p 00000000 00:00 0 
7f7a20021000-7f7a24000000 ---p 00000000 00:00 0 
7f7a24000000-7f7a24021000 rw-p 00000000 00:00 0 
7f7a24021000-7f7a28000000 ---p 00000000 00:00 0 
7f7a28000000-7f7a28021000 rw-p 00000000 00:00 0 
7f7a28021000-7f7a2c000000 ---p 00000000 00:00 0 
7f7a2ceed000-7f7a2ceee000 ---p 00000000 00:00 0 
7f7a2ceee000-7f7a2cfee000 rw-p 00000000 00:00 0                          [stack:18149]
7f7a2cfee000-7f7a2cff1000 ---p 00000000 00:00 0 
7f7a2cff1000-7f7a2d0ef000 rw-p 00000000 00:00 0                          [stack:18148]
7f7a2d0ef000-7f7a2d0f2000 ---p 00000000 00:00 0 
7f7a2d0f2000-7f7a2d1f0000 rw-p 00000000 00:00 0                          [stack:18147]
7f7a2d1f0000-7f7a2d1f3000 ---p 00000000 00:00 0 
7f7a2d1f3000-7f7a2d2f1000 rw-p 00000000 00:00 0                          [stack:18146]
7f7a2d2f1000-7f7a2d2f4000 ---p 00000000 00:00 0 
7f7a2d2f4000-7f7a2d3f2000 rw-p 00000000 00:00 0                          [stack:18145]
7f7a2d3f2000-7f7a2d3f5000 ---p 00000000 00:00 0 
7f7a2d3f5000-7f7a2d4f3000 rw-p 00000000 00:00 0                          [stack:18144]
7f7a2d4f3000-7f7a2d8f1000 r--p 00000000 08:03 1704955                    /usr/lib/locale/locale-archive
7f7a2d8f1000-7f7a2d8f4000 ---p 00000000 00:00 0 
7f7a2d8f4000-7f7a2d9f2000 rw-p 00000000 00:00 0                          [stack:18143]
7f7a2d9f2000-7f7a2d9f5000 ---p 00000000 00:00 0 
7f7a2d9f5000-7f7a2daf3000 rw-p 00000000 00:00 0                          [stack:18142]
7f7a2daf3000-7f7a2daf4000 ---p 00000000 00:00 0 
7f7a2daf4000-7f7a2ef40000 rw-p 00000000 00:00 0                          [stack:18141]
7f7a2ef40000-7f7a2f000000 ---p 00000000 00:00 0 
7f7a2f000000-7f7a31000000 rw-p 00000000 00:00 0 
7f7a31000000-7f7a317a0000 rwxp 00000000 00:00 0 
7f7a317a0000-7f7a40000000 ---p 00000000 00:00 0 
7f7a40000000-7f7a40470000 rw-p 00000000 00:00 0 
7f7a40470000-7f7a44000000 ---p 00000000 00:00 0 
7f7a4405b000-7f7a4435e000 rw-p 00000000 00:00 0 
7f7a4435e000-7f7a44534000 r--s 03caa000 08:03 1719620                    /usr/lib/jvm/java-8-oracle/jre/lib/rt.jar
7f7a44534000-7f7a447aa000 rw-p 00000000 00:00 0 
7f7a447aa000-7f7a447ab000 ---p 00000000 00:00 0 
7f7a447ab000-7f7a448ab000 rw-p 00000000 00:00 0                          [stack:18140]
7f7a448ab000-7f7a448ac000 ---p 00000000 00:00 0 
7f7a448ac000-7f7a449ac000 rw-p 00000000 00:00 0                          [stack:18139]
7f7a449ac000-7f7a449ad000 ---p 00000000 00:00 0 
7f7a449ad000-7f7a44aad000 rw-p 00000000 00:00 0                          [stack:18138]
7f7a44aad000-7f7a44aae000 ---p 00000000 00:00 0 
7f7a44aae000-7f7a44bc3000 rw-p 00000000 00:00 0                          [stack:18137]
7f7a44bc3000-7f7a44d04000 ---p 00000000 00:00 0 
7f7a44d04000-7f7a44d19000 rw-p 00000000 00:00 0 
7f7a44d19000-7f7a44e59000 ---p 00000000 00:00 0 
7f7a44e59000-7f7a44ea1000 rw-p 00000000 00:00 0 
7f7a44ea1000-7f7a44f04000 ---p 00000000 00:00 0 
7f7a44f04000-7f7a44f24000 rw-p 00000000 00:00 0 
7f7a44f24000-7f7a452c5000 ---p 00000000 00:00 0 
7f7a452c5000-7f7a452df000 r-xp 00000000 08:03 1719386                    /usr/lib/jvm/java-8-oracle/jre/lib/amd64/libzip.so
7f7a452df000-7f7a454df000 ---p 0001a000 08:03 1719386                    /usr/lib/jvm/java-8-oracle/jre/lib/amd64/libzip.so
7f7a454df000-7f7a454e0000 rw-p 0001a000 08:03 1719386                    /usr/lib/jvm/java-8-oracle/jre/lib/amd64/libzip.so
7f7a454e0000-7f7a454eb000 r-xp 00000000 08:03 2103193                    /lib/x86_64-linux-gnu/libnss_files-2.19.so
7f7a454eb000-7f7a456ea000 ---p 0000b000 08:03 2103193                    /lib/x86_64-linux-gnu/libnss_files-2.19.so
7f7a456ea000-7f7a456eb000 r--p 0000a000 08:03 2103193                    /lib/x86_64-linux-gnu/libnss_files-2.19.so
7f7a456eb000-7f7a456ec000 rw-p 0000b000 08:03 2103193                    /lib/x86_64-linux-gnu/libnss_files-2.19.so
7f7a456ec000-7f7a456f7000 r-xp 00000000 08:03 2103194                    /lib/x86_64-linux-gnu/libnss_nis-2.19.so
7f7a456f7000-7f7a458f6000 ---p 0000b000 08:03 2103194                    /lib/x86_64-linux-gnu/libnss_nis-2.19.so
7f7a458f6000-7f7a458f7000 r--p 0000a000 08:03 2103194                    /lib/x86_64-linux-gnu/libnss_nis-2.19.so
7f7a458f7000-7f7a458f8000 rw-p 0000b000 08:03 2103194                    /lib/x86_64-linux-gnu/libnss_nis-2.19.so
7f7a458f8000-7f7a4590f000 r-xp 00000000 08:03 2102533                    /lib/x86_64-linux-gnu/libnsl-2.19.so
7f7a4590f000-7f7a45b0e000 ---p 00017000 08:03 2102533                    /lib/x86_64-linux-gnu/libnsl-2.19.so
7f7a45b0e000-7f7a45b0f000 r--p 00016000 08:03 2102533                    /lib/x86_64-linux-gnu/libnsl-2.19.so
7f7a45b0f000-7f7a45b10000 rw-p 00017000 08:03 2102533                    /lib/x86_64-linux-gnu/libnsl-2.19.so
7f7a45b10000-7f7a45b12000 rw-p 00000000 00:00 0 
7f7a45b12000-7f7a45b1b000 r-xp 00000000 08:03 2102431                    /lib/x86_64-linux-gnu/libnss_compat-2.19.so
7f7a45b1b000-7f7a45d1a000 ---p 00009000 08:03 2102431                    /lib/x86_64-linux-gnu/libnss_compat-2.19.so
7f7a45d1a000-7f7a45d1b000 r--p 00008000 08:03 2102431                    /lib/x86_64-linux-gnu/libnss_compat-2.19.so
7f7a45d1b000-7f7a45d1c000 rw-p 00009000 08:03 2102431                    /lib/x86_64-linux-gnu/libnss_compat-2.19.so
7f7a45d1c000-7f7a45d46000 r-xp 00000000 08:03 1719352                    /usr/lib/jvm/java-8-oracle/jre/lib/amd64/libjava.so
7f7a45d46000-7f7a45f46000 ---p 0002a000 08:03 1719352                    /usr/lib/jvm/java-8-oracle/jre/lib/amd64/libjava.so
7f7a45f46000-7f7a45f48000 rw-p 0002a000 08:03 1719352                    /usr/lib/jvm/java-8-oracle/jre/lib/amd64/libjava.so
7f7a45f48000-7f7a45f55000 r-xp 00000000 08:03 1719370                    /usr/lib/jvm/java-8-oracle/jre/lib/amd64/libverify.so
7f7a45f55000-7f7a46155000 ---p 0000d000 08:03 1719370                    /usr/lib/jvm/java-8-oracle/jre/lib/amd64/libverify.so
7f7a46155000-7f7a46157000 rw-p 0000d000 08:03 1719370                    /usr/lib/jvm/java-8-oracle/jre/lib/amd64/libverify.so
7f7a46157000-7f7a4615e000 r-xp 00000000 08:03 2102576                    /lib/x86_64-linux-gnu/librt-2.19.so
7f7a4615e000-7f7a4635d000 ---p 00007000 08:03 2102576                    /lib/x86_64-linux-gnu/librt-2.19.so
7f7a4635d000-7f7a4635e000 r--p 00006000 08:03 2102576                    /lib/x86_64-linux-gnu/librt-2.19.so
7f7a4635e000-7f7a4635f000 rw-p 00007000 08:03 2102576                    /lib/x86_64-linux-gnu/librt-2.19.so
7f7a4635f000-7f7a46464000 r-xp 00000000 08:03 2102682                    /lib/x86_64-linux-gnu/libm-2.19.so
7f7a46464000-7f7a46663000 ---p 00105000 08:03 2102682                    /lib/x86_64-linux-gnu/libm-2.19.so
7f7a46663000-7f7a46664000 r--p 00104000 08:03 2102682                    /lib/x86_64-linux-gnu/libm-2.19.so
7f7a46664000-7f7a46665000 rw-p 00105000 08:03 2102682                    /lib/x86_64-linux-gnu/libm-2.19.so
7f7a46665000-7f7a472d2000 r-xp 00000000 08:03 1719359                    /usr/lib/jvm/java-8-oracle/jre/lib/amd64/server/libjvm.so
7f7a472d2000-7f7a474d1000 ---p 00c6d000 08:03 1719359                    /usr/lib/jvm/java-8-oracle/jre/lib/amd64/server/libjvm.so
7f7a474d1000-7f7a475a7000 rw-p 00c6c000 08:03 1719359                    /usr/lib/jvm/java-8-oracle/jre/lib/amd64/server/libjvm.so
7f7a475a7000-7f7a475ea000 rw-p 00000000 00:00 0 
7f7a475ea000-7f7a477a5000 r-xp 00000000 08:03 2102633                    /lib/x86_64-linux-gnu/libc-2.19.so
7f7a477a5000-7f7a479a5000 ---p 001bb000 08:03 2102633                    /lib/x86_64-linux-gnu/libc-2.19.so
7f7a479a5000-7f7a479a9000 r--p 001bb000 08:03 2102633                    /lib/x86_64-linux-gnu/libc-2.19.so
7f7a479a9000-7f7a479ab000 rw-p 001bf000 08:03 2102633                    /lib/x86_64-linux-gnu/libc-2.19.so
7f7a479ab000-7f7a479b0000 rw-p 00000000 00:00 0 
7f7a479b0000-7f7a479b3000 r-xp 00000000 08:03 2103199                    /lib/x86_64-linux-gnu/libdl-2.19.so
7f7a479b3000-7f7a47bb2000 ---p 00003000 08:03 2103199                    /lib/x86_64-linux-gnu/libdl-2.19.so
7f7a47bb2000-7f7a47bb3000 r--p 00002000 08:03 2103199                    /lib/x86_64-linux-gnu/libdl-2.19.so
7f7a47bb3000-7f7a47bb4000 rw-p 00003000 08:03 2103199                    /lib/x86_64-linux-gnu/libdl-2.19.so
7f7a47bb4000-7f7a47bc9000 r-xp 00000000 08:03 1719341                    /usr/lib/jvm/java-8-oracle/jre/lib/amd64/jli/libjli.so
7f7a47bc9000-7f7a47dc8000 ---p 00015000 08:03 1719341                    /usr/lib/jvm/java-8-oracle/jre/lib/amd64/jli/libjli.so
7f7a47dc8000-7f7a47dc9000 rw-p 00014000 08:03 1719341                    /usr/lib/jvm/java-8-oracle/jre/lib/amd64/jli/libjli.so
7f7a47dc9000-7f7a47de2000 r-xp 00000000 08:03 2103200                    /lib/x86_64-linux-gnu/libpthread-2.19.so
7f7a47de2000-7f7a47fe1000 ---p 00019000 08:03 2103200                    /lib/x86_64-linux-gnu/libpthread-2.19.so
7f7a47fe1000-7f7a47fe2000 r--p 00018000 08:03 2103200                    /lib/x86_64-linux-gnu/libpthread-2.19.so
7f7a47fe2000-7f7a47fe3000 rw-p 00019000 08:03 2103200                    /lib/x86_64-linux-gnu/libpthread-2.19.so
7f7a47fe3000-7f7a47fe7000 rw-p 00000000 00:00 0 
7f7a47fe7000-7f7a4800a000 r-xp 00000000 08:03 2102634                    /lib/x86_64-linux-gnu/ld-2.19.so
7f7a48022000-7f7a48030000 r--s 000dc000 08:03 790900                     /opt/android-sdk-linux/build-tools/21.1.1/lib/dx.jar
7f7a48030000-7f7a480ee000 rw-p 00000000 00:00 0 
7f7a480ee000-7f7a480f1000 ---p 00000000 00:00 0 
7f7a480f1000-7f7a481f3000 rw-p 00000000 00:00 0                          [stack:18136]
7f7a481f9000-7f7a481fd000 r--s 00093000 08:03 1719336                    /usr/lib/jvm/java-8-oracle/jre/lib/jsse.jar
7f7a481fd000-7f7a48205000 rw-s 00000000 08:03 1842385                    /tmp/hsperfdata_sergio/18128
7f7a48205000-7f7a48206000 rw-p 00000000 00:00 0 
7f7a48206000-7f7a48207000 r--p 00000000 00:00 0 
7f7a48207000-7f7a48209000 rw-p 00000000 00:00 0 
7f7a48209000-7f7a4820a000 r--p 00022000 08:03 2102634                    /lib/x86_64-linux-gnu/ld-2.19.so
7f7a4820a000-7f7a4820b000 rw-p 00023000 08:03 2102634                    /lib/x86_64-linux-gnu/ld-2.19.so
7f7a4820b000-7f7a4820c000 rw-p 00000000 00:00 0 
7fff18050000-7fff18071000 rw-p 00000000 00:00 0                          [stack]
7fff181e7000-7fff181e9000 r-xp 00000000 00:00 0                          [vdso]
ffffffffff600000-ffffffffff601000 r-xp 00000000 00:00 0                  [vsyscall]

VM Arguments:
jvm_args: -Xmx1024M 
java_command: /opt/android-sdk-linux/build-tools/21.1.1/lib/dx.jar --dex --output /home/sergio/IWEB/practica6/platforms/android/ant-build/classes.dex /home/sergio/IWEB/practica6/platforms/android/ant-build/classes /home/sergio/IWEB/practica6/platforms/android/ant-build/dexedLibs/classes-9deac6fcda1132d952c6977d1a2e02e7.jar
java_class_path (initial): /opt/android-sdk-linux/build-tools/21.1.1/lib/dx.jar
Launcher Type: SUN_STANDARD

Environment Variables:
JAVA_HOME=/usr/lib/jvm/java-8-oracle
PATH=/usr/local/sbin:/usr/local/bin:/usr/sbin:/usr/bin:/sbin:/bin:/usr/games:/usr/local/games:/opt/android-sdk-linux/tools:/opt/android-sdk-linux/platform-tools:/opt/android-sdk-linux/bin
SHELL=/bin/bash
DISPLAY=:0

Signal Handlers:
SIGSEGV: [libjvm.so+0xa79a80], sa_mask[0]=11111111011111111101111111111110, sa_flags=SA_RESTART|SA_SIGINFO
SIGBUS: [libjvm.so+0xa79a80], sa_mask[0]=11111111011111111101111111111110, sa_flags=SA_RESTART|SA_SIGINFO
SIGFPE: [libjvm.so+0x8e24e0], sa_mask[0]=11111111011111111101111111111110, sa_flags=SA_RESTART|SA_SIGINFO
SIGPIPE: [libjvm.so+0x8e24e0], sa_mask[0]=11111111011111111101111111111110, sa_flags=SA_RESTART|SA_SIGINFO
SIGXFSZ: [libjvm.so+0x8e24e0], sa_mask[0]=11111111011111111101111111111110, sa_flags=SA_RESTART|SA_SIGINFO
SIGILL: [libjvm.so+0x8e24e0], sa_mask[0]=11111111011111111101111111111110, sa_flags=SA_RESTART|SA_SIGINFO
SIGUSR1: SIG_DFL, sa_mask[0]=00000000000000000000000000000000, sa_flags=none
SIGUSR2: [libjvm.so+0x8e3d10], sa_mask[0]=00100000000000000000000000000000, sa_flags=SA_RESTART|SA_SIGINFO
SIGHUP: [libjvm.so+0x8e50d0], sa_mask[0]=11111111011111111101111111111110, sa_flags=SA_RESTART|SA_SIGINFO
SIGINT: [libjvm.so+0x8e50d0], sa_mask[0]=11111111011111111101111111111110, sa_flags=SA_RESTART|SA_SIGINFO
SIGTERM: [libjvm.so+0x8e50d0], sa_mask[0]=11111111011111111101111111111110, sa_flags=SA_RESTART|SA_SIGINFO
SIGQUIT: [libjvm.so+0x8e50d0], sa_mask[0]=11111111011111111101111111111110, sa_flags=SA_RESTART|SA_SIGINFO


---------------  S Y S T E M  ---------------

OS:DISTRIB_ID="elementary OS"
DISTRIB_RELEASE=0.3
DISTRIB_CODENAME=freya
DISTRIB_DESCRIPTION="elementary OS Freya"

uname:Linux 3.13.0-39-generic #66-Ubuntu SMP Tue Oct 28 13:30:27 UTC 2014 x86_64
libc:glibc 2.19 NPTL 2.19 
rlimit: STACK 8192k, CORE 0k, NPROC 31387, NOFILE 4096, AS infinity
load average:0,41 0,22 0,14

/proc/meminfo:
MemTotal:        4046980 kB
MemFree:         1054888 kB
Buffers:           32428 kB
Cached:           873048 kB
SwapCached:        31964 kB
Active:          1617900 kB
Inactive:        1108636 kB
Active(anon):    1215320 kB
Inactive(anon):   634064 kB
Active(file):     402580 kB
Inactive(file):   474572 kB
Unevictable:           0 kB
Mlocked:               0 kB
SwapTotal:       1771516 kB
SwapFree:        1655336 kB
Dirty:               280 kB
Writeback:             0 kB
AnonPages:       1791144 kB
Mapped:           212240 kB
Shmem:             28312 kB
Slab:             116160 kB
SReclaimable:      84312 kB
SUnreclaim:        31848 kB
KernelStack:        4024 kB
PageTables:        31304 kB
NFS_Unstable:          0 kB
Bounce:                0 kB
WritebackTmp:          0 kB
CommitLimit:     3795004 kB
Committed_AS:    5473344 kB
VmallocTotal:   34359738367 kB
VmallocUsed:      307296 kB
VmallocChunk:   34359426044 kB
HardwareCorrupted:     0 kB
AnonHugePages:    905216 kB
HugePages_Total:       0
HugePages_Free:        0
HugePages_Rsvd:        0
HugePages_Surp:        0
Hugepagesize:       2048 kB
DirectMap4k:      345024 kB
DirectMap2M:     3848192 kB


CPU:total 4 (4 cores per cpu, 1 threads per core) family 6 model 23 stepping 7, cmov, cx8, fxsr, mmx, sse, sse2, sse3, ssse3, sse4.1, tsc

/proc/cpuinfo:
processor	: 0
vendor_id	: GenuineIntel
cpu family	: 6
model		: 23
model name	: Intel(R) Core(TM)2 Quad  CPU   Q9550  @ 2.83GHz
stepping	: 7
microcode	: 0x705
cpu MHz		: 2834.000
cache size	: 6144 KB
physical id	: 0
siblings	: 4
core id		: 0
cpu cores	: 4
apicid		: 0
initial apicid	: 0
fpu		: yes
fpu_exception	: yes
cpuid level	: 10
wp		: yes
flags		: fpu vme de pse tsc msr pae mce cx8 apic sep mtrr pge mca cmov pat pse36 clflush dts acpi mmx fxsr sse sse2 ss ht tm pbe syscall nx lm constant_tsc arch_perfmon pebs bts rep_good nopl aperfmperf pni dtes64 monitor ds_cpl vmx smx est tm2 ssse3 cx16 xtpr pdcm sse4_1 lahf_lm dtherm tpr_shadow vnmi flexpriority
bogomips	: 5666.53
clflush size	: 64
cache_alignment	: 64
address sizes	: 36 bits physical, 48 bits virtual
power management:

processor	: 1
vendor_id	: GenuineIntel
cpu family	: 6
model		: 23
model name	: Intel(R) Core(TM)2 Quad  CPU   Q9550  @ 2.83GHz
stepping	: 7
microcode	: 0x705
cpu MHz		: 2834.000
cache size	: 6144 KB
physical id	: 0
siblings	: 4
core id		: 3
cpu cores	: 4
apicid		: 3
initial apicid	: 3
fpu		: yes
fpu_exception	: yes
cpuid level	: 10
wp		: yes
flags		: fpu vme de pse tsc msr pae mce cx8 apic sep mtrr pge mca cmov pat pse36 clflush dts acpi mmx fxsr sse sse2 ss ht tm pbe syscall nx lm constant_tsc arch_perfmon pebs bts rep_good nopl aperfmperf pni dtes64 monitor ds_cpl vmx smx est tm2 ssse3 cx16 xtpr pdcm sse4_1 lahf_lm dtherm tpr_shadow vnmi flexpriority
bogomips	: 5666.53
clflush size	: 64
cache_alignment	: 64
address sizes	: 36 bits physical, 48 bits virtual
power management:

processor	: 2
vendor_id	: GenuineIntel
cpu family	: 6
model		: 23
model name	: Intel(R) Core(TM)2 Quad  CPU   Q9550  @ 2.83GHz
stepping	: 7
microcode	: 0x705
cpu MHz		: 2834.000
cache size	: 6144 KB
physical id	: 0
siblings	: 4
core id		: 2
cpu cores	: 4
apicid		: 2
initial apicid	: 2
fpu		: yes
fpu_exception	: yes
cpuid level	: 10
wp		: yes
flags		: fpu vme de pse tsc msr pae mce cx8 apic sep mtrr pge mca cmov pat pse36 clflush dts acpi mmx fxsr sse sse2 ss ht tm pbe syscall nx lm constant_tsc arch_perfmon pebs bts rep_good nopl aperfmperf pni dtes64 monitor ds_cpl vmx smx est tm2 ssse3 cx16 xtpr pdcm sse4_1 lahf_lm dtherm tpr_shadow vnmi flexpriority
bogomips	: 5666.53
clflush size	: 64
cache_alignment	: 64
address sizes	: 36 bits physical, 48 bits virtual
power management:

processor	: 3
vendor_id	: GenuineIntel
cpu family	: 6
model		: 23
model name	: Intel(R) Core(TM)2 Quad  CPU   Q9550  @ 2.83GHz
stepping	: 7
microcode	: 0x705
cpu MHz		: 2834.000
cache size	: 6144 KB
physical id	: 0
siblings	: 4
core id		: 1
cpu cores	: 4
apicid		: 1
initial apicid	: 1
fpu		: yes
fpu_exception	: yes
cpuid level	: 10
wp		: yes
flags		: fpu vme de pse tsc msr pae mce cx8 apic sep mtrr pge mca cmov pat pse36 clflush dts acpi mmx fxsr sse sse2 ss ht tm pbe syscall nx lm constant_tsc arch_perfmon pebs bts rep_good nopl aperfmperf pni dtes64 monitor ds_cpl vmx smx est tm2 ssse3 cx16 xtpr pdcm sse4_1 lahf_lm dtherm tpr_shadow vnmi flexpriority
bogomips	: 5666.53
clflush size	: 64
cache_alignment	: 64
address sizes	: 36 bits physical, 48 bits virtual
power management:



Memory: 4k page, physical 4046980k(1054888k free), swap 1771516k(1655336k free)

vm_info: Java HotSpot(TM) 64-Bit Server VM (25.25-b02) for linux-amd64 JRE (1.8.0_25-b17), built on Sep 17 2014 17:32:11 by "java_re" with gcc 4.3.0 20080428 (Red Hat 4.3.0-8)

time: Sun Nov 23 23:57:07 2014
elapsed time: 7 seconds (0d 0h 0m 7s)

