#
# A fatal error has been detected by the Java Runtime Environment:
#
#  SIGSEGV (0xb) at pc=0x00007f39b9382060, pid=874, tid=139887323596544
#
# JRE version: Java(TM) SE Runtime Environment (8.0_25-b17) (build 1.8.0_25-b17)
# Java VM: Java HotSpot(TM) 64-Bit Server VM (25.25-b02 mixed mode linux-amd64 compressed oops)
# Problematic frame:
# C  0x00007f39b9382060
#
# Failed to write core dump. Core dumps have been disabled. To enable core dumping, try "ulimit -c unlimited" before starting Java again
#
# If you would like to submit a bug report, please visit:
#   http://bugreport.sun.com/bugreport/crash.jsp
#

---------------  T H R E A D  ---------------

Current thread (0x00007f3a0800a000):  JavaThread "main" [_thread_in_Java, id=902, stack(0x00007f3a0e2b4000,0x00007f3a0e3b5000)]

siginfo: si_signo: 11 (SIGSEGV), si_code: 2 (SEGV_ACCERR), si_addr: 0x00007f39b9382060

Registers:
RAX=0x00007f39f6d5fcb0, RBX=0x00007f39f6d5fcb0, RCX=0x00000000fabac568, RDX=0x00007f39f8384710
RSP=0x00007f3a0e3b0c48, RBP=0x00007f3a0e3b0cb8, RSI=0x00000000fabac568, RDI=0x00007f3a0800a000
R8 =0x0000000000000000, R9 =0x0000000000000011, R10=0x00007f3a0d787440, R11=0x00007f39f8487d60
R12=0x0000000000000000, R13=0x00007f3a0e3b0c60, R14=0x00007f3a0e3b0cc8, R15=0x00007f3a0800a000
RIP=0x00007f39b9382060, EFLAGS=0x0000000000010206, CSGSFS=0x0000000000000033, ERR=0x0000000000000014
  TRAPNO=0x000000000000000e

Top of Stack: (sp=0x00007f3a0e3b0c48)
0x00007f3a0e3b0c48:   00007f39f8384710 00007f3a0e3b0d48
0x00007f3a0e3b0c58:   00007f39f8384710 00000000fabac568
0x00007f3a0e3b0c68:   0000000000000001 00000000fabac568
0x00007f3a0e3b0c78:   00007f3a0e3b0c68 00007f39f6d6003d
0x00007f3a0e3b0c88:   00007f3a0e3b0cc8 00007f39f6d61218
0x00007f3a0e3b0c98:   00007f39f6e69010 00007f39f6d60060
0x00007f3a0e3b0ca8:   00007f3a0e3b0c60 00007f3a0e3b0cc8
0x00007f3a0e3b0cb8:   00007f3a0e3b0d10 00007f39f83843d0
0x00007f3a0e3b0cc8:   00000000fabac568 00007f3a0e3b0cd0
0x00007f3a0e3b0cd8:   00007f39f6e67454 00007f3a0e3b0d30
0x00007f3a0e3b0ce8:   00007f39f6e67eb8 00007f39f6e69a90
0x00007f3a0e3b0cf8:   00007f39f6e67488 00007f3a0e3b0cc8
0x00007f3a0e3b0d08:   00007f3a0e3b0d30 00007f3a0e3b0d88
0x00007f3a0e3b0d18:   00007f39f8384300 0000000000000000
0x00007f3a0e3b0d28:   0000000000000000 00000000fabac548
0x00007f3a0e3b0d38:   0000000000000200 00000000fabd2710
0x00007f3a0e3b0d48:   00007f3a0e3b0d48 00007f39f6e63301
0x00007f3a0e3b0d58:   00007f3a0e3b0de8 00007f39f6e646d8
0x00007f3a0e3b0d68:   0000000000000000 00007f39f6e633b8
0x00007f3a0e3b0d78:   00007f3a0e3b0d30 00007f3a0e3b0de8
0x00007f3a0e3b0d88:   00007f3a0e3b0e30 00007f39f838498d
0x00007f3a0e3b0d98:   0000000000000000 0000000000000000
0x00007f3a0e3b0da8:   0000000000000000 0000000000000200
0x00007f3a0e3b0db8:   0000000000000000 00000000000001a8
0x00007f3a0e3b0dc8:   00000000fabaeac8 000000000000024a
0x00007f3a0e3b0dd8:   0000000000000001 00000000fabaea30
0x00007f3a0e3b0de8:   00000000fabac548 00007f3a0e3b0df0
0x00007f3a0e3b0df8:   00007f39f6e64349 00007f3a0e3b0e40
0x00007f3a0e3b0e08:   00007f39f6e646d8 0000000000000000
0x00007f3a0e3b0e18:   00007f39f6e64358 00007f3a0e3b0de8
0x00007f3a0e3b0e28:   00007f3a0e3b0e40 00007f3a0e3b0e88
0x00007f3a0e3b0e38:   00007f39f838498d 00000000fabac548 

Instructions: (pc=0x00007f39b9382060)
0x00007f39b9382040:   
[error occurred during error reporting (printing registers, top of stack, instructions near pc), id 0xb]

Register to memory mapping:

RAX={method} {0x00007f39f6d5fcb0} 'getBufIfOpen' '()[B' in 'java/io/BufferedInputStream'
RBX={method} {0x00007f39f6d5fcb0} 'getBufIfOpen' '()[B' in 'java/io/BufferedInputStream'
RCX=0x00000000fabac568 is an oop
java.io.BufferedInputStream 
 - klass: 'java/io/BufferedInputStream'
RDX=0x00007f39f8384710 is at code_begin+1456 in an Interpreter codelet
invoke return entry points  [0x00007f39f8384160, 0x00007f39f8384a60]  2304 bytes
RSP=0x00007f3a0e3b0c48 is pointing into the stack for thread: 0x00007f3a0800a000
RBP=0x00007f3a0e3b0cb8 is pointing into the stack for thread: 0x00007f3a0800a000
RSI=0x00000000fabac568 is an oop
java.io.BufferedInputStream 
 - klass: 'java/io/BufferedInputStream'
RDI=0x00007f3a0800a000 is a thread
R8 =0x0000000000000000 is an unknown value
R9 =0x0000000000000011 is an unknown value
R10=0x00007f3a0d787440: <offset 0xf5c440> in /usr/lib/jvm/java-8-oracle/jre/lib/amd64/server/libjvm.so at 0x00007f3a0c82b000
R11=0x00007f39f8487d60 is at entry_point+32 in (nmethod*)0x00007f39f8487bd0
R12=0x0000000000000000 is an unknown value
R13=0x00007f3a0e3b0c60 is pointing into the stack for thread: 0x00007f3a0800a000
R14=0x00007f3a0e3b0cc8 is pointing into the stack for thread: 0x00007f3a0800a000
R15=0x00007f3a0800a000 is a thread


Stack: [0x00007f3a0e2b4000,0x00007f3a0e3b5000],  sp=0x00007f3a0e3b0c48,  free space=1011k
Native frames: (J=compiled Java code, j=interpreted, Vv=VM code, C=native code)
C  0x00007f39b9382060
j  java.io.DataInputStream.readShort()S+4
j  sun.util.calendar.ZoneInfoFile.load(Ljava/io/DataInputStream;)V+209
j  sun.util.calendar.ZoneInfoFile.access$000(Ljava/io/DataInputStream;)V+1
j  sun.util.calendar.ZoneInfoFile$1.run()Ljava/lang/Object;+65
v  ~StubRoutines::call_stub
V  [libjvm.so+0x664086]  JavaCalls::call_helper(JavaValue*, methodHandle*, JavaCallArguments*, Thread*)+0x1056
V  [libjvm.so+0x6f8fec]  JVM_DoPrivileged+0x27c
j  java.security.AccessController.doPrivileged(Ljava/security/PrivilegedAction;)Ljava/lang/Object;+0
j  sun.util.calendar.ZoneInfoFile.<clinit>()V+529
v  ~StubRoutines::call_stub
V  [libjvm.so+0x664086]  JavaCalls::call_helper(JavaValue*, methodHandle*, JavaCallArguments*, Thread*)+0x1056
V  [libjvm.so+0x617cf4]  InstanceKlass::call_class_initializer_impl(instanceKlassHandle, Thread*)+0xd4
V  [libjvm.so+0x6192de]  InstanceKlass::initialize_impl(instanceKlassHandle, Thread*)+0x2fe
V  [libjvm.so+0x619601]  InstanceKlass::initialize(Thread*)+0x41
V  [libjvm.so+0x7c3446]  LinkResolver::resolve_static_call(CallInfo&, KlassHandle&, Symbol*, Symbol*, KlassHandle, bool, bool, Thread*)+0x246
V  [libjvm.so+0x7c36cf]  LinkResolver::resolve_invokestatic(CallInfo&, constantPoolHandle, int, Thread*)+0x23f
V  [libjvm.so+0x7c3c01]  LinkResolver::resolve_invoke(CallInfo&, Handle, constantPoolHandle, int, Bytecodes::Code, Thread*)+0x4f1
V  [libjvm.so+0x65d5a2]  InterpreterRuntime::resolve_invoke(JavaThread*, Bytecodes::Code)+0x1b2
j  sun.util.calendar.ZoneInfo.getTimeZone(Ljava/lang/String;)Ljava/util/TimeZone;+1
j  java.util.TimeZone.getTimeZone(Ljava/lang/String;Z)Ljava/util/TimeZone;+1
j  java.util.TimeZone.setDefaultZone()Ljava/util/TimeZone;+82
j  java.util.TimeZone.getDefaultRef()Ljava/util/TimeZone;+8
j  java.util.Date.<init>(IIIIII)V+66
j  java.util.zip.ZipUtils.dosToJavaTime(J)J+62
j  java.util.zip.ZipFile.getZipEntry(Ljava/lang/String;J)Ljava/util/zip/ZipEntry;+103
j  java.util.zip.ZipFile.getEntry(Ljava/lang/String;)Ljava/util/zip/ZipEntry;+51
j  java.util.jar.JarFile.getEntry(Ljava/lang/String;)Ljava/util/zip/ZipEntry;+2
j  java.util.jar.JarFile.getJarEntry(Ljava/lang/String;)Ljava/util/jar/JarEntry;+2
j  java.util.jar.JarFile.getManEntry()Ljava/util/jar/JarEntry;+11
j  java.util.jar.JarFile.checkForSpecialAttributes()V+16
j  java.util.jar.JarFile.hasClassPathAttribute()Z+1
j  java.util.jar.JavaUtilJarAccessImpl.jarFileHasClassPathAttribute(Ljava/util/jar/JarFile;)Z+1
j  sun.misc.URLClassPath$JarLoader.getClassPath()[Ljava/net/URL;+33
j  sun.misc.URLClassPath.getLoader(I)Lsun/misc/URLClassPath$Loader;+94
j  sun.misc.URLClassPath.getResource(Ljava/lang/String;Z)Lsun/misc/Resource;+42
j  java.net.URLClassLoader$1.run()Ljava/lang/Class;+26
j  java.net.URLClassLoader$1.run()Ljava/lang/Object;+1
v  ~StubRoutines::call_stub
V  [libjvm.so+0x664086]  JavaCalls::call_helper(JavaValue*, methodHandle*, JavaCallArguments*, Thread*)+0x1056
V  [libjvm.so+0x6f8fec]  JVM_DoPrivileged+0x27c
j  java.security.AccessController.doPrivileged(Ljava/security/PrivilegedExceptionAction;Ljava/security/AccessControlContext;)Ljava/lang/Object;+0
j  java.net.URLClassLoader.findClass(Ljava/lang/String;)Ljava/lang/Class;+13
j  java.lang.ClassLoader.loadClass(Ljava/lang/String;Z)Ljava/lang/Class;+70
j  sun.misc.Launcher$AppClassLoader.loadClass(Ljava/lang/String;Z)Ljava/lang/Class;+36
j  java.lang.ClassLoader.loadClass(Ljava/lang/String;)Ljava/lang/Class;+3
j  sun.launcher.LauncherHelper.checkAndLoadMain(ZILjava/lang/String;)Ljava/lang/Class;+93
v  ~StubRoutines::call_stub
V  [libjvm.so+0x664086]  JavaCalls::call_helper(JavaValue*, methodHandle*, JavaCallArguments*, Thread*)+0x1056
V  [libjvm.so+0x6ab096]  jni_invoke_static(JNIEnv_*, JavaValue*, _jobject*, JNICallType, _jmethodID*, JNI_ArgumentPusher*, Thread*)+0x346
V  [libjvm.so+0x6b3695]  jni_CallStaticObjectMethod+0x175
C  [libjli.so+0x79c9]  JavaMain+0x6f9
C  [libpthread.so.0+0x8182]  start_thread+0xc2


---------------  P R O C E S S  ---------------

Java Threads: ( => current thread )
  0x00007f3a080c0800 JavaThread "Service Thread" daemon [_thread_blocked, id=914, stack(0x00007f39f4d62000,0x00007f39f4e63000)]
  0x00007f3a080b0800 JavaThread "C1 CompilerThread2" daemon [_thread_blocked, id=913, stack(0x00007f39f4e63000,0x00007f39f4f64000)]
  0x00007f3a080ae800 JavaThread "C2 CompilerThread1" daemon [_thread_blocked, id=912, stack(0x00007f39f4f64000,0x00007f39f5065000)]
  0x00007f3a080ab800 JavaThread "C2 CompilerThread0" daemon [_thread_blocked, id=911, stack(0x00007f39f5065000,0x00007f39f5166000)]
  0x00007f3a080a9800 JavaThread "Signal Dispatcher" daemon [_thread_blocked, id=910, stack(0x00007f39f5166000,0x00007f39f5267000)]
  0x00007f3a0807c000 JavaThread "Finalizer" daemon [_thread_blocked, id=909, stack(0x00007f39f5665000,0x00007f39f5766000)]
  0x00007f3a0807a000 JavaThread "Reference Handler" daemon [_thread_blocked, id=908, stack(0x00007f39f5766000,0x00007f39f5867000)]
=>0x00007f3a0800a000 JavaThread "main" [_thread_in_Java, id=902, stack(0x00007f3a0e2b4000,0x00007f3a0e3b5000)]

Other Threads:
  0x00007f3a08073000 VMThread [stack: 0x00007f39f5867000,0x00007f39f5968000] [id=907]
  0x00007f3a080c2800 WatcherThread [stack: 0x00007f39f4c61000,0x00007f39f4d62000] [id=916]

VM state:not at safepoint (normal execution)

VM Mutex/Monitor currently owned by a thread: None

Heap:
 PSYoungGen      total 18432K, used 1270K [0x00000000fab00000, 0x00000000fbf80000, 0x0000000100000000)
  eden space 15872K, 8% used [0x00000000fab00000,0x00000000fac3d800,0x00000000fba80000)
  from space 2560K, 0% used [0x00000000fbd00000,0x00000000fbd00000,0x00000000fbf80000)
  to   space 2560K, 0% used [0x00000000fba80000,0x00000000fba80000,0x00000000fbd00000)
 ParOldGen       total 42496K, used 0K [0x00000000f0000000, 0x00000000f2980000, 0x00000000fab00000)
  object space 42496K, 0% used [0x00000000f0000000,0x00000000f0000000,0x00000000f2980000)
 Metaspace       used 2509K, capacity 4480K, committed 4480K, reserved 1056768K
  class space    used 269K, capacity 384K, committed 384K, reserved 1048576K

Card table byte_map: [0x00007f3a0e233000,0x00007f3a0e2b4000] byte_map_base: 0x00007f3a0dab3000

Marking Bits: (ParMarkBitMap*) 0x00007f3a0d7852c0
 Begin Bits: [0x00007f39f74ba000, 0x00007f39f78ba000)
 End Bits:   [0x00007f39f78ba000, 0x00007f39f7cba000)

Polling page: 0x00007f3a0e3cc000

CodeCache: size=245760Kb used=1109Kb max_used=1110Kb free=244650Kb
 bounds [0x00007f39f837d000, 0x00007f39f85ed000, 0x00007f3a0737d000]
 total_blobs=251 nmethods=23 adapters=145
 compilation: enabled

Compilation events (10 events):
Event: 0,061 Thread 0x00007f3a080b0800 nmethod 16 0x00007f39f848af10 code [0x00007f39f848b2e0, 0x00007f39f848d468]
Event: 0,061 Thread 0x00007f3a080b0800   21       3       java.io.DataInputStream::readFully (63 bytes)
Event: 0,061 Thread 0x00007f3a080b0800 nmethod 21 0x00007f39f848e990 code [0x00007f39f848eb40, 0x00007f39f848efa8]
Event: 0,061 Thread 0x00007f3a080b0800   19  s    3       java.io.BufferedInputStream::read (113 bytes)
Event: 0,063 Thread 0x00007f3a080ab800   23       4       java.io.BufferedInputStream::getBufIfOpen (21 bytes)
Event: 0,063 Thread 0x00007f3a080b0800 nmethod 19 0x00007f39f848f1d0 code [0x00007f39f848f3c0, 0x00007f39f848fcb8]
Event: 0,063 Thread 0x00007f3a080b0800   14  s    3       java.io.BufferedInputStream::read (49 bytes)
Event: 0,063 Thread 0x00007f3a080ab800 nmethod 23 0x00007f39f8492cd0 code [0x00007f39f8492e20, 0x00007f39f8492e98]
Event: 0,063 Thread 0x00007f3a080b0800 nmethod 14 0x00007f39f84923d0 code [0x00007f39f8492580, 0x00007f39f8492ab8]
Event: 0,063 Thread 0x00007f3a080b0800   22       3       java.io.DataInputStream::readShort (40 bytes)

GC Heap History (0 events):
No events

Deoptimization events (0 events):
No events

Internal exceptions (3 events):
Event: 0,023 Thread 0x00007f3a0800a000 Exception <a 'java/lang/NoSuchMethodError': Method sun.misc.Unsafe.defineClass(Ljava/lang/String;[BII)Ljava/lang/Class; name or signature does not match> (0x00000000fab11c68) thrown at [/HUDSON/workspace/8-2-build-linux-amd64/jdk8u25/1514/hotspot/src/shar
Event: 0,023 Thread 0x00007f3a0800a000 Exception <a 'java/lang/NoSuchMethodError': Method sun.misc.Unsafe.prefetchRead(Ljava/lang/Object;J)V name or signature does not match> (0x00000000fab11ef8) thrown at [/HUDSON/workspace/8-2-build-linux-amd64/jdk8u25/1514/hotspot/src/share/vm/prims/jni.cpp
Event: 0,053 Thread 0x00007f3a0800a000 Exception <a 'java/security/PrivilegedActionException'> (0x00000000faba5558) thrown at [/HUDSON/workspace/8-2-build-linux-amd64/jdk8u25/1514/hotspot/src/share/vm/prims/jvm.cpp, line 1312]

Events (10 events):
Event: 0,058 loading class sun/util/calendar/ZoneInfo
Event: 0,058 loading class sun/util/calendar/ZoneInfo done
Event: 0,058 loading class sun/util/calendar/ZoneInfoFile
Event: 0,058 loading class sun/util/calendar/ZoneInfoFile done
Event: 0,058 loading class sun/util/calendar/ZoneInfoFile$1
Event: 0,059 loading class sun/util/calendar/ZoneInfoFile$1 done
Event: 0,059 loading class java/io/DataInputStream
Event: 0,059 loading class java/io/DataInput
Event: 0,059 loading class java/io/DataInput done
Event: 0,059 loading class java/io/DataInputStream done


Dynamic libraries:
00400000-00401000 r-xp 00000000 08:03 1719663                            /usr/lib/jvm/java-8-oracle/jre/bin/java
00600000-00601000 rw-p 00000000 08:03 1719663                            /usr/lib/jvm/java-8-oracle/jre/bin/java
00991000-009b2000 rw-p 00000000 00:00 0                                  [heap]
f0000000-f2980000 rw-p 00000000 00:00 0 
f2980000-fab00000 ---p 00000000 00:00 0 
fab00000-fbf80000 rw-p 00000000 00:00 0 
fbf80000-100000000 ---p 00000000 00:00 0 
100000000-100060000 rw-p 00000000 00:00 0 
100060000-140000000 ---p 00000000 00:00 0 
7f39b8000000-7f39b8021000 rw-p 00000000 00:00 0 
7f39b8021000-7f39bc000000 ---p 00000000 00:00 0 
7f39c0000000-7f39c0057000 rw-p 00000000 00:00 0 
7f39c0057000-7f39c4000000 ---p 00000000 00:00 0 
7f39c4000000-7f39c4021000 rw-p 00000000 00:00 0 
7f39c4021000-7f39c8000000 ---p 00000000 00:00 0 
7f39c8000000-7f39c804e000 rw-p 00000000 00:00 0 
7f39c804e000-7f39cc000000 ---p 00000000 00:00 0 
7f39cc000000-7f39cc021000 rw-p 00000000 00:00 0 
7f39cc021000-7f39d0000000 ---p 00000000 00:00 0 
7f39d0000000-7f39d0021000 rw-p 00000000 00:00 0 
7f39d0021000-7f39d4000000 ---p 00000000 00:00 0 
7f39d4000000-7f39d4021000 rw-p 00000000 00:00 0 
7f39d4021000-7f39d8000000 ---p 00000000 00:00 0 
7f39d8000000-7f39d8021000 rw-p 00000000 00:00 0 
7f39d8021000-7f39dc000000 ---p 00000000 00:00 0 
7f39dc000000-7f39dc021000 rw-p 00000000 00:00 0 
7f39dc021000-7f39e0000000 ---p 00000000 00:00 0 
7f39e0000000-7f39e0021000 rw-p 00000000 00:00 0 
7f39e0021000-7f39e4000000 ---p 00000000 00:00 0 
7f39e8000000-7f39e8021000 rw-p 00000000 00:00 0 
7f39e8021000-7f39ec000000 ---p 00000000 00:00 0 
7f39ec000000-7f39ec021000 rw-p 00000000 00:00 0 
7f39ec021000-7f39f0000000 ---p 00000000 00:00 0 
7f39f0000000-7f39f0021000 rw-p 00000000 00:00 0 
7f39f0021000-7f39f4000000 ---p 00000000 00:00 0 
7f39f49ec000-7f39f4c61000 rw-p 00000000 00:00 0 
7f39f4c61000-7f39f4c62000 ---p 00000000 00:00 0 
7f39f4c62000-7f39f4d62000 rw-p 00000000 00:00 0                          [stack:916]
7f39f4d62000-7f39f4d65000 ---p 00000000 00:00 0 
7f39f4d65000-7f39f4e63000 rw-p 00000000 00:00 0                          [stack:914]
7f39f4e63000-7f39f4e66000 ---p 00000000 00:00 0 
7f39f4e66000-7f39f4f64000 rw-p 00000000 00:00 0                          [stack:913]
7f39f4f64000-7f39f4f67000 ---p 00000000 00:00 0 
7f39f4f67000-7f39f5065000 rw-p 00000000 00:00 0                          [stack:912]
7f39f5065000-7f39f5068000 ---p 00000000 00:00 0 
7f39f5068000-7f39f5166000 rw-p 00000000 00:00 0                          [stack:911]
7f39f5166000-7f39f5169000 ---p 00000000 00:00 0 
7f39f5169000-7f39f5267000 rw-p 00000000 00:00 0                          [stack:910]
7f39f5267000-7f39f5665000 r--p 00000000 08:03 1704955                    /usr/lib/locale/locale-archive
7f39f5665000-7f39f5668000 ---p 00000000 00:00 0 
7f39f5668000-7f39f5766000 rw-p 00000000 00:00 0                          [stack:909]
7f39f5766000-7f39f5769000 ---p 00000000 00:00 0 
7f39f5769000-7f39f5867000 rw-p 00000000 00:00 0                          [stack:908]
7f39f5867000-7f39f5868000 ---p 00000000 00:00 0 
7f39f5868000-7f39f696b000 rw-p 00000000 00:00 0                          [stack:907]
7f39f696b000-7f39f6b41000 r--s 03caa000 08:03 1719620                    /usr/lib/jvm/java-8-oracle/jre/lib/rt.jar
7f39f6b41000-7f39f703a000 rw-p 00000000 00:00 0 
7f39f703a000-7f39f743a000 ---p 00000000 00:00 0 
7f39f743a000-7f39f7cba000 rw-p 00000000 00:00 0 
7f39f7cba000-7f39f7cbb000 ---p 00000000 00:00 0 
7f39f7cbb000-7f39f7dbb000 rw-p 00000000 00:00 0                          [stack:906]
7f39f7dbb000-7f39f7dbc000 ---p 00000000 00:00 0 
7f39f7dbc000-7f39f7ebc000 rw-p 00000000 00:00 0                          [stack:905]
7f39f7ebc000-7f39f7ebd000 ---p 00000000 00:00 0 
7f39f7ebd000-7f39f7fc7000 rw-p 00000000 00:00 0                          [stack:904]
7f39f7fc7000-7f39f837d000 ---p 00000000 00:00 0 
7f39f837d000-7f39f85ed000 rwxp 00000000 00:00 0 
7f39f85ed000-7f3a0737d000 ---p 00000000 00:00 0 
7f3a0737d000-7f3a07397000 r-xp 00000000 08:03 1719386                    /usr/lib/jvm/java-8-oracle/jre/lib/amd64/libzip.so
7f3a07397000-7f3a07597000 ---p 0001a000 08:03 1719386                    /usr/lib/jvm/java-8-oracle/jre/lib/amd64/libzip.so
7f3a07597000-7f3a07598000 rw-p 0001a000 08:03 1719386                    /usr/lib/jvm/java-8-oracle/jre/lib/amd64/libzip.so
7f3a07598000-7f3a075a3000 r-xp 00000000 08:03 2103193                    /lib/x86_64-linux-gnu/libnss_files-2.19.so
7f3a075a3000-7f3a077a2000 ---p 0000b000 08:03 2103193                    /lib/x86_64-linux-gnu/libnss_files-2.19.so
7f3a077a2000-7f3a077a3000 r--p 0000a000 08:03 2103193                    /lib/x86_64-linux-gnu/libnss_files-2.19.so
7f3a077a3000-7f3a077a4000 rw-p 0000b000 08:03 2103193                    /lib/x86_64-linux-gnu/libnss_files-2.19.so
7f3a077a4000-7f3a077af000 r-xp 00000000 08:03 2103194                    /lib/x86_64-linux-gnu/libnss_nis-2.19.so
7f3a077af000-7f3a079ae000 ---p 0000b000 08:03 2103194                    /lib/x86_64-linux-gnu/libnss_nis-2.19.so
7f3a079ae000-7f3a079af000 r--p 0000a000 08:03 2103194                    /lib/x86_64-linux-gnu/libnss_nis-2.19.so
7f3a079af000-7f3a079b0000 rw-p 0000b000 08:03 2103194                    /lib/x86_64-linux-gnu/libnss_nis-2.19.so
7f3a079b0000-7f3a079c7000 r-xp 00000000 08:03 2102533                    /lib/x86_64-linux-gnu/libnsl-2.19.so
7f3a079c7000-7f3a07bc6000 ---p 00017000 08:03 2102533                    /lib/x86_64-linux-gnu/libnsl-2.19.so
7f3a07bc6000-7f3a07bc7000 r--p 00016000 08:03 2102533                    /lib/x86_64-linux-gnu/libnsl-2.19.so
7f3a07bc7000-7f3a07bc8000 rw-p 00017000 08:03 2102533                    /lib/x86_64-linux-gnu/libnsl-2.19.so
7f3a07bc8000-7f3a07bca000 rw-p 00000000 00:00 0 
7f3a07bca000-7f3a07bd3000 r-xp 00000000 08:03 2102431                    /lib/x86_64-linux-gnu/libnss_compat-2.19.so
7f3a07bd3000-7f3a07dd2000 ---p 00009000 08:03 2102431                    /lib/x86_64-linux-gnu/libnss_compat-2.19.so
7f3a07dd2000-7f3a07dd3000 r--p 00008000 08:03 2102431                    /lib/x86_64-linux-gnu/libnss_compat-2.19.so
7f3a07dd3000-7f3a07dd4000 rw-p 00009000 08:03 2102431                    /lib/x86_64-linux-gnu/libnss_compat-2.19.so
7f3a07dd4000-7f3a07dfe000 r-xp 00000000 08:03 1719352                    /usr/lib/jvm/java-8-oracle/jre/lib/amd64/libjava.so
7f3a07dfe000-7f3a07ffe000 ---p 0002a000 08:03 1719352                    /usr/lib/jvm/java-8-oracle/jre/lib/amd64/libjava.so
7f3a07ffe000-7f3a08000000 rw-p 0002a000 08:03 1719352                    /usr/lib/jvm/java-8-oracle/jre/lib/amd64/libjava.so
7f3a08000000-7f3a080ef000 rw-p 00000000 00:00 0 
7f3a080ef000-7f3a0c000000 ---p 00000000 00:00 0 
7f3a0c00d000-7f3a0c00e000 ---p 00000000 00:00 0 
7f3a0c00e000-7f3a0c10e000 rw-p 00000000 00:00 0                          [stack:903]
7f3a0c10e000-7f3a0c11b000 r-xp 00000000 08:03 1719370                    /usr/lib/jvm/java-8-oracle/jre/lib/amd64/libverify.so
7f3a0c11b000-7f3a0c31b000 ---p 0000d000 08:03 1719370                    /usr/lib/jvm/java-8-oracle/jre/lib/amd64/libverify.so
7f3a0c31b000-7f3a0c31d000 rw-p 0000d000 08:03 1719370                    /usr/lib/jvm/java-8-oracle/jre/lib/amd64/libverify.so
7f3a0c31d000-7f3a0c324000 r-xp 00000000 08:03 2102576                    /lib/x86_64-linux-gnu/librt-2.19.so
7f3a0c324000-7f3a0c523000 ---p 00007000 08:03 2102576                    /lib/x86_64-linux-gnu/librt-2.19.so
7f3a0c523000-7f3a0c524000 r--p 00006000 08:03 2102576                    /lib/x86_64-linux-gnu/librt-2.19.so
7f3a0c524000-7f3a0c525000 rw-p 00007000 08:03 2102576                    /lib/x86_64-linux-gnu/librt-2.19.so
7f3a0c525000-7f3a0c62a000 r-xp 00000000 08:03 2102682                    /lib/x86_64-linux-gnu/libm-2.19.so
7f3a0c62a000-7f3a0c829000 ---p 00105000 08:03 2102682                    /lib/x86_64-linux-gnu/libm-2.19.so
7f3a0c829000-7f3a0c82a000 r--p 00104000 08:03 2102682                    /lib/x86_64-linux-gnu/libm-2.19.so
7f3a0c82a000-7f3a0c82b000 rw-p 00105000 08:03 2102682                    /lib/x86_64-linux-gnu/libm-2.19.so
7f3a0c82b000-7f3a0d498000 r-xp 00000000 08:03 1719359                    /usr/lib/jvm/java-8-oracle/jre/lib/amd64/server/libjvm.so
7f3a0d498000-7f3a0d697000 ---p 00c6d000 08:03 1719359                    /usr/lib/jvm/java-8-oracle/jre/lib/amd64/server/libjvm.so
7f3a0d697000-7f3a0d76d000 rw-p 00c6c000 08:03 1719359                    /usr/lib/jvm/java-8-oracle/jre/lib/amd64/server/libjvm.so
7f3a0d76d000-7f3a0d7b0000 rw-p 00000000 00:00 0 
7f3a0d7b0000-7f3a0d96b000 r-xp 00000000 08:03 2102633                    /lib/x86_64-linux-gnu/libc-2.19.so
7f3a0d96b000-7f3a0db6b000 ---p 001bb000 08:03 2102633                    /lib/x86_64-linux-gnu/libc-2.19.so
7f3a0db6b000-7f3a0db6f000 r--p 001bb000 08:03 2102633                    /lib/x86_64-linux-gnu/libc-2.19.so
7f3a0db6f000-7f3a0db71000 rw-p 001bf000 08:03 2102633                    /lib/x86_64-linux-gnu/libc-2.19.so
7f3a0db71000-7f3a0db76000 rw-p 00000000 00:00 0 
7f3a0db76000-7f3a0db79000 r-xp 00000000 08:03 2103199                    /lib/x86_64-linux-gnu/libdl-2.19.so
7f3a0db79000-7f3a0dd78000 ---p 00003000 08:03 2103199                    /lib/x86_64-linux-gnu/libdl-2.19.so
7f3a0dd78000-7f3a0dd79000 r--p 00002000 08:03 2103199                    /lib/x86_64-linux-gnu/libdl-2.19.so
7f3a0dd79000-7f3a0dd7a000 rw-p 00003000 08:03 2103199                    /lib/x86_64-linux-gnu/libdl-2.19.so
7f3a0dd7a000-7f3a0dd8f000 r-xp 00000000 08:03 1719341                    /usr/lib/jvm/java-8-oracle/jre/lib/amd64/jli/libjli.so
7f3a0dd8f000-7f3a0df8e000 ---p 00015000 08:03 1719341                    /usr/lib/jvm/java-8-oracle/jre/lib/amd64/jli/libjli.so
7f3a0df8e000-7f3a0df8f000 rw-p 00014000 08:03 1719341                    /usr/lib/jvm/java-8-oracle/jre/lib/amd64/jli/libjli.so
7f3a0df8f000-7f3a0dfa8000 r-xp 00000000 08:03 2103200                    /lib/x86_64-linux-gnu/libpthread-2.19.so
7f3a0dfa8000-7f3a0e1a7000 ---p 00019000 08:03 2103200                    /lib/x86_64-linux-gnu/libpthread-2.19.so
7f3a0e1a7000-7f3a0e1a8000 r--p 00018000 08:03 2103200                    /lib/x86_64-linux-gnu/libpthread-2.19.so
7f3a0e1a8000-7f3a0e1a9000 rw-p 00019000 08:03 2103200                    /lib/x86_64-linux-gnu/libpthread-2.19.so
7f3a0e1a9000-7f3a0e1ad000 rw-p 00000000 00:00 0 
7f3a0e1ad000-7f3a0e1d0000 r-xp 00000000 08:03 2102634                    /lib/x86_64-linux-gnu/ld-2.19.so
7f3a0e1dc000-7f3a0e1f2000 rw-p 00000000 00:00 0 
7f3a0e1f2000-7f3a0e233000 ---p 00000000 00:00 0 
7f3a0e233000-7f3a0e248000 rw-p 00000000 00:00 0 
7f3a0e248000-7f3a0e288000 ---p 00000000 00:00 0 
7f3a0e288000-7f3a0e293000 rw-p 00000000 00:00 0 
7f3a0e293000-7f3a0e2b3000 ---p 00000000 00:00 0 
7f3a0e2b3000-7f3a0e2b4000 rw-p 00000000 00:00 0 
7f3a0e2b4000-7f3a0e2b7000 ---p 00000000 00:00 0 
7f3a0e2b7000-7f3a0e3ba000 rw-p 00000000 00:00 0                          [stack:902]
7f3a0e3ba000-7f3a0e3bb000 rw-p 00000000 00:00 0 
7f3a0e3bb000-7f3a0e3be000 r--s 0001c000 08:03 796272                     /opt/android-sdk-linux/tools/lib/ddms.jar
7f3a0e3be000-7f3a0e3c3000 rw-p 00000000 00:00 0 
7f3a0e3c3000-7f3a0e3cb000 rw-s 00000000 08:03 1842797                    /tmp/hsperfdata_sergio/874
7f3a0e3cb000-7f3a0e3cc000 rw-p 00000000 00:00 0 
7f3a0e3cc000-7f3a0e3cd000 r--p 00000000 00:00 0 
7f3a0e3cd000-7f3a0e3cf000 rw-p 00000000 00:00 0 
7f3a0e3cf000-7f3a0e3d0000 r--p 00022000 08:03 2102634                    /lib/x86_64-linux-gnu/ld-2.19.so
7f3a0e3d0000-7f3a0e3d1000 rw-p 00023000 08:03 2102634                    /lib/x86_64-linux-gnu/ld-2.19.so
7f3a0e3d1000-7f3a0e3d2000 rw-p 00000000 00:00 0 
7fff7b4cb000-7fff7b4ec000 rw-p 00000000 00:00 0                          [stack]
7fff7b5fe000-7fff7b600000 r-xp 00000000 00:00 0                          [vdso]
ffffffffff600000-ffffffffff601000 r-xp 00000000 00:00 0                  [vsyscall]

VM Arguments:
jvm_args: -Xmx256M -Dcom.android.ddms.bindir=/opt/android-sdk-linux/tools 
java_command: com.android.ddms.Main ping emulator standalone NVIDIA Corporation GeForce GTX 280/PCIe/SSE2 3.3.0 NVIDIA 331.38
java_class_path (initial): /opt/android-sdk-linux/tools/lib/ddms.jar:/opt/android-sdk-linux/tools/lib/swtmenubar.jar:/opt/android-sdk-linux/tools/lib/x86_64/swt.jar
Launcher Type: SUN_STANDARD

Environment Variables:
JAVA_HOME=/usr/lib/jvm/java-8-oracle
PATH=/usr/local/sbin:/usr/local/bin:/usr/sbin:/usr/bin:/sbin:/bin:/usr/games:/usr/local/games:/opt/android-sdk-linux/tools:/opt/android-sdk-linux/platform-tools
LD_LIBRARY_PATH=/opt/android-sdk-linux/tools/lib
SHELL=/bin/bash
DISPLAY=:0

Signal Handlers:
SIGSEGV: [libjvm.so+0xa79a80], sa_mask[0]=11111111011111111101111111111110, sa_flags=SA_RESTART|SA_SIGINFO
SIGBUS: [libjvm.so+0xa79a80], sa_mask[0]=11111111011111111101111111111110, sa_flags=SA_RESTART|SA_SIGINFO
SIGFPE: [libjvm.so+0x8e24e0], sa_mask[0]=11111111011111111101111111111110, sa_flags=SA_RESTART|SA_SIGINFO
SIGPIPE: [libjvm.so+0x8e24e0], sa_mask[0]=11111111011111111101111111111110, sa_flags=SA_RESTART|SA_SIGINFO
SIGXFSZ: [libjvm.so+0x8e24e0], sa_mask[0]=11111111011111111101111111111110, sa_flags=SA_RESTART|SA_SIGINFO
SIGILL: [libjvm.so+0x8e24e0], sa_mask[0]=11111111011111111101111111111110, sa_flags=SA_RESTART|SA_SIGINFO
SIGUSR1: SIG_DFL, sa_mask[0]=00000000000000000000000000000000, sa_flags=none
SIGUSR2: [libjvm.so+0x8e3d10], sa_mask[0]=00000000000001000000000000000000, sa_flags=SA_RESTART|SA_SIGINFO
SIGHUP: [libjvm.so+0x8e50d0], sa_mask[0]=11111111011111111101111111111110, sa_flags=SA_RESTART|SA_SIGINFO
SIGINT: [libjvm.so+0x8e50d0], sa_mask[0]=11111111011111111101111111111110, sa_flags=SA_RESTART|SA_SIGINFO
SIGTERM: [libjvm.so+0x8e50d0], sa_mask[0]=11111111011111111101111111111110, sa_flags=SA_RESTART|SA_SIGINFO
SIGQUIT: [libjvm.so+0x8e50d0], sa_mask[0]=11111111011111111101111111111110, sa_flags=SA_RESTART|SA_SIGINFO


---------------  S Y S T E M  ---------------

OS:DISTRIB_ID="elementary OS"
DISTRIB_RELEASE=0.3
DISTRIB_CODENAME=freya
DISTRIB_DESCRIPTION="elementary OS Freya"

uname:Linux 3.13.0-39-generic #66-Ubuntu SMP Tue Oct 28 13:30:27 UTC 2014 x86_64
libc:glibc 2.19 NPTL 2.19 
rlimit: STACK 8192k, CORE 0k, NPROC 31387, NOFILE 4096, AS infinity
load average:1,32 0,83 0,56

/proc/meminfo:
MemTotal:        4046980 kB
MemFree:          118896 kB
Buffers:           12568 kB
Cached:          1949192 kB
SwapCached:        41084 kB
Active:          1595020 kB
Inactive:        1998228 kB
Active(anon):     976156 kB
Inactive(anon):   707960 kB
Active(file):     618864 kB
Inactive(file):  1290268 kB
Unevictable:           0 kB
Mlocked:               0 kB
SwapTotal:       1771516 kB
SwapFree:        1564676 kB
Dirty:             19220 kB
Writeback:             0 kB
AnonPages:       1607004 kB
Mapped:           314052 kB
Shmem:             52532 kB
Slab:             140368 kB
SReclaimable:     101404 kB
SUnreclaim:        38964 kB
KernelStack:        4576 kB
PageTables:        45056 kB
NFS_Unstable:          0 kB
Bounce:                0 kB
WritebackTmp:          0 kB
CommitLimit:     3795004 kB
Committed_AS:    7189916 kB
VmallocTotal:   34359738367 kB
VmallocUsed:      307344 kB
VmallocChunk:   34359425020 kB
HardwareCorrupted:     0 kB
AnonHugePages:    434176 kB
HugePages_Total:       0
HugePages_Free:        0
HugePages_Rsvd:        0
HugePages_Surp:        0
Hugepagesize:       2048 kB
DirectMap4k:      959424 kB
DirectMap2M:     3233792 kB


CPU:total 4 (4 cores per cpu, 1 threads per core) family 6 model 23 stepping 7, cmov, cx8, fxsr, mmx, sse, sse2, sse3, ssse3, sse4.1, tsc

/proc/cpuinfo:
processor	: 0
vendor_id	: GenuineIntel
cpu family	: 6
model		: 23
model name	: Intel(R) Core(TM)2 Quad  CPU   Q9550  @ 2.83GHz
stepping	: 7
microcode	: 0x705
cpu MHz		: 2834.000
cache size	: 6144 KB
physical id	: 0
siblings	: 4
core id		: 0
cpu cores	: 4
apicid		: 0
initial apicid	: 0
fpu		: yes
fpu_exception	: yes
cpuid level	: 10
wp		: yes
flags		: fpu vme de pse tsc msr pae mce cx8 apic sep mtrr pge mca cmov pat pse36 clflush dts acpi mmx fxsr sse sse2 ss ht tm pbe syscall nx lm constant_tsc arch_perfmon pebs bts rep_good nopl aperfmperf pni dtes64 monitor ds_cpl vmx smx est tm2 ssse3 cx16 xtpr pdcm sse4_1 lahf_lm dtherm tpr_shadow vnmi flexpriority
bogomips	: 5666.77
clflush size	: 64
cache_alignment	: 64
address sizes	: 36 bits physical, 48 bits virtual
power management:

processor	: 1
vendor_id	: GenuineIntel
cpu family	: 6
model		: 23
model name	: Intel(R) Core(TM)2 Quad  CPU   Q9550  @ 2.83GHz
stepping	: 7
microcode	: 0x705
cpu MHz		: 2834.000
cache size	: 6144 KB
physical id	: 0
siblings	: 4
core id		: 2
cpu cores	: 4
apicid		: 2
initial apicid	: 2
fpu		: yes
fpu_exception	: yes
cpuid level	: 10
wp		: yes
flags		: fpu vme de pse tsc msr pae mce cx8 apic sep mtrr pge mca cmov pat pse36 clflush dts acpi mmx fxsr sse sse2 ss ht tm pbe syscall nx lm constant_tsc arch_perfmon pebs bts rep_good nopl aperfmperf pni dtes64 monitor ds_cpl vmx smx est tm2 ssse3 cx16 xtpr pdcm sse4_1 lahf_lm dtherm tpr_shadow vnmi flexpriority
bogomips	: 5666.77
clflush size	: 64
cache_alignment	: 64
address sizes	: 36 bits physical, 48 bits virtual
power management:

processor	: 2
vendor_id	: GenuineIntel
cpu family	: 6
model		: 23
model name	: Intel(R) Core(TM)2 Quad  CPU   Q9550  @ 2.83GHz
stepping	: 7
microcode	: 0x705
cpu MHz		: 2834.000
cache size	: 6144 KB
physical id	: 0
siblings	: 4
core id		: 3
cpu cores	: 4
apicid		: 3
initial apicid	: 3
fpu		: yes
fpu_exception	: yes
cpuid level	: 10
wp		: yes
flags		: fpu vme de pse tsc msr pae mce cx8 apic sep mtrr pge mca cmov pat pse36 clflush dts acpi mmx fxsr sse sse2 ss ht tm pbe syscall nx lm constant_tsc arch_perfmon pebs bts rep_good nopl aperfmperf pni dtes64 monitor ds_cpl vmx smx est tm2 ssse3 cx16 xtpr pdcm sse4_1 lahf_lm dtherm tpr_shadow vnmi flexpriority
bogomips	: 5666.77
clflush size	: 64
cache_alignment	: 64
address sizes	: 36 bits physical, 48 bits virtual
power management:

processor	: 3
vendor_id	: GenuineIntel
cpu family	: 6
model		: 23
model name	: Intel(R) Core(TM)2 Quad  CPU   Q9550  @ 2.83GHz
stepping	: 7
microcode	: 0x705
cpu MHz		: 2834.000
cache size	: 6144 KB
physical id	: 0
siblings	: 4
core id		: 1
cpu cores	: 4
apicid		: 1
initial apicid	: 1
fpu		: yes
fpu_exception	: yes
cpuid level	: 10
wp		: yes
flags		: fpu vme de pse tsc msr pae mce cx8 apic sep mtrr pge mca cmov pat pse36 clflush dts acpi mmx fxsr sse sse2 ss ht tm pbe syscall nx lm constant_tsc arch_perfmon pebs bts rep_good nopl aperfmperf pni dtes64 monitor ds_cpl vmx smx est tm2 ssse3 cx16 xtpr pdcm sse4_1 lahf_lm dtherm tpr_shadow vnmi flexpriority
bogomips	: 5666.77
clflush size	: 64
cache_alignment	: 64
address sizes	: 36 bits physical, 48 bits virtual
power management:



Memory: 4k page, physical 4046980k(118896k free), swap 1771516k(1564676k free)

vm_info: Java HotSpot(TM) 64-Bit Server VM (25.25-b02) for linux-amd64 JRE (1.8.0_25-b17), built on Sep 17 2014 17:32:11 by "java_re" with gcc 4.3.0 20080428 (Red Hat 4.3.0-8)

time: Sat Nov 22 16:45:27 2014
elapsed time: 0 seconds (0d 0h 0m 0s)

