#
# A fatal error has been detected by the Java Runtime Environment:
#
#  SIGSEGV (0xb) at pc=0x00007f1182005060, pid=8322, tid=139714602665728
#
# JRE version: Java(TM) SE Runtime Environment (8.0_25-b17) (build 1.8.0_25-b17)
# Java VM: Java HotSpot(TM) 64-Bit Server VM (25.25-b02 mixed mode linux-amd64 compressed oops)
# Problematic frame:
# C  0x00007f1182005060
#
# Failed to write core dump. Core dumps have been disabled. To enable core dumping, try "ulimit -c unlimited" before starting Java again
#
# If you would like to submit a bug report, please visit:
#   http://bugreport.sun.com/bugreport/crash.jsp
#

---------------  T H R E A D  ---------------

Current thread (0x00007f11d000a000):  JavaThread "main" [_thread_in_Java, id=8324, stack(0x00007f11d7330000,0x00007f11d7431000)]

siginfo: si_signo: 11 (SIGSEGV), si_code: 1 (SEGV_MAPERR), si_addr: 0x00007f1182005060

Registers:
RAX=0x00007f11b9bd06b0, RBX=0x00007f11b9bd06b0, RCX=0x00000000ec18a3b8, RDX=0x000000000000000c
RSP=0x00007f11d742ed08, RBP=0x00007f11d742ed68, RSI=0x00000000ec18a3b8, RDI=0x0000000000000001
R8 =0x00000000000001b8, R9 =0x0000000000000419, R10=0x00007f11d6803440, R11=0x00007f11c125e640
R12=0x0000000000000000, R13=0x00007f11d742ed18, R14=0x0000000000000000, R15=0x00007f11d000a000
RIP=0x00007f1182005060, EFLAGS=0x0000000000010202, CSGSFS=0x0000000000000033, ERR=0x0000000000000014
  TRAPNO=0x000000000000000e

Top of Stack: (sp=0x00007f11d742ed08)
0x00007f11d742ed08:   00007f11c100798d 00007f11c100798d
0x00007f11d742ed18:   000000000000000c 00000000ec18a3b8
0x00007f11d742ed28:   00007f11d742ed28 00007f11b9d77173
0x00007f11d742ed38:   00007f11d742eda0 00007f11b9d77678
0x00007f11d742ed48:   0000000000000000 00007f11b9d771f0
0x00007f11d742ed58:   00007f11d742ed18 00007f11d742ed98
0x00007f11d742ed68:   00007f11d742ede8 00007f11c1007710
0x00007f11d742ed78:   00000000ec18a408 0000000000000000
0x00007f11d742ed88:   00000000ec18a3b8 0000000000000031
0x00007f11d742ed98:   00000000ec0a33d0 00000000ec18a3a0
0x00007f11d742eda8:   00007f11d742eda8 00007f11b9d64259
0x00007f11d742edb8:   00007f11d742ee00 00007f11b9d66650
0x00007f11d742edc8:   0000000000000000 00007f11b9d64280
0x00007f11d742edd8:   00007f11d742ed98 00007f11d742edf8
0x00007f11d742ede8:   00007f11d742ee58 00007f11c1007710
0x00007f11d742edf8:   00000000ec0a33d0 00000000eb9316f8
0x00007f11d742ee08:   0000000000000001 00000000ec0a34c0
0x00007f11d742ee18:   00007f11d742ee08 00007f11b9d9c3ab
0x00007f11d742ee28:   00007f11d742eed0 00007f11b9d9d038
0x00007f11d742ee38:   0000000000000000 00007f11b9d9c5b8
0x00007f11d742ee48:   00007f11d742edf8 00007f11d742eec0
0x00007f11d742ee58:   00007f11d742ef18 00007f11c100798d
0x00007f11d742ee68:   0000000000000000 0000000000000000
0x00007f11d742ee78:   00000000ec18a320 00000000ec0a33d0
0x00007f11d742ee88:   00000000ec18a388 00000000ec09ee90
0x00007f11d742ee98:   00000000ec0a35c8 00000000ec189e20
0x00007f11d742eea8:   00000000eb975fb8 00000000ec11f740
0x00007f11d742eeb8:   00000000ec189da0 0000000000000001
0x00007f11d742eec8:   00000000eb8a9748 00000000ec0a34c0
0x00007f11d742eed8:   00007f11d742eed8 00007f11b9d9c24b
0x00007f11d742eee8:   00007f11d742ef30 00007f11b9d9d038
0x00007f11d742eef8:   0000000000000000 00007f11b9d9c278 

Instructions: (pc=0x00007f1182005060)
0x00007f1182005040:   
[error occurred during error reporting (printing registers, top of stack, instructions near pc), id 0xb]

Register to memory mapping:

RAX={method} {0x00007f11b9bd06b0} 'setIndex' '(I)V' in 'java/text/ParsePosition'
RBX={method} {0x00007f11b9bd06b0} 'setIndex' '(I)V' in 'java/text/ParsePosition'
RCX=0x00000000ec18a3b8 is an oop
java.text.ParsePosition 
 - klass: 'java/text/ParsePosition'
RDX=0x000000000000000c is an unknown value
RSP=0x00007f11d742ed08 is pointing into the stack for thread: 0x00007f11d000a000
RBP=0x00007f11d742ed68 is pointing into the stack for thread: 0x00007f11d000a000
RSI=0x00000000ec18a3b8 is an oop
java.text.ParsePosition 
 - klass: 'java/text/ParsePosition'
RDI=0x0000000000000001 is an unknown value
R8 =0x00000000000001b8 is an unknown value
R9 =0x0000000000000419 is an unknown value
R10=0x00007f11d6803440: <offset 0xf5c440> in /usr/lib/jvm/java-8-oracle/jre/lib/amd64/server/libjvm.so at 0x00007f11d58a7000
R11=0x00007f11c125e640 is at entry_point+32 in (nmethod*)0x00007f11c125e4d0
R12=0x0000000000000000 is an unknown value
R13=0x00007f11d742ed18 is pointing into the stack for thread: 0x00007f11d000a000
R14=0x0000000000000000 is an unknown value
R15=0x00007f11d000a000 is a thread


Stack: [0x00007f11d7330000,0x00007f11d7431000],  sp=0x00007f11d742ed08,  free space=1019k
Native frames: (J=compiled Java code, j=interpreted, Vv=VM code, C=native code)
C  0x00007f1182005060
j  org.apache.tools.ant.PropertyHelper.parseProperties(Ljava/lang/String;)Ljava/lang/Object;+17
j  org.apache.tools.ant.RuntimeConfigurable.maybeConfigure(Lorg/apache/tools/ant/Project;Z)V+171
j  org.apache.tools.ant.RuntimeConfigurable.maybeConfigure(Lorg/apache/tools/ant/Project;)V+3
j  org.apache.tools.ant.Task.maybeConfigure()V+22
j  org.apache.tools.ant.UnknownElement.configure(Ljava/lang/Object;)V+79
j  org.apache.tools.ant.UnknownElement.maybeConfigure()V+18
j  org.apache.tools.ant.taskdefs.Antlib.execute()V+38
j  org.apache.tools.ant.taskdefs.Definer.loadAntlib(Ljava/lang/ClassLoader;Ljava/net/URL;)V+27
j  org.apache.tools.ant.taskdefs.Definer.execute()V+420
j  org.apache.tools.ant.ComponentHelper.checkNamespace(Ljava/lang/String;)V+114
j  org.apache.tools.ant.ComponentHelper.getDefinition(Ljava/lang/String;)Lorg/apache/tools/ant/AntTypeDefinition;+2
j  org.apache.tools.ant.ComponentHelper.createComponent(Ljava/lang/String;)Ljava/lang/Object;+2
j  org.apache.tools.ant.ComponentHelper.createComponent(Lorg/apache/tools/ant/UnknownElement;Ljava/lang/String;Ljava/lang/String;)Ljava/lang/Object;+2
j  org.apache.tools.ant.UnknownElement.makeObject(Lorg/apache/tools/ant/UnknownElement;Lorg/apache/tools/ant/RuntimeConfigurable;)Ljava/lang/Object;+32
j  org.apache.tools.ant.UnknownElement.maybeConfigure()V+15
j  org.apache.tools.ant.Task.perform()V+18
j  org.apache.tools.ant.Target.execute()V+179
j  org.apache.tools.ant.helper.ProjectHelper2.parse(Lorg/apache/tools/ant/Project;Ljava/lang/Object;)V+230
j  org.apache.tools.ant.ProjectHelper.configureProject(Lorg/apache/tools/ant/Project;Ljava/io/File;)V+27
j  org.apache.tools.ant.Main.runBuild(Ljava/lang/ClassLoader;)V+373
j  org.apache.tools.ant.Main.startAnt([Ljava/lang/String;Ljava/util/Properties;Ljava/lang/ClassLoader;)V+84
j  org.apache.tools.ant.launch.Launcher.run([Ljava/lang/String;)I+703
j  org.apache.tools.ant.launch.Launcher.main([Ljava/lang/String;)V+10
v  ~StubRoutines::call_stub
V  [libjvm.so+0x664086]  JavaCalls::call_helper(JavaValue*, methodHandle*, JavaCallArguments*, Thread*)+0x1056
V  [libjvm.so+0x6ab096]  jni_invoke_static(JNIEnv_*, JavaValue*, _jobject*, JNICallType, _jmethodID*, JNI_ArgumentPusher*, Thread*)+0x346
V  [libjvm.so+0x6b1c2a]  jni_CallStaticVoidMethod+0x17a
C  [libjli.so+0x7b14]  JavaMain+0x844
C  [libpthread.so.0+0x8182]  start_thread+0xc2


---------------  P R O C E S S  ---------------

Java Threads: ( => current thread )
  0x00007f11d00d0800 JavaThread "Service Thread" daemon [_thread_blocked, id=8336, stack(0x00007f11b8300000,0x00007f11b8401000)]
  0x00007f11d00b0800 JavaThread "C1 CompilerThread2" daemon [_thread_blocked, id=8335, stack(0x00007f11b8401000,0x00007f11b8502000)]
  0x00007f11d00ae800 JavaThread "C2 CompilerThread1" daemon [_thread_blocked, id=8334, stack(0x00007f11b8502000,0x00007f11b8603000)]
  0x00007f11d00ab800 JavaThread "C2 CompilerThread0" daemon [_thread_blocked, id=8333, stack(0x00007f11b8603000,0x00007f11b8704000)]
  0x00007f11d00a9800 JavaThread "Signal Dispatcher" daemon [_thread_blocked, id=8332, stack(0x00007f11b8704000,0x00007f11b8805000)]
  0x00007f11d007c000 JavaThread "Finalizer" daemon [_thread_blocked, id=8331, stack(0x00007f11b8c03000,0x00007f11b8d04000)]
  0x00007f11d007a000 JavaThread "Reference Handler" daemon [_thread_blocked, id=8330, stack(0x00007f11b8d04000,0x00007f11b8e05000)]
=>0x00007f11d000a000 JavaThread "main" [_thread_in_Java, id=8324, stack(0x00007f11d7330000,0x00007f11d7431000)]

Other Threads:
  0x00007f11d0073000 VMThread [stack: 0x00007f11b8e05000,0x00007f11b8f06000] [id=8329]
  0x00007f11d00d2800 WatcherThread [stack: 0x00007f11b81ff000,0x00007f11b8300000] [id=8337]

VM state:not at safepoint (normal execution)

VM Mutex/Monitor currently owned by a thread: None

Heap:
 PSYoungGen      total 18432K, used 11979K [0x00000000eb600000, 0x00000000eca80000, 0x0000000100000000)
  eden space 15872K, 75% used [0x00000000eb600000,0x00000000ec1b2d20,0x00000000ec580000)
  from space 2560K, 0% used [0x00000000ec800000,0x00000000ec800000,0x00000000eca80000)
  to   space 2560K, 0% used [0x00000000ec580000,0x00000000ec580000,0x00000000ec800000)
 ParOldGen       total 42496K, used 0K [0x00000000c2200000, 0x00000000c4b80000, 0x00000000eb600000)
  object space 42496K, 0% used [0x00000000c2200000,0x00000000c2200000,0x00000000c4b80000)
 Metaspace       used 5808K, capacity 6512K, committed 6656K, reserved 1056768K
  class space    used 637K, capacity 703K, committed 768K, reserved 1048576K

Card table byte_map: [0x00007f11c0e10000,0x00007f11c1000000] byte_map_base: 0x00007f11c07ff000

Marking Bits: (ParMarkBitMap*) 0x00007f11d68012c0
 Begin Bits: [0x00007f11ba110000, 0x00007f11bb088000)
 End Bits:   [0x00007f11bb088000, 0x00007f11bc000000)

Polling page: 0x00007f11d7448000

CodeCache: size=245760Kb used=2463Kb max_used=2474Kb free=243296Kb
 bounds [0x00007f11c1000000, 0x00007f11c1270000, 0x00007f11d0000000]
 total_blobs=821 nmethods=549 adapters=188
 compilation: enabled

Compilation events (10 events):
Event: 0,401 Thread 0x00007f11d00b0800 nmethod 542 0x00007f11c1265290 code [0x00007f11c12653e0, 0x00007f11c1265530]
Event: 0,401 Thread 0x00007f11d00b0800  543   !   3       sun.reflect.UTF8::encode (191 bytes)
Event: 0,402 Thread 0x00007f11d00ab800  541       4       sun.reflect.ClassFileAssembler::emitByte (11 bytes)
Event: 0,402 Thread 0x00007f11d00b0800 nmethod 543 0x00007f11c1265590 code [0x00007f11c1265780, 0x00007f11c1266048]
Event: 0,402 Thread 0x00007f11d00ae800  545       4       sun.reflect.ByteVectorImpl::add (38 bytes)
Event: 0,402 Thread 0x00007f11d00b0800  544       3       sun.reflect.ClassFileAssembler::emitConstantPoolUTF8 (50 bytes)
Event: 0,402 Thread 0x00007f11d00b0800 nmethod 544 0x00007f11c12665d0 code [0x00007f11c12667c0, 0x00007f11c1266e48]
Event: 0,402 Thread 0x00007f11d00b0800  548       1       java.text.ParsePosition::setIndex (6 bytes)
Event: 0,402 Thread 0x00007f11d00b0800 nmethod 548 0x00007f11c1267310 code [0x00007f11c1267460, 0x00007f11c1267570]
Event: 0,402 Thread 0x00007f11d00b0800  540       3       sun.reflect.ByteVectorImpl::get (26 bytes)

GC Heap History (0 events):
No events

Deoptimization events (0 events):
No events

Internal exceptions (10 events):
Event: 0,391 Thread 0x00007f11d000a000 Exception <a 'java/security/PrivilegedActionException'> (0x00000000ec13dff8) thrown at [/HUDSON/workspace/8-2-build-linux-amd64/jdk8u25/1514/hotspot/src/share/vm/prims/jvm.cpp, line 1312]
Event: 0,391 Thread 0x00007f11d000a000 Exception <a 'java/security/PrivilegedActionException'> (0x00000000ec13f010) thrown at [/HUDSON/workspace/8-2-build-linux-amd64/jdk8u25/1514/hotspot/src/share/vm/prims/jvm.cpp, line 1312]
Event: 0,392 Thread 0x00007f11d000a000 Exception <a 'java/security/PrivilegedActionException'> (0x00000000ec146c60) thrown at [/HUDSON/workspace/8-2-build-linux-amd64/jdk8u25/1514/hotspot/src/share/vm/prims/jvm.cpp, line 1312]
Event: 0,392 Thread 0x00007f11d000a000 Exception <a 'java/security/PrivilegedActionException'> (0x00000000ec147df0) thrown at [/HUDSON/workspace/8-2-build-linux-amd64/jdk8u25/1514/hotspot/src/share/vm/prims/jvm.cpp, line 1312]
Event: 0,392 Thread 0x00007f11d000a000 Exception <a 'java/security/PrivilegedActionException'> (0x00000000ec14be80) thrown at [/HUDSON/workspace/8-2-build-linux-amd64/jdk8u25/1514/hotspot/src/share/vm/prims/jvm.cpp, line 1312]
Event: 0,392 Thread 0x00007f11d000a000 Exception <a 'java/security/PrivilegedActionException'> (0x00000000ec14c9d0) thrown at [/HUDSON/workspace/8-2-build-linux-amd64/jdk8u25/1514/hotspot/src/share/vm/prims/jvm.cpp, line 1312]
Event: 0,392 Thread 0x00007f11d000a000 Exception <a 'java/security/PrivilegedActionException'> (0x00000000ec14f0f0) thrown at [/HUDSON/workspace/8-2-build-linux-amd64/jdk8u25/1514/hotspot/src/share/vm/prims/jvm.cpp, line 1312]
Event: 0,392 Thread 0x00007f11d000a000 Exception <a 'java/security/PrivilegedActionException'> (0x00000000ec14fea0) thrown at [/HUDSON/workspace/8-2-build-linux-amd64/jdk8u25/1514/hotspot/src/share/vm/prims/jvm.cpp, line 1312]
Event: 0,393 Thread 0x00007f11d000a000 Exception <a 'java/security/PrivilegedActionException'> (0x00000000ec15b168) thrown at [/HUDSON/workspace/8-2-build-linux-amd64/jdk8u25/1514/hotspot/src/share/vm/prims/jvm.cpp, line 1312]
Event: 0,393 Thread 0x00007f11d000a000 Exception <a 'java/security/PrivilegedActionException'> (0x00000000ec15c118) thrown at [/HUDSON/workspace/8-2-build-linux-amd64/jdk8u25/1514/hotspot/src/share/vm/prims/jvm.cpp, line 1312]

Events (10 events):
Event: 0,399 loading class sun/reflect/Label$PatchInfo
Event: 0,399 loading class sun/reflect/Label$PatchInfo done
Event: 0,399 loading class sun/reflect/MethodAccessorGenerator$1
Event: 0,399 loading class sun/reflect/MethodAccessorGenerator$1 done
Event: 0,399 loading class sun/reflect/ClassDefiner
Event: 0,399 loading class sun/reflect/ClassDefiner done
Event: 0,399 loading class sun/reflect/ClassDefiner$1
Event: 0,399 loading class sun/reflect/ClassDefiner$1 done
Event: 0,399 loading class sun/reflect/BootstrapConstructorAccessorImpl
Event: 0,399 loading class sun/reflect/BootstrapConstructorAccessorImpl done


Dynamic libraries:
00400000-00401000 r-xp 00000000 08:03 1719663                            /usr/lib/jvm/java-8-oracle/jre/bin/java
00600000-00601000 rw-p 00000000 08:03 1719663                            /usr/lib/jvm/java-8-oracle/jre/bin/java
00905000-00926000 rw-p 00000000 00:00 0                                  [heap]
c2200000-c4b80000 rw-p 00000000 00:00 0 
c4b80000-eb600000 ---p 00000000 00:00 0 
eb600000-eca80000 rw-p 00000000 00:00 0 
eca80000-100000000 ---p 00000000 00:00 0 
100000000-1000c0000 rw-p 00000000 00:00 0 
1000c0000-140000000 ---p 00000000 00:00 0 
7f1184000000-7f1184021000 rw-p 00000000 00:00 0 
7f1184021000-7f1188000000 ---p 00000000 00:00 0 
7f1188000000-7f1188021000 rw-p 00000000 00:00 0 
7f1188021000-7f118c000000 ---p 00000000 00:00 0 
7f118c000000-7f118c146000 rw-p 00000000 00:00 0 
7f118c146000-7f1190000000 ---p 00000000 00:00 0 
7f1190000000-7f119029a000 rw-p 00000000 00:00 0 
7f119029a000-7f1194000000 ---p 00000000 00:00 0 
7f1194000000-7f1194021000 rw-p 00000000 00:00 0 
7f1194021000-7f1198000000 ---p 00000000 00:00 0 
7f1198000000-7f11982f3000 rw-p 00000000 00:00 0 
7f11982f3000-7f119c000000 ---p 00000000 00:00 0 
7f119c000000-7f119c021000 rw-p 00000000 00:00 0 
7f119c021000-7f11a0000000 ---p 00000000 00:00 0 
7f11a0000000-7f11a0021000 rw-p 00000000 00:00 0 
7f11a0021000-7f11a4000000 ---p 00000000 00:00 0 
7f11a4000000-7f11a4021000 rw-p 00000000 00:00 0 
7f11a4021000-7f11a8000000 ---p 00000000 00:00 0 
7f11a8000000-7f11a8021000 rw-p 00000000 00:00 0 
7f11a8021000-7f11ac000000 ---p 00000000 00:00 0 
7f11ac000000-7f11ac021000 rw-p 00000000 00:00 0 
7f11ac021000-7f11b0000000 ---p 00000000 00:00 0 
7f11b4000000-7f11b4021000 rw-p 00000000 00:00 0 
7f11b4021000-7f11b8000000 ---p 00000000 00:00 0 
7f11b811b000-7f11b811e000 rw-p 00000000 00:00 0 
7f11b811e000-7f11b8128000 r--s 00116000 08:03 1719424                    /usr/lib/jvm/java-8-oracle/jre/lib/ext/localedata.jar
7f11b8128000-7f11b8144000 r--s 00393000 08:03 1719423                    /usr/lib/jvm/java-8-oracle/jre/lib/ext/cldrdata.jar
7f11b8144000-7f11b81bd000 r--s 010df000 08:03 1718740                    /usr/lib/jvm/java-8-oracle/lib/tools.jar
7f11b81bd000-7f11b81be000 r--s 00004000 08:03 1983726                    /usr/share/java/ant-launcher-1.9.3.jar
7f11b81be000-7f11b81c0000 r--s 00004000 08:03 1983747                    /usr/share/java/ant-testutil-1.9.3.jar
7f11b81c0000-7f11b81c1000 r--s 00002000 08:03 1983742                    /usr/share/java/ant-apache-oro-1.9.3.jar
7f11b81c1000-7f11b81c2000 r--s 00002000 08:03 1983751                    /usr/share/java/ant-apache-resolver-1.9.3.jar
7f11b81c2000-7f11b81c5000 r--s 0001a000 08:03 1983750                    /usr/share/java/ant-junit-1.9.3.jar
7f11b81c5000-7f11b81c7000 r--s 00001000 08:03 1983736                    /usr/share/java/ant-apache-log4j-1.9.3.jar
7f11b81c7000-7f11b81e6000 r--s 001cc000 08:03 1983725                    /usr/share/java/ant-1.9.3.jar
7f11b81e6000-7f11b81ff000 r--s 00132000 08:03 1983712                    /usr/share/java/xercesImpl-2.11.0.jar
7f11b81ff000-7f11b8200000 ---p 00000000 00:00 0 
7f11b8200000-7f11b8300000 rw-p 00000000 00:00 0                          [stack:8337]
7f11b8300000-7f11b8303000 ---p 00000000 00:00 0 
7f11b8303000-7f11b8401000 rw-p 00000000 00:00 0                          [stack:8336]
7f11b8401000-7f11b8404000 ---p 00000000 00:00 0 
7f11b8404000-7f11b8502000 rw-p 00000000 00:00 0                          [stack:8335]
7f11b8502000-7f11b8505000 ---p 00000000 00:00 0 
7f11b8505000-7f11b8603000 rw-p 00000000 00:00 0                          [stack:8334]
7f11b8603000-7f11b8606000 ---p 00000000 00:00 0 
7f11b8606000-7f11b8704000 rw-p 00000000 00:00 0                          [stack:8333]
7f11b8704000-7f11b8707000 ---p 00000000 00:00 0 
7f11b8707000-7f11b8805000 rw-p 00000000 00:00 0                          [stack:8332]
7f11b8805000-7f11b8c03000 r--p 00000000 08:03 1704955                    /usr/lib/locale/locale-archive
7f11b8c03000-7f11b8c06000 ---p 00000000 00:00 0 
7f11b8c06000-7f11b8d04000 rw-p 00000000 00:00 0                          [stack:8331]
7f11b8d04000-7f11b8d07000 ---p 00000000 00:00 0 
7f11b8d07000-7f11b8e05000 rw-p 00000000 00:00 0                          [stack:8330]
7f11b8e05000-7f11b8e06000 ---p 00000000 00:00 0 
7f11b8e06000-7f11b9ed0000 rw-p 00000000 00:00 0                          [stack:8329]
7f11b9ed0000-7f11ba110000 ---p 00000000 00:00 0 
7f11ba110000-7f11bc000000 rw-p 00000000 00:00 0 
7f11bc000000-7f11bc021000 rw-p 00000000 00:00 0 
7f11bc021000-7f11c0000000 ---p 00000000 00:00 0 
7f11c0000000-7f11c0001000 r--s 00002000 08:03 1983738                    /usr/share/java/ant-apache-regexp-1.9.3.jar
7f11c0001000-7f11c0002000 r--s 00002000 08:03 1983739                    /usr/share/java/ant-antlr-1.9.3.jar
7f11c0002000-7f11c0003000 r--s 00002000 08:03 1983752                    /usr/share/java/ant-commons-logging-1.9.3.jar
7f11c0003000-7f11c0004000 r--s 00002000 08:03 1983740                    /usr/share/java/ant-apache-bsf-1.9.3.jar
7f11c0004000-7f11c0006000 r--s 00002000 08:03 1983746                    /usr/share/java/ant-junit4-1.9.3.jar
7f11c0006000-7f11c0007000 r--s 00003000 08:03 1983743                    /usr/share/java/ant-javamail-1.9.3.jar
7f11c0007000-7f11c000a000 r--s 00014000 08:03 1983745                    /usr/share/java/ant-commons-net-1.9.3.jar
7f11c000a000-7f11c0013000 r--s 00031000 08:03 1983706                    /usr/share/java/xml-apis-1.4.01.jar
7f11c0013000-7f11c0588000 rw-p 00000000 00:00 0 
7f11c0588000-7f11c075e000 r--s 03caa000 08:03 1719620                    /usr/lib/jvm/java-8-oracle/jre/lib/rt.jar
7f11c075e000-7f11c09c3000 rw-p 00000000 00:00 0 
7f11c09c3000-7f11c09c4000 ---p 00000000 00:00 0 
7f11c09c4000-7f11c0ac4000 rw-p 00000000 00:00 0                          [stack:8328]
7f11c0ac4000-7f11c0ac5000 ---p 00000000 00:00 0 
7f11c0ac5000-7f11c0bc5000 rw-p 00000000 00:00 0                          [stack:8327]
7f11c0bc5000-7f11c0bc6000 ---p 00000000 00:00 0 
7f11c0bc6000-7f11c0cdb000 rw-p 00000000 00:00 0                          [stack:8326]
7f11c0cdb000-7f11c0e10000 ---p 00000000 00:00 0 
7f11c0e10000-7f11c0e25000 rw-p 00000000 00:00 0 
7f11c0e25000-7f11c0f5a000 ---p 00000000 00:00 0 
7f11c0f5a000-7f11c0f65000 rw-p 00000000 00:00 0 
7f11c0f65000-7f11c0fff000 ---p 00000000 00:00 0 
7f11c0fff000-7f11c1000000 rw-p 00000000 00:00 0 
7f11c1000000-7f11c1270000 rwxp 00000000 00:00 0 
7f11c1270000-7f11d0000000 ---p 00000000 00:00 0 
7f11d0000000-7f11d05dc000 rw-p 00000000 00:00 0 
7f11d05dc000-7f11d4000000 ---p 00000000 00:00 0 
7f11d4000000-7f11d4001000 r--s 00003000 08:03 1983735                    /usr/share/java/ant-swing-1.9.3.jar
7f11d4001000-7f11d4002000 r--s 00003000 08:03 1983744                    /usr/share/java/ant-apache-bcel-1.9.3.jar
7f11d4002000-7f11d4004000 r--s 00002000 08:03 1983741                    /usr/share/java/ant-jmf-1.9.3.jar
7f11d4004000-7f11d4046000 rw-p 00000000 00:00 0 
7f11d4046000-7f11d4047000 ---p 00000000 00:00 0 
7f11d4047000-7f11d4151000 rw-p 00000000 00:00 0                          [stack:8325]
7f11d4151000-7f11d4507000 ---p 00000000 00:00 0 
7f11d4507000-7f11d4521000 r-xp 00000000 08:03 1719386                    /usr/lib/jvm/java-8-oracle/jre/lib/amd64/libzip.so
7f11d4521000-7f11d4721000 ---p 0001a000 08:03 1719386                    /usr/lib/jvm/java-8-oracle/jre/lib/amd64/libzip.so
7f11d4721000-7f11d4722000 rw-p 0001a000 08:03 1719386                    /usr/lib/jvm/java-8-oracle/jre/lib/amd64/libzip.so
7f11d4722000-7f11d472d000 r-xp 00000000 08:03 2103193                    /lib/x86_64-linux-gnu/libnss_files-2.19.so
7f11d472d000-7f11d492c000 ---p 0000b000 08:03 2103193                    /lib/x86_64-linux-gnu/libnss_files-2.19.so
7f11d492c000-7f11d492d000 r--p 0000a000 08:03 2103193                    /lib/x86_64-linux-gnu/libnss_files-2.19.so
7f11d492d000-7f11d492e000 rw-p 0000b000 08:03 2103193                    /lib/x86_64-linux-gnu/libnss_files-2.19.so
7f11d492e000-7f11d4939000 r-xp 00000000 08:03 2103194                    /lib/x86_64-linux-gnu/libnss_nis-2.19.so
7f11d4939000-7f11d4b38000 ---p 0000b000 08:03 2103194                    /lib/x86_64-linux-gnu/libnss_nis-2.19.so
7f11d4b38000-7f11d4b39000 r--p 0000a000 08:03 2103194                    /lib/x86_64-linux-gnu/libnss_nis-2.19.so
7f11d4b39000-7f11d4b3a000 rw-p 0000b000 08:03 2103194                    /lib/x86_64-linux-gnu/libnss_nis-2.19.so
7f11d4b3a000-7f11d4b51000 r-xp 00000000 08:03 2102533                    /lib/x86_64-linux-gnu/libnsl-2.19.so
7f11d4b51000-7f11d4d50000 ---p 00017000 08:03 2102533                    /lib/x86_64-linux-gnu/libnsl-2.19.so
7f11d4d50000-7f11d4d51000 r--p 00016000 08:03 2102533                    /lib/x86_64-linux-gnu/libnsl-2.19.so
7f11d4d51000-7f11d4d52000 rw-p 00017000 08:03 2102533                    /lib/x86_64-linux-gnu/libnsl-2.19.so
7f11d4d52000-7f11d4d54000 rw-p 00000000 00:00 0 
7f11d4d54000-7f11d4d5d000 r-xp 00000000 08:03 2102431                    /lib/x86_64-linux-gnu/libnss_compat-2.19.so
7f11d4d5d000-7f11d4f5c000 ---p 00009000 08:03 2102431                    /lib/x86_64-linux-gnu/libnss_compat-2.19.so
7f11d4f5c000-7f11d4f5d000 r--p 00008000 08:03 2102431                    /lib/x86_64-linux-gnu/libnss_compat-2.19.so
7f11d4f5d000-7f11d4f5e000 rw-p 00009000 08:03 2102431                    /lib/x86_64-linux-gnu/libnss_compat-2.19.so
7f11d4f5e000-7f11d4f88000 r-xp 00000000 08:03 1719352                    /usr/lib/jvm/java-8-oracle/jre/lib/amd64/libjava.so
7f11d4f88000-7f11d5188000 ---p 0002a000 08:03 1719352                    /usr/lib/jvm/java-8-oracle/jre/lib/amd64/libjava.so
7f11d5188000-7f11d518a000 rw-p 0002a000 08:03 1719352                    /usr/lib/jvm/java-8-oracle/jre/lib/amd64/libjava.so
7f11d518a000-7f11d5197000 r-xp 00000000 08:03 1719370                    /usr/lib/jvm/java-8-oracle/jre/lib/amd64/libverify.so
7f11d5197000-7f11d5397000 ---p 0000d000 08:03 1719370                    /usr/lib/jvm/java-8-oracle/jre/lib/amd64/libverify.so
7f11d5397000-7f11d5399000 rw-p 0000d000 08:03 1719370                    /usr/lib/jvm/java-8-oracle/jre/lib/amd64/libverify.so
7f11d5399000-7f11d53a0000 r-xp 00000000 08:03 2102576                    /lib/x86_64-linux-gnu/librt-2.19.so
7f11d53a0000-7f11d559f000 ---p 00007000 08:03 2102576                    /lib/x86_64-linux-gnu/librt-2.19.so
7f11d559f000-7f11d55a0000 r--p 00006000 08:03 2102576                    /lib/x86_64-linux-gnu/librt-2.19.so
7f11d55a0000-7f11d55a1000 rw-p 00007000 08:03 2102576                    /lib/x86_64-linux-gnu/librt-2.19.so
7f11d55a1000-7f11d56a6000 r-xp 00000000 08:03 2102682                    /lib/x86_64-linux-gnu/libm-2.19.so
7f11d56a6000-7f11d58a5000 ---p 00105000 08:03 2102682                    /lib/x86_64-linux-gnu/libm-2.19.so
7f11d58a5000-7f11d58a6000 r--p 00104000 08:03 2102682                    /lib/x86_64-linux-gnu/libm-2.19.so
7f11d58a6000-7f11d58a7000 rw-p 00105000 08:03 2102682                    /lib/x86_64-linux-gnu/libm-2.19.so
7f11d58a7000-7f11d6514000 r-xp 00000000 08:03 1719359                    /usr/lib/jvm/java-8-oracle/jre/lib/amd64/server/libjvm.so
7f11d6514000-7f11d6713000 ---p 00c6d000 08:03 1719359                    /usr/lib/jvm/java-8-oracle/jre/lib/amd64/server/libjvm.so
7f11d6713000-7f11d67e9000 rw-p 00c6c000 08:03 1719359                    /usr/lib/jvm/java-8-oracle/jre/lib/amd64/server/libjvm.so
7f11d67e9000-7f11d682c000 rw-p 00000000 00:00 0 
7f11d682c000-7f11d69e7000 r-xp 00000000 08:03 2102633                    /lib/x86_64-linux-gnu/libc-2.19.so
7f11d69e7000-7f11d6be7000 ---p 001bb000 08:03 2102633                    /lib/x86_64-linux-gnu/libc-2.19.so
7f11d6be7000-7f11d6beb000 r--p 001bb000 08:03 2102633                    /lib/x86_64-linux-gnu/libc-2.19.so
7f11d6beb000-7f11d6bed000 rw-p 001bf000 08:03 2102633                    /lib/x86_64-linux-gnu/libc-2.19.so
7f11d6bed000-7f11d6bf2000 rw-p 00000000 00:00 0 
7f11d6bf2000-7f11d6bf5000 r-xp 00000000 08:03 2103199                    /lib/x86_64-linux-gnu/libdl-2.19.so
7f11d6bf5000-7f11d6df4000 ---p 00003000 08:03 2103199                    /lib/x86_64-linux-gnu/libdl-2.19.so
7f11d6df4000-7f11d6df5000 r--p 00002000 08:03 2103199                    /lib/x86_64-linux-gnu/libdl-2.19.so
7f11d6df5000-7f11d6df6000 rw-p 00003000 08:03 2103199                    /lib/x86_64-linux-gnu/libdl-2.19.so
7f11d6df6000-7f11d6e0b000 r-xp 00000000 08:03 1719341                    /usr/lib/jvm/java-8-oracle/jre/lib/amd64/jli/libjli.so
7f11d6e0b000-7f11d700a000 ---p 00015000 08:03 1719341                    /usr/lib/jvm/java-8-oracle/jre/lib/amd64/jli/libjli.so
7f11d700a000-7f11d700b000 rw-p 00014000 08:03 1719341                    /usr/lib/jvm/java-8-oracle/jre/lib/amd64/jli/libjli.so
7f11d700b000-7f11d7024000 r-xp 00000000 08:03 2103200                    /lib/x86_64-linux-gnu/libpthread-2.19.so
7f11d7024000-7f11d7223000 ---p 00019000 08:03 2103200                    /lib/x86_64-linux-gnu/libpthread-2.19.so
7f11d7223000-7f11d7224000 r--p 00018000 08:03 2103200                    /lib/x86_64-linux-gnu/libpthread-2.19.so
7f11d7224000-7f11d7225000 rw-p 00019000 08:03 2103200                    /lib/x86_64-linux-gnu/libpthread-2.19.so
7f11d7225000-7f11d7229000 rw-p 00000000 00:00 0 
7f11d7229000-7f11d724c000 r-xp 00000000 08:03 2102634                    /lib/x86_64-linux-gnu/ld-2.19.so
7f11d724c000-7f11d724d000 r--s 00001000 08:03 1983748                    /usr/share/java/ant-apache-xalan2-1.9.3.jar
7f11d724d000-7f11d724f000 r--s 0000a000 08:03 1983737                    /usr/share/java/ant-jsch-1.9.3.jar
7f11d724f000-7f11d7250000 r--s 00003000 08:03 1983749                    /usr/share/java/ant-jdepend-1.9.3.jar
7f11d7250000-7f11d7252000 r--s 00015000 08:03 1983700                    /usr/share/java/xml-resolver-1.2.jar
7f11d7252000-7f11d7257000 r--s 00010000 08:03 1983705                    /usr/share/java/xml-apis-ext-1.4.01.jar
7f11d7257000-7f11d7330000 rw-p 00000000 00:00 0 
7f11d7330000-7f11d7333000 ---p 00000000 00:00 0 
7f11d7333000-7f11d7435000 rw-p 00000000 00:00 0                          [stack:8324]
7f11d7435000-7f11d743e000 r--s 00031000 08:03 1983706                    /usr/share/java/xml-apis-1.4.01.jar
7f11d743e000-7f11d743f000 r--s 00004000 08:03 1983726                    /usr/share/java/ant-launcher-1.9.3.jar
7f11d743f000-7f11d7447000 rw-s 00000000 08:03 1842657                    /tmp/hsperfdata_sergio/8322
7f11d7447000-7f11d7448000 rw-p 00000000 00:00 0 
7f11d7448000-7f11d7449000 r--p 00000000 00:00 0 
7f11d7449000-7f11d744b000 rw-p 00000000 00:00 0 
7f11d744b000-7f11d744c000 r--p 00022000 08:03 2102634                    /lib/x86_64-linux-gnu/ld-2.19.so
7f11d744c000-7f11d744d000 rw-p 00023000 08:03 2102634                    /lib/x86_64-linux-gnu/ld-2.19.so
7f11d744d000-7f11d744e000 rw-p 00000000 00:00 0 
7fff2e379000-7fff2e39a000 rw-p 00000000 00:00 0                          [stack]
7fff2e3b2000-7fff2e3b4000 r-xp 00000000 00:00 0                          [vdso]
ffffffffff600000-ffffffffff601000 r-xp 00000000 00:00 0                  [vsyscall]

VM Arguments:
jvm_args: -Dant.home=/usr/share/ant -Dant.library.dir=/usr/share/ant/lib 
java_command: org.apache.tools.ant.launch.Launcher -cp  debug -f /home/sergio/IWEB/practica6/platforms/android/build.xml -Dout.dir=ant-build -Dgen.absolute.dir=ant-gen
java_class_path (initial): /usr/share/ant/lib/ant-launcher.jar:/usr/share/java/xmlParserAPIs.jar:/usr/share/java/xercesImpl.jar
Launcher Type: SUN_STANDARD

Environment Variables:
JAVA_HOME=/usr/lib/jvm/java-8-oracle
PATH=/usr/local/sbin:/usr/local/bin:/usr/sbin:/usr/bin:/sbin:/bin:/usr/games:/usr/local/games:/opt/android-sdk-linux/tools:/opt/android-sdk-linux/platform-tools:/opt/android-sdk-linux/bin
SHELL=/bin/bash
DISPLAY=:0

Signal Handlers:
SIGSEGV: [libjvm.so+0xa79a80], sa_mask[0]=11111111011111111101111111111110, sa_flags=SA_RESTART|SA_SIGINFO
SIGBUS: [libjvm.so+0xa79a80], sa_mask[0]=11111111011111111101111111111110, sa_flags=SA_RESTART|SA_SIGINFO
SIGFPE: [libjvm.so+0x8e24e0], sa_mask[0]=11111111011111111101111111111110, sa_flags=SA_RESTART|SA_SIGINFO
SIGPIPE: [libjvm.so+0x8e24e0], sa_mask[0]=11111111011111111101111111111110, sa_flags=SA_RESTART|SA_SIGINFO
SIGXFSZ: [libjvm.so+0x8e24e0], sa_mask[0]=11111111011111111101111111111110, sa_flags=SA_RESTART|SA_SIGINFO
SIGILL: [libjvm.so+0x8e24e0], sa_mask[0]=11111111011111111101111111111110, sa_flags=SA_RESTART|SA_SIGINFO
SIGUSR1: SIG_DFL, sa_mask[0]=00000000000000000000000000000000, sa_flags=none
SIGUSR2: [libjvm.so+0x8e3d10], sa_mask[0]=00000000000000000000000000000000, sa_flags=SA_RESTART|SA_SIGINFO
SIGHUP: [libjvm.so+0x8e50d0], sa_mask[0]=11111111011111111101111111111110, sa_flags=SA_RESTART|SA_SIGINFO
SIGINT: [libjvm.so+0x8e50d0], sa_mask[0]=11111111011111111101111111111110, sa_flags=SA_RESTART|SA_SIGINFO
SIGTERM: [libjvm.so+0x8e50d0], sa_mask[0]=11111111011111111101111111111110, sa_flags=SA_RESTART|SA_SIGINFO
SIGQUIT: [libjvm.so+0x8e50d0], sa_mask[0]=11111111011111111101111111111110, sa_flags=SA_RESTART|SA_SIGINFO


---------------  S Y S T E M  ---------------

OS:DISTRIB_ID="elementary OS"
DISTRIB_RELEASE=0.3
DISTRIB_CODENAME=freya
DISTRIB_DESCRIPTION="elementary OS Freya"

uname:Linux 3.13.0-39-generic #66-Ubuntu SMP Tue Oct 28 13:30:27 UTC 2014 x86_64
libc:glibc 2.19 NPTL 2.19 
rlimit: STACK 8192k, CORE 0k, NPROC 31387, NOFILE 4096, AS infinity
load average:0,29 0,52 0,70

/proc/meminfo:
MemTotal:        4046980 kB
MemFree:          437028 kB
Buffers:           65420 kB
Cached:          1072084 kB
SwapCached:         1244 kB
Active:          2057540 kB
Inactive:        1172320 kB
Active(anon):    1470684 kB
Inactive(anon):   651136 kB
Active(file):     586856 kB
Inactive(file):   521184 kB
Unevictable:           0 kB
Mlocked:               0 kB
SwapTotal:       1771516 kB
SwapFree:        1764224 kB
Dirty:                 0 kB
Writeback:            28 kB
AnonPages:       2091100 kB
Mapped:           339080 kB
Shmem:             29464 kB
Slab:             131740 kB
SReclaimable:      97968 kB
SUnreclaim:        33772 kB
KernelStack:        3560 kB
PageTables:        29664 kB
NFS_Unstable:          0 kB
Bounce:                0 kB
WritebackTmp:          0 kB
CommitLimit:     3795004 kB
Committed_AS:    5373748 kB
VmallocTotal:   34359738367 kB
VmallocUsed:      307488 kB
VmallocChunk:   34359426044 kB
HardwareCorrupted:     0 kB
AnonHugePages:    819200 kB
HugePages_Total:       0
HugePages_Free:        0
HugePages_Rsvd:        0
HugePages_Surp:        0
Hugepagesize:       2048 kB
DirectMap4k:      336832 kB
DirectMap2M:     3856384 kB


CPU:total 4 (4 cores per cpu, 1 threads per core) family 6 model 23 stepping 7, cmov, cx8, fxsr, mmx, sse, sse2, sse3, ssse3, sse4.1, tsc

/proc/cpuinfo:
processor	: 0
vendor_id	: GenuineIntel
cpu family	: 6
model		: 23
model name	: Intel(R) Core(TM)2 Quad  CPU   Q9550  @ 2.83GHz
stepping	: 7
microcode	: 0x705
cpu MHz		: 2834.000
cache size	: 6144 KB
physical id	: 0
siblings	: 4
core id		: 0
cpu cores	: 4
apicid		: 0
initial apicid	: 0
fpu		: yes
fpu_exception	: yes
cpuid level	: 10
wp		: yes
flags		: fpu vme de pse tsc msr pae mce cx8 apic sep mtrr pge mca cmov pat pse36 clflush dts acpi mmx fxsr sse sse2 ss ht tm pbe syscall nx lm constant_tsc arch_perfmon pebs bts rep_good nopl aperfmperf pni dtes64 monitor ds_cpl vmx smx est tm2 ssse3 cx16 xtpr pdcm sse4_1 lahf_lm dtherm tpr_shadow vnmi flexpriority
bogomips	: 5666.53
clflush size	: 64
cache_alignment	: 64
address sizes	: 36 bits physical, 48 bits virtual
power management:

processor	: 1
vendor_id	: GenuineIntel
cpu family	: 6
model		: 23
model name	: Intel(R) Core(TM)2 Quad  CPU   Q9550  @ 2.83GHz
stepping	: 7
microcode	: 0x705
cpu MHz		: 2834.000
cache size	: 6144 KB
physical id	: 0
siblings	: 4
core id		: 3
cpu cores	: 4
apicid		: 3
initial apicid	: 3
fpu		: yes
fpu_exception	: yes
cpuid level	: 10
wp		: yes
flags		: fpu vme de pse tsc msr pae mce cx8 apic sep mtrr pge mca cmov pat pse36 clflush dts acpi mmx fxsr sse sse2 ss ht tm pbe syscall nx lm constant_tsc arch_perfmon pebs bts rep_good nopl aperfmperf pni dtes64 monitor ds_cpl vmx smx est tm2 ssse3 cx16 xtpr pdcm sse4_1 lahf_lm dtherm tpr_shadow vnmi flexpriority
bogomips	: 5666.53
clflush size	: 64
cache_alignment	: 64
address sizes	: 36 bits physical, 48 bits virtual
power management:

processor	: 2
vendor_id	: GenuineIntel
cpu family	: 6
model		: 23
model name	: Intel(R) Core(TM)2 Quad  CPU   Q9550  @ 2.83GHz
stepping	: 7
microcode	: 0x705
cpu MHz		: 2834.000
cache size	: 6144 KB
physical id	: 0
siblings	: 4
core id		: 2
cpu cores	: 4
apicid		: 2
initial apicid	: 2
fpu		: yes
fpu_exception	: yes
cpuid level	: 10
wp		: yes
flags		: fpu vme de pse tsc msr pae mce cx8 apic sep mtrr pge mca cmov pat pse36 clflush dts acpi mmx fxsr sse sse2 ss ht tm pbe syscall nx lm constant_tsc arch_perfmon pebs bts rep_good nopl aperfmperf pni dtes64 monitor ds_cpl vmx smx est tm2 ssse3 cx16 xtpr pdcm sse4_1 lahf_lm dtherm tpr_shadow vnmi flexpriority
bogomips	: 5666.53
clflush size	: 64
cache_alignment	: 64
address sizes	: 36 bits physical, 48 bits virtual
power management:

processor	: 3
vendor_id	: GenuineIntel
cpu family	: 6
model		: 23
model name	: Intel(R) Core(TM)2 Quad  CPU   Q9550  @ 2.83GHz
stepping	: 7
microcode	: 0x705
cpu MHz		: 2834.000
cache size	: 6144 KB
physical id	: 0
siblings	: 4
core id		: 1
cpu cores	: 4
apicid		: 1
initial apicid	: 1
fpu		: yes
fpu_exception	: yes
cpuid level	: 10
wp		: yes
flags		: fpu vme de pse tsc msr pae mce cx8 apic sep mtrr pge mca cmov pat pse36 clflush dts acpi mmx fxsr sse sse2 ss ht tm pbe syscall nx lm constant_tsc arch_perfmon pebs bts rep_good nopl aperfmperf pni dtes64 monitor ds_cpl vmx smx est tm2 ssse3 cx16 xtpr pdcm sse4_1 lahf_lm dtherm tpr_shadow vnmi flexpriority
bogomips	: 5666.53
clflush size	: 64
cache_alignment	: 64
address sizes	: 36 bits physical, 48 bits virtual
power management:



Memory: 4k page, physical 4046980k(437028k free), swap 1771516k(1764224k free)

vm_info: Java HotSpot(TM) 64-Bit Server VM (25.25-b02) for linux-amd64 JRE (1.8.0_25-b17), built on Sep 17 2014 17:32:11 by "java_re" with gcc 4.3.0 20080428 (Red Hat 4.3.0-8)

time: Sun Nov 23 10:20:15 2014
elapsed time: 0 seconds (0d 0h 0m 0s)

