#
# A fatal error has been detected by the Java Runtime Environment:
#
#  SIGSEGV (0xb) at pc=0x00007f300e005060, pid=32119, tid=139845803620096
#
# JRE version: Java(TM) SE Runtime Environment (8.0_25-b17) (build 1.8.0_25-b17)
# Java VM: Java HotSpot(TM) 64-Bit Server VM (25.25-b02 mixed mode linux-amd64 compressed oops)
# Problematic frame:
# C  0x00007f300e005060
#
# Failed to write core dump. Core dumps have been disabled. To enable core dumping, try "ulimit -c unlimited" before starting Java again
#
# If you would like to submit a bug report, please visit:
#   http://bugreport.sun.com/bugreport/crash.jsp
#

---------------  T H R E A D  ---------------

Current thread (0x00007f305c00a000):  JavaThread "main" [_thread_in_Java, id=32121, stack(0x00007f306362b000,0x00007f306372c000)]

siginfo: si_signo: 11 (SIGSEGV), si_code: 2 (SEGV_ACCERR), si_addr: 0x00007f300e005060

Registers:
RAX=0x00007f304c38eaf0, RBX=0x00007f304c38eaf0, RCX=0x00007f303fc3a118, RDX=0x00007f304d007710
RSP=0x00007f3063727778, RBP=0x00007f30637277d0, RSI=0x0000000000000001, RDI=0x00000001001f7a08
R8 =0x0000000000000000, R9 =0x00000001001d5e50, R10=0x00007f3062afe440, R11=0x00007f304d693600
R12=0x0000000000000000, R13=0x00007f3063727788, R14=0x00007f3063727808, R15=0x00007f305c00a000
RIP=0x00007f300e005060, EFLAGS=0x0000000000010202, CSGSFS=0x0000000000000033, ERR=0x0000000000000014
  TRAPNO=0x000000000000000e

Top of Stack: (sp=0x00007f3063727778)
0x00007f3063727778:   00007f304d007710 00007f304d007710
0x00007f3063727788:   0000000000000001 00007f3063727790
0x00007f3063727798:   00007f303fc1e01e 00007f3063727808
0x00007f30637277a8:   00007f303fc3a118 00007f303fa9f550
0x00007f30637277b8:   00007f303fc1e190 00007f3063727788
0x00007f30637277c8:   00007f3063727810 00007f30637279f0
0x00007f30637277d8:   00007f304d6b1ad4 0000000000000000
0x00007f30637277e8:   0000000000000000 0000000000000000
0x00007f30637277f8:   00000000ed05b5e0 00000000ed05b5e0
0x00007f3063727808:   00000000ebd1e190 00007f303fa9f550
0x00007f3063727818:   00007f303fc1e190 0000000000000000
0x00007f3063727828:   00007f3063727870 00007f3063727a50
0x00007f3063727838:   00007f304d6b1ad4 00007f30637279f0
0x00007f3063727848:   00007f304d69f324 0000000000000000
0x00007f3063727858:   00000000ed05b5e0 00007f30637279f0
0x00007f3063727868:   00007f304d69944c 00000000ed153c28
0x00007f3063727878:   00000000ebd233e8 00000000ed0c7de8
0x00007f3063727888:   00000000ecfbe678 00000000ebbb0bc0
0x00007f3063727898:   00000000ed0c7b60 00007f3063727a50
0x00007f30637278a8:   00007f304d69f324 00007f3063727d18
0x00007f30637278b8:   00007f304d691c9c 00007f30637279f0
0x00007f30637278c8:   00007f304d6a9f44 00000000ed155290
0x00007f30637278d8:   00000000ed0cd790 00000000ed121340
0x00007f30637278e8:   00000000ebcf4780 00007f3063727d18
0x00007f30637278f8:   00007f304d69f324 00007f3063727ef8
0x00007f3063727908:   00007f304d68a34c 00007f3063727d18
0x00007f3063727918:   00007f304d68ef64 00007f3063727a50
0x00007f3063727928:   00007f304d6aa90c 00000000c25711f8
0x00007f3063727938:   00007f3063727938 00007f303fc26355
0x00007f3063727948:   00007f30637279a0 00000000ebcf4780
0x00007f3063727958:   00000000ed05b5e0 00000000ed05b5e0
0x00007f3063727968:   00000000ed0cd7c8 00000000ed160188 

Instructions: (pc=0x00007f300e005060)
0x00007f300e005040:   
[error occurred during error reporting (printing registers, top of stack, instructions near pc), id 0xb]

Register to memory mapping:

RAX={method} {0x00007f304c38eaf0} 'valueOf' '(Z)Ljava/lang/Boolean;' in 'java/lang/Boolean'
RBX={method} {0x00007f304c38eaf0} 'valueOf' '(Z)Ljava/lang/Boolean;' in 'java/lang/Boolean'
RCX=0x00007f303fc3a118 is pointing into metadata
RDX=0x00007f304d007710 is at code_begin+1456 in an Interpreter codelet
invoke return entry points  [0x00007f304d007160, 0x00007f304d007a60]  2304 bytes
RSP=0x00007f3063727778 is pointing into the stack for thread: 0x00007f305c00a000
RBP=0x00007f30637277d0 is pointing into the stack for thread: 0x00007f305c00a000
RSI=0x0000000000000001 is an unknown value
RDI=0x00000001001f7a08 is pointing into metadata
R8 =0x0000000000000000 is an unknown value
R9 =0x00000001001d5e50 is pointing into metadata
R10=0x00007f3062afe440: <offset 0xf5c440> in /usr/lib/jvm/java-8-oracle/jre/lib/amd64/server/libjvm.so at 0x00007f3061ba2000
R11=0x00007f304d693600 is at entry_point+0 in (nmethod*)0x00007f304d693490
R12=0x0000000000000000 is an unknown value
R13=0x00007f3063727788 is pointing into the stack for thread: 0x00007f305c00a000
R14=0x00007f3063727808 is pointing into the stack for thread: 0x00007f305c00a000
R15=0x00007f305c00a000 is a thread


Stack: [0x00007f306362b000,0x00007f306372c000],  sp=0x00007f3063727778,  free space=1009k
Native frames: (J=compiled Java code, j=interpreted, Vv=VM code, C=native code)
C  0x00007f300e005060
J 1911 C1 com.sun.tools.javac.code.Types$SameTypeVisitor.visitClassType(Lcom/sun/tools/javac/code/Type$ClassType;Ljava/lang/Object;)Ljava/lang/Object; (10 bytes) @ 0x00007f304d6b1ad4 [0x00007f304d6b1900+0x1d4]
C  0x00007f303fc1e190


---------------  P R O C E S S  ---------------

Java Threads: ( => current thread )
  0x00007f305c656800 JavaThread "process reaper" daemon [_thread_blocked, id=32136, stack(0x00007f3044165000,0x00007f304419e000)]
  0x00007f305c0b3800 JavaThread "Service Thread" daemon [_thread_blocked, id=32133, stack(0x00007f30445fb000,0x00007f30446fc000)]
  0x00007f305c0b0800 JavaThread "C1 CompilerThread2" daemon [_thread_in_native, id=32132, stack(0x00007f30446fc000,0x00007f30447fd000)]
  0x00007f305c0ae800 JavaThread "C2 CompilerThread1" daemon [_thread_in_native, id=32131, stack(0x00007f30447fd000,0x00007f30448fe000)]
  0x00007f305c0ab800 JavaThread "C2 CompilerThread0" daemon [_thread_blocked, id=32130, stack(0x00007f30448fe000,0x00007f30449ff000)]
  0x00007f305c0a9800 JavaThread "Signal Dispatcher" daemon [_thread_blocked, id=32129, stack(0x00007f30449ff000,0x00007f3044b00000)]
  0x00007f305c07c000 JavaThread "Finalizer" daemon [_thread_blocked, id=32128, stack(0x00007f3044efe000,0x00007f3044fff000)]
  0x00007f305c07a000 JavaThread "Reference Handler" daemon [_thread_blocked, id=32127, stack(0x00007f3044fff000,0x00007f3045100000)]
=>0x00007f305c00a000 JavaThread "main" [_thread_in_Java, id=32121, stack(0x00007f306362b000,0x00007f306372c000)]

Other Threads:
  0x00007f305c073000 VMThread [stack: 0x00007f3045100000,0x00007f3045201000] [id=32126]
  0x00007f305c0ba000 WatcherThread [stack: 0x00007f30444fa000,0x00007f30445fb000] [id=32134]

VM state:not at safepoint (normal execution)

VM Mutex/Monitor currently owned by a thread: None

Heap:
 PSYoungGen      total 66048K, used 34635K [0x00000000eb600000, 0x00000000ef900000, 0x0000000100000000)
  eden space 63488K, 50% used [0x00000000eb600000,0x00000000ed552db8,0x00000000ef400000)
  from space 2560K, 100% used [0x00000000ef680000,0x00000000ef900000,0x00000000ef900000)
  to   space 2560K, 0% used [0x00000000ef400000,0x00000000ef400000,0x00000000ef680000)
 ParOldGen       total 42496K, used 7385K [0x00000000c2200000, 0x00000000c4b80000, 0x00000000eb600000)
  object space 42496K, 17% used [0x00000000c2200000,0x00000000c2936778,0x00000000c4b80000)
 Metaspace       used 18027K, capacity 18590K, committed 18816K, reserved 1064960K
  class space    used 2244K, capacity 2405K, committed 2432K, reserved 1048576K

Card table byte_map: [0x00007f3060252000,0x00007f3060442000] byte_map_base: 0x00007f305fc41000

Marking Bits: (ParMarkBitMap*) 0x00007f3062afc2c0
 Begin Bits: [0x00007f3046110000, 0x00007f3047088000)
 End Bits:   [0x00007f3047088000, 0x00007f3048000000)

Polling page: 0x00007f3063743000

CodeCache: size=245760Kb used=6830Kb max_used=6841Kb free=238929Kb
 bounds [0x00007f304d000000, 0x00007f304d6c0000, 0x00007f305c000000]
 total_blobs=2268 nmethods=1917 adapters=266
 compilation: enabled

Compilation events (10 events):
Event: 1,735 Thread 0x00007f305c0b0800 1913       3       com.sun.tools.javac.code.Symbol::isConstructor (26 bytes)
Event: 1,735 Thread 0x00007f305c0b0800 nmethod 1913 0x00007f304d6b1350 code [0x00007f304d6b14c0, 0x00007f304d6b1690]
Event: 1,735 Thread 0x00007f305c0b0800 1911       3       com.sun.tools.javac.code.Types$SameTypeVisitor::visitClassType (10 bytes)
Event: 1,735 Thread 0x00007f305c0b0800 nmethod 1911 0x00007f304d6b1790 code [0x00007f304d6b1900, 0x00007f304d6b1be8]
Event: 1,735 Thread 0x00007f305c0b0800 1923       1       com.sun.tools.javac.code.Type$JCNoType::getTag (4 bytes)
Event: 1,736 Thread 0x00007f305c0b0800 nmethod 1923 0x00007f304d6a6b90 code [0x00007f304d6a6ce0, 0x00007f304d6a6df0]
Event: 1,736 Thread 0x00007f305c0b0800 1912       3       com.sun.tools.javac.code.Types$SameTypeVisitor::visitClassType (339 bytes)
Event: 1,736 Thread 0x00007f305c0ab800 1926       4       java.lang.Boolean::valueOf (14 bytes)
Event: 1,736 Thread 0x00007f305c0ab800 nmethod 1926 0x00007f304d6b4910 code [0x00007f304d6b4a60, 0x00007f304d6b4ab8]
Event: 1,736 Thread 0x00007f305c0ab800 1927       4       com.sun.tools.javac.code.Symbol$ClassSymbol::flags (16 bytes)

GC Heap History (8 events):
Event: 0,482 GC heap before
{Heap before GC invocations=1 (full 0):
 PSYoungGen      total 18432K, used 15872K [0x00000000eb600000, 0x00000000eca80000, 0x0000000100000000)
  eden space 15872K, 100% used [0x00000000eb600000,0x00000000ec580000,0x00000000ec580000)
  from space 2560K, 0% used [0x00000000ec800000,0x00000000ec800000,0x00000000eca80000)
  to   space 2560K, 0% used [0x00000000ec580000,0x00000000ec580000,0x00000000ec800000)
 ParOldGen       total 42496K, used 0K [0x00000000c2200000, 0x00000000c4b80000, 0x00000000eb600000)
  object space 42496K, 0% used [0x00000000c2200000,0x00000000c2200000,0x00000000c4b80000)
 Metaspace       used 6430K, capacity 7104K, committed 7296K, reserved 1056768K
  class space    used 712K, capacity 811K, committed 896K, reserved 1048576K
Event: 0,495 GC heap after
Heap after GC invocations=1 (full 0):
 PSYoungGen      total 18432K, used 2557K [0x00000000eb600000, 0x00000000eda00000, 0x0000000100000000)
  eden space 15872K, 0% used [0x00000000eb600000,0x00000000eb600000,0x00000000ec580000)
  from space 2560K, 99% used [0x00000000ec580000,0x00000000ec7ff638,0x00000000ec800000)
  to   space 2560K, 0% used [0x00000000ed780000,0x00000000ed780000,0x00000000eda00000)
 ParOldGen       total 42496K, used 2083K [0x00000000c2200000, 0x00000000c4b80000, 0x00000000eb600000)
  object space 42496K, 4% used [0x00000000c2200000,0x00000000c2408d68,0x00000000c4b80000)
 Metaspace       used 6430K, capacity 7104K, committed 7296K, reserved 1056768K
  class space    used 712K, capacity 811K, committed 896K, reserved 1048576K
}
Event: 0,724 GC heap before
{Heap before GC invocations=2 (full 0):
 PSYoungGen      total 18432K, used 18429K [0x00000000eb600000, 0x00000000eda00000, 0x0000000100000000)
  eden space 15872K, 100% used [0x00000000eb600000,0x00000000ec580000,0x00000000ec580000)
  from space 2560K, 99% used [0x00000000ec580000,0x00000000ec7ff638,0x00000000ec800000)
  to   space 2560K, 0% used [0x00000000ed780000,0x00000000ed780000,0x00000000eda00000)
 ParOldGen       total 42496K, used 2083K [0x00000000c2200000, 0x00000000c4b80000, 0x00000000eb600000)
  object space 42496K, 4% used [0x00000000c2200000,0x00000000c2408d68,0x00000000c4b80000)
 Metaspace       used 9950K, capacity 10324K, committed 10624K, reserved 1058816K
  class space    used 1191K, capacity 1302K, committed 1408K, reserved 1048576K
Event: 0,731 GC heap after
Heap after GC invocations=2 (full 0):
 PSYoungGen      total 34304K, used 2557K [0x00000000eb600000, 0x00000000eda00000, 0x0000000100000000)
  eden space 31744K, 0% used [0x00000000eb600000,0x00000000eb600000,0x00000000ed500000)
  from space 2560K, 99% used [0x00000000ed780000,0x00000000ed9ff5f0,0x00000000eda00000)
  to   space 2560K, 0% used [0x00000000ed500000,0x00000000ed500000,0x00000000ed780000)
 ParOldGen       total 42496K, used 3523K [0x00000000c2200000, 0x00000000c4b80000, 0x00000000eb600000)
  object space 42496K, 8% used [0x00000000c2200000,0x00000000c2570df8,0x00000000c4b80000)
 Metaspace       used 9950K, capacity 10324K, committed 10624K, reserved 1058816K
  class space    used 1191K, capacity 1302K, committed 1408K, reserved 1048576K
}
Event: 0,985 GC heap before
{Heap before GC invocations=3 (full 0):
 PSYoungGen      total 34304K, used 34301K [0x00000000eb600000, 0x00000000eda00000, 0x0000000100000000)
  eden space 31744K, 100% used [0x00000000eb600000,0x00000000ed500000,0x00000000ed500000)
  from space 2560K, 99% used [0x00000000ed780000,0x00000000ed9ff5f0,0x00000000eda00000)
  to   space 2560K, 0% used [0x00000000ed500000,0x00000000ed500000,0x00000000ed780000)
 ParOldGen       total 42496K, used 3523K [0x00000000c2200000, 0x00000000c4b80000, 0x00000000eb600000)
  object space 42496K, 8% used [0x00000000c2200000,0x00000000c2570df8,0x00000000c4b80000)
 Metaspace       used 11653K, capacity 12068K, committed 12288K, reserved 1060864K
  class space    used 1401K, capacity 1526K, committed 1536K, reserved 1048576K
Event: 0,991 GC heap after
Heap after GC invocations=3 (full 0):
 PSYoungGen      total 34304K, used 2544K [0x00000000eb600000, 0x00000000ef900000, 0x0000000100000000)
  eden space 31744K, 0% used [0x00000000eb600000,0x00000000eb600000,0x00000000ed500000)
  from space 2560K, 99% used [0x00000000ed500000,0x00000000ed77c010,0x00000000ed780000)
  to   space 2560K, 0% used [0x00000000ef680000,0x00000000ef680000,0x00000000ef900000)
 ParOldGen       total 42496K, used 5390K [0x00000000c2200000, 0x00000000c4b80000, 0x00000000eb600000)
  object space 42496K, 12% used [0x00000000c2200000,0x00000000c27439d8,0x00000000c4b80000)
 Metaspace       used 11653K, capacity 12068K, committed 12288K, reserved 1060864K
  class space    used 1401K, capacity 1526K, committed 1536K, reserved 1048576K
}
Event: 1,325 GC heap before
{Heap before GC invocations=4 (full 0):
 PSYoungGen      total 34304K, used 34288K [0x00000000eb600000, 0x00000000ef900000, 0x0000000100000000)
  eden space 31744K, 100% used [0x00000000eb600000,0x00000000ed500000,0x00000000ed500000)
  from space 2560K, 99% used [0x00000000ed500000,0x00000000ed77c010,0x00000000ed780000)
  to   space 2560K, 0% used [0x00000000ef680000,0x00000000ef680000,0x00000000ef900000)
 ParOldGen       total 42496K, used 5390K [0x00000000c2200000, 0x00000000c4b80000, 0x00000000eb600000)
  object space 42496K, 12% used [0x00000000c2200000,0x00000000c27439d8,0x00000000c4b80000)
 Metaspace       used 13749K, capacity 14302K, committed 14464K, reserved 1062912K
  class space    used 1676K, capacity 1829K, committed 1920K, reserved 1048576K
Event: 1,335 GC heap after
Heap after GC invocations=4 (full 0):
 PSYoungGen      total 66048K, used 2560K [0x00000000eb600000, 0x00000000ef900000, 0x0000000100000000)
  eden space 63488K, 0% used [0x00000000eb600000,0x00000000eb600000,0x00000000ef400000)
  from space 2560K, 100% used [0x00000000ef680000,0x00000000ef900000,0x00000000ef900000)
  to   space 2560K, 0% used [0x00000000ef400000,0x00000000ef400000,0x00000000ef680000)
 ParOldGen       total 42496K, used 7385K [0x00000000c2200000, 0x00000000c4b80000, 0x00000000eb600000)
  object space 42496K, 17% used [0x00000000c2200000,0x00000000c2936778,0x00000000c4b80000)
 Metaspace       used 13749K, capacity 14302K, committed 14464K, reserved 1062912K
  class space    used 1676K, capacity 1829K, committed 1920K, reserved 1048576K
}

Deoptimization events (10 events):
Event: 1,575 Thread 0x00007f305c00a000 Uncommon trap: reason=class_check action=maybe_recompile pc=0x00007f304d261f34 method=java.util.Collections$UnmodifiableCollection$1.next()Ljava/lang/Object; @ 4
Event: 1,575 Thread 0x00007f305c00a000 Uncommon trap: reason=class_check action=maybe_recompile pc=0x00007f304d25f6d4 method=java.util.Collections$UnmodifiableCollection$1.hasNext()Z @ 4
Event: 1,575 Thread 0x00007f305c00a000 Uncommon trap: reason=class_check action=maybe_recompile pc=0x00007f304d261f34 method=java.util.Collections$UnmodifiableCollection$1.next()Ljava/lang/Object; @ 4
Event: 1,575 Thread 0x00007f305c00a000 Uncommon trap: reason=class_check action=maybe_recompile pc=0x00007f304d25f6d4 method=java.util.Collections$UnmodifiableCollection$1.hasNext()Z @ 4
Event: 1,578 Thread 0x00007f305c00a000 Uncommon trap: reason=class_check action=maybe_recompile pc=0x00007f304d1b30c4 method=sun.misc.URLClassPath.getLoader(I)Lsun/misc/URLClassPath$Loader; @ 94
Event: 1,600 Thread 0x00007f305c00a000 Uncommon trap: reason=class_check action=maybe_recompile pc=0x00007f304d26d978 method=java.util.Collections$UnmodifiableCollection$1.<init>(Ljava/util/Collections$UnmodifiableCollection;)V @ 17
Event: 1,600 Thread 0x00007f305c00a000 Uncommon trap: reason=class_check action=maybe_recompile pc=0x00007f304d261f34 method=java.util.Collections$UnmodifiableCollection$1.next()Ljava/lang/Object; @ 4
Event: 1,626 Thread 0x00007f305c00a000 Uncommon trap: reason=class_check action=maybe_recompile pc=0x00007f304d261f34 method=java.util.Collections$UnmodifiableCollection$1.next()Ljava/lang/Object; @ 4
Event: 1,638 Thread 0x00007f305c00a000 Uncommon trap: reason=class_check action=maybe_recompile pc=0x00007f304d26d978 method=java.util.Collections$UnmodifiableCollection$1.<init>(Ljava/util/Collections$UnmodifiableCollection;)V @ 17
Event: 1,727 Thread 0x00007f305c00a000 Uncommon trap: reason=class_check action=maybe_recompile pc=0x00007f304d600e04 method=java.util.HashMap.putVal(ILjava/lang/Object;Ljava/lang/Object;ZZ)Ljava/lang/Object; @ 253

Internal exceptions (10 events):
Event: 1,724 Thread 0x00007f305c00a000 Exception <a 'java/security/PrivilegedActionException'> (0x00000000ed457048) thrown at [/HUDSON/workspace/8-2-build-linux-amd64/jdk8u25/1514/hotspot/src/share/vm/prims/jvm.cpp, line 1312]
Event: 1,724 Thread 0x00007f305c00a000 Exception <a 'java/security/PrivilegedActionException'> (0x00000000ed458190) thrown at [/HUDSON/workspace/8-2-build-linux-amd64/jdk8u25/1514/hotspot/src/share/vm/prims/jvm.cpp, line 1312]
Event: 1,725 Thread 0x00007f305c00a000 Exception <a 'java/security/PrivilegedActionException'> (0x00000000ed45ca90) thrown at [/HUDSON/workspace/8-2-build-linux-amd64/jdk8u25/1514/hotspot/src/share/vm/prims/jvm.cpp, line 1312]
Event: 1,725 Thread 0x00007f305c00a000 Exception <a 'java/security/PrivilegedActionException'> (0x00000000ed45dab8) thrown at [/HUDSON/workspace/8-2-build-linux-amd64/jdk8u25/1514/hotspot/src/share/vm/prims/jvm.cpp, line 1312]
Event: 1,726 Thread 0x00007f305c00a000 Exception <a 'java/security/PrivilegedActionException'> (0x00000000ed46ca48) thrown at [/HUDSON/workspace/8-2-build-linux-amd64/jdk8u25/1514/hotspot/src/share/vm/prims/jvm.cpp, line 1312]
Event: 1,726 Thread 0x00007f305c00a000 Exception <a 'java/security/PrivilegedActionException'> (0x00000000ed46dcf0) thrown at [/HUDSON/workspace/8-2-build-linux-amd64/jdk8u25/1514/hotspot/src/share/vm/prims/jvm.cpp, line 1312]
Event: 1,726 Thread 0x00007f305c00a000 Exception <a 'java/security/PrivilegedActionException'> (0x00000000ed472170) thrown at [/HUDSON/workspace/8-2-build-linux-amd64/jdk8u25/1514/hotspot/src/share/vm/prims/jvm.cpp, line 1312]
Event: 1,726 Thread 0x00007f305c00a000 Exception <a 'java/security/PrivilegedActionException'> (0x00000000ed473268) thrown at [/HUDSON/workspace/8-2-build-linux-amd64/jdk8u25/1514/hotspot/src/share/vm/prims/jvm.cpp, line 1312]
Event: 1,727 Thread 0x00007f305c00a000 Exception <a 'java/security/PrivilegedActionException'> (0x00000000ed479860) thrown at [/HUDSON/workspace/8-2-build-linux-amd64/jdk8u25/1514/hotspot/src/share/vm/prims/jvm.cpp, line 1312]
Event: 1,727 Thread 0x00007f305c00a000 Exception <a 'java/security/PrivilegedActionException'> (0x00000000ed47a9c8) thrown at [/HUDSON/workspace/8-2-build-linux-amd64/jdk8u25/1514/hotspot/src/share/vm/prims/jvm.cpp, line 1312]

Events (10 events):
Event: 1,725 loading class com/sun/tools/javac/comp/Flow$FlowAnalyzer done
Event: 1,726 loading class com/sun/tools/javac/comp/Flow$FlowAnalyzer$FlowPendingExit
Event: 1,726 loading class com/sun/tools/javac/comp/Flow$FlowAnalyzer$FlowPendingExit done
Event: 1,726 loading class com/sun/tools/javac/comp/Flow$CaptureAnalyzer
Event: 1,726 loading class com/sun/tools/javac/comp/Flow$CaptureAnalyzer done
Event: 1,727 Thread 0x00007f305c00a000 Uncommon trap: trap_request=0xffffffde fr.pc=0x00007f304d600e04
Event: 1,727 Thread 0x00007f305c00a000 DEOPT PACKING pc=0x00007f304d600e04 sp=0x00007f3063728400
Event: 1,727 Thread 0x00007f305c00a000 DEOPT UNPACKING pc=0x00007f304d004f69 sp=0x00007f3063728338 mode 2
Event: 1,727 loading class com/sun/tools/javac/main/JavaCompiler$1ScanNested
Event: 1,727 loading class com/sun/tools/javac/main/JavaCompiler$1ScanNested done


Dynamic libraries:
00400000-00401000 r-xp 00000000 08:03 1719663                            /usr/lib/jvm/java-8-oracle/jre/bin/java
00600000-00601000 rw-p 00000000 08:03 1719663                            /usr/lib/jvm/java-8-oracle/jre/bin/java
00ba7000-00bc8000 rw-p 00000000 00:00 0                                  [heap]
c2200000-c4b80000 rw-p 00000000 00:00 0 
c4b80000-eb600000 ---p 00000000 00:00 0 
eb600000-ef900000 rw-p 00000000 00:00 0 
ef900000-100000000 ---p 00000000 00:00 0 
100000000-100260000 rw-p 00000000 00:00 0 
100260000-140000000 ---p 00000000 00:00 0 
7f3000000000-7f3000021000 rw-p 00000000 00:00 0 
7f3000021000-7f3004000000 ---p 00000000 00:00 0 
7f3008000000-7f3008021000 rw-p 00000000 00:00 0 
7f3008021000-7f300c000000 ---p 00000000 00:00 0 
7f300c000000-7f300c021000 rw-p 00000000 00:00 0 
7f300c021000-7f3010000000 ---p 00000000 00:00 0 
7f3010000000-7f3010021000 rw-p 00000000 00:00 0 
7f3010021000-7f3014000000 ---p 00000000 00:00 0 
7f3014000000-7f3014021000 rw-p 00000000 00:00 0 
7f3014021000-7f3018000000 ---p 00000000 00:00 0 
7f3018000000-7f3018737000 rw-p 00000000 00:00 0 
7f3018737000-7f301c000000 ---p 00000000 00:00 0 
7f301c000000-7f301c462000 rw-p 00000000 00:00 0 
7f301c462000-7f3020000000 ---p 00000000 00:00 0 
7f3020000000-7f3020021000 rw-p 00000000 00:00 0 
7f3020021000-7f3024000000 ---p 00000000 00:00 0 
7f3024000000-7f30245be000 rw-p 00000000 00:00 0 
7f30245be000-7f3028000000 ---p 00000000 00:00 0 
7f3028000000-7f3028021000 rw-p 00000000 00:00 0 
7f3028021000-7f302c000000 ---p 00000000 00:00 0 
7f302c000000-7f302c021000 rw-p 00000000 00:00 0 
7f302c021000-7f3030000000 ---p 00000000 00:00 0 
7f3030000000-7f3030021000 rw-p 00000000 00:00 0 
7f3030021000-7f3034000000 ---p 00000000 00:00 0 
7f3034000000-7f3034021000 rw-p 00000000 00:00 0 
7f3034021000-7f3038000000 ---p 00000000 00:00 0 
7f3038000000-7f3038021000 rw-p 00000000 00:00 0 
7f3038021000-7f303c000000 ---p 00000000 00:00 0 
7f303f8ff000-7f303faff000 rw-p 00000000 00:00 0 
7f303faff000-7f303fcff000 rw-p 00000000 00:00 0 
7f303fcff000-7f303fd02000 ---p 00000000 00:00 0 
7f303fd02000-7f3040000000 rw-p 00000000 00:00 0 
7f3040000000-7f3040021000 rw-p 00000000 00:00 0 
7f3040021000-7f3044000000 ---p 00000000 00:00 0 
7f304405e000-7f3044064000 r--s 0004e000 08:03 1452821                    /home/sergio/IWEB/practica6/platforms/android/CordovaLib/ant-build/classes.jar
7f3044064000-7f3044067000 ---p 00000000 00:00 0 
7f3044067000-7f3044165000 rw-p 00000000 00:00 0 
7f3044165000-7f3044168000 ---p 00000000 00:00 0 
7f3044168000-7f304439e000 rw-p 00000000 00:00 0                          [stack:32136]
7f304439e000-7f30443b1000 r--s 00344000 08:03 1719408                    /usr/lib/jvm/java-8-oracle/jre/lib/resources.jar
7f30443b1000-7f30443b3000 r--s 00008000 08:03 796178                     /opt/android-sdk-linux/tools/lib/emma_ant.jar
7f30443b3000-7f30443bb000 r--s 00061000 08:03 796222                     /opt/android-sdk-linux/tools/lib/emma.jar
7f30443bb000-7f30443c0000 r--s 00046000 08:03 796274                     /opt/android-sdk-linux/tools/lib/sdk-common.jar
7f30443c0000-7f30443c2000 r--s 0000d000 08:03 796227                     /opt/android-sdk-linux/tools/lib/commons-codec-1.4.jar
7f30443c2000-7f30443c4000 r--s 0000d000 08:03 796276                     /opt/android-sdk-linux/tools/lib/commons-logging-1.1.1.jar
7f30443c4000-7f30443c9000 r--s 00028000 08:03 796211                     /opt/android-sdk-linux/tools/lib/httpcore-4.1.jar
7f30443c9000-7f30443cb000 r--s 00005000 08:03 796216                     /opt/android-sdk-linux/tools/lib/httpmime-4.1.jar
7f30443cb000-7f30443d3000 r--s 0004e000 08:03 796233                     /opt/android-sdk-linux/tools/lib/httpclient-4.1.1.jar
7f30443d3000-7f30443da000 r--s 00053000 08:03 796284                     /opt/android-sdk-linux/tools/lib/commons-compress-1.8.1.jar
7f30443da000-7f30443db000 r--s 00004000 08:03 796228                     /opt/android-sdk-linux/tools/lib/dvlib.jar
7f30443db000-7f30443dc000 r--s 0000a000 08:03 796217                     /opt/android-sdk-linux/tools/lib/kxml2-2.3.0.jar
7f30443dc000-7f30443de000 r--s 00010000 08:03 796218                     /opt/android-sdk-linux/tools/lib/layoutlib-api.jar
7f30443de000-7f30443e8000 r--s 000a6000 08:03 796231                     /opt/android-sdk-linux/tools/lib/sdklib.jar
7f30443e8000-7f3044412000 r--s 001e9000 08:03 796219                     /opt/android-sdk-linux/tools/lib/guava-15.0.jar
7f3044412000-7f3044414000 r--s 00012000 08:03 796245                     /opt/android-sdk-linux/tools/lib/common.jar
7f3044414000-7f3044417000 r--s 00028000 08:03 796241                     /opt/android-sdk-linux/tools/lib/manifest-merger.jar
7f3044417000-7f3044419000 r--s 00017000 08:03 796220                     /opt/android-sdk-linux/tools/lib/ant-tasks.jar
7f3044419000-7f3044423000 r--s 00116000 08:03 1719424                    /usr/lib/jvm/java-8-oracle/jre/lib/ext/localedata.jar
7f3044423000-7f304443f000 r--s 00393000 08:03 1719423                    /usr/lib/jvm/java-8-oracle/jre/lib/ext/cldrdata.jar
7f304443f000-7f30444b8000 r--s 010df000 08:03 1718740                    /usr/lib/jvm/java-8-oracle/lib/tools.jar
7f30444b8000-7f30444b9000 r--s 00004000 08:03 1983726                    /usr/share/java/ant-launcher-1.9.3.jar
7f30444b9000-7f30444bb000 r--s 00004000 08:03 1983747                    /usr/share/java/ant-testutil-1.9.3.jar
7f30444bb000-7f30444bc000 r--s 00002000 08:03 1983742                    /usr/share/java/ant-apache-oro-1.9.3.jar
7f30444bc000-7f30444bd000 r--s 00002000 08:03 1983751                    /usr/share/java/ant-apache-resolver-1.9.3.jar
7f30444bd000-7f30444c0000 r--s 0001a000 08:03 1983750                    /usr/share/java/ant-junit-1.9.3.jar
7f30444c0000-7f30444c2000 r--s 00001000 08:03 1983736                    /usr/share/java/ant-apache-log4j-1.9.3.jar
7f30444c2000-7f30444e1000 r--s 001cc000 08:03 1983725                    /usr/share/java/ant-1.9.3.jar
7f30444e1000-7f30444fa000 r--s 00132000 08:03 1983712                    /usr/share/java/xercesImpl-2.11.0.jar
7f30444fa000-7f30444fb000 ---p 00000000 00:00 0 
7f30444fb000-7f30445fb000 rw-p 00000000 00:00 0                          [stack:32134]
7f30445fb000-7f30445fe000 ---p 00000000 00:00 0 
7f30445fe000-7f30446fc000 rw-p 00000000 00:00 0                          [stack:32133]
7f30446fc000-7f30446ff000 ---p 00000000 00:00 0 
7f30446ff000-7f30447fd000 rw-p 00000000 00:00 0                          [stack:32132]
7f30447fd000-7f3044800000 ---p 00000000 00:00 0 
7f3044800000-7f30448fe000 rw-p 00000000 00:00 0                          [stack:32131]
7f30448fe000-7f3044901000 ---p 00000000 00:00 0 
7f3044901000-7f30449ff000 rw-p 00000000 00:00 0                          [stack:32130]
7f30449ff000-7f3044a02000 ---p 00000000 00:00 0 
7f3044a02000-7f3044b00000 rw-p 00000000 00:00 0                          [stack:32129]
7f3044b00000-7f3044efe000 r--p 00000000 08:03 1704955                    /usr/lib/locale/locale-archive
7f3044efe000-7f3044f01000 ---p 00000000 00:00 0 
7f3044f01000-7f3044fff000 rw-p 00000000 00:00 0                          [stack:32128]
7f3044fff000-7f3045002000 ---p 00000000 00:00 0 
7f3045002000-7f3045100000 rw-p 00000000 00:00 0                          [stack:32127]
7f3045100000-7f3045101000 ---p 00000000 00:00 0 
7f3045101000-7f3048000000 rw-p 00000000 00:00 0                          [stack:32126]
7f3048000000-7f3048021000 rw-p 00000000 00:00 0 
7f3048021000-7f304c000000 ---p 00000000 00:00 0 
7f304c000000-7f304c001000 r--s 00002000 08:03 1983738                    /usr/share/java/ant-apache-regexp-1.9.3.jar
7f304c001000-7f304c002000 r--s 00002000 08:03 1983739                    /usr/share/java/ant-antlr-1.9.3.jar
7f304c002000-7f304c003000 r--s 00002000 08:03 1983752                    /usr/share/java/ant-commons-logging-1.9.3.jar
7f304c003000-7f304c004000 r--s 00002000 08:03 1983740                    /usr/share/java/ant-apache-bsf-1.9.3.jar
7f304c004000-7f304c006000 r--s 00002000 08:03 1983746                    /usr/share/java/ant-junit4-1.9.3.jar
7f304c006000-7f304c007000 r--s 00003000 08:03 1983743                    /usr/share/java/ant-javamail-1.9.3.jar
7f304c007000-7f304c010000 r--s 00031000 08:03 1983706                    /usr/share/java/xml-apis-1.4.01.jar
7f304c010000-7f304c0c2000 rw-p 00000000 00:00 0 
7f304c0c2000-7f304c298000 r--s 03caa000 08:03 1719620                    /usr/lib/jvm/java-8-oracle/jre/lib/rt.jar
7f304c298000-7f304ccfd000 rw-p 00000000 00:00 0 
7f304ccfd000-7f304ccfe000 ---p 00000000 00:00 0 
7f304ccfe000-7f304cdfe000 rw-p 00000000 00:00 0                          [stack:32125]
7f304cdfe000-7f304cdff000 ---p 00000000 00:00 0 
7f304cdff000-7f304ceff000 rw-p 00000000 00:00 0                          [stack:32124]
7f304ceff000-7f304cf00000 ---p 00000000 00:00 0 
7f304cf00000-7f304d000000 rw-p 00000000 00:00 0                          [stack:32123]
7f304d000000-7f304d6c0000 rwxp 00000000 00:00 0 
7f304d6c0000-7f305c000000 ---p 00000000 00:00 0 
7f305c000000-7f305c867000 rw-p 00000000 00:00 0 
7f305c867000-7f3060000000 ---p 00000000 00:00 0 
7f3060000000-7f3060001000 r--s 00003000 08:03 1983735                    /usr/share/java/ant-swing-1.9.3.jar
7f3060001000-7f3060004000 r--s 00014000 08:03 1983745                    /usr/share/java/ant-commons-net-1.9.3.jar
7f3060004000-7f3060005000 r--s 00003000 08:03 1983744                    /usr/share/java/ant-apache-bcel-1.9.3.jar
7f3060005000-7f3060007000 r--s 00002000 08:03 1983741                    /usr/share/java/ant-jmf-1.9.3.jar
7f3060007000-7f3060008000 ---p 00000000 00:00 0 
7f3060008000-7f306011d000 rw-p 00000000 00:00 0                          [stack:32122]
7f306011d000-7f3060252000 ---p 00000000 00:00 0 
7f3060252000-7f3060267000 rw-p 00000000 00:00 0 
7f3060267000-7f306039c000 ---p 00000000 00:00 0 
7f306039c000-7f30603be000 rw-p 00000000 00:00 0 
7f30603be000-7f3060441000 ---p 00000000 00:00 0 
7f3060441000-7f306045d000 rw-p 00000000 00:00 0 
7f306045d000-7f3060802000 ---p 00000000 00:00 0 
7f3060802000-7f306081c000 r-xp 00000000 08:03 1719386                    /usr/lib/jvm/java-8-oracle/jre/lib/amd64/libzip.so
7f306081c000-7f3060a1c000 ---p 0001a000 08:03 1719386                    /usr/lib/jvm/java-8-oracle/jre/lib/amd64/libzip.so
7f3060a1c000-7f3060a1d000 rw-p 0001a000 08:03 1719386                    /usr/lib/jvm/java-8-oracle/jre/lib/amd64/libzip.so
7f3060a1d000-7f3060a28000 r-xp 00000000 08:03 2103193                    /lib/x86_64-linux-gnu/libnss_files-2.19.so
7f3060a28000-7f3060c27000 ---p 0000b000 08:03 2103193                    /lib/x86_64-linux-gnu/libnss_files-2.19.so
7f3060c27000-7f3060c28000 r--p 0000a000 08:03 2103193                    /lib/x86_64-linux-gnu/libnss_files-2.19.so
7f3060c28000-7f3060c29000 rw-p 0000b000 08:03 2103193                    /lib/x86_64-linux-gnu/libnss_files-2.19.so
7f3060c29000-7f3060c34000 r-xp 00000000 08:03 2103194                    /lib/x86_64-linux-gnu/libnss_nis-2.19.so
7f3060c34000-7f3060e33000 ---p 0000b000 08:03 2103194                    /lib/x86_64-linux-gnu/libnss_nis-2.19.so
7f3060e33000-7f3060e34000 r--p 0000a000 08:03 2103194                    /lib/x86_64-linux-gnu/libnss_nis-2.19.so
7f3060e34000-7f3060e35000 rw-p 0000b000 08:03 2103194                    /lib/x86_64-linux-gnu/libnss_nis-2.19.so
7f3060e35000-7f3060e4c000 r-xp 00000000 08:03 2102533                    /lib/x86_64-linux-gnu/libnsl-2.19.so
7f3060e4c000-7f306104b000 ---p 00017000 08:03 2102533                    /lib/x86_64-linux-gnu/libnsl-2.19.so
7f306104b000-7f306104c000 r--p 00016000 08:03 2102533                    /lib/x86_64-linux-gnu/libnsl-2.19.so
7f306104c000-7f306104d000 rw-p 00017000 08:03 2102533                    /lib/x86_64-linux-gnu/libnsl-2.19.so
7f306104d000-7f306104f000 rw-p 00000000 00:00 0 
7f306104f000-7f3061058000 r-xp 00000000 08:03 2102431                    /lib/x86_64-linux-gnu/libnss_compat-2.19.so
7f3061058000-7f3061257000 ---p 00009000 08:03 2102431                    /lib/x86_64-linux-gnu/libnss_compat-2.19.so
7f3061257000-7f3061258000 r--p 00008000 08:03 2102431                    /lib/x86_64-linux-gnu/libnss_compat-2.19.so
7f3061258000-7f3061259000 rw-p 00009000 08:03 2102431                    /lib/x86_64-linux-gnu/libnss_compat-2.19.so
7f3061259000-7f3061283000 r-xp 00000000 08:03 1719352                    /usr/lib/jvm/java-8-oracle/jre/lib/amd64/libjava.so
7f3061283000-7f3061483000 ---p 0002a000 08:03 1719352                    /usr/lib/jvm/java-8-oracle/jre/lib/amd64/libjava.so
7f3061483000-7f3061485000 rw-p 0002a000 08:03 1719352                    /usr/lib/jvm/java-8-oracle/jre/lib/amd64/libjava.so
7f3061485000-7f3061492000 r-xp 00000000 08:03 1719370                    /usr/lib/jvm/java-8-oracle/jre/lib/amd64/libverify.so
7f3061492000-7f3061692000 ---p 0000d000 08:03 1719370                    /usr/lib/jvm/java-8-oracle/jre/lib/amd64/libverify.so
7f3061692000-7f3061694000 rw-p 0000d000 08:03 1719370                    /usr/lib/jvm/java-8-oracle/jre/lib/amd64/libverify.so
7f3061694000-7f306169b000 r-xp 00000000 08:03 2102576                    /lib/x86_64-linux-gnu/librt-2.19.so
7f306169b000-7f306189a000 ---p 00007000 08:03 2102576                    /lib/x86_64-linux-gnu/librt-2.19.so
7f306189a000-7f306189b000 r--p 00006000 08:03 2102576                    /lib/x86_64-linux-gnu/librt-2.19.so
7f306189b000-7f306189c000 rw-p 00007000 08:03 2102576                    /lib/x86_64-linux-gnu/librt-2.19.so
7f306189c000-7f30619a1000 r-xp 00000000 08:03 2102682                    /lib/x86_64-linux-gnu/libm-2.19.so
7f30619a1000-7f3061ba0000 ---p 00105000 08:03 2102682                    /lib/x86_64-linux-gnu/libm-2.19.so
7f3061ba0000-7f3061ba1000 r--p 00104000 08:03 2102682                    /lib/x86_64-linux-gnu/libm-2.19.so
7f3061ba1000-7f3061ba2000 rw-p 00105000 08:03 2102682                    /lib/x86_64-linux-gnu/libm-2.19.so
7f3061ba2000-7f306280f000 r-xp 00000000 08:03 1719359                    /usr/lib/jvm/java-8-oracle/jre/lib/amd64/server/libjvm.so
7f306280f000-7f3062a0e000 ---p 00c6d000 08:03 1719359                    /usr/lib/jvm/java-8-oracle/jre/lib/amd64/server/libjvm.so
7f3062a0e000-7f3062ae4000 rw-p 00c6c000 08:03 1719359                    /usr/lib/jvm/java-8-oracle/jre/lib/amd64/server/libjvm.so
7f3062ae4000-7f3062b27000 rw-p 00000000 00:00 0 
7f3062b27000-7f3062ce2000 r-xp 00000000 08:03 2102633                    /lib/x86_64-linux-gnu/libc-2.19.so
7f3062ce2000-7f3062ee2000 ---p 001bb000 08:03 2102633                    /lib/x86_64-linux-gnu/libc-2.19.so
7f3062ee2000-7f3062ee6000 r--p 001bb000 08:03 2102633                    /lib/x86_64-linux-gnu/libc-2.19.so
7f3062ee6000-7f3062ee8000 rw-p 001bf000 08:03 2102633                    /lib/x86_64-linux-gnu/libc-2.19.so
7f3062ee8000-7f3062eed000 rw-p 00000000 00:00 0 
7f3062eed000-7f3062ef0000 r-xp 00000000 08:03 2103199                    /lib/x86_64-linux-gnu/libdl-2.19.so
7f3062ef0000-7f30630ef000 ---p 00003000 08:03 2103199                    /lib/x86_64-linux-gnu/libdl-2.19.so
7f30630ef000-7f30630f0000 r--p 00002000 08:03 2103199                    /lib/x86_64-linux-gnu/libdl-2.19.so
7f30630f0000-7f30630f1000 rw-p 00003000 08:03 2103199                    /lib/x86_64-linux-gnu/libdl-2.19.so
7f30630f1000-7f3063106000 r-xp 00000000 08:03 1719341                    /usr/lib/jvm/java-8-oracle/jre/lib/amd64/jli/libjli.so
7f3063106000-7f3063305000 ---p 00015000 08:03 1719341                    /usr/lib/jvm/java-8-oracle/jre/lib/amd64/jli/libjli.so
7f3063305000-7f3063306000 rw-p 00014000 08:03 1719341                    /usr/lib/jvm/java-8-oracle/jre/lib/amd64/jli/libjli.so
7f3063306000-7f306331f000 r-xp 00000000 08:03 2103200                    /lib/x86_64-linux-gnu/libpthread-2.19.so
7f306331f000-7f306351e000 ---p 00019000 08:03 2103200                    /lib/x86_64-linux-gnu/libpthread-2.19.so
7f306351e000-7f306351f000 r--p 00018000 08:03 2103200                    /lib/x86_64-linux-gnu/libpthread-2.19.so
7f306351f000-7f3063520000 rw-p 00019000 08:03 2103200                    /lib/x86_64-linux-gnu/libpthread-2.19.so
7f3063520000-7f3063524000 rw-p 00000000 00:00 0 
7f3063524000-7f3063547000 r-xp 00000000 08:03 2102634                    /lib/x86_64-linux-gnu/ld-2.19.so
7f3063547000-7f3063548000 r--s 00001000 08:03 1983748                    /usr/share/java/ant-apache-xalan2-1.9.3.jar
7f3063548000-7f306354a000 r--s 0000a000 08:03 1983737                    /usr/share/java/ant-jsch-1.9.3.jar
7f306354a000-7f306354b000 r--s 00003000 08:03 1983749                    /usr/share/java/ant-jdepend-1.9.3.jar
7f306354b000-7f306354d000 r--s 00015000 08:03 1983700                    /usr/share/java/xml-resolver-1.2.jar
7f306354d000-7f3063552000 r--s 00010000 08:03 1983705                    /usr/share/java/xml-apis-ext-1.4.01.jar
7f3063552000-7f306362b000 rw-p 00000000 00:00 0 
7f306362b000-7f306362e000 ---p 00000000 00:00 0 
7f306362e000-7f3063730000 rw-p 00000000 00:00 0                          [stack:32121]
7f3063730000-7f3063739000 r--s 00031000 08:03 1983706                    /usr/share/java/xml-apis-1.4.01.jar
7f3063739000-7f306373a000 r--s 00004000 08:03 1983726                    /usr/share/java/ant-launcher-1.9.3.jar
7f306373a000-7f3063742000 rw-s 00000000 08:03 1842383                    /tmp/hsperfdata_sergio/32119
7f3063742000-7f3063743000 rw-p 00000000 00:00 0 
7f3063743000-7f3063744000 r--p 00000000 00:00 0 
7f3063744000-7f3063746000 rw-p 00000000 00:00 0 
7f3063746000-7f3063747000 r--p 00022000 08:03 2102634                    /lib/x86_64-linux-gnu/ld-2.19.so
7f3063747000-7f3063748000 rw-p 00023000 08:03 2102634                    /lib/x86_64-linux-gnu/ld-2.19.so
7f3063748000-7f3063749000 rw-p 00000000 00:00 0 
7fff300c8000-7fff300e9000 rw-p 00000000 00:00 0                          [stack]
7fff301a0000-7fff301a2000 r-xp 00000000 00:00 0                          [vdso]
ffffffffff600000-ffffffffff601000 r-xp 00000000 00:00 0                  [vsyscall]

VM Arguments:
jvm_args: -Dant.home=/usr/share/ant -Dant.library.dir=/usr/share/ant/lib 
java_command: org.apache.tools.ant.launch.Launcher -cp  debug -f /home/sergio/IWEB/practica6/platforms/android/build.xml -Dout.dir=ant-build -Dgen.absolute.dir=ant-gen
java_class_path (initial): /usr/share/ant/lib/ant-launcher.jar:/usr/share/java/xmlParserAPIs.jar:/usr/share/java/xercesImpl.jar
Launcher Type: SUN_STANDARD

Environment Variables:
JAVA_HOME=/usr/lib/jvm/java-8-oracle
PATH=/usr/local/sbin:/usr/local/bin:/usr/sbin:/usr/bin:/sbin:/bin:/usr/games:/usr/local/games:/opt/android-sdk-linux/tools:/opt/android-sdk-linux/platform-tools:/opt/android-sdk-linux/bin
SHELL=/bin/bash
DISPLAY=:0

Signal Handlers:
SIGSEGV: [libjvm.so+0xa79a80], sa_mask[0]=11111111011111111101111111111110, sa_flags=SA_RESTART|SA_SIGINFO
SIGBUS: [libjvm.so+0xa79a80], sa_mask[0]=11111111011111111101111111111110, sa_flags=SA_RESTART|SA_SIGINFO
SIGFPE: [libjvm.so+0x8e24e0], sa_mask[0]=11111111011111111101111111111110, sa_flags=SA_RESTART|SA_SIGINFO
SIGPIPE: [libjvm.so+0x8e24e0], sa_mask[0]=11111111011111111101111111111110, sa_flags=SA_RESTART|SA_SIGINFO
SIGXFSZ: [libjvm.so+0x8e24e0], sa_mask[0]=11111111011111111101111111111110, sa_flags=SA_RESTART|SA_SIGINFO
SIGILL: [libjvm.so+0x8e24e0], sa_mask[0]=11111111011111111101111111111110, sa_flags=SA_RESTART|SA_SIGINFO
SIGUSR1: SIG_DFL, sa_mask[0]=00000000000000000000000000000000, sa_flags=none
SIGUSR2: [libjvm.so+0x8e3d10], sa_mask[0]=00000000000000000000000000000000, sa_flags=SA_RESTART|SA_SIGINFO
SIGHUP: [libjvm.so+0x8e50d0], sa_mask[0]=11111111011111111101111111111110, sa_flags=SA_RESTART|SA_SIGINFO
SIGINT: [libjvm.so+0x8e50d0], sa_mask[0]=11111111011111111101111111111110, sa_flags=SA_RESTART|SA_SIGINFO
SIGTERM: [libjvm.so+0x8e50d0], sa_mask[0]=11111111011111111101111111111110, sa_flags=SA_RESTART|SA_SIGINFO
SIGQUIT: [libjvm.so+0x8e50d0], sa_mask[0]=11111111011111111101111111111110, sa_flags=SA_RESTART|SA_SIGINFO


---------------  S Y S T E M  ---------------

OS:DISTRIB_ID="elementary OS"
DISTRIB_RELEASE=0.3
DISTRIB_CODENAME=freya
DISTRIB_DESCRIPTION="elementary OS Freya"

uname:Linux 3.13.0-39-generic #66-Ubuntu SMP Tue Oct 28 13:30:27 UTC 2014 x86_64
libc:glibc 2.19 NPTL 2.19 
rlimit: STACK 8192k, CORE 0k, NPROC 31387, NOFILE 4096, AS infinity
load average:0,37 0,49 0,39

/proc/meminfo:
MemTotal:        4046980 kB
MemFree:         1214016 kB
Buffers:           24952 kB
Cached:           853936 kB
SwapCached:        30528 kB
Active:          1461228 kB
Inactive:        1107628 kB
Active(anon):    1060580 kB
Inactive(anon):   659172 kB
Active(file):     400648 kB
Inactive(file):   448456 kB
Unevictable:           0 kB
Mlocked:               0 kB
SwapTotal:       1771516 kB
SwapFree:        1654916 kB
Dirty:              2488 kB
Writeback:            16 kB
AnonPages:       1661160 kB
Mapped:           211820 kB
Shmem:             29784 kB
Slab:             116012 kB
SReclaimable:      84372 kB
SUnreclaim:        31640 kB
KernelStack:        4000 kB
PageTables:        30852 kB
NFS_Unstable:          0 kB
Bounce:                0 kB
WritebackTmp:          0 kB
CommitLimit:     3795004 kB
Committed_AS:    5187428 kB
VmallocTotal:   34359738367 kB
VmallocUsed:      307296 kB
VmallocChunk:   34359426044 kB
HardwareCorrupted:     0 kB
AnonHugePages:    808960 kB
HugePages_Total:       0
HugePages_Free:        0
HugePages_Rsvd:        0
HugePages_Surp:        0
Hugepagesize:       2048 kB
DirectMap4k:      345024 kB
DirectMap2M:     3848192 kB


CPU:total 4 (4 cores per cpu, 1 threads per core) family 6 model 23 stepping 7, cmov, cx8, fxsr, mmx, sse, sse2, sse3, ssse3, sse4.1, tsc

/proc/cpuinfo:
processor	: 0
vendor_id	: GenuineIntel
cpu family	: 6
model		: 23
model name	: Intel(R) Core(TM)2 Quad  CPU   Q9550  @ 2.83GHz
stepping	: 7
microcode	: 0x705
cpu MHz		: 2834.000
cache size	: 6144 KB
physical id	: 0
siblings	: 4
core id		: 0
cpu cores	: 4
apicid		: 0
initial apicid	: 0
fpu		: yes
fpu_exception	: yes
cpuid level	: 10
wp		: yes
flags		: fpu vme de pse tsc msr pae mce cx8 apic sep mtrr pge mca cmov pat pse36 clflush dts acpi mmx fxsr sse sse2 ss ht tm pbe syscall nx lm constant_tsc arch_perfmon pebs bts rep_good nopl aperfmperf pni dtes64 monitor ds_cpl vmx smx est tm2 ssse3 cx16 xtpr pdcm sse4_1 lahf_lm dtherm tpr_shadow vnmi flexpriority
bogomips	: 5666.53
clflush size	: 64
cache_alignment	: 64
address sizes	: 36 bits physical, 48 bits virtual
power management:

processor	: 1
vendor_id	: GenuineIntel
cpu family	: 6
model		: 23
model name	: Intel(R) Core(TM)2 Quad  CPU   Q9550  @ 2.83GHz
stepping	: 7
microcode	: 0x705
cpu MHz		: 2834.000
cache size	: 6144 KB
physical id	: 0
siblings	: 4
core id		: 3
cpu cores	: 4
apicid		: 3
initial apicid	: 3
fpu		: yes
fpu_exception	: yes
cpuid level	: 10
wp		: yes
flags		: fpu vme de pse tsc msr pae mce cx8 apic sep mtrr pge mca cmov pat pse36 clflush dts acpi mmx fxsr sse sse2 ss ht tm pbe syscall nx lm constant_tsc arch_perfmon pebs bts rep_good nopl aperfmperf pni dtes64 monitor ds_cpl vmx smx est tm2 ssse3 cx16 xtpr pdcm sse4_1 lahf_lm dtherm tpr_shadow vnmi flexpriority
bogomips	: 5666.53
clflush size	: 64
cache_alignment	: 64
address sizes	: 36 bits physical, 48 bits virtual
power management:

processor	: 2
vendor_id	: GenuineIntel
cpu family	: 6
model		: 23
model name	: Intel(R) Core(TM)2 Quad  CPU   Q9550  @ 2.83GHz
stepping	: 7
microcode	: 0x705
cpu MHz		: 2834.000
cache size	: 6144 KB
physical id	: 0
siblings	: 4
core id		: 2
cpu cores	: 4
apicid		: 2
initial apicid	: 2
fpu		: yes
fpu_exception	: yes
cpuid level	: 10
wp		: yes
flags		: fpu vme de pse tsc msr pae mce cx8 apic sep mtrr pge mca cmov pat pse36 clflush dts acpi mmx fxsr sse sse2 ss ht tm pbe syscall nx lm constant_tsc arch_perfmon pebs bts rep_good nopl aperfmperf pni dtes64 monitor ds_cpl vmx smx est tm2 ssse3 cx16 xtpr pdcm sse4_1 lahf_lm dtherm tpr_shadow vnmi flexpriority
bogomips	: 5666.53
clflush size	: 64
cache_alignment	: 64
address sizes	: 36 bits physical, 48 bits virtual
power management:

processor	: 3
vendor_id	: GenuineIntel
cpu family	: 6
model		: 23
model name	: Intel(R) Core(TM)2 Quad  CPU   Q9550  @ 2.83GHz
stepping	: 7
microcode	: 0x705
cpu MHz		: 2834.000
cache size	: 6144 KB
physical id	: 0
siblings	: 4
core id		: 1
cpu cores	: 4
apicid		: 1
initial apicid	: 1
fpu		: yes
fpu_exception	: yes
cpuid level	: 10
wp		: yes
flags		: fpu vme de pse tsc msr pae mce cx8 apic sep mtrr pge mca cmov pat pse36 clflush dts acpi mmx fxsr sse sse2 ss ht tm pbe syscall nx lm constant_tsc arch_perfmon pebs bts rep_good nopl aperfmperf pni dtes64 monitor ds_cpl vmx smx est tm2 ssse3 cx16 xtpr pdcm sse4_1 lahf_lm dtherm tpr_shadow vnmi flexpriority
bogomips	: 5666.53
clflush size	: 64
cache_alignment	: 64
address sizes	: 36 bits physical, 48 bits virtual
power management:



Memory: 4k page, physical 4046980k(1214016k free), swap 1771516k(1654916k free)

vm_info: Java HotSpot(TM) 64-Bit Server VM (25.25-b02) for linux-amd64 JRE (1.8.0_25-b17), built on Sep 17 2014 17:32:11 by "java_re" with gcc 4.3.0 20080428 (Red Hat 4.3.0-8)

time: Sun Nov 23 18:44:30 2014
elapsed time: 1 seconds (0d 0h 0m 1s)

