#
# A fatal error has been detected by the Java Runtime Environment:
#
#  SIGSEGV (0xb) at pc=0x00007f4452005060, pid=2832, tid=139932880320256
#
# JRE version: Java(TM) SE Runtime Environment (8.0_25-b17) (build 1.8.0_25-b17)
# Java VM: Java HotSpot(TM) 64-Bit Server VM (25.25-b02 mixed mode linux-amd64 compressed oops)
# Problematic frame:
# C  0x00007f4452005060
#
# Failed to write core dump. Core dumps have been disabled. To enable core dumping, try "ulimit -c unlimited" before starting Java again
#
# If you would like to submit a bug report, please visit:
#   http://bugreport.sun.com/bugreport/crash.jsp
#

---------------  T H R E A D  ---------------

Current thread (0x00007f44a000a000):  JavaThread "main" [_thread_in_Java, id=2834, stack(0x00007f44a98fb000,0x00007f44a99fc000)]

siginfo: si_signo: 11 (SIGSEGV), si_code: 2 (SEGV_ACCERR), si_addr: 0x00007f4452005060

Registers:
RAX=0x00007f4489e7dd60, RBX=0x00007f4489e7dd60, RCX=0x00000000ecd1eeb8, RDX=0x00000000ecd1e8d0
RSP=0x00007f44a99f7998, RBP=0x00007f44a99f79f8, RSI=0x00000000ecd1eeb8, RDI=0x0000000000000f85
R8 =0x0000000000000040, R9 =0x000000000000003f, R10=0x00007f44a8dce440, R11=0x00007f4491614880
R12=0x0000000000000000, R13=0x00007f44a99f79a8, R14=0x0000000000000000, R15=0x00007f44a000a000
RIP=0x00007f4452005060, EFLAGS=0x0000000000010206, CSGSFS=0x0000000000000033, ERR=0x0000000000000014
  TRAPNO=0x000000000000000e

Top of Stack: (sp=0x00007f44a99f7998)
0x00007f44a99f7998:   00007f4491007710 00007f4491007710
0x00007f44a99f79a8:   00000000ecd1e8d0 00000000ecd1eeb8
0x00007f44a99f79b8:   00007f44a99f79b8 00007f4489e7ded3
0x00007f44a99f79c8:   00007f44a99f7a28 00007f4489e7f8e0
0x00007f44a99f79d8:   0000000000000000 00007f4489e7def8
0x00007f44a99f79e8:   00007f44a99f79a8 00007f44a99f7a20
0x00007f44a99f79f8:   00007f44a99f7a70 00007f4491007710
0x00007f44a99f7a08:   00000000ecd1eeb8 00000000ecd1eea0
0x00007f44a99f7a18:   00000000ecd1e8d0 00000000ecd1e300
0x00007f44a99f7a28:   00000000ecd1e8d0 00007f44a99f7a30
0x00007f44a99f7a38:   00007f4489e7e08d 00007f44a99f7a88
0x00007f44a99f7a48:   00007f4489e7f8e0 0000000000000000
0x00007f44a99f7a58:   00007f4489e7e098 00007f44a99f7a20
0x00007f44a99f7a68:   00007f44a99f7a80 00007f44a99f7ad8
0x00007f44a99f7a78:   00007f4491007710 00000000ec8ba248
0x00007f44a99f7a88:   00000000ecd1e300 00000000ec8b7738
0x00007f44a99f7a98:   00007f44a99f7a98 00007f4489d7b2e0
0x00007f44a99f7aa8:   00007f44a99f7af8 00007f4489d7bd88
0x00007f44a99f7ab8:   0000000000000000 00007f4489d7b308
0x00007f44a99f7ac8:   00007f44a99f7a80 00007f44a99f7af8
0x00007f44a99f7ad8:   00007f44a99f7b40 00007f4491007710
0x00007f44a99f7ae8:   00000000ec8ba218 00000000ecd12bb0
0x00007f44a99f7af8:   00000000ec8b7738 00007f44a99f7b00
0x00007f44a99f7b08:   00007f4489d7ba99 00007f44a99f7b50
0x00007f44a99f7b18:   00007f4489d7bd88 0000000000000000
0x00007f44a99f7b28:   00007f4489d7baa8 00007f44a99f7af8
0x00007f44a99f7b38:   00007f44a99f7b50 00007f44a99f7ba8
0x00007f44a99f7b48:   00007f4491007710 00000000ec8b7738
0x00007f44a99f7b58:   0000000000000001 00000000ec74a200
0x00007f44a99f7b68:   00007f44a99f7b58 00007f4489d755e3
0x00007f44a99f7b78:   00007f44a99f7bd0 00007f4489d779f0
0x00007f44a99f7b88:   0000000000000000 00007f4489d75618 

Instructions: (pc=0x00007f4452005060)
0x00007f4452005040:   
[error occurred during error reporting (printing registers, top of stack, instructions near pc), id 0xb]

Register to memory mapping:

RAX={method} {0x00007f4489e7dd60} 'setTail' '(Lcom/sun/tools/javac/util/List;)Lcom/sun/tools/javac/util/List;' in 'com/sun/tools/javac/util/List'
RBX={method} {0x00007f4489e7dd60} 'setTail' '(Lcom/sun/tools/javac/util/List;)Lcom/sun/tools/javac/util/List;' in 'com/sun/tools/javac/util/List'
RCX=0x00000000ecd1eeb8 is an oop
com.sun.tools.javac.util.List 
 - klass: 'com/sun/tools/javac/util/List'
RDX=0x00000000ecd1e8d0 is an oop
com.sun.tools.javac.util.List 
 - klass: 'com/sun/tools/javac/util/List'
RSP=0x00007f44a99f7998 is pointing into the stack for thread: 0x00007f44a000a000
RBP=0x00007f44a99f79f8 is pointing into the stack for thread: 0x00007f44a000a000
RSI=0x00000000ecd1eeb8 is an oop
com.sun.tools.javac.util.List 
 - klass: 'com/sun/tools/javac/util/List'
RDI=0x0000000000000f85 is an unknown value
R8 =0x0000000000000040 is an unknown value
R9 =0x000000000000003f is an unknown value
R10=0x00007f44a8dce440: <offset 0xf5c440> in /usr/lib/jvm/java-8-oracle/jre/lib/amd64/server/libjvm.so at 0x00007f44a7e72000
R11=0x00007f4491614880 is at entry_point+32 in (nmethod*)0x00007f4491614710
R12=0x0000000000000000 is an unknown value
R13=0x00007f44a99f79a8 is pointing into the stack for thread: 0x00007f44a000a000
R14=0x0000000000000000 is an unknown value
R15=0x00007f44a000a000 is a thread


Stack: [0x00007f44a98fb000,0x00007f44a99fc000],  sp=0x00007f44a99f7998,  free space=1010k
Native frames: (J=compiled Java code, j=interpreted, Vv=VM code, C=native code)
C  0x00007f4452005060
j  com.sun.tools.javac.util.List.append(Ljava/lang/Object;)Lcom/sun/tools/javac/util/List;+5
j  com.sun.tools.javac.file.ZipFileIndex$DirectoryEntry.getFiles()Lcom/sun/tools/javac/util/List;+56
j  com.sun.tools.javac.file.ZipFileIndex$DirectoryEntry.access$200(Lcom/sun/tools/javac/file/ZipFileIndex$DirectoryEntry;)Lcom/sun/tools/javac/util/List;+1
j  com.sun.tools.javac.file.ZipFileIndex.getFiles(Lcom/sun/tools/javac/file/RelativePath$RelativeDirectory;)Lcom/sun/tools/javac/util/List;+27
j  com.sun.tools.javac.file.ZipFileIndexArchive.getFiles(Lcom/sun/tools/javac/file/RelativePath$RelativeDirectory;)Lcom/sun/tools/javac/util/List;+5
j  com.sun.tools.javac.file.JavacFileManager.listArchive(Lcom/sun/tools/javac/file/JavacFileManager$Archive;Lcom/sun/tools/javac/file/RelativePath$RelativeDirectory;Ljava/util/Set;ZLcom/sun/tools/javac/util/ListBuffer;)V+2
j  com.sun.tools.javac.file.JavacFileManager.listContainer(Ljava/io/File;Lcom/sun/tools/javac/file/RelativePath$RelativeDirectory;Ljava/util/Set;ZLcom/sun/tools/javac/util/ListBuffer;)V+90
j  com.sun.tools.javac.file.JavacFileManager.list(Ljavax/tools/JavaFileManager$Location;Ljava/lang/String;Ljava/util/Set;Z)Ljava/lang/Iterable;+82
j  com.sun.tools.javac.jvm.ClassReader.fillIn(Lcom/sun/tools/javac/code/Symbol$PackageSymbol;)V+52
j  com.sun.tools.javac.jvm.ClassReader.complete(Lcom/sun/tools/javac/code/Symbol;)V+88
j  com.sun.tools.javac.jvm.ClassReader.access$000(Lcom/sun/tools/javac/jvm/ClassReader;Lcom/sun/tools/javac/code/Symbol;)V+2
j  com.sun.tools.javac.jvm.ClassReader$1.complete(Lcom/sun/tools/javac/code/Symbol;)V+5
j  com.sun.tools.javac.code.Symbol.complete()V+19
j  com.sun.tools.javac.code.Symbol$PackageSymbol.members()Lcom/sun/tools/javac/code/Scope;+8
j  com.sun.tools.javac.comp.MemberEnter.importAll(ILcom/sun/tools/javac/code/Symbol$TypeSymbol;Lcom/sun/tools/javac/comp/Env;)V+9
j  com.sun.tools.javac.comp.MemberEnter.visitTopLevel(Lcom/sun/tools/javac/tree/JCTree$JCCompilationUnit;)V+152
j  com.sun.tools.javac.tree.JCTree$JCCompilationUnit.accept(Lcom/sun/tools/javac/tree/JCTree$Visitor;)V+2
j  com.sun.tools.javac.comp.MemberEnter.memberEnter(Lcom/sun/tools/javac/tree/JCTree;Lcom/sun/tools/javac/comp/Env;)V+12
j  com.sun.tools.javac.comp.MemberEnter.complete(Lcom/sun/tools/javac/code/Symbol;)V+156
j  com.sun.tools.javac.code.Symbol.complete()V+19
j  com.sun.tools.javac.code.Symbol$ClassSymbol.complete()V+1
j  com.sun.tools.javac.comp.Enter.complete(Lcom/sun/tools/javac/util/List;Lcom/sun/tools/javac/code/Symbol$ClassSymbol;)V+88
j  com.sun.tools.javac.comp.Enter.main(Lcom/sun/tools/javac/util/List;)V+3
j  com.sun.tools.javac.main.JavaCompiler.enterTrees(Lcom/sun/tools/javac/util/List;)Lcom/sun/tools/javac/util/List;+64
j  com.sun.tools.javac.main.JavaCompiler.compile(Lcom/sun/tools/javac/util/List;Lcom/sun/tools/javac/util/List;Ljava/lang/Iterable;)V+151
j  com.sun.tools.javac.main.Main.compile([Ljava/lang/String;[Ljava/lang/String;Lcom/sun/tools/javac/util/Context;Lcom/sun/tools/javac/util/List;Ljava/lang/Iterable;)Lcom/sun/tools/javac/main/Main$Result;+1299
j  com.sun.tools.javac.main.Main.compile([Ljava/lang/String;Lcom/sun/tools/javac/util/Context;Lcom/sun/tools/javac/util/List;Ljava/lang/Iterable;)Lcom/sun/tools/javac/main/Main$Result;+7
j  com.sun.tools.javac.main.Main.compile([Ljava/lang/String;Lcom/sun/tools/javac/util/Context;)Lcom/sun/tools/javac/main/Main$Result;+7
j  com.sun.tools.javac.main.Main.compile([Ljava/lang/String;)Lcom/sun/tools/javac/main/Main$Result;+15
j  com.sun.tools.javac.Main.compile([Ljava/lang/String;)I+12
v  ~StubRoutines::call_stub
V  [libjvm.so+0x664086]  JavaCalls::call_helper(JavaValue*, methodHandle*, JavaCallArguments*, Thread*)+0x1056
V  [libjvm.so+0x958ab7]  Reflection::invoke(instanceKlassHandle, methodHandle, Handle, bool, objArrayHandle, BasicType, objArrayHandle, bool, Thread*)+0x5d7
V  [libjvm.so+0x95c187]  Reflection::invoke_method(oopDesc*, Handle, objArrayHandle, Thread*)+0x147
V  [libjvm.so+0x6ea3cb]  JVM_InvokeMethod+0x26b
J 1096  sun.reflect.NativeMethodAccessorImpl.invoke0(Ljava/lang/reflect/Method;Ljava/lang/Object;[Ljava/lang/Object;)Ljava/lang/Object; (0 bytes) @ 0x00007f44913ece2d [0x00007f44913ecd40+0xed]
J 1095 C1 sun.reflect.NativeMethodAccessorImpl.invoke(Ljava/lang/Object;[Ljava/lang/Object;)Ljava/lang/Object; (104 bytes) @ 0x00007f44913f764c [0x00007f44913f64c0+0x118c]
J 870 C1 sun.reflect.DelegatingMethodAccessorImpl.invoke(Ljava/lang/Object;[Ljava/lang/Object;)Ljava/lang/Object; (10 bytes) @ 0x00007f449134c3c4 [0x00007f449134c2c0+0x104]
J 829 C1 java.lang.reflect.Method.invoke(Ljava/lang/Object;[Ljava/lang/Object;)Ljava/lang/Object; (62 bytes) @ 0x00007f449132b244 [0x00007f449132ae60+0x3e4]
j  org.apache.tools.ant.taskdefs.compilers.Javac13.execute()Z+62
j  org.apache.tools.ant.taskdefs.Javac.compile()V+172
j  org.apache.tools.ant.taskdefs.Javac.execute()V+124
j  org.apache.tools.ant.UnknownElement.execute()V+25
J 1353 C1 sun.reflect.GeneratedMethodAccessor4.invoke(Ljava/lang/Object;[Ljava/lang/Object;)Ljava/lang/Object; (62 bytes) @ 0x00007f44914ed044 [0x00007f44914ece20+0x224]
J 870 C1 sun.reflect.DelegatingMethodAccessorImpl.invoke(Ljava/lang/Object;[Ljava/lang/Object;)Ljava/lang/Object; (10 bytes) @ 0x00007f449134c3c4 [0x00007f449134c2c0+0x104]
J 829 C1 java.lang.reflect.Method.invoke(Ljava/lang/Object;[Ljava/lang/Object;)Ljava/lang/Object; (62 bytes) @ 0x00007f449132b244 [0x00007f449132ae60+0x3e4]
J 1263 C1 org.apache.tools.ant.dispatch.DispatchUtils.execute(Ljava/lang/Object;)V (592 bytes) @ 0x00007f44914853c4 [0x00007f4491481c40+0x3784]
j  org.apache.tools.ant.Task.perform()V+22
j  org.apache.tools.ant.taskdefs.Sequential.execute()V+40
j  com.android.ant.IfElseTask.execute()V+84
j  org.apache.tools.ant.UnknownElement.execute()V+25
J 1353 C1 sun.reflect.GeneratedMethodAccessor4.invoke(Ljava/lang/Object;[Ljava/lang/Object;)Ljava/lang/Object; (62 bytes) @ 0x00007f44914ed044 [0x00007f44914ece20+0x224]
J 870 C1 sun.reflect.DelegatingMethodAccessorImpl.invoke(Ljava/lang/Object;[Ljava/lang/Object;)Ljava/lang/Object; (10 bytes) @ 0x00007f449134c3c4 [0x00007f449134c2c0+0x104]
J 829 C1 java.lang.reflect.Method.invoke(Ljava/lang/Object;[Ljava/lang/Object;)Ljava/lang/Object; (62 bytes) @ 0x00007f449132b244 [0x00007f449132ae60+0x3e4]
J 1263 C1 org.apache.tools.ant.dispatch.DispatchUtils.execute(Ljava/lang/Object;)V (592 bytes) @ 0x00007f44914853c4 [0x00007f4491481c40+0x3784]
j  org.apache.tools.ant.Task.perform()V+22
j  org.apache.tools.ant.taskdefs.Sequential.execute()V+40
j  org.apache.tools.ant.UnknownElement.execute()V+25
J 1353 C1 sun.reflect.GeneratedMethodAccessor4.invoke(Ljava/lang/Object;[Ljava/lang/Object;)Ljava/lang/Object; (62 bytes) @ 0x00007f44914ed044 [0x00007f44914ece20+0x224]
J 870 C1 sun.reflect.DelegatingMethodAccessorImpl.invoke(Ljava/lang/Object;[Ljava/lang/Object;)Ljava/lang/Object; (10 bytes) @ 0x00007f449134c3c4 [0x00007f449134c2c0+0x104]
J 829 C1 java.lang.reflect.Method.invoke(Ljava/lang/Object;[Ljava/lang/Object;)Ljava/lang/Object; (62 bytes) @ 0x00007f449132b244 [0x00007f449132ae60+0x3e4]
J 1263 C1 org.apache.tools.ant.dispatch.DispatchUtils.execute(Ljava/lang/Object;)V (592 bytes) @ 0x00007f44914853c4 [0x00007f4491481c40+0x3784]
j  org.apache.tools.ant.Task.perform()V+22
j  org.apache.tools.ant.taskdefs.MacroInstance.execute()V+498
j  org.apache.tools.ant.UnknownElement.execute()V+25
J 1353 C1 sun.reflect.GeneratedMethodAccessor4.invoke(Ljava/lang/Object;[Ljava/lang/Object;)Ljava/lang/Object; (62 bytes) @ 0x00007f44914ed044 [0x00007f44914ece20+0x224]
J 870 C1 sun.reflect.DelegatingMethodAccessorImpl.invoke(Ljava/lang/Object;[Ljava/lang/Object;)Ljava/lang/Object; (10 bytes) @ 0x00007f449134c3c4 [0x00007f449134c2c0+0x104]
J 829 C1 java.lang.reflect.Method.invoke(Ljava/lang/Object;[Ljava/lang/Object;)Ljava/lang/Object; (62 bytes) @ 0x00007f449132b244 [0x00007f449132ae60+0x3e4]
J 1263 C1 org.apache.tools.ant.dispatch.DispatchUtils.execute(Ljava/lang/Object;)V (592 bytes) @ 0x00007f44914853c4 [0x00007f4491481c40+0x3784]
j  org.apache.tools.ant.Task.perform()V+22
j  org.apache.tools.ant.Target.execute()V+179
j  org.apache.tools.ant.Target.performTasks()V+11
j  org.apache.tools.ant.Project.executeSortedTargets(Ljava/util/Vector;)V+145
j  org.apache.tools.ant.Project.executeTarget(Ljava/lang/String;)V+27
j  org.apache.tools.ant.helper.DefaultExecutor.executeTargets(Lorg/apache/tools/ant/Project;[Ljava/lang/String;)V+17
j  org.apache.tools.ant.Project.executeTargets(Ljava/util/Vector;)V+29
j  org.apache.tools.ant.Main.runBuild(Ljava/lang/ClassLoader;)V+723
j  org.apache.tools.ant.Main.startAnt([Ljava/lang/String;Ljava/util/Properties;Ljava/lang/ClassLoader;)V+84
j  org.apache.tools.ant.launch.Launcher.run([Ljava/lang/String;)I+703
j  org.apache.tools.ant.launch.Launcher.main([Ljava/lang/String;)V+10
v  ~StubRoutines::call_stub
V  [libjvm.so+0x664086]  JavaCalls::call_helper(JavaValue*, methodHandle*, JavaCallArguments*, Thread*)+0x1056
V  [libjvm.so+0x6ab096]  jni_invoke_static(JNIEnv_*, JavaValue*, _jobject*, JNICallType, _jmethodID*, JNI_ArgumentPusher*, Thread*)+0x346
V  [libjvm.so+0x6b1c2a]  jni_CallStaticVoidMethod+0x17a
C  [libjli.so+0x7b14]  JavaMain+0x844
C  [libpthread.so.0+0x8182]  start_thread+0xc2


---------------  P R O C E S S  ---------------

Java Threads: ( => current thread )
  0x00007f44a06b9000 JavaThread "process reaper" daemon [_thread_blocked, id=2849, stack(0x00007f448a235000,0x00007f448a26e000)]
  0x00007f44a00d0800 JavaThread "Service Thread" daemon [_thread_blocked, id=2846, stack(0x00007f448a8ad000,0x00007f448a9ae000)]
  0x00007f44a00b0000 JavaThread "C1 CompilerThread2" daemon [_thread_blocked, id=2845, stack(0x00007f448a9ae000,0x00007f448aaaf000)]
  0x00007f44a00ae800 JavaThread "C2 CompilerThread1" daemon [_thread_in_native, id=2844, stack(0x00007f448aaaf000,0x00007f448abb0000)]
  0x00007f44a00ab800 JavaThread "C2 CompilerThread0" daemon [_thread_in_native, id=2843, stack(0x00007f448abb0000,0x00007f448acb1000)]
  0x00007f44a00a9800 JavaThread "Signal Dispatcher" daemon [_thread_blocked, id=2842, stack(0x00007f448acb1000,0x00007f448adb2000)]
  0x00007f44a007c000 JavaThread "Finalizer" daemon [_thread_blocked, id=2841, stack(0x00007f448b1b0000,0x00007f448b2b1000)]
  0x00007f44a007a000 JavaThread "Reference Handler" daemon [_thread_blocked, id=2840, stack(0x00007f448b2b1000,0x00007f448b3b2000)]
=>0x00007f44a000a000 JavaThread "main" [_thread_in_Java, id=2834, stack(0x00007f44a98fb000,0x00007f44a99fc000)]

Other Threads:
  0x00007f44a0073000 VMThread [stack: 0x00007f448b3b2000,0x00007f448b4b3000] [id=2839]
  0x00007f44a00d2000 WatcherThread [stack: 0x00007f448a7ac000,0x00007f448a8ad000] [id=2847]

VM state:not at safepoint (normal execution)

VM Mutex/Monitor currently owned by a thread: None

Heap:
 PSYoungGen      total 34304K, used 26267K [0x00000000eb600000, 0x00000000eff00000, 0x0000000100000000)
  eden space 31744K, 74% used [0x00000000eb600000,0x00000000ecd26f60,0x00000000ed500000)
  from space 2560K, 100% used [0x00000000ed500000,0x00000000ed780000,0x00000000ed780000)
  to   space 5632K, 0% used [0x00000000ef980000,0x00000000ef980000,0x00000000eff00000)
 ParOldGen       total 42496K, used 7541K [0x00000000c2200000, 0x00000000c4b80000, 0x00000000eb600000)
  object space 42496K, 17% used [0x00000000c2200000,0x00000000c295d520,0x00000000c4b80000)
 Metaspace       used 17515K, capacity 18110K, committed 18304K, reserved 1064960K
  class space    used 2195K, capacity 2373K, committed 2432K, reserved 1048576K

Card table byte_map: [0x00007f44a6522000,0x00007f44a6712000] byte_map_base: 0x00007f44a5f11000

Marking Bits: (ParMarkBitMap*) 0x00007f44a8dcc2c0
 Begin Bits: [0x00007f44a40e4000, 0x00007f44a505c000)
 End Bits:   [0x00007f44a505c000, 0x00007f44a5fd4000)

Polling page: 0x00007f44a9a13000

CodeCache: size=245760Kb used=6209Kb max_used=6209Kb free=239550Kb
 bounds [0x00007f4491000000, 0x00007f4491620000, 0x00007f44a0000000]
 total_blobs=2083 nmethods=1732 adapters=266
 compilation: enabled

Compilation events (10 events):
Event: 2,750 Thread 0x00007f44a00b0000 nmethod 1737 0x00007f4491614090 code [0x00007f4491614200, 0x00007f44916143b0]
Event: 2,751 Thread 0x00007f44a00b0000 1738       1       com.sun.tools.javac.file.ZipFileIndex::access$800 (5 bytes)
Event: 2,751 Thread 0x00007f44a00b0000 nmethod 1738 0x00007f4491614450 code [0x00007f44916145a0, 0x00007f4491614690]
Event: 2,751 Thread 0x00007f44a00b0000 1739       3       com.sun.tools.javac.util.List::setTail (7 bytes)
Event: 2,751 Thread 0x00007f44a00b0000 nmethod 1739 0x00007f4491614710 code [0x00007f4491614860, 0x00007f44916149d0]
Event: 2,751 Thread 0x00007f44a00b0000 1740       3       com.sun.tools.javac.util.List::of (12 bytes)
Event: 2,751 Thread 0x00007f44a00b0000 nmethod 1740 0x00007f4491614a50 code [0x00007f4491614be0, 0x00007f4491614f10]
Event: 2,751 Thread 0x00007f44a00b0000 1742       1       com.sun.tools.javac.util.List::setTail (7 bytes)
Event: 2,751 Thread 0x00007f44a00b0000 nmethod 1742 0x00007f4491615090 code [0x00007f44916151e0, 0x00007f4491615310]
Event: 2,751 Thread 0x00007f44a00b0000 1741       3       com.sun.tools.javac.util.List::isEmpty (13 bytes)

GC Heap History (10 events):
Event: 1,414 GC heap before
{Heap before GC invocations=1 (full 0):
 PSYoungGen      total 18432K, used 15872K [0x00000000eb600000, 0x00000000eca80000, 0x0000000100000000)
  eden space 15872K, 100% used [0x00000000eb600000,0x00000000ec580000,0x00000000ec580000)
  from space 2560K, 0% used [0x00000000ec800000,0x00000000ec800000,0x00000000eca80000)
  to   space 2560K, 0% used [0x00000000ec580000,0x00000000ec580000,0x00000000ec800000)
 ParOldGen       total 42496K, used 0K [0x00000000c2200000, 0x00000000c4b80000, 0x00000000eb600000)
  object space 42496K, 0% used [0x00000000c2200000,0x00000000c2200000,0x00000000c4b80000)
 Metaspace       used 6454K, capacity 7104K, committed 7296K, reserved 1056768K
  class space    used 712K, capacity 811K, committed 896K, reserved 1048576K
Event: 1,425 GC heap after
Heap after GC invocations=1 (full 0):
 PSYoungGen      total 18432K, used 2558K [0x00000000eb600000, 0x00000000eca80000, 0x0000000100000000)
  eden space 15872K, 0% used [0x00000000eb600000,0x00000000eb600000,0x00000000ec580000)
  from space 2560K, 99% used [0x00000000ec580000,0x00000000ec7ffba0,0x00000000ec800000)
  to   space 2560K, 0% used [0x00000000ec800000,0x00000000ec800000,0x00000000eca80000)
 ParOldGen       total 42496K, used 2086K [0x00000000c2200000, 0x00000000c4b80000, 0x00000000eb600000)
  object space 42496K, 4% used [0x00000000c2200000,0x00000000c2409850,0x00000000c4b80000)
 Metaspace       used 6454K, capacity 7104K, committed 7296K, reserved 1056768K
  class space    used 712K, capacity 811K, committed 896K, reserved 1048576K
}
Event: 1,676 GC heap before
{Heap before GC invocations=2 (full 0):
 PSYoungGen      total 18432K, used 18430K [0x00000000eb600000, 0x00000000eca80000, 0x0000000100000000)
  eden space 15872K, 100% used [0x00000000eb600000,0x00000000ec580000,0x00000000ec580000)
  from space 2560K, 99% used [0x00000000ec580000,0x00000000ec7ffba0,0x00000000ec800000)
  to   space 2560K, 0% used [0x00000000ec800000,0x00000000ec800000,0x00000000eca80000)
 ParOldGen       total 42496K, used 2086K [0x00000000c2200000, 0x00000000c4b80000, 0x00000000eb600000)
  object space 42496K, 4% used [0x00000000c2200000,0x00000000c2409850,0x00000000c4b80000)
 Metaspace       used 9948K, capacity 10324K, committed 10624K, reserved 1058816K
  class space    used 1191K, capacity 1302K, committed 1408K, reserved 1048576K
Event: 1,683 GC heap after
Heap after GC invocations=2 (full 0):
 PSYoungGen      total 18432K, used 2541K [0x00000000eb600000, 0x00000000eda00000, 0x0000000100000000)
  eden space 15872K, 0% used [0x00000000eb600000,0x00000000eb600000,0x00000000ec580000)
  from space 2560K, 99% used [0x00000000ec800000,0x00000000eca7b600,0x00000000eca80000)
  to   space 2560K, 0% used [0x00000000ec580000,0x00000000ec580000,0x00000000ec800000)
 ParOldGen       total 42496K, used 3527K [0x00000000c2200000, 0x00000000c4b80000, 0x00000000eb600000)
  object space 42496K, 8% used [0x00000000c2200000,0x00000000c2571cb8,0x00000000c4b80000)
 Metaspace       used 9948K, capacity 10324K, committed 10624K, reserved 1058816K
  class space    used 1191K, capacity 1302K, committed 1408K, reserved 1048576K
}
Event: 1,824 GC heap before
{Heap before GC invocations=3 (full 0):
 PSYoungGen      total 18432K, used 18413K [0x00000000eb600000, 0x00000000eda00000, 0x0000000100000000)
  eden space 15872K, 100% used [0x00000000eb600000,0x00000000ec580000,0x00000000ec580000)
  from space 2560K, 99% used [0x00000000ec800000,0x00000000eca7b600,0x00000000eca80000)
  to   space 2560K, 0% used [0x00000000ec580000,0x00000000ec580000,0x00000000ec800000)
 ParOldGen       total 42496K, used 3527K [0x00000000c2200000, 0x00000000c4b80000, 0x00000000eb600000)
  object space 42496K, 8% used [0x00000000c2200000,0x00000000c2571cb8,0x00000000c4b80000)
 Metaspace       used 10772K, capacity 11138K, committed 11264K, reserved 1058816K
  class space    used 1288K, capacity 1419K, committed 1536K, reserved 1048576K
Event: 1,831 GC heap after
Heap after GC invocations=3 (full 0):
 PSYoungGen      total 18432K, used 2544K [0x00000000eb600000, 0x00000000eda00000, 0x0000000100000000)
  eden space 15872K, 0% used [0x00000000eb600000,0x00000000eb600000,0x00000000ec580000)
  from space 2560K, 99% used [0x00000000ec580000,0x00000000ec7fc030,0x00000000ec800000)
  to   space 2560K, 0% used [0x00000000ed780000,0x00000000ed780000,0x00000000eda00000)
 ParOldGen       total 42496K, used 4574K [0x00000000c2200000, 0x00000000c4b80000, 0x00000000eb600000)
  object space 42496K, 10% used [0x00000000c2200000,0x00000000c2677b68,0x00000000c4b80000)
 Metaspace       used 10772K, capacity 11138K, committed 11264K, reserved 1058816K
  class space    used 1288K, capacity 1419K, committed 1536K, reserved 1048576K
}
Event: 1,953 GC heap before
{Heap before GC invocations=4 (full 0):
 PSYoungGen      total 18432K, used 18416K [0x00000000eb600000, 0x00000000eda00000, 0x0000000100000000)
  eden space 15872K, 100% used [0x00000000eb600000,0x00000000ec580000,0x00000000ec580000)
  from space 2560K, 99% used [0x00000000ec580000,0x00000000ec7fc030,0x00000000ec800000)
  to   space 2560K, 0% used [0x00000000ed780000,0x00000000ed780000,0x00000000eda00000)
 ParOldGen       total 42496K, used 4574K [0x00000000c2200000, 0x00000000c4b80000, 0x00000000eb600000)
  object space 42496K, 10% used [0x00000000c2200000,0x00000000c2677b68,0x00000000c4b80000)
 Metaspace       used 11631K, capacity 12010K, committed 12032K, reserved 1060864K
  class space    used 1401K, capacity 1527K, committed 1536K, reserved 1048576K
Event: 1,967 GC heap after
Heap after GC invocations=4 (full 0):
 PSYoungGen      total 34304K, used 2528K [0x00000000eb600000, 0x00000000eda00000, 0x0000000100000000)
  eden space 31744K, 0% used [0x00000000eb600000,0x00000000eb600000,0x00000000ed500000)
  from space 2560K, 98% used [0x00000000ed780000,0x00000000ed9f8040,0x00000000eda00000)
  to   space 2560K, 0% used [0x00000000ed500000,0x00000000ed500000,0x00000000ed780000)
 ParOldGen       total 42496K, used 5426K [0x00000000c2200000, 0x00000000c4b80000, 0x00000000eb600000)
  object space 42496K, 12% used [0x00000000c2200000,0x00000000c274c810,0x00000000c4b80000)
 Metaspace       used 11631K, capacity 12010K, committed 12032K, reserved 1060864K
  class space    used 1401K, capacity 1527K, committed 1536K, reserved 1048576K
}
Event: 2,429 GC heap before
{Heap before GC invocations=5 (full 0):
 PSYoungGen      total 34304K, used 34272K [0x00000000eb600000, 0x00000000eda00000, 0x0000000100000000)
  eden space 31744K, 100% used [0x00000000eb600000,0x00000000ed500000,0x00000000ed500000)
  from space 2560K, 98% used [0x00000000ed780000,0x00000000ed9f8040,0x00000000eda00000)
  to   space 2560K, 0% used [0x00000000ed500000,0x00000000ed500000,0x00000000ed780000)
 ParOldGen       total 42496K, used 5426K [0x00000000c2200000, 0x00000000c4b80000, 0x00000000eb600000)
  object space 42496K, 12% used [0x00000000c2200000,0x00000000c274c810,0x00000000c4b80000)
 Metaspace       used 13987K, capacity 14526K, committed 14720K, reserved 1062912K
  class space    used 1721K, capacity 1861K, committed 1920K, reserved 1048576K
Event: 2,438 GC heap after
Heap after GC invocations=5 (full 0):
 PSYoungGen      total 34304K, used 2560K [0x00000000eb600000, 0x00000000eff00000, 0x0000000100000000)
  eden space 31744K, 0% used [0x00000000eb600000,0x00000000eb600000,0x00000000ed500000)
  from space 2560K, 100% used [0x00000000ed500000,0x00000000ed780000,0x00000000ed780000)
  to   space 5632K, 0% used [0x00000000ef980000,0x00000000ef980000,0x00000000eff00000)
 ParOldGen       total 42496K, used 7541K [0x00000000c2200000, 0x00000000c4b80000, 0x00000000eb600000)
  object space 42496K, 17% used [0x00000000c2200000,0x00000000c295d520,0x00000000c4b80000)
 Metaspace       used 13987K, capacity 14526K, committed 14720K, reserved 1062912K
  class space    used 1721K, capacity 1861K, committed 1920K, reserved 1048576K
}

Deoptimization events (10 events):
Event: 2,679 Thread 0x00007f44a000a000 Uncommon trap: reason=class_check action=maybe_recompile pc=0x00007f449126ac14 method=java.util.Collections$UnmodifiableCollection$1.hasNext()Z @ 4
Event: 2,679 Thread 0x00007f44a000a000 Uncommon trap: reason=class_check action=maybe_recompile pc=0x00007f449126ed74 method=java.util.Collections$UnmodifiableCollection$1.next()Ljava/lang/Object; @ 4
Event: 2,679 Thread 0x00007f44a000a000 Uncommon trap: reason=class_check action=maybe_recompile pc=0x00007f449126ac14 method=java.util.Collections$UnmodifiableCollection$1.hasNext()Z @ 4
Event: 2,679 Thread 0x00007f44a000a000 Uncommon trap: reason=class_check action=maybe_recompile pc=0x00007f449126ed74 method=java.util.Collections$UnmodifiableCollection$1.next()Ljava/lang/Object; @ 4
Event: 2,679 Thread 0x00007f44a000a000 Uncommon trap: reason=class_check action=maybe_recompile pc=0x00007f449126ac14 method=java.util.Collections$UnmodifiableCollection$1.hasNext()Z @ 4
Event: 2,683 Thread 0x00007f44a000a000 Uncommon trap: reason=class_check action=maybe_recompile pc=0x00007f44911bbe44 method=sun.misc.URLClassPath.getLoader(I)Lsun/misc/URLClassPath$Loader; @ 94
Event: 2,707 Thread 0x00007f44a000a000 Uncommon trap: reason=class_check action=maybe_recompile pc=0x00007f44912747f8 method=java.util.Collections$UnmodifiableCollection$1.<init>(Ljava/util/Collections$UnmodifiableCollection;)V @ 17
Event: 2,707 Thread 0x00007f44a000a000 Uncommon trap: reason=class_check action=maybe_recompile pc=0x00007f449126ed74 method=java.util.Collections$UnmodifiableCollection$1.next()Ljava/lang/Object; @ 4
Event: 2,732 Thread 0x00007f44a000a000 Uncommon trap: reason=class_check action=maybe_recompile pc=0x00007f449126ed74 method=java.util.Collections$UnmodifiableCollection$1.next()Ljava/lang/Object; @ 4
Event: 2,746 Thread 0x00007f44a000a000 Uncommon trap: reason=class_check action=maybe_recompile pc=0x00007f44912747f8 method=java.util.Collections$UnmodifiableCollection$1.<init>(Ljava/util/Collections$UnmodifiableCollection;)V @ 17

Internal exceptions (10 events):
Event: 2,710 Thread 0x00007f44a000a000 Exception <a 'java/security/PrivilegedActionException'> (0x00000000ec75ad60) thrown at [/HUDSON/workspace/8-2-build-linux-amd64/jdk8u25/1514/hotspot/src/share/vm/prims/jvm.cpp, line 1312]
Event: 2,710 Thread 0x00007f44a000a000 Exception <a 'java/security/PrivilegedActionException'> (0x00000000ec75c140) thrown at [/HUDSON/workspace/8-2-build-linux-amd64/jdk8u25/1514/hotspot/src/share/vm/prims/jvm.cpp, line 1312]
Event: 2,746 Thread 0x00007f44a000a000 Exception <a 'java/security/PrivilegedActionException'> (0x00000000ecce4168) thrown at [/HUDSON/workspace/8-2-build-linux-amd64/jdk8u25/1514/hotspot/src/share/vm/prims/jvm.cpp, line 1312]
Event: 2,746 Thread 0x00007f44a000a000 Exception <a 'java/security/PrivilegedActionException'> (0x00000000ecce5440) thrown at [/HUDSON/workspace/8-2-build-linux-amd64/jdk8u25/1514/hotspot/src/share/vm/prims/jvm.cpp, line 1312]
Event: 2,747 Thread 0x00007f44a000a000 Exception <a 'java/security/PrivilegedActionException'> (0x00000000ecce9908) thrown at [/HUDSON/workspace/8-2-build-linux-amd64/jdk8u25/1514/hotspot/src/share/vm/prims/jvm.cpp, line 1312]
Event: 2,747 Thread 0x00007f44a000a000 Exception <a 'java/security/PrivilegedActionException'> (0x00000000ecceaba8) thrown at [/HUDSON/workspace/8-2-build-linux-amd64/jdk8u25/1514/hotspot/src/share/vm/prims/jvm.cpp, line 1312]
Event: 2,749 Thread 0x00007f44a000a000 Exception <a 'java/security/PrivilegedActionException'> (0x00000000ecd01ea0) thrown at [/HUDSON/workspace/8-2-build-linux-amd64/jdk8u25/1514/hotspot/src/share/vm/prims/jvm.cpp, line 1312]
Event: 2,749 Thread 0x00007f44a000a000 Exception <a 'java/security/PrivilegedActionException'> (0x00000000ecd03140) thrown at [/HUDSON/workspace/8-2-build-linux-amd64/jdk8u25/1514/hotspot/src/share/vm/prims/jvm.cpp, line 1312]
Event: 2,749 Thread 0x00007f44a000a000 Exception <a 'java/security/PrivilegedActionException'> (0x00000000ecd07550) thrown at [/HUDSON/workspace/8-2-build-linux-amd64/jdk8u25/1514/hotspot/src/share/vm/prims/jvm.cpp, line 1312]
Event: 2,750 Thread 0x00007f44a000a000 Exception <a 'java/security/PrivilegedActionException'> (0x00000000ecd08930) thrown at [/HUDSON/workspace/8-2-build-linux-amd64/jdk8u25/1514/hotspot/src/share/vm/prims/jvm.cpp, line 1312]

Events (10 events):
Event: 2,746 loading class com/sun/tools/javac/jvm/ClassReader$25
Event: 2,746 loading class com/sun/tools/javac/jvm/ClassReader$25 done
Event: 2,747 loading class com/sun/tools/javac/code/TargetType
Event: 2,747 loading class com/sun/tools/javac/code/TargetType done
Event: 2,748 loading class javax/lang/model/SourceVersion
Event: 2,748 loading class javax/lang/model/SourceVersion done
Event: 2,749 loading class com/sun/tools/javac/comp/AttrContext
Event: 2,749 loading class com/sun/tools/javac/comp/AttrContext done
Event: 2,749 loading class com/sun/tools/javac/code/Scope$ImportScope$1
Event: 2,749 loading class com/sun/tools/javac/code/Scope$ImportScope$1 done


Dynamic libraries:
00400000-00401000 r-xp 00000000 08:03 1719663                            /usr/lib/jvm/java-8-oracle/jre/bin/java
00600000-00601000 rw-p 00000000 08:03 1719663                            /usr/lib/jvm/java-8-oracle/jre/bin/java
01249000-0126a000 rw-p 00000000 00:00 0                                  [heap]
c2200000-c4b80000 rw-p 00000000 00:00 0 
c4b80000-eb600000 ---p 00000000 00:00 0 
eb600000-eff00000 rw-p 00000000 00:00 0 
eff00000-100000000 ---p 00000000 00:00 0 
100000000-100260000 rw-p 00000000 00:00 0 
100260000-140000000 ---p 00000000 00:00 0 
7f4444000000-7f4444021000 rw-p 00000000 00:00 0 
7f4444021000-7f4448000000 ---p 00000000 00:00 0 
7f444c000000-7f444c021000 rw-p 00000000 00:00 0 
7f444c021000-7f4450000000 ---p 00000000 00:00 0 
7f4450000000-7f4450021000 rw-p 00000000 00:00 0 
7f4450021000-7f4454000000 ---p 00000000 00:00 0 
7f4454000000-7f4454021000 rw-p 00000000 00:00 0 
7f4454021000-7f4458000000 ---p 00000000 00:00 0 
7f4458000000-7f4458021000 rw-p 00000000 00:00 0 
7f4458021000-7f445c000000 ---p 00000000 00:00 0 
7f445c000000-7f445c65e000 rw-p 00000000 00:00 0 
7f445c65e000-7f4460000000 ---p 00000000 00:00 0 
7f4460000000-7f44604b7000 rw-p 00000000 00:00 0 
7f44604b7000-7f4464000000 ---p 00000000 00:00 0 
7f4464000000-7f4464021000 rw-p 00000000 00:00 0 
7f4464021000-7f4468000000 ---p 00000000 00:00 0 
7f4468000000-7f44684f6000 rw-p 00000000 00:00 0 
7f44684f6000-7f446c000000 ---p 00000000 00:00 0 
7f446c000000-7f446c021000 rw-p 00000000 00:00 0 
7f446c021000-7f4470000000 ---p 00000000 00:00 0 
7f4470000000-7f4470021000 rw-p 00000000 00:00 0 
7f4470021000-7f4474000000 ---p 00000000 00:00 0 
7f4474000000-7f4474021000 rw-p 00000000 00:00 0 
7f4474021000-7f4478000000 ---p 00000000 00:00 0 
7f4478000000-7f4478021000 rw-p 00000000 00:00 0 
7f4478021000-7f447c000000 ---p 00000000 00:00 0 
7f447c000000-7f447c021000 rw-p 00000000 00:00 0 
7f447c021000-7f4480000000 ---p 00000000 00:00 0 
7f4484000000-7f4484021000 rw-p 00000000 00:00 0 
7f4484021000-7f4488000000 ---p 00000000 00:00 0 
7f4489c2a000-7f4489c2d000 rw-p 00000000 00:00 0 
7f4489c2d000-7f4489c33000 r--s 0004e000 08:03 1452821                    /home/sergio/IWEB/practica6/platforms/android/CordovaLib/ant-build/classes.jar
7f4489c33000-7f4489db3000 rw-p 00000000 00:00 0 
7f4489db3000-7f4489e33000 ---p 00000000 00:00 0 
7f4489e33000-7f448a033000 rw-p 00000000 00:00 0 
7f448a033000-7f448a036000 ---p 00000000 00:00 0 
7f448a036000-7f448a134000 rw-p 00000000 00:00 0 
7f448a134000-7f448a137000 ---p 00000000 00:00 0 
7f448a137000-7f448a235000 rw-p 00000000 00:00 0 
7f448a235000-7f448a238000 ---p 00000000 00:00 0 
7f448a238000-7f448a46e000 rw-p 00000000 00:00 0                          [stack:2849]
7f448a46e000-7f448a66e000 rw-p 00000000 00:00 0 
7f448a66e000-7f448a681000 r--s 00344000 08:03 1719408                    /usr/lib/jvm/java-8-oracle/jre/lib/resources.jar
7f448a681000-7f448a683000 r--s 00008000 08:03 796178                     /opt/android-sdk-linux/tools/lib/emma_ant.jar
7f448a683000-7f448a68b000 r--s 00061000 08:03 796222                     /opt/android-sdk-linux/tools/lib/emma.jar
7f448a68b000-7f448a690000 r--s 00046000 08:03 796274                     /opt/android-sdk-linux/tools/lib/sdk-common.jar
7f448a690000-7f448a692000 r--s 0000d000 08:03 796227                     /opt/android-sdk-linux/tools/lib/commons-codec-1.4.jar
7f448a692000-7f448a694000 r--s 0000d000 08:03 796276                     /opt/android-sdk-linux/tools/lib/commons-logging-1.1.1.jar
7f448a694000-7f448a699000 r--s 00028000 08:03 796211                     /opt/android-sdk-linux/tools/lib/httpcore-4.1.jar
7f448a699000-7f448a69b000 r--s 00005000 08:03 796216                     /opt/android-sdk-linux/tools/lib/httpmime-4.1.jar
7f448a69b000-7f448a6a3000 r--s 0004e000 08:03 796233                     /opt/android-sdk-linux/tools/lib/httpclient-4.1.1.jar
7f448a6a3000-7f448a6aa000 r--s 00053000 08:03 796284                     /opt/android-sdk-linux/tools/lib/commons-compress-1.8.1.jar
7f448a6aa000-7f448a6ab000 r--s 00004000 08:03 796228                     /opt/android-sdk-linux/tools/lib/dvlib.jar
7f448a6ab000-7f448a6ac000 r--s 0000a000 08:03 796217                     /opt/android-sdk-linux/tools/lib/kxml2-2.3.0.jar
7f448a6ac000-7f448a6ae000 r--s 00010000 08:03 796218                     /opt/android-sdk-linux/tools/lib/layoutlib-api.jar
7f448a6ae000-7f448a6b8000 r--s 000a6000 08:03 796231                     /opt/android-sdk-linux/tools/lib/sdklib.jar
7f448a6b8000-7f448a6e2000 r--s 001e9000 08:03 796219                     /opt/android-sdk-linux/tools/lib/guava-15.0.jar
7f448a6e2000-7f448a6e4000 r--s 00012000 08:03 796245                     /opt/android-sdk-linux/tools/lib/common.jar
7f448a6e4000-7f448a6e7000 r--s 00028000 08:03 796241                     /opt/android-sdk-linux/tools/lib/manifest-merger.jar
7f448a6e7000-7f448a6e9000 r--s 00017000 08:03 796220                     /opt/android-sdk-linux/tools/lib/ant-tasks.jar
7f448a6e9000-7f448a6f3000 r--s 00116000 08:03 1719424                    /usr/lib/jvm/java-8-oracle/jre/lib/ext/localedata.jar
7f448a6f3000-7f448a70f000 r--s 00393000 08:03 1719423                    /usr/lib/jvm/java-8-oracle/jre/lib/ext/cldrdata.jar
7f448a70f000-7f448a788000 r--s 010df000 08:03 1718740                    /usr/lib/jvm/java-8-oracle/lib/tools.jar
7f448a788000-7f448a789000 r--s 00004000 08:03 1983726                    /usr/share/java/ant-launcher-1.9.3.jar
7f448a789000-7f448a78b000 r--s 00004000 08:03 1983747                    /usr/share/java/ant-testutil-1.9.3.jar
7f448a78b000-7f448a78c000 r--s 00002000 08:03 1983742                    /usr/share/java/ant-apache-oro-1.9.3.jar
7f448a78c000-7f448a78d000 r--s 00002000 08:03 1983751                    /usr/share/java/ant-apache-resolver-1.9.3.jar
7f448a78d000-7f448a7ac000 r--s 001cc000 08:03 1983725                    /usr/share/java/ant-1.9.3.jar
7f448a7ac000-7f448a7ad000 ---p 00000000 00:00 0 
7f448a7ad000-7f448a8ad000 rw-p 00000000 00:00 0                          [stack:2847]
7f448a8ad000-7f448a8b0000 ---p 00000000 00:00 0 
7f448a8b0000-7f448a9ae000 rw-p 00000000 00:00 0                          [stack:2846]
7f448a9ae000-7f448a9b1000 ---p 00000000 00:00 0 
7f448a9b1000-7f448aaaf000 rw-p 00000000 00:00 0                          [stack:2845]
7f448aaaf000-7f448aab2000 ---p 00000000 00:00 0 
7f448aab2000-7f448abb0000 rw-p 00000000 00:00 0                          [stack:2844]
7f448abb0000-7f448abb3000 ---p 00000000 00:00 0 
7f448abb3000-7f448acb1000 rw-p 00000000 00:00 0                          [stack:2843]
7f448acb1000-7f448acb4000 ---p 00000000 00:00 0 
7f448acb4000-7f448adb2000 rw-p 00000000 00:00 0                          [stack:2842]
7f448adb2000-7f448b1b0000 r--p 00000000 08:03 1704955                    /usr/lib/locale/locale-archive
7f448b1b0000-7f448b1b3000 ---p 00000000 00:00 0 
7f448b1b3000-7f448b2b1000 rw-p 00000000 00:00 0                          [stack:2841]
7f448b2b1000-7f448b2b4000 ---p 00000000 00:00 0 
7f448b2b4000-7f448b3b2000 rw-p 00000000 00:00 0                          [stack:2840]
7f448b3b2000-7f448b3b3000 ---p 00000000 00:00 0 
7f448b3b3000-7f448c000000 rw-p 00000000 00:00 0                          [stack:2839]
7f448c000000-7f448c021000 rw-p 00000000 00:00 0 
7f448c021000-7f4490000000 ---p 00000000 00:00 0 
7f4490000000-7f4490003000 r--s 0001a000 08:03 1983750                    /usr/share/java/ant-junit-1.9.3.jar
7f4490003000-7f4490004000 r--s 00002000 08:03 1983738                    /usr/share/java/ant-apache-regexp-1.9.3.jar
7f4490004000-7f4490006000 r--s 00001000 08:03 1983736                    /usr/share/java/ant-apache-log4j-1.9.3.jar
7f4490006000-7f4490007000 r--s 00002000 08:03 1983739                    /usr/share/java/ant-antlr-1.9.3.jar
7f4490007000-7f4490008000 r--s 00002000 08:03 1983752                    /usr/share/java/ant-commons-logging-1.9.3.jar
7f4490008000-7f4490009000 r--s 00002000 08:03 1983740                    /usr/share/java/ant-apache-bsf-1.9.3.jar
7f4490009000-7f449000b000 r--s 00002000 08:03 1983746                    /usr/share/java/ant-junit4-1.9.3.jar
7f449000b000-7f449000c000 r--s 00003000 08:03 1983743                    /usr/share/java/ant-javamail-1.9.3.jar
7f449000c000-7f449000d000 r--s 00003000 08:03 1983735                    /usr/share/java/ant-swing-1.9.3.jar
7f449000d000-7f4490016000 r--s 00031000 08:03 1983706                    /usr/share/java/xml-apis-1.4.01.jar
7f4490016000-7f449043b000 rw-p 00000000 00:00 0 
7f449043b000-7f4490611000 r--s 03caa000 08:03 1719620                    /usr/lib/jvm/java-8-oracle/jre/lib/rt.jar
7f4490611000-7f4491000000 rw-p 00000000 00:00 0 
7f4491000000-7f4491620000 rwxp 00000000 00:00 0 
7f4491620000-7f44a0000000 ---p 00000000 00:00 0 
7f44a0000000-7f44a0a5e000 rw-p 00000000 00:00 0 
7f44a0a5e000-7f44a4000000 ---p 00000000 00:00 0 
7f44a4000000-7f44a4003000 r--s 00014000 08:03 1983745                    /usr/share/java/ant-commons-net-1.9.3.jar
7f44a4003000-7f44a4004000 r--s 00003000 08:03 1983744                    /usr/share/java/ant-apache-bcel-1.9.3.jar
7f44a4004000-7f44a4006000 r--s 00002000 08:03 1983741                    /usr/share/java/ant-jmf-1.9.3.jar
7f44a4006000-7f44a401f000 r--s 00132000 08:03 1983712                    /usr/share/java/xercesImpl-2.11.0.jar
7f44a401f000-7f44a5fd4000 rw-p 00000000 00:00 0 
7f44a5fd4000-7f44a5fd5000 ---p 00000000 00:00 0 
7f44a5fd5000-7f44a60d5000 rw-p 00000000 00:00 0                          [stack:2838]
7f44a60d5000-7f44a60d6000 ---p 00000000 00:00 0 
7f44a60d6000-7f44a61d6000 rw-p 00000000 00:00 0                          [stack:2837]
7f44a61d6000-7f44a61d7000 ---p 00000000 00:00 0 
7f44a61d7000-7f44a62d7000 rw-p 00000000 00:00 0                          [stack:2836]
7f44a62d7000-7f44a62d8000 ---p 00000000 00:00 0 
7f44a62d8000-7f44a63ed000 rw-p 00000000 00:00 0                          [stack:2835]
7f44a63ed000-7f44a6522000 ---p 00000000 00:00 0 
7f44a6522000-7f44a6537000 rw-p 00000000 00:00 0 
7f44a6537000-7f44a666c000 ---p 00000000 00:00 0 
7f44a666c000-7f44a6691000 rw-p 00000000 00:00 0 
7f44a6691000-7f44a6711000 ---p 00000000 00:00 0 
7f44a6711000-7f44a672b000 rw-p 00000000 00:00 0 
7f44a672b000-7f44a6ad2000 ---p 00000000 00:00 0 
7f44a6ad2000-7f44a6aec000 r-xp 00000000 08:03 1719386                    /usr/lib/jvm/java-8-oracle/jre/lib/amd64/libzip.so
7f44a6aec000-7f44a6cec000 ---p 0001a000 08:03 1719386                    /usr/lib/jvm/java-8-oracle/jre/lib/amd64/libzip.so
7f44a6cec000-7f44a6ced000 rw-p 0001a000 08:03 1719386                    /usr/lib/jvm/java-8-oracle/jre/lib/amd64/libzip.so
7f44a6ced000-7f44a6cf8000 r-xp 00000000 08:03 2103193                    /lib/x86_64-linux-gnu/libnss_files-2.19.so
7f44a6cf8000-7f44a6ef7000 ---p 0000b000 08:03 2103193                    /lib/x86_64-linux-gnu/libnss_files-2.19.so
7f44a6ef7000-7f44a6ef8000 r--p 0000a000 08:03 2103193                    /lib/x86_64-linux-gnu/libnss_files-2.19.so
7f44a6ef8000-7f44a6ef9000 rw-p 0000b000 08:03 2103193                    /lib/x86_64-linux-gnu/libnss_files-2.19.so
7f44a6ef9000-7f44a6f04000 r-xp 00000000 08:03 2103194                    /lib/x86_64-linux-gnu/libnss_nis-2.19.so
7f44a6f04000-7f44a7103000 ---p 0000b000 08:03 2103194                    /lib/x86_64-linux-gnu/libnss_nis-2.19.so
7f44a7103000-7f44a7104000 r--p 0000a000 08:03 2103194                    /lib/x86_64-linux-gnu/libnss_nis-2.19.so
7f44a7104000-7f44a7105000 rw-p 0000b000 08:03 2103194                    /lib/x86_64-linux-gnu/libnss_nis-2.19.so
7f44a7105000-7f44a711c000 r-xp 00000000 08:03 2102533                    /lib/x86_64-linux-gnu/libnsl-2.19.so
7f44a711c000-7f44a731b000 ---p 00017000 08:03 2102533                    /lib/x86_64-linux-gnu/libnsl-2.19.so
7f44a731b000-7f44a731c000 r--p 00016000 08:03 2102533                    /lib/x86_64-linux-gnu/libnsl-2.19.so
7f44a731c000-7f44a731d000 rw-p 00017000 08:03 2102533                    /lib/x86_64-linux-gnu/libnsl-2.19.so
7f44a731d000-7f44a731f000 rw-p 00000000 00:00 0 
7f44a731f000-7f44a7328000 r-xp 00000000 08:03 2102431                    /lib/x86_64-linux-gnu/libnss_compat-2.19.so
7f44a7328000-7f44a7527000 ---p 00009000 08:03 2102431                    /lib/x86_64-linux-gnu/libnss_compat-2.19.so
7f44a7527000-7f44a7528000 r--p 00008000 08:03 2102431                    /lib/x86_64-linux-gnu/libnss_compat-2.19.so
7f44a7528000-7f44a7529000 rw-p 00009000 08:03 2102431                    /lib/x86_64-linux-gnu/libnss_compat-2.19.so
7f44a7529000-7f44a7553000 r-xp 00000000 08:03 1719352                    /usr/lib/jvm/java-8-oracle/jre/lib/amd64/libjava.so
7f44a7553000-7f44a7753000 ---p 0002a000 08:03 1719352                    /usr/lib/jvm/java-8-oracle/jre/lib/amd64/libjava.so
7f44a7753000-7f44a7755000 rw-p 0002a000 08:03 1719352                    /usr/lib/jvm/java-8-oracle/jre/lib/amd64/libjava.so
7f44a7755000-7f44a7762000 r-xp 00000000 08:03 1719370                    /usr/lib/jvm/java-8-oracle/jre/lib/amd64/libverify.so
7f44a7762000-7f44a7962000 ---p 0000d000 08:03 1719370                    /usr/lib/jvm/java-8-oracle/jre/lib/amd64/libverify.so
7f44a7962000-7f44a7964000 rw-p 0000d000 08:03 1719370                    /usr/lib/jvm/java-8-oracle/jre/lib/amd64/libverify.so
7f44a7964000-7f44a796b000 r-xp 00000000 08:03 2102576                    /lib/x86_64-linux-gnu/librt-2.19.so
7f44a796b000-7f44a7b6a000 ---p 00007000 08:03 2102576                    /lib/x86_64-linux-gnu/librt-2.19.so
7f44a7b6a000-7f44a7b6b000 r--p 00006000 08:03 2102576                    /lib/x86_64-linux-gnu/librt-2.19.so
7f44a7b6b000-7f44a7b6c000 rw-p 00007000 08:03 2102576                    /lib/x86_64-linux-gnu/librt-2.19.so
7f44a7b6c000-7f44a7c71000 r-xp 00000000 08:03 2102682                    /lib/x86_64-linux-gnu/libm-2.19.so
7f44a7c71000-7f44a7e70000 ---p 00105000 08:03 2102682                    /lib/x86_64-linux-gnu/libm-2.19.so
7f44a7e70000-7f44a7e71000 r--p 00104000 08:03 2102682                    /lib/x86_64-linux-gnu/libm-2.19.so
7f44a7e71000-7f44a7e72000 rw-p 00105000 08:03 2102682                    /lib/x86_64-linux-gnu/libm-2.19.so
7f44a7e72000-7f44a8adf000 r-xp 00000000 08:03 1719359                    /usr/lib/jvm/java-8-oracle/jre/lib/amd64/server/libjvm.so
7f44a8adf000-7f44a8cde000 ---p 00c6d000 08:03 1719359                    /usr/lib/jvm/java-8-oracle/jre/lib/amd64/server/libjvm.so
7f44a8cde000-7f44a8db4000 rw-p 00c6c000 08:03 1719359                    /usr/lib/jvm/java-8-oracle/jre/lib/amd64/server/libjvm.so
7f44a8db4000-7f44a8df7000 rw-p 00000000 00:00 0 
7f44a8df7000-7f44a8fb2000 r-xp 00000000 08:03 2102633                    /lib/x86_64-linux-gnu/libc-2.19.so
7f44a8fb2000-7f44a91b2000 ---p 001bb000 08:03 2102633                    /lib/x86_64-linux-gnu/libc-2.19.so
7f44a91b2000-7f44a91b6000 r--p 001bb000 08:03 2102633                    /lib/x86_64-linux-gnu/libc-2.19.so
7f44a91b6000-7f44a91b8000 rw-p 001bf000 08:03 2102633                    /lib/x86_64-linux-gnu/libc-2.19.so
7f44a91b8000-7f44a91bd000 rw-p 00000000 00:00 0 
7f44a91bd000-7f44a91c0000 r-xp 00000000 08:03 2103199                    /lib/x86_64-linux-gnu/libdl-2.19.so
7f44a91c0000-7f44a93bf000 ---p 00003000 08:03 2103199                    /lib/x86_64-linux-gnu/libdl-2.19.so
7f44a93bf000-7f44a93c0000 r--p 00002000 08:03 2103199                    /lib/x86_64-linux-gnu/libdl-2.19.so
7f44a93c0000-7f44a93c1000 rw-p 00003000 08:03 2103199                    /lib/x86_64-linux-gnu/libdl-2.19.so
7f44a93c1000-7f44a93d6000 r-xp 00000000 08:03 1719341                    /usr/lib/jvm/java-8-oracle/jre/lib/amd64/jli/libjli.so
7f44a93d6000-7f44a95d5000 ---p 00015000 08:03 1719341                    /usr/lib/jvm/java-8-oracle/jre/lib/amd64/jli/libjli.so
7f44a95d5000-7f44a95d6000 rw-p 00014000 08:03 1719341                    /usr/lib/jvm/java-8-oracle/jre/lib/amd64/jli/libjli.so
7f44a95d6000-7f44a95ef000 r-xp 00000000 08:03 2103200                    /lib/x86_64-linux-gnu/libpthread-2.19.so
7f44a95ef000-7f44a97ee000 ---p 00019000 08:03 2103200                    /lib/x86_64-linux-gnu/libpthread-2.19.so
7f44a97ee000-7f44a97ef000 r--p 00018000 08:03 2103200                    /lib/x86_64-linux-gnu/libpthread-2.19.so
7f44a97ef000-7f44a97f0000 rw-p 00019000 08:03 2103200                    /lib/x86_64-linux-gnu/libpthread-2.19.so
7f44a97f0000-7f44a97f4000 rw-p 00000000 00:00 0 
7f44a97f4000-7f44a9817000 r-xp 00000000 08:03 2102634                    /lib/x86_64-linux-gnu/ld-2.19.so
7f44a9817000-7f44a9818000 r--s 00001000 08:03 1983748                    /usr/share/java/ant-apache-xalan2-1.9.3.jar
7f44a9818000-7f44a981a000 r--s 0000a000 08:03 1983737                    /usr/share/java/ant-jsch-1.9.3.jar
7f44a981a000-7f44a981b000 r--s 00003000 08:03 1983749                    /usr/share/java/ant-jdepend-1.9.3.jar
7f44a981b000-7f44a981d000 r--s 00015000 08:03 1983700                    /usr/share/java/xml-resolver-1.2.jar
7f44a981d000-7f44a9822000 r--s 00010000 08:03 1983705                    /usr/share/java/xml-apis-ext-1.4.01.jar
7f44a9822000-7f44a98fb000 rw-p 00000000 00:00 0 
7f44a98fb000-7f44a98fe000 ---p 00000000 00:00 0 
7f44a98fe000-7f44a9a00000 rw-p 00000000 00:00 0                          [stack:2834]
7f44a9a00000-7f44a9a09000 r--s 00031000 08:03 1983706                    /usr/share/java/xml-apis-1.4.01.jar
7f44a9a09000-7f44a9a0a000 r--s 00004000 08:03 1983726                    /usr/share/java/ant-launcher-1.9.3.jar
7f44a9a0a000-7f44a9a12000 rw-s 00000000 08:03 1842382                    /tmp/hsperfdata_sergio/2832
7f44a9a12000-7f44a9a13000 rw-p 00000000 00:00 0 
7f44a9a13000-7f44a9a14000 r--p 00000000 00:00 0 
7f44a9a14000-7f44a9a16000 rw-p 00000000 00:00 0 
7f44a9a16000-7f44a9a17000 r--p 00022000 08:03 2102634                    /lib/x86_64-linux-gnu/ld-2.19.so
7f44a9a17000-7f44a9a18000 rw-p 00023000 08:03 2102634                    /lib/x86_64-linux-gnu/ld-2.19.so
7f44a9a18000-7f44a9a19000 rw-p 00000000 00:00 0 
7fff77ff7000-7fff78018000 rw-p 00000000 00:00 0                          [stack]
7fff78134000-7fff78136000 r-xp 00000000 00:00 0                          [vdso]
ffffffffff600000-ffffffffff601000 r-xp 00000000 00:00 0                  [vsyscall]

VM Arguments:
jvm_args: -Dant.home=/usr/share/ant -Dant.library.dir=/usr/share/ant/lib 
java_command: org.apache.tools.ant.launch.Launcher -cp  debug -f /home/sergio/IWEB/practica6/platforms/android/build.xml -Dout.dir=ant-build -Dgen.absolute.dir=ant-gen
java_class_path (initial): /usr/share/ant/lib/ant-launcher.jar:/usr/share/java/xmlParserAPIs.jar:/usr/share/java/xercesImpl.jar
Launcher Type: SUN_STANDARD

Environment Variables:
JAVA_HOME=/usr/lib/jvm/java-8-oracle
PATH=/usr/local/sbin:/usr/local/bin:/usr/sbin:/usr/bin:/sbin:/bin:/usr/games:/usr/local/games:/opt/android-sdk-linux/tools:/opt/android-sdk-linux/platform-tools:/opt/android-sdk-linux/bin
SHELL=/bin/bash
DISPLAY=:0

Signal Handlers:
SIGSEGV: [libjvm.so+0xa79a80], sa_mask[0]=11111111011111111101111111111110, sa_flags=SA_RESTART|SA_SIGINFO
SIGBUS: [libjvm.so+0xa79a80], sa_mask[0]=11111111011111111101111111111110, sa_flags=SA_RESTART|SA_SIGINFO
SIGFPE: [libjvm.so+0x8e24e0], sa_mask[0]=11111111011111111101111111111110, sa_flags=SA_RESTART|SA_SIGINFO
SIGPIPE: [libjvm.so+0x8e24e0], sa_mask[0]=11111111011111111101111111111110, sa_flags=SA_RESTART|SA_SIGINFO
SIGXFSZ: [libjvm.so+0x8e24e0], sa_mask[0]=11111111011111111101111111111110, sa_flags=SA_RESTART|SA_SIGINFO
SIGILL: [libjvm.so+0x8e24e0], sa_mask[0]=11111111011111111101111111111110, sa_flags=SA_RESTART|SA_SIGINFO
SIGUSR1: SIG_DFL, sa_mask[0]=00000000000000000000000000000000, sa_flags=none
SIGUSR2: [libjvm.so+0x8e3d10], sa_mask[0]=00000000000000000000000000000000, sa_flags=SA_RESTART|SA_SIGINFO
SIGHUP: [libjvm.so+0x8e50d0], sa_mask[0]=11111111011111111101111111111110, sa_flags=SA_RESTART|SA_SIGINFO
SIGINT: [libjvm.so+0x8e50d0], sa_mask[0]=11111111011111111101111111111110, sa_flags=SA_RESTART|SA_SIGINFO
SIGTERM: [libjvm.so+0x8e50d0], sa_mask[0]=11111111011111111101111111111110, sa_flags=SA_RESTART|SA_SIGINFO
SIGQUIT: [libjvm.so+0x8e50d0], sa_mask[0]=11111111011111111101111111111110, sa_flags=SA_RESTART|SA_SIGINFO


---------------  S Y S T E M  ---------------

OS:DISTRIB_ID="elementary OS"
DISTRIB_RELEASE=0.3
DISTRIB_CODENAME=freya
DISTRIB_DESCRIPTION="elementary OS Freya"

uname:Linux 3.13.0-39-generic #66-Ubuntu SMP Tue Oct 28 13:30:27 UTC 2014 x86_64
libc:glibc 2.19 NPTL 2.19 
rlimit: STACK 8192k, CORE 0k, NPROC 31387, NOFILE 4096, AS infinity
load average:0,25 0,23 0,24

/proc/meminfo:
MemTotal:        4046980 kB
MemFree:         1632872 kB
Buffers:          117288 kB
Cached:           883788 kB
SwapCached:            0 kB
Active:          1591724 kB
Inactive:         575432 kB
Active(anon):    1167632 kB
Inactive(anon):    10740 kB
Active(file):     424092 kB
Inactive(file):   564692 kB
Unevictable:           0 kB
Mlocked:               0 kB
SwapTotal:       1771516 kB
SwapFree:        1771516 kB
Dirty:               496 kB
Writeback:             0 kB
AnonPages:       1166468 kB
Mapped:           237676 kB
Shmem:             11920 kB
Slab:             112344 kB
SReclaimable:      85056 kB
SUnreclaim:        27288 kB
KernelStack:        3488 kB
PageTables:        26236 kB
NFS_Unstable:          0 kB
Bounce:                0 kB
WritebackTmp:          0 kB
CommitLimit:     3795004 kB
Committed_AS:    3808092 kB
VmallocTotal:   34359738367 kB
VmallocUsed:      307296 kB
VmallocChunk:   34359425532 kB
HardwareCorrupted:     0 kB
AnonHugePages:    309248 kB
HugePages_Total:       0
HugePages_Free:        0
HugePages_Rsvd:        0
HugePages_Surp:        0
Hugepagesize:       2048 kB
DirectMap4k:      152512 kB
DirectMap2M:     4040704 kB


CPU:total 4 (4 cores per cpu, 1 threads per core) family 6 model 23 stepping 7, cmov, cx8, fxsr, mmx, sse, sse2, sse3, ssse3, sse4.1, tsc

/proc/cpuinfo:
processor	: 0
vendor_id	: GenuineIntel
cpu family	: 6
model		: 23
model name	: Intel(R) Core(TM)2 Quad  CPU   Q9550  @ 2.83GHz
stepping	: 7
microcode	: 0x705
cpu MHz		: 2834.000
cache size	: 6144 KB
physical id	: 0
siblings	: 4
core id		: 0
cpu cores	: 4
apicid		: 0
initial apicid	: 0
fpu		: yes
fpu_exception	: yes
cpuid level	: 10
wp		: yes
flags		: fpu vme de pse tsc msr pae mce cx8 apic sep mtrr pge mca cmov pat pse36 clflush dts acpi mmx fxsr sse sse2 ss ht tm pbe syscall nx lm constant_tsc arch_perfmon pebs bts rep_good nopl aperfmperf pni dtes64 monitor ds_cpl vmx smx est tm2 ssse3 cx16 xtpr pdcm sse4_1 lahf_lm dtherm tpr_shadow vnmi flexpriority
bogomips	: 5666.28
clflush size	: 64
cache_alignment	: 64
address sizes	: 36 bits physical, 48 bits virtual
power management:

processor	: 1
vendor_id	: GenuineIntel
cpu family	: 6
model		: 23
model name	: Intel(R) Core(TM)2 Quad  CPU   Q9550  @ 2.83GHz
stepping	: 7
microcode	: 0x705
cpu MHz		: 2834.000
cache size	: 6144 KB
physical id	: 0
siblings	: 4
core id		: 3
cpu cores	: 4
apicid		: 3
initial apicid	: 3
fpu		: yes
fpu_exception	: yes
cpuid level	: 10
wp		: yes
flags		: fpu vme de pse tsc msr pae mce cx8 apic sep mtrr pge mca cmov pat pse36 clflush dts acpi mmx fxsr sse sse2 ss ht tm pbe syscall nx lm constant_tsc arch_perfmon pebs bts rep_good nopl aperfmperf pni dtes64 monitor ds_cpl vmx smx est tm2 ssse3 cx16 xtpr pdcm sse4_1 lahf_lm dtherm tpr_shadow vnmi flexpriority
bogomips	: 5666.28
clflush size	: 64
cache_alignment	: 64
address sizes	: 36 bits physical, 48 bits virtual
power management:

processor	: 2
vendor_id	: GenuineIntel
cpu family	: 6
model		: 23
model name	: Intel(R) Core(TM)2 Quad  CPU   Q9550  @ 2.83GHz
stepping	: 7
microcode	: 0x705
cpu MHz		: 2834.000
cache size	: 6144 KB
physical id	: 0
siblings	: 4
core id		: 2
cpu cores	: 4
apicid		: 2
initial apicid	: 2
fpu		: yes
fpu_exception	: yes
cpuid level	: 10
wp		: yes
flags		: fpu vme de pse tsc msr pae mce cx8 apic sep mtrr pge mca cmov pat pse36 clflush dts acpi mmx fxsr sse sse2 ss ht tm pbe syscall nx lm constant_tsc arch_perfmon pebs bts rep_good nopl aperfmperf pni dtes64 monitor ds_cpl vmx smx est tm2 ssse3 cx16 xtpr pdcm sse4_1 lahf_lm dtherm tpr_shadow vnmi flexpriority
bogomips	: 5666.28
clflush size	: 64
cache_alignment	: 64
address sizes	: 36 bits physical, 48 bits virtual
power management:

processor	: 3
vendor_id	: GenuineIntel
cpu family	: 6
model		: 23
model name	: Intel(R) Core(TM)2 Quad  CPU   Q9550  @ 2.83GHz
stepping	: 7
microcode	: 0x705
cpu MHz		: 2834.000
cache size	: 6144 KB
physical id	: 0
siblings	: 4
core id		: 1
cpu cores	: 4
apicid		: 1
initial apicid	: 1
fpu		: yes
fpu_exception	: yes
cpuid level	: 10
wp		: yes
flags		: fpu vme de pse tsc msr pae mce cx8 apic sep mtrr pge mca cmov pat pse36 clflush dts acpi mmx fxsr sse sse2 ss ht tm pbe syscall nx lm constant_tsc arch_perfmon pebs bts rep_good nopl aperfmperf pni dtes64 monitor ds_cpl vmx smx est tm2 ssse3 cx16 xtpr pdcm sse4_1 lahf_lm dtherm tpr_shadow vnmi flexpriority
bogomips	: 5666.28
clflush size	: 64
cache_alignment	: 64
address sizes	: 36 bits physical, 48 bits virtual
power management:



Memory: 4k page, physical 4046980k(1632872k free), swap 1771516k(1771516k free)

vm_info: Java HotSpot(TM) 64-Bit Server VM (25.25-b02) for linux-amd64 JRE (1.8.0_25-b17), built on Sep 17 2014 17:32:11 by "java_re" with gcc 4.3.0 20080428 (Red Hat 4.3.0-8)

time: Wed Nov 26 11:14:54 2014
elapsed time: 2 seconds (0d 0h 0m 2s)

