#
# A fatal error has been detected by the Java Runtime Environment:
#
#  SIGSEGV (0xb) at pc=0x00007fd616005060, pid=11972, tid=140558920644352
#
# JRE version: Java(TM) SE Runtime Environment (8.0_25-b17) (build 1.8.0_25-b17)
# Java VM: Java HotSpot(TM) 64-Bit Server VM (25.25-b02 mixed mode linux-amd64 compressed oops)
# Problematic frame:
# C  0x00007fd616005060
#
# Failed to write core dump. Core dumps have been disabled. To enable core dumping, try "ulimit -c unlimited" before starting Java again
#
# If you would like to submit a bug report, please visit:
#   http://bugreport.sun.com/bugreport/crash.jsp
#

---------------  T H R E A D  ---------------

Current thread (0x00007fd66400a000):  JavaThread "main" [_thread_in_Java, id=11974, stack(0x00007fd66c78f000,0x00007fd66c890000)]

siginfo: si_signo: 11 (SIGSEGV), si_code: 1 (SEGV_MAPERR), si_addr: 0x00007fd616005060

Registers:
RAX=0x00007fd668479488, RBX=0x00007fd668479488, RCX=0x00000000eb6a4860, RDX=0x00007fd65500798d
RSP=0x00007fd66c88d708, RBP=0x00007fd66c88d768, RSI=0x00000000eb6a4860, RDI=0x00007fd66864d260
R8 =0x00007fd664007340, R9 =0x0000000000000007, R10=0x00007fd66bc62440, R11=0x00007fd655108160
R12=0x0000000000000000, R13=0x00007fd66c88d720, R14=0x00007fd66c88d798, R15=0x00007fd66400a000
RIP=0x00007fd616005060, EFLAGS=0x0000000000010202, CSGSFS=0x0000000000000033, ERR=0x0000000000000014
  TRAPNO=0x000000000000000e

Top of Stack: (sp=0x00007fd66c88d708)
0x00007fd66c88d708:   00007fd65500798d 00007fd66400a000
0x00007fd66c88d718:   00007fd65500798d 00000000eb6a4860
0x00007fd66c88d728:   00007fd66c88d728 00007fd668564d21
0x00007fd66c88d738:   00007fd66c88d798 00007fd6685651f0
0x00007fd66c88d748:   0000000000000000 00007fd668564d48
0x00007fd66c88d758:   00007fd66c88d720 00007fd66c88d778
0x00007fd66c88d768:   00007fd66c88d7e8 00007fd65500798d
0x00007fd66c88d778:   0000000000000000 00000000eb6a42c8
0x00007fd66c88d788:   00000000eb6a4210 00000000fae2e592
0x00007fd66c88d798:   00000000eb6a4860 00000000eb6a4860
0x00007fd66c88d7a8:   00007fd66c88d7a8 00007fd6685637f1
0x00007fd66c88d7b8:   00007fd66c88d818 00007fd668563e38
0x00007fd66c88d7c8:   0000000000000000 00007fd668563800
0x00007fd66c88d7d8:   00007fd66c88d778 00007fd66c88d7f8
0x00007fd66c88d7e8:   00007fd66c88d868 00007fd655007710
0x00007fd66c88d7f8:   0000000000000000 00000000eb6a42c8
0x00007fd66c88d808:   00000000eb6a4210 00000000fae2e592
0x00007fd66c88d818:   00000000eb648c78 00000000eb6a4120
0x00007fd66c88d828:   00007fd66c88d828 00007fd668561bb0
0x00007fd66c88d838:   00007fd66c88d8d8 00007fd668563e38
0x00007fd66c88d848:   0000000000000000 00007fd668561c70
0x00007fd66c88d858:   00007fd66c88d7f8 00007fd66c88d8b0
0x00007fd66c88d868:   00007fd66c88d920 00007fd655007710
0x00007fd66c88d878:   0000000000000001 0000000000000000
0x00007fd66c88d888:   0000000000000000 0000000000000002
0x00007fd66c88d898:   0000000000000010 00000000eb6a4120
0x00007fd66c88d8a8:   00000000eb6a16f0 0000000000000001
0x00007fd66c88d8b8:   0000000000000000 00000000eb6a42c8
0x00007fd66c88d8c8:   00000000eb6a4210 00000000fae2e592
0x00007fd66c88d8d8:   00000000eb648c78 00007fd66c88d8e0
0x00007fd66c88d8e8:   00007fd668561a81 00007fd66c88d940
0x00007fd66c88d8f8:   00007fd668563e38 0000000000000000 

Instructions: (pc=0x00007fd616005060)
0x00007fd616005040:   
[error occurred during error reporting (printing registers, top of stack, instructions near pc), id 0xb]

Register to memory mapping:

RAX={method} {0x00007fd668479488} '<init>' '()V' in 'java/lang/Object'
RBX={method} {0x00007fd668479488} '<init>' '()V' in 'java/lang/Object'
RCX=0x00000000eb6a4860 is an oop
java.util.HashMap$Node 
 - klass: 'java/util/HashMap$Node'
RDX=0x00007fd65500798d is at code_begin+2093 in an Interpreter codelet
invoke return entry points  [0x00007fd655007160, 0x00007fd655007a60]  2304 bytes
RSP=0x00007fd66c88d708 is pointing into the stack for thread: 0x00007fd66400a000
RBP=0x00007fd66c88d768 is pointing into the stack for thread: 0x00007fd66400a000
RSI=0x00000000eb6a4860 is an oop
java.util.HashMap$Node 
 - klass: 'java/util/HashMap$Node'
RDI=0x00007fd66864d260 is pointing into metadata
R8 =0x00007fd664007340 is an unknown value
R9 =0x0000000000000007 is an unknown value
R10=0x00007fd66bc62440: <offset 0xf5c440> in /usr/lib/jvm/java-8-oracle/jre/lib/amd64/server/libjvm.so at 0x00007fd66ad06000
R11=0x00007fd655108160 is at entry_point+32 in (nmethod*)0x00007fd655107fd0
R12=0x0000000000000000 is an unknown value
R13=0x00007fd66c88d720 is pointing into the stack for thread: 0x00007fd66400a000
R14=0x00007fd66c88d798 is pointing into the stack for thread: 0x00007fd66400a000
R15=0x00007fd66400a000 is a thread


Stack: [0x00007fd66c78f000,0x00007fd66c890000],  sp=0x00007fd66c88d708,  free space=1017k
Native frames: (J=compiled Java code, j=interpreted, Vv=VM code, C=native code)
C  0x00007fd616005060
j  java.util.HashMap.newNode(ILjava/lang/Object;Ljava/lang/Object;Ljava/util/HashMap$Node;)Ljava/util/HashMap$Node;+9
j  java.util.HashMap.putVal(ILjava/lang/Object;Ljava/lang/Object;ZZ)Ljava/lang/Object;+152
j  java.util.HashMap.put(Ljava/lang/Object;Ljava/lang/Object;)Ljava/lang/Object;+9
j  sun.misc.URLClassPath.getLoader(I)Lsun/misc/URLClassPath$Loader;+135
j  sun.misc.URLClassPath.getResource(Ljava/lang/String;Z)Lsun/misc/Resource;+42
j  java.net.URLClassLoader$1.run()Ljava/lang/Class;+26
j  java.net.URLClassLoader$1.run()Ljava/lang/Object;+1
v  ~StubRoutines::call_stub
V  [libjvm.so+0x664086]  JavaCalls::call_helper(JavaValue*, methodHandle*, JavaCallArguments*, Thread*)+0x1056
V  [libjvm.so+0x6f8fec]  JVM_DoPrivileged+0x27c
j  java.security.AccessController.doPrivileged(Ljava/security/PrivilegedExceptionAction;Ljava/security/AccessControlContext;)Ljava/lang/Object;+0
j  java.net.URLClassLoader.findClass(Ljava/lang/String;)Ljava/lang/Class;+13
j  java.lang.ClassLoader.loadClass(Ljava/lang/String;Z)Ljava/lang/Class;+70
j  java.lang.ClassLoader.loadClass(Ljava/lang/String;Z)Ljava/lang/Class;+38
j  sun.misc.Launcher$AppClassLoader.loadClass(Ljava/lang/String;Z)Ljava/lang/Class;+36
j  java.lang.ClassLoader.loadClass(Ljava/lang/String;)Ljava/lang/Class;+3
j  sun.launcher.LauncherHelper.checkAndLoadMain(ZILjava/lang/String;)Ljava/lang/Class;+93
v  ~StubRoutines::call_stub
V  [libjvm.so+0x664086]  JavaCalls::call_helper(JavaValue*, methodHandle*, JavaCallArguments*, Thread*)+0x1056
V  [libjvm.so+0x6ab096]  jni_invoke_static(JNIEnv_*, JavaValue*, _jobject*, JNICallType, _jmethodID*, JNI_ArgumentPusher*, Thread*)+0x346
V  [libjvm.so+0x6b3695]  jni_CallStaticObjectMethod+0x175
C  [libjli.so+0x79c9]  JavaMain+0x6f9
C  [libpthread.so.0+0x8182]  start_thread+0xc2


---------------  P R O C E S S  ---------------

Java Threads: ( => current thread )
  0x00007fd6640b3800 JavaThread "Service Thread" daemon [_thread_blocked, id=11986, stack(0x00007fd64d60b000,0x00007fd64d70c000)]
  0x00007fd6640b0800 JavaThread "C1 CompilerThread2" daemon [_thread_blocked, id=11985, stack(0x00007fd64d70c000,0x00007fd64d80d000)]
  0x00007fd6640ae800 JavaThread "C2 CompilerThread1" daemon [_thread_blocked, id=11984, stack(0x00007fd64d80d000,0x00007fd64d90e000)]
  0x00007fd6640ab800 JavaThread "C2 CompilerThread0" daemon [_thread_blocked, id=11983, stack(0x00007fd64d90e000,0x00007fd64da0f000)]
  0x00007fd6640a9800 JavaThread "Signal Dispatcher" daemon [_thread_blocked, id=11982, stack(0x00007fd64da0f000,0x00007fd64db10000)]
  0x00007fd66407c000 JavaThread "Finalizer" daemon [_thread_blocked, id=11981, stack(0x00007fd64df0e000,0x00007fd64e00f000)]
  0x00007fd66407a000 JavaThread "Reference Handler" daemon [_thread_blocked, id=11980, stack(0x00007fd64e00f000,0x00007fd64e110000)]
=>0x00007fd66400a000 JavaThread "main" [_thread_in_Java, id=11974, stack(0x00007fd66c78f000,0x00007fd66c890000)]

Other Threads:
  0x00007fd664073000 VMThread [stack: 0x00007fd6540f1000,0x00007fd6541f2000] [id=11979]
  0x00007fd6640ba000 WatcherThread [stack: 0x00007fd64d50a000,0x00007fd64d60b000] [id=11987]

VM state:not at safepoint (normal execution)

VM Mutex/Monitor currently owned by a thread: None

Heap:
 PSYoungGen      total 18432K, used 952K [0x00000000eb600000, 0x00000000eca80000, 0x0000000100000000)
  eden space 15872K, 6% used [0x00000000eb600000,0x00000000eb6ee250,0x00000000ec580000)
  from space 2560K, 0% used [0x00000000ec800000,0x00000000ec800000,0x00000000eca80000)
  to   space 2560K, 0% used [0x00000000ec580000,0x00000000ec580000,0x00000000ec800000)
 ParOldGen       total 42496K, used 0K [0x00000000c2200000, 0x00000000c4b80000, 0x00000000eb600000)
  object space 42496K, 0% used [0x00000000c2200000,0x00000000c2200000,0x00000000c4b80000)
 Metaspace       used 2219K, capacity 4480K, committed 4480K, reserved 1056768K
  class space    used 240K, capacity 384K, committed 384K, reserved 1048576K

Card table byte_map: [0x00007fd6693b6000,0x00007fd6695a6000] byte_map_base: 0x00007fd668da5000

Marking Bits: (ParMarkBitMap*) 0x00007fd66bc602c0
 Begin Bits: [0x00007fd64e110000, 0x00007fd64f088000)
 End Bits:   [0x00007fd64f088000, 0x00007fd650000000)

Polling page: 0x00007fd66c8a7000

CodeCache: size=245760Kb used=1064Kb max_used=1064Kb free=244695Kb
 bounds [0x00007fd655000000, 0x00007fd655270000, 0x00007fd664000000]
 total_blobs=227 nmethods=10 adapters=134
 compilation: enabled

Compilation events (10 events):
Event: 0,060 Thread 0x00007fd6640b0800    5       3       java.lang.String::charAt (29 bytes)
Event: 0,060 Thread 0x00007fd6640b0800 nmethod 5 0x00007fd655108e10 code [0x00007fd655108f80, 0x00007fd6551091e8]
Event: 0,060 Thread 0x00007fd6640b0800    7       3       java.lang.String::indexOf (70 bytes)
Event: 0,060 Thread 0x00007fd6640b0800 nmethod 7 0x00007fd6551092d0 code [0x00007fd655109460, 0x00007fd6551097e8]
Event: 0,060 Thread 0x00007fd6640b0800    8       3       java.lang.String::length (6 bytes)
Event: 0,060 Thread 0x00007fd6640b0800 nmethod 8 0x00007fd655109910 code [0x00007fd655109a80, 0x00007fd655109bd0]
Event: 0,060 Thread 0x00007fd6640b0800    9       1       java.lang.ref.Reference::get (5 bytes)
Event: 0,060 Thread 0x00007fd6640b0800 nmethod 9 0x00007fd655109c90 code [0x00007fd655109de0, 0x00007fd655109ef0]
Event: 0,060 Thread 0x00007fd6640b0800   10       1       java.lang.Object::<init> (1 bytes)
Event: 0,061 Thread 0x00007fd6640b0800 nmethod 10 0x00007fd655109f50 code [0x00007fd65510a0a0, 0x00007fd65510a1b0]

GC Heap History (0 events):
No events

Deoptimization events (0 events):
No events

Internal exceptions (2 events):
Event: 0,026 Thread 0x00007fd66400a000 Exception <a 'java/lang/NoSuchMethodError': Method sun.misc.Unsafe.defineClass(Ljava/lang/String;[BII)Ljava/lang/Class; name or signature does not match> (0x00000000eb611c68) thrown at [/HUDSON/workspace/8-2-build-linux-amd64/jdk8u25/1514/hotspot/src/shar
Event: 0,026 Thread 0x00007fd66400a000 Exception <a 'java/lang/NoSuchMethodError': Method sun.misc.Unsafe.prefetchRead(Ljava/lang/Object;J)V name or signature does not match> (0x00000000eb611ef8) thrown at [/HUDSON/workspace/8-2-build-linux-amd64/jdk8u25/1514/hotspot/src/share/vm/prims/jni.cpp

Events (10 events):
Event: 0,059 loading class sun/misc/URLClassPath$Loader done
Event: 0,059 loading class sun/misc/URLClassPath$JarLoader done
Event: 0,059 loading class java/util/zip/ZipFile
Event: 0,059 loading class java/util/zip/ZipConstants
Event: 0,059 loading class java/util/zip/ZipConstants done
Event: 0,059 loading class java/util/zip/ZipFile done
Event: 0,059 loading class java/util/zip/ZipFile$1
Event: 0,059 loading class sun/misc/JavaUtilZipFileAccess
Event: 0,060 loading class sun/misc/JavaUtilZipFileAccess done
Event: 0,060 loading class java/util/zip/ZipFile$1 done


Dynamic libraries:
00400000-00401000 r-xp 00000000 08:03 1719663                            /usr/lib/jvm/java-8-oracle/jre/bin/java
00600000-00601000 rw-p 00000000 08:03 1719663                            /usr/lib/jvm/java-8-oracle/jre/bin/java
01fbf000-01fe0000 rw-p 00000000 00:00 0                                  [heap]
c2200000-c4b80000 rw-p 00000000 00:00 0 
c4b80000-eb600000 ---p 00000000 00:00 0 
eb600000-eca80000 rw-p 00000000 00:00 0 
eca80000-100000000 ---p 00000000 00:00 0 
100000000-100060000 rw-p 00000000 00:00 0 
100060000-140000000 ---p 00000000 00:00 0 
7fd618000000-7fd618021000 rw-p 00000000 00:00 0 
7fd618021000-7fd61c000000 ---p 00000000 00:00 0 
7fd61c000000-7fd61c021000 rw-p 00000000 00:00 0 
7fd61c021000-7fd620000000 ---p 00000000 00:00 0 
7fd620000000-7fd620021000 rw-p 00000000 00:00 0 
7fd620021000-7fd624000000 ---p 00000000 00:00 0 
7fd624000000-7fd624021000 rw-p 00000000 00:00 0 
7fd624021000-7fd628000000 ---p 00000000 00:00 0 
7fd628000000-7fd628021000 rw-p 00000000 00:00 0 
7fd628021000-7fd62c000000 ---p 00000000 00:00 0 
7fd62c000000-7fd62c04e000 rw-p 00000000 00:00 0 
7fd62c04e000-7fd630000000 ---p 00000000 00:00 0 
7fd630000000-7fd630021000 rw-p 00000000 00:00 0 
7fd630021000-7fd634000000 ---p 00000000 00:00 0 
7fd634000000-7fd634021000 rw-p 00000000 00:00 0 
7fd634021000-7fd638000000 ---p 00000000 00:00 0 
7fd638000000-7fd638021000 rw-p 00000000 00:00 0 
7fd638021000-7fd63c000000 ---p 00000000 00:00 0 
7fd63c000000-7fd63c021000 rw-p 00000000 00:00 0 
7fd63c021000-7fd640000000 ---p 00000000 00:00 0 
7fd640000000-7fd640021000 rw-p 00000000 00:00 0 
7fd640021000-7fd644000000 ---p 00000000 00:00 0 
7fd648000000-7fd648021000 rw-p 00000000 00:00 0 
7fd648021000-7fd64c000000 ---p 00000000 00:00 0 
7fd64d380000-7fd64d50a000 rw-p 00000000 00:00 0 
7fd64d50a000-7fd64d50b000 ---p 00000000 00:00 0 
7fd64d50b000-7fd64d60b000 rw-p 00000000 00:00 0                          [stack:11987]
7fd64d60b000-7fd64d60e000 ---p 00000000 00:00 0 
7fd64d60e000-7fd64d70c000 rw-p 00000000 00:00 0                          [stack:11986]
7fd64d70c000-7fd64d70f000 ---p 00000000 00:00 0 
7fd64d70f000-7fd64d80d000 rw-p 00000000 00:00 0                          [stack:11985]
7fd64d80d000-7fd64d810000 ---p 00000000 00:00 0 
7fd64d810000-7fd64d90e000 rw-p 00000000 00:00 0                          [stack:11984]
7fd64d90e000-7fd64d911000 ---p 00000000 00:00 0 
7fd64d911000-7fd64da0f000 rw-p 00000000 00:00 0                          [stack:11983]
7fd64da0f000-7fd64da12000 ---p 00000000 00:00 0 
7fd64da12000-7fd64db10000 rw-p 00000000 00:00 0                          [stack:11982]
7fd64db10000-7fd64df0e000 r--p 00000000 08:03 1704955                    /usr/lib/locale/locale-archive
7fd64df0e000-7fd64df11000 ---p 00000000 00:00 0 
7fd64df11000-7fd64e00f000 rw-p 00000000 00:00 0                          [stack:11981]
7fd64e00f000-7fd64e012000 ---p 00000000 00:00 0 
7fd64e012000-7fd650000000 rw-p 00000000 00:00 0                          [stack:11980]
7fd650000000-7fd650021000 rw-p 00000000 00:00 0 
7fd650021000-7fd654000000 ---p 00000000 00:00 0 
7fd654006000-7fd6540f1000 rw-p 00000000 00:00 0 
7fd6540f1000-7fd6540f2000 ---p 00000000 00:00 0 
7fd6540f2000-7fd655000000 rw-p 00000000 00:00 0                          [stack:11979]
7fd655000000-7fd655270000 rwxp 00000000 00:00 0 
7fd655270000-7fd664000000 ---p 00000000 00:00 0 
7fd664000000-7fd6640d4000 rw-p 00000000 00:00 0 
7fd6640d4000-7fd668000000 ---p 00000000 00:00 0 
7fd66807a000-7fd66822d000 rw-p 00000000 00:00 0 
7fd66822d000-7fd668403000 r--s 03caa000 08:03 1719620                    /usr/lib/jvm/java-8-oracle/jre/lib/rt.jar
7fd668403000-7fd668879000 rw-p 00000000 00:00 0 
7fd668879000-7fd668c79000 ---p 00000000 00:00 0 
7fd668c79000-7fd668e68000 rw-p 00000000 00:00 0 
7fd668e68000-7fd668e69000 ---p 00000000 00:00 0 
7fd668e69000-7fd668f69000 rw-p 00000000 00:00 0                          [stack:11978]
7fd668f69000-7fd668f6a000 ---p 00000000 00:00 0 
7fd668f6a000-7fd66906a000 rw-p 00000000 00:00 0                          [stack:11977]
7fd66906a000-7fd66906b000 ---p 00000000 00:00 0 
7fd66906b000-7fd66916b000 rw-p 00000000 00:00 0                          [stack:11976]
7fd66916b000-7fd66916c000 ---p 00000000 00:00 0 
7fd66916c000-7fd669281000 rw-p 00000000 00:00 0                          [stack:11975]
7fd669281000-7fd6693b6000 ---p 00000000 00:00 0 
7fd6693b6000-7fd6693cb000 rw-p 00000000 00:00 0 
7fd6693cb000-7fd669500000 ---p 00000000 00:00 0 
7fd669500000-7fd66950b000 rw-p 00000000 00:00 0 
7fd66950b000-7fd6695a5000 ---p 00000000 00:00 0 
7fd6695a5000-7fd6695b0000 rw-p 00000000 00:00 0 
7fd6695b0000-7fd669966000 ---p 00000000 00:00 0 
7fd669966000-7fd669980000 r-xp 00000000 08:03 1719386                    /usr/lib/jvm/java-8-oracle/jre/lib/amd64/libzip.so
7fd669980000-7fd669b80000 ---p 0001a000 08:03 1719386                    /usr/lib/jvm/java-8-oracle/jre/lib/amd64/libzip.so
7fd669b80000-7fd669b81000 rw-p 0001a000 08:03 1719386                    /usr/lib/jvm/java-8-oracle/jre/lib/amd64/libzip.so
7fd669b81000-7fd669b8c000 r-xp 00000000 08:03 2103193                    /lib/x86_64-linux-gnu/libnss_files-2.19.so
7fd669b8c000-7fd669d8b000 ---p 0000b000 08:03 2103193                    /lib/x86_64-linux-gnu/libnss_files-2.19.so
7fd669d8b000-7fd669d8c000 r--p 0000a000 08:03 2103193                    /lib/x86_64-linux-gnu/libnss_files-2.19.so
7fd669d8c000-7fd669d8d000 rw-p 0000b000 08:03 2103193                    /lib/x86_64-linux-gnu/libnss_files-2.19.so
7fd669d8d000-7fd669d98000 r-xp 00000000 08:03 2103194                    /lib/x86_64-linux-gnu/libnss_nis-2.19.so
7fd669d98000-7fd669f97000 ---p 0000b000 08:03 2103194                    /lib/x86_64-linux-gnu/libnss_nis-2.19.so
7fd669f97000-7fd669f98000 r--p 0000a000 08:03 2103194                    /lib/x86_64-linux-gnu/libnss_nis-2.19.so
7fd669f98000-7fd669f99000 rw-p 0000b000 08:03 2103194                    /lib/x86_64-linux-gnu/libnss_nis-2.19.so
7fd669f99000-7fd669fb0000 r-xp 00000000 08:03 2102533                    /lib/x86_64-linux-gnu/libnsl-2.19.so
7fd669fb0000-7fd66a1af000 ---p 00017000 08:03 2102533                    /lib/x86_64-linux-gnu/libnsl-2.19.so
7fd66a1af000-7fd66a1b0000 r--p 00016000 08:03 2102533                    /lib/x86_64-linux-gnu/libnsl-2.19.so
7fd66a1b0000-7fd66a1b1000 rw-p 00017000 08:03 2102533                    /lib/x86_64-linux-gnu/libnsl-2.19.so
7fd66a1b1000-7fd66a1b3000 rw-p 00000000 00:00 0 
7fd66a1b3000-7fd66a1bc000 r-xp 00000000 08:03 2102431                    /lib/x86_64-linux-gnu/libnss_compat-2.19.so
7fd66a1bc000-7fd66a3bb000 ---p 00009000 08:03 2102431                    /lib/x86_64-linux-gnu/libnss_compat-2.19.so
7fd66a3bb000-7fd66a3bc000 r--p 00008000 08:03 2102431                    /lib/x86_64-linux-gnu/libnss_compat-2.19.so
7fd66a3bc000-7fd66a3bd000 rw-p 00009000 08:03 2102431                    /lib/x86_64-linux-gnu/libnss_compat-2.19.so
7fd66a3bd000-7fd66a3e7000 r-xp 00000000 08:03 1719352                    /usr/lib/jvm/java-8-oracle/jre/lib/amd64/libjava.so
7fd66a3e7000-7fd66a5e7000 ---p 0002a000 08:03 1719352                    /usr/lib/jvm/java-8-oracle/jre/lib/amd64/libjava.so
7fd66a5e7000-7fd66a5e9000 rw-p 0002a000 08:03 1719352                    /usr/lib/jvm/java-8-oracle/jre/lib/amd64/libjava.so
7fd66a5e9000-7fd66a5f6000 r-xp 00000000 08:03 1719370                    /usr/lib/jvm/java-8-oracle/jre/lib/amd64/libverify.so
7fd66a5f6000-7fd66a7f6000 ---p 0000d000 08:03 1719370                    /usr/lib/jvm/java-8-oracle/jre/lib/amd64/libverify.so
7fd66a7f6000-7fd66a7f8000 rw-p 0000d000 08:03 1719370                    /usr/lib/jvm/java-8-oracle/jre/lib/amd64/libverify.so
7fd66a7f8000-7fd66a7ff000 r-xp 00000000 08:03 2102576                    /lib/x86_64-linux-gnu/librt-2.19.so
7fd66a7ff000-7fd66a9fe000 ---p 00007000 08:03 2102576                    /lib/x86_64-linux-gnu/librt-2.19.so
7fd66a9fe000-7fd66a9ff000 r--p 00006000 08:03 2102576                    /lib/x86_64-linux-gnu/librt-2.19.so
7fd66a9ff000-7fd66aa00000 rw-p 00007000 08:03 2102576                    /lib/x86_64-linux-gnu/librt-2.19.so
7fd66aa00000-7fd66ab05000 r-xp 00000000 08:03 2102682                    /lib/x86_64-linux-gnu/libm-2.19.so
7fd66ab05000-7fd66ad04000 ---p 00105000 08:03 2102682                    /lib/x86_64-linux-gnu/libm-2.19.so
7fd66ad04000-7fd66ad05000 r--p 00104000 08:03 2102682                    /lib/x86_64-linux-gnu/libm-2.19.so
7fd66ad05000-7fd66ad06000 rw-p 00105000 08:03 2102682                    /lib/x86_64-linux-gnu/libm-2.19.so
7fd66ad06000-7fd66b973000 r-xp 00000000 08:03 1719359                    /usr/lib/jvm/java-8-oracle/jre/lib/amd64/server/libjvm.so
7fd66b973000-7fd66bb72000 ---p 00c6d000 08:03 1719359                    /usr/lib/jvm/java-8-oracle/jre/lib/amd64/server/libjvm.so
7fd66bb72000-7fd66bc48000 rw-p 00c6c000 08:03 1719359                    /usr/lib/jvm/java-8-oracle/jre/lib/amd64/server/libjvm.so
7fd66bc48000-7fd66bc8b000 rw-p 00000000 00:00 0 
7fd66bc8b000-7fd66be46000 r-xp 00000000 08:03 2102633                    /lib/x86_64-linux-gnu/libc-2.19.so
7fd66be46000-7fd66c046000 ---p 001bb000 08:03 2102633                    /lib/x86_64-linux-gnu/libc-2.19.so
7fd66c046000-7fd66c04a000 r--p 001bb000 08:03 2102633                    /lib/x86_64-linux-gnu/libc-2.19.so
7fd66c04a000-7fd66c04c000 rw-p 001bf000 08:03 2102633                    /lib/x86_64-linux-gnu/libc-2.19.so
7fd66c04c000-7fd66c051000 rw-p 00000000 00:00 0 
7fd66c051000-7fd66c054000 r-xp 00000000 08:03 2103199                    /lib/x86_64-linux-gnu/libdl-2.19.so
7fd66c054000-7fd66c253000 ---p 00003000 08:03 2103199                    /lib/x86_64-linux-gnu/libdl-2.19.so
7fd66c253000-7fd66c254000 r--p 00002000 08:03 2103199                    /lib/x86_64-linux-gnu/libdl-2.19.so
7fd66c254000-7fd66c255000 rw-p 00003000 08:03 2103199                    /lib/x86_64-linux-gnu/libdl-2.19.so
7fd66c255000-7fd66c26a000 r-xp 00000000 08:03 1719341                    /usr/lib/jvm/java-8-oracle/jre/lib/amd64/jli/libjli.so
7fd66c26a000-7fd66c469000 ---p 00015000 08:03 1719341                    /usr/lib/jvm/java-8-oracle/jre/lib/amd64/jli/libjli.so
7fd66c469000-7fd66c46a000 rw-p 00014000 08:03 1719341                    /usr/lib/jvm/java-8-oracle/jre/lib/amd64/jli/libjli.so
7fd66c46a000-7fd66c483000 r-xp 00000000 08:03 2103200                    /lib/x86_64-linux-gnu/libpthread-2.19.so
7fd66c483000-7fd66c682000 ---p 00019000 08:03 2103200                    /lib/x86_64-linux-gnu/libpthread-2.19.so
7fd66c682000-7fd66c683000 r--p 00018000 08:03 2103200                    /lib/x86_64-linux-gnu/libpthread-2.19.so
7fd66c683000-7fd66c684000 rw-p 00019000 08:03 2103200                    /lib/x86_64-linux-gnu/libpthread-2.19.so
7fd66c684000-7fd66c688000 rw-p 00000000 00:00 0 
7fd66c688000-7fd66c6ab000 r-xp 00000000 08:03 2102634                    /lib/x86_64-linux-gnu/ld-2.19.so
7fd66c6b6000-7fd66c78f000 rw-p 00000000 00:00 0 
7fd66c78f000-7fd66c792000 ---p 00000000 00:00 0 
7fd66c792000-7fd66c894000 rw-p 00000000 00:00 0                          [stack:11974]
7fd66c89b000-7fd66c89e000 rw-p 00000000 00:00 0 
7fd66c89e000-7fd66c8a6000 rw-s 00000000 08:03 1842383                    /tmp/hsperfdata_sergio/11972
7fd66c8a6000-7fd66c8a7000 rw-p 00000000 00:00 0 
7fd66c8a7000-7fd66c8a8000 r--p 00000000 00:00 0 
7fd66c8a8000-7fd66c8aa000 rw-p 00000000 00:00 0 
7fd66c8aa000-7fd66c8ab000 r--p 00022000 08:03 2102634                    /lib/x86_64-linux-gnu/ld-2.19.so
7fd66c8ab000-7fd66c8ac000 rw-p 00023000 08:03 2102634                    /lib/x86_64-linux-gnu/ld-2.19.so
7fd66c8ac000-7fd66c8ad000 rw-p 00000000 00:00 0 
7ffff2103000-7ffff2124000 rw-p 00000000 00:00 0                          [stack]
7ffff21fe000-7ffff2200000 r-xp 00000000 00:00 0                          [vdso]
ffffffffff600000-ffffffffff601000 r-xp 00000000 00:00 0                  [vsyscall]

VM Arguments:
jvm_args: -Dant.home=/usr/share/ant -Dant.library.dir=/usr/share/ant/lib 
java_command: org.apache.tools.ant.launch.Launcher -cp  -version
java_class_path (initial): /usr/share/ant/lib/ant-launcher.jar:/usr/share/java/xmlParserAPIs.jar:/usr/share/java/xercesImpl.jar
Launcher Type: SUN_STANDARD

Environment Variables:
JAVA_HOME=/usr/lib/jvm/java-8-oracle
PATH=/usr/local/sbin:/usr/local/bin:/usr/sbin:/usr/bin:/sbin:/bin:/usr/games:/usr/local/games:/opt/android-sdk-linux/tools:/opt/android-sdk-linux/platform-tools:/opt/android-sdk-linux/bin
SHELL=/bin/bash
DISPLAY=:0

Signal Handlers:
SIGSEGV: [libjvm.so+0xa79a80], sa_mask[0]=11111111011111111101111111111110, sa_flags=SA_RESTART|SA_SIGINFO
SIGBUS: [libjvm.so+0xa79a80], sa_mask[0]=11111111011111111101111111111110, sa_flags=SA_RESTART|SA_SIGINFO
SIGFPE: [libjvm.so+0x8e24e0], sa_mask[0]=11111111011111111101111111111110, sa_flags=SA_RESTART|SA_SIGINFO
SIGPIPE: [libjvm.so+0x8e24e0], sa_mask[0]=11111111011111111101111111111110, sa_flags=SA_RESTART|SA_SIGINFO
SIGXFSZ: [libjvm.so+0x8e24e0], sa_mask[0]=11111111011111111101111111111110, sa_flags=SA_RESTART|SA_SIGINFO
SIGILL: [libjvm.so+0x8e24e0], sa_mask[0]=11111111011111111101111111111110, sa_flags=SA_RESTART|SA_SIGINFO
SIGUSR1: SIG_DFL, sa_mask[0]=00000000000000000000000000000000, sa_flags=none
SIGUSR2: [libjvm.so+0x8e3d10], sa_mask[0]=00000000000000000000000000000000, sa_flags=SA_RESTART|SA_SIGINFO
SIGHUP: [libjvm.so+0x8e50d0], sa_mask[0]=11111111011111111101111111111110, sa_flags=SA_RESTART|SA_SIGINFO
SIGINT: [libjvm.so+0x8e50d0], sa_mask[0]=11111111011111111101111111111110, sa_flags=SA_RESTART|SA_SIGINFO
SIGTERM: [libjvm.so+0x8e50d0], sa_mask[0]=11111111011111111101111111111110, sa_flags=SA_RESTART|SA_SIGINFO
SIGQUIT: [libjvm.so+0x8e50d0], sa_mask[0]=11111111011111111101111111111110, sa_flags=SA_RESTART|SA_SIGINFO


---------------  S Y S T E M  ---------------

OS:DISTRIB_ID="elementary OS"
DISTRIB_RELEASE=0.3
DISTRIB_CODENAME=freya
DISTRIB_DESCRIPTION="elementary OS Freya"

uname:Linux 3.13.0-39-generic #66-Ubuntu SMP Tue Oct 28 13:30:27 UTC 2014 x86_64
libc:glibc 2.19 NPTL 2.19 
rlimit: STACK 8192k, CORE 0k, NPROC 31387, NOFILE 4096, AS infinity
load average:0,78 0,54 0,46

/proc/meminfo:
MemTotal:        4046980 kB
MemFree:         1002764 kB
Buffers:           28824 kB
Cached:           866252 kB
SwapCached:        30800 kB
Active:          1679152 kB
Inactive:        1102332 kB
Active(anon):    1277288 kB
Inactive(anon):   635608 kB
Active(file):     401864 kB
Inactive(file):   466724 kB
Unevictable:           0 kB
Mlocked:               0 kB
SwapTotal:       1771516 kB
SwapFree:        1654964 kB
Dirty:               696 kB
Writeback:            32 kB
AnonPages:       1857220 kB
Mapped:           204596 kB
Shmem:             26488 kB
Slab:             115684 kB
SReclaimable:      84396 kB
SUnreclaim:        31288 kB
KernelStack:        3704 kB
PageTables:        30404 kB
NFS_Unstable:          0 kB
Bounce:                0 kB
WritebackTmp:          0 kB
CommitLimit:     3795004 kB
Committed_AS:    5084108 kB
VmallocTotal:   34359738367 kB
VmallocUsed:      307296 kB
VmallocChunk:   34359426044 kB
HardwareCorrupted:     0 kB
AnonHugePages:    837632 kB
HugePages_Total:       0
HugePages_Free:        0
HugePages_Rsvd:        0
HugePages_Surp:        0
Hugepagesize:       2048 kB
DirectMap4k:      345024 kB
DirectMap2M:     3848192 kB


CPU:total 4 (4 cores per cpu, 1 threads per core) family 6 model 23 stepping 7, cmov, cx8, fxsr, mmx, sse, sse2, sse3, ssse3, sse4.1, tsc

/proc/cpuinfo:
processor	: 0
vendor_id	: GenuineIntel
cpu family	: 6
model		: 23
model name	: Intel(R) Core(TM)2 Quad  CPU   Q9550  @ 2.83GHz
stepping	: 7
microcode	: 0x705
cpu MHz		: 2834.000
cache size	: 6144 KB
physical id	: 0
siblings	: 4
core id		: 0
cpu cores	: 4
apicid		: 0
initial apicid	: 0
fpu		: yes
fpu_exception	: yes
cpuid level	: 10
wp		: yes
flags		: fpu vme de pse tsc msr pae mce cx8 apic sep mtrr pge mca cmov pat pse36 clflush dts acpi mmx fxsr sse sse2 ss ht tm pbe syscall nx lm constant_tsc arch_perfmon pebs bts rep_good nopl aperfmperf pni dtes64 monitor ds_cpl vmx smx est tm2 ssse3 cx16 xtpr pdcm sse4_1 lahf_lm dtherm tpr_shadow vnmi flexpriority
bogomips	: 5666.53
clflush size	: 64
cache_alignment	: 64
address sizes	: 36 bits physical, 48 bits virtual
power management:

processor	: 1
vendor_id	: GenuineIntel
cpu family	: 6
model		: 23
model name	: Intel(R) Core(TM)2 Quad  CPU   Q9550  @ 2.83GHz
stepping	: 7
microcode	: 0x705
cpu MHz		: 2834.000
cache size	: 6144 KB
physical id	: 0
siblings	: 4
core id		: 3
cpu cores	: 4
apicid		: 3
initial apicid	: 3
fpu		: yes
fpu_exception	: yes
cpuid level	: 10
wp		: yes
flags		: fpu vme de pse tsc msr pae mce cx8 apic sep mtrr pge mca cmov pat pse36 clflush dts acpi mmx fxsr sse sse2 ss ht tm pbe syscall nx lm constant_tsc arch_perfmon pebs bts rep_good nopl aperfmperf pni dtes64 monitor ds_cpl vmx smx est tm2 ssse3 cx16 xtpr pdcm sse4_1 lahf_lm dtherm tpr_shadow vnmi flexpriority
bogomips	: 5666.53
clflush size	: 64
cache_alignment	: 64
address sizes	: 36 bits physical, 48 bits virtual
power management:

processor	: 2
vendor_id	: GenuineIntel
cpu family	: 6
model		: 23
model name	: Intel(R) Core(TM)2 Quad  CPU   Q9550  @ 2.83GHz
stepping	: 7
microcode	: 0x705
cpu MHz		: 2834.000
cache size	: 6144 KB
physical id	: 0
siblings	: 4
core id		: 2
cpu cores	: 4
apicid		: 2
initial apicid	: 2
fpu		: yes
fpu_exception	: yes
cpuid level	: 10
wp		: yes
flags		: fpu vme de pse tsc msr pae mce cx8 apic sep mtrr pge mca cmov pat pse36 clflush dts acpi mmx fxsr sse sse2 ss ht tm pbe syscall nx lm constant_tsc arch_perfmon pebs bts rep_good nopl aperfmperf pni dtes64 monitor ds_cpl vmx smx est tm2 ssse3 cx16 xtpr pdcm sse4_1 lahf_lm dtherm tpr_shadow vnmi flexpriority
bogomips	: 5666.53
clflush size	: 64
cache_alignment	: 64
address sizes	: 36 bits physical, 48 bits virtual
power management:

processor	: 3
vendor_id	: GenuineIntel
cpu family	: 6
model		: 23
model name	: Intel(R) Core(TM)2 Quad  CPU   Q9550  @ 2.83GHz
stepping	: 7
microcode	: 0x705
cpu MHz		: 2834.000
cache size	: 6144 KB
physical id	: 0
siblings	: 4
core id		: 1
cpu cores	: 4
apicid		: 1
initial apicid	: 1
fpu		: yes
fpu_exception	: yes
cpuid level	: 10
wp		: yes
flags		: fpu vme de pse tsc msr pae mce cx8 apic sep mtrr pge mca cmov pat pse36 clflush dts acpi mmx fxsr sse sse2 ss ht tm pbe syscall nx lm constant_tsc arch_perfmon pebs bts rep_good nopl aperfmperf pni dtes64 monitor ds_cpl vmx smx est tm2 ssse3 cx16 xtpr pdcm sse4_1 lahf_lm dtherm tpr_shadow vnmi flexpriority
bogomips	: 5666.53
clflush size	: 64
cache_alignment	: 64
address sizes	: 36 bits physical, 48 bits virtual
power management:



Memory: 4k page, physical 4046980k(1002764k free), swap 1771516k(1654964k free)

vm_info: Java HotSpot(TM) 64-Bit Server VM (25.25-b02) for linux-amd64 JRE (1.8.0_25-b17), built on Sep 17 2014 17:32:11 by "java_re" with gcc 4.3.0 20080428 (Red Hat 4.3.0-8)

time: Sun Nov 23 20:37:38 2014
elapsed time: 0 seconds (0d 0h 0m 0s)

