#
# A fatal error has been detected by the Java Runtime Environment:
#
#  SIGSEGV (0xb) at pc=0x00007f6ac2005060, pid=2993, tid=140097941190400
#
# JRE version: Java(TM) SE Runtime Environment (8.0_25-b17) (build 1.8.0_25-b17)
# Java VM: Java HotSpot(TM) 64-Bit Server VM (25.25-b02 mixed mode linux-amd64 compressed oops)
# Problematic frame:
# C  0x00007f6ac2005060
#
# Failed to write core dump. Core dumps have been disabled. To enable core dumping, try "ulimit -c unlimited" before starting Java again
#
# If you would like to submit a bug report, please visit:
#   http://bugreport.sun.com/bugreport/crash.jsp
#

---------------  T H R E A D  ---------------

Current thread (0x00007f6b1000a000):  JavaThread "main" [_thread_in_Java, id=2995, stack(0x00007f6b17f4b000,0x00007f6b1804c000)]

siginfo: si_signo: 11 (SIGSEGV), si_code: 1 (SEGV_MAPERR), si_addr: 0x00007f6ac2005060

Registers:
RAX=0x00000000ec03ab98, RBX=0x0000000000000029, RCX=0x0000000000000000, RDX=0x00000000ec03ab98
RSP=0x00007f6b18049b38, RBP=0x00007f6b18049d30, RSI=0x00000000ebe57940, RDI=0x00000000ebe57940
R8 =0x0000000000000029, R9 =0x00000000ec03a8b0, R10=0x0000000000000000, R11=0x0000000000000000
R12=0x0000000000000000, R13=0x0000000000000000, R14=0x000000010006ed58, R15=0x00007f6b1000a000
RIP=0x00007f6ac2005060, EFLAGS=0x0000000000010206, CSGSFS=0x0000000000000033, ERR=0x0000000000000014
  TRAPNO=0x000000000000000e

Top of Stack: (sp=0x00007f6b18049b38)
0x00007f6b18049b38:   00007f6b012074d4 00007f6b18049c80
0x00007f6b18049b48:   00007f6b16b1b9c3 0000000000000000
0x00007f6b18049b58:   00007f6b1000a000 00007f6b18049bb0
0x00007f6b18049b68:   0000000000000000 0000000000000000
0x00007f6b18049b78:   00007f6b18049ce0 00007f6b18049d58
0x00007f6b18049b88:   00007f6b1000a000 00007f6b18049be0
0x00007f6b18049b98:   00007f6b011cbbc2 00000000ebe57940
0x00007f6b18049ba8:   00000000ebe3fde0 00007f6b18049bb0
0x00007f6b18049bb8:   00007f6b00a13610 00007f6b18049cf0
0x00007f6b18049bc8:   00007f6b0101c573 00007f6b01005310
0x00007f6b18049bd8:   00007f6b00000000 00007f6b18049d30
0x00007f6b18049be8:   00007f6b011cb5f4 00007f6b00c90810
0x00007f6b18049bf8:   00007f6b1000a000 00000000ebe3fa40
0x00007f6b18049c08:   00000000ebe57a50 00000000ec03a8b0
0x00007f6b18049c18:   00000000ec03a890 00007f6b14561000
0x00007f6b18049c28:   00000000ebe575c0 0000002900000001
0x00007f6b18049c38:   0000000000000000 0000002900000000
0x00007f6b18049c48:   00000000ec03ab98 00000000ebe57940
0x00007f6b18049c58:   0000000000000000 00000000ebe3fde0
0x00007f6b18049c68:   00000000ec03a858 00007f6b00000000
0x00007f6b18049c78:   00007f6b1000a000 00007f6b18049d30
0x00007f6b18049c88:   00007f6b011cbf84 00007f6b18049d30
0x00007f6b18049c98:   00007f6b011fc55c 0000000000000000
0x00007f6b18049ca8:   00000000ebe575c0 0000000000000001
0x00007f6b18049cb8:   00000000ebff5bd8 00007f6b18049d30
0x00007f6b18049cc8:   00007f6b0100798d 0000000002014b50
0x00007f6b18049cd8:   00007f6b0100798d 00000000ebe57a50
0x00007f6b18049ce8:   00000000ebe3fa40 00007f6b18049cf0
0x00007f6b18049cf8:   00007f6b00c907ba 00007f6b18049d58
0x00007f6b18049d08:   00007f6b00d46088 0000000000000000
0x00007f6b18049d18:   00007f6b00c90810 00007f6b18049ce0
0x00007f6b18049d28:   00007f6b18049d58 00007f6b18049da0 

Instructions: (pc=0x00007f6ac2005060)
0x00007f6ac2005040:   
[error occurred during error reporting (printing registers, top of stack, instructions near pc), id 0xb]

Register to memory mapping:

RAX=0x00000000ec03ab98 is an oop
[B 
 - klass: {type array byte}
 - length: 41
RBX=0x0000000000000029 is an unknown value
RCX=0x0000000000000000 is an unknown value
RDX=0x00000000ec03ab98 is an oop
[B 
 - klass: {type array byte}
 - length: 41
RSP=0x00007f6b18049b38 is pointing into the stack for thread: 0x00007f6b1000a000
RBP=0x00007f6b18049d30 is pointing into the stack for thread: 0x00007f6b1000a000
RSI=0x00000000ebe57940 is an oop
java.io.RandomAccessFile 
 - klass: 'java/io/RandomAccessFile'
RDI=0x00000000ebe57940 is an oop
java.io.RandomAccessFile 
 - klass: 'java/io/RandomAccessFile'
R8 =0x0000000000000029 is an unknown value
R9 =0x00000000ec03a8b0 is an oop
org.apache.tools.zip.ZipFile$Entry 
 - klass: 'org/apache/tools/zip/ZipFile$Entry'
R10=0x0000000000000000 is an unknown value
R11=0x0000000000000000 is an unknown value
R12=0x0000000000000000 is an unknown value
R13=0x0000000000000000 is an unknown value
R14=0x000000010006ed58 is pointing into metadata
R15=0x00007f6b1000a000 is a thread


Stack: [0x00007f6b17f4b000,0x00007f6b1804c000],  sp=0x00007f6b18049b38,  free space=1018k
Native frames: (J=compiled Java code, j=interpreted, Vv=VM code, C=native code)
C  0x00007f6ac2005060
j  org.apache.tools.zip.ZipFile.<init>(Ljava/io/File;Ljava/lang/String;Z)V+115
j  org.apache.tools.zip.ZipFile.<init>(Ljava/lang/String;Ljava/lang/String;)V+11
j  org.apache.tools.ant.helper.ProjectHelper2.parse(Lorg/apache/tools/ant/Project;Ljava/lang/Object;Lorg/apache/tools/ant/helper/ProjectHelper2$RootHandler;)V+328
j  org.apache.tools.ant.helper.ProjectHelper2.parseUnknownElement(Lorg/apache/tools/ant/Project;Ljava/net/URL;)Lorg/apache/tools/ant/UnknownElement;+54
j  org.apache.tools.ant.helper.ProjectHelper2.parseAntlibDescriptor(Lorg/apache/tools/ant/Project;Lorg/apache/tools/ant/types/Resource;)Lorg/apache/tools/ant/UnknownElement;+50
j  org.apache.tools.ant.taskdefs.Antlib.createAntlib(Lorg/apache/tools/ant/Project;Ljava/net/URL;Ljava/lang/String;)Lorg/apache/tools/ant/taskdefs/Antlib;+122
j  org.apache.tools.ant.taskdefs.Definer.loadAntlib(Ljava/lang/ClassLoader;Ljava/net/URL;)V+9
j  org.apache.tools.ant.taskdefs.Definer.execute()V+420
j  org.apache.tools.ant.ComponentHelper.checkNamespace(Ljava/lang/String;)V+114
j  org.apache.tools.ant.ComponentHelper.getDefinition(Ljava/lang/String;)Lorg/apache/tools/ant/AntTypeDefinition;+2
j  org.apache.tools.ant.ComponentHelper.createComponent(Ljava/lang/String;)Ljava/lang/Object;+2
j  org.apache.tools.ant.ComponentHelper.createComponent(Lorg/apache/tools/ant/UnknownElement;Ljava/lang/String;Ljava/lang/String;)Ljava/lang/Object;+2
j  org.apache.tools.ant.UnknownElement.makeObject(Lorg/apache/tools/ant/UnknownElement;Lorg/apache/tools/ant/RuntimeConfigurable;)Ljava/lang/Object;+32
j  org.apache.tools.ant.UnknownElement.maybeConfigure()V+15
j  org.apache.tools.ant.Task.perform()V+18
j  org.apache.tools.ant.Target.execute()V+179
j  org.apache.tools.ant.helper.ProjectHelper2.parse(Lorg/apache/tools/ant/Project;Ljava/lang/Object;)V+230
j  org.apache.tools.ant.ProjectHelper.configureProject(Lorg/apache/tools/ant/Project;Ljava/io/File;)V+27
j  org.apache.tools.ant.Main.runBuild(Ljava/lang/ClassLoader;)V+373
j  org.apache.tools.ant.Main.startAnt([Ljava/lang/String;Ljava/util/Properties;Ljava/lang/ClassLoader;)V+84
j  org.apache.tools.ant.launch.Launcher.run([Ljava/lang/String;)I+703
j  org.apache.tools.ant.launch.Launcher.main([Ljava/lang/String;)V+10
v  ~StubRoutines::call_stub
V  [libjvm.so+0x664086]  JavaCalls::call_helper(JavaValue*, methodHandle*, JavaCallArguments*, Thread*)+0x1056
V  [libjvm.so+0x6ab096]  jni_invoke_static(JNIEnv_*, JavaValue*, _jobject*, JNICallType, _jmethodID*, JNI_ArgumentPusher*, Thread*)+0x346
V  [libjvm.so+0x6b1c2a]  jni_CallStaticVoidMethod+0x17a
C  [libjli.so+0x7b14]  JavaMain+0x844
C  [libpthread.so.0+0x8182]  start_thread+0xc2


---------------  P R O C E S S  ---------------

Java Threads: ( => current thread )
  0x00007f6b100c8800 JavaThread "Service Thread" daemon [_thread_blocked, id=3007, stack(0x00007f6af0e03000,0x00007f6af0f04000)]
  0x00007f6b100b0000 JavaThread "C1 CompilerThread2" daemon [_thread_in_native, id=3006, stack(0x00007f6af0f04000,0x00007f6af1005000)]
  0x00007f6b100ae800 JavaThread "C2 CompilerThread1" daemon [_thread_blocked, id=3005, stack(0x00007f6af1005000,0x00007f6af1106000)]
  0x00007f6b100ab800 JavaThread "C2 CompilerThread0" daemon [_thread_in_native, id=3004, stack(0x00007f6af1106000,0x00007f6af1207000)]
  0x00007f6b100a9800 JavaThread "Signal Dispatcher" daemon [_thread_blocked, id=3003, stack(0x00007f6af1207000,0x00007f6af1308000)]
  0x00007f6b1007c000 JavaThread "Finalizer" daemon [_thread_blocked, id=3002, stack(0x00007f6af1706000,0x00007f6af1807000)]
  0x00007f6b1007a000 JavaThread "Reference Handler" daemon [_thread_blocked, id=3001, stack(0x00007f6af1807000,0x00007f6af1908000)]
=>0x00007f6b1000a000 JavaThread "main" [_thread_in_Java, id=2995, stack(0x00007f6b17f4b000,0x00007f6b1804c000)]

Other Threads:
  0x00007f6b10073000 VMThread [stack: 0x00007f6af1908000,0x00007f6af1a09000] [id=3000]
  0x00007f6b100ca000 WatcherThread [stack: 0x00007f6af0d02000,0x00007f6af0e03000] [id=3008]

VM state:not at safepoint (normal execution)

VM Mutex/Monitor currently owned by a thread: None

Heap:
 PSYoungGen      total 18432K, used 10681K [0x00000000eb600000, 0x00000000eca80000, 0x0000000100000000)
  eden space 15872K, 67% used [0x00000000eb600000,0x00000000ec06e5b8,0x00000000ec580000)
  from space 2560K, 0% used [0x00000000ec800000,0x00000000ec800000,0x00000000eca80000)
  to   space 2560K, 0% used [0x00000000ec580000,0x00000000ec580000,0x00000000ec800000)
 ParOldGen       total 42496K, used 0K [0x00000000c2200000, 0x00000000c4b80000, 0x00000000eb600000)
  object space 42496K, 0% used [0x00000000c2200000,0x00000000c2200000,0x00000000c4b80000)
 Metaspace       used 5557K, capacity 6386K, committed 6656K, reserved 1056768K
  class space    used 606K, capacity 666K, committed 768K, reserved 1048576K

Card table byte_map: [0x00007f6b14b72000,0x00007f6b14d62000] byte_map_base: 0x00007f6b14561000

Marking Bits: (ParMarkBitMap*) 0x00007f6b1741c2c0
 Begin Bits: [0x00007f6af2110000, 0x00007f6af3088000)
 End Bits:   [0x00007f6af3088000, 0x00007f6af4000000)

Polling page: 0x00007f6b18063000

CodeCache: size=245760Kb used=2127Kb max_used=2128Kb free=243632Kb
 bounds [0x00007f6b01000000, 0x00007f6b01270000, 0x00007f6b10000000]
 total_blobs=698 nmethods=429 adapters=185
 compilation: enabled

Compilation events (10 events):
Event: 0,338 Thread 0x00007f6b100b0000 nmethod 418 0x00007f6b012109d0 code [0x00007f6b01210b40, 0x00007f6b01210db0]
Event: 0,338 Thread 0x00007f6b100b0000  419       3       org.apache.tools.zip.GeneralPurposeBit::useEncryption (6 bytes)
Event: 0,338 Thread 0x00007f6b100b0000 nmethod 419 0x00007f6b01210e50 code [0x00007f6b01210fa0, 0x00007f6b012110f0]
Event: 0,338 Thread 0x00007f6b100b0000  420       3       org.apache.tools.zip.ZipEntry::setGeneralPurposeBit (6 bytes)
Event: 0,339 Thread 0x00007f6b100b0000 nmethod 420 0x00007f6b01211190 code [0x00007f6b012112e0, 0x00007f6b01211450]
Event: 0,339 Thread 0x00007f6b100b0000  421       3       org.apache.tools.zip.ZipEntry::setMethod (37 bytes)
Event: 0,339 Thread 0x00007f6b100b0000 nmethod 421 0x00007f6b012114d0 code [0x00007f6b012116a0, 0x00007f6b01211e98]
Event: 0,339 Thread 0x00007f6b100b0000  422       3       org.apache.tools.zip.ZipUtil::dosToJavaTime (106 bytes)
Event: 0,339 Thread 0x00007f6b100ae800  437       4       java.io.RandomAccessFile::readFully (45 bytes)
Event: 0,340 Thread 0x00007f6b100ae800 nmethod 437 0x00007f6b01214f10 code [0x00007f6b01215060, 0x00007f6b01215158]

GC Heap History (0 events):
No events

Deoptimization events (0 events):
No events

Internal exceptions (10 events):
Event: 0,279 Thread 0x00007f6b1000a000 Exception <a 'java/security/PrivilegedActionException'> (0x00000000ebea7840) thrown at [/HUDSON/workspace/8-2-build-linux-amd64/jdk8u25/1514/hotspot/src/share/vm/prims/jvm.cpp, line 1312]
Event: 0,279 Thread 0x00007f6b1000a000 Exception <a 'java/security/PrivilegedActionException'> (0x00000000ebea8720) thrown at [/HUDSON/workspace/8-2-build-linux-amd64/jdk8u25/1514/hotspot/src/share/vm/prims/jvm.cpp, line 1312]
Event: 0,280 Thread 0x00007f6b1000a000 Exception <a 'java/security/PrivilegedActionException'> (0x00000000ebeae078) thrown at [/HUDSON/workspace/8-2-build-linux-amd64/jdk8u25/1514/hotspot/src/share/vm/prims/jvm.cpp, line 1312]
Event: 0,280 Thread 0x00007f6b1000a000 Exception <a 'java/security/PrivilegedActionException'> (0x00000000ebeaeee8) thrown at [/HUDSON/workspace/8-2-build-linux-amd64/jdk8u25/1514/hotspot/src/share/vm/prims/jvm.cpp, line 1312]
Event: 0,280 Thread 0x00007f6b1000a000 Exception <a 'java/security/PrivilegedActionException'> (0x00000000ebeb1e10) thrown at [/HUDSON/workspace/8-2-build-linux-amd64/jdk8u25/1514/hotspot/src/share/vm/prims/jvm.cpp, line 1312]
Event: 0,280 Thread 0x00007f6b1000a000 Exception <a 'java/security/PrivilegedActionException'> (0x00000000ebeb2c80) thrown at [/HUDSON/workspace/8-2-build-linux-amd64/jdk8u25/1514/hotspot/src/share/vm/prims/jvm.cpp, line 1312]
Event: 0,281 Thread 0x00007f6b1000a000 Exception <a 'java/security/PrivilegedActionException'> (0x00000000ebeb6b50) thrown at [/HUDSON/workspace/8-2-build-linux-amd64/jdk8u25/1514/hotspot/src/share/vm/prims/jvm.cpp, line 1312]
Event: 0,281 Thread 0x00007f6b1000a000 Exception <a 'java/security/PrivilegedActionException'> (0x00000000ebeb7db8) thrown at [/HUDSON/workspace/8-2-build-linux-amd64/jdk8u25/1514/hotspot/src/share/vm/prims/jvm.cpp, line 1312]
Event: 0,282 Thread 0x00007f6b1000a000 Exception <a 'java/security/PrivilegedActionException'> (0x00000000ebebe928) thrown at [/HUDSON/workspace/8-2-build-linux-amd64/jdk8u25/1514/hotspot/src/share/vm/prims/jvm.cpp, line 1312]
Event: 0,282 Thread 0x00007f6b1000a000 Exception <a 'java/security/PrivilegedActionException'> (0x00000000ebebf940) thrown at [/HUDSON/workspace/8-2-build-linux-amd64/jdk8u25/1514/hotspot/src/share/vm/prims/jvm.cpp, line 1312]

Events (10 events):
Event: 0,280 loading class org/apache/tools/zip/JarMarker
Event: 0,280 loading class org/apache/tools/zip/JarMarker done
Event: 0,281 loading class org/apache/tools/zip/Zip64ExtendedInformationExtraField
Event: 0,281 loading class org/apache/tools/zip/Zip64ExtendedInformationExtraField done
Event: 0,282 loading class org/apache/tools/zip/ZipEightByteInteger
Event: 0,282 loading class org/apache/tools/zip/ZipEightByteInteger done
Event: 0,282 loading class java/util/LinkedHashMap$LinkedValues
Event: 0,282 loading class java/util/LinkedHashMap$LinkedValues done
Event: 0,282 loading class java/util/LinkedHashMap$LinkedValueIterator
Event: 0,282 loading class java/util/LinkedHashMap$LinkedValueIterator done


Dynamic libraries:
00400000-00401000 r-xp 00000000 08:03 1719663                            /usr/lib/jvm/java-8-oracle/jre/bin/java
00600000-00601000 rw-p 00000000 08:03 1719663                            /usr/lib/jvm/java-8-oracle/jre/bin/java
01076000-01097000 rw-p 00000000 00:00 0                                  [heap]
c2200000-c4b80000 rw-p 00000000 00:00 0 
c4b80000-eb600000 ---p 00000000 00:00 0 
eb600000-eca80000 rw-p 00000000 00:00 0 
eca80000-100000000 ---p 00000000 00:00 0 
100000000-1000c0000 rw-p 00000000 00:00 0 
1000c0000-140000000 ---p 00000000 00:00 0 
7f6ac4000000-7f6ac4021000 rw-p 00000000 00:00 0 
7f6ac4021000-7f6ac8000000 ---p 00000000 00:00 0 
7f6acc000000-7f6acc2d9000 rw-p 00000000 00:00 0 
7f6acc2d9000-7f6ad0000000 ---p 00000000 00:00 0 
7f6ad0000000-7f6ad0021000 rw-p 00000000 00:00 0 
7f6ad0021000-7f6ad4000000 ---p 00000000 00:00 0 
7f6ad4000000-7f6ad4145000 rw-p 00000000 00:00 0 
7f6ad4145000-7f6ad8000000 ---p 00000000 00:00 0 
7f6ad8000000-7f6ad82a2000 rw-p 00000000 00:00 0 
7f6ad82a2000-7f6adc000000 ---p 00000000 00:00 0 
7f6adc000000-7f6adc021000 rw-p 00000000 00:00 0 
7f6adc021000-7f6ae0000000 ---p 00000000 00:00 0 
7f6ae0000000-7f6ae0021000 rw-p 00000000 00:00 0 
7f6ae0021000-7f6ae4000000 ---p 00000000 00:00 0 
7f6ae4000000-7f6ae4021000 rw-p 00000000 00:00 0 
7f6ae4021000-7f6ae8000000 ---p 00000000 00:00 0 
7f6ae8000000-7f6ae8021000 rw-p 00000000 00:00 0 
7f6ae8021000-7f6aec000000 ---p 00000000 00:00 0 
7f6aec000000-7f6aec021000 rw-p 00000000 00:00 0 
7f6aec021000-7f6af0000000 ---p 00000000 00:00 0 
7f6af0d02000-7f6af0d03000 ---p 00000000 00:00 0 
7f6af0d03000-7f6af0e03000 rw-p 00000000 00:00 0                          [stack:3008]
7f6af0e03000-7f6af0e06000 ---p 00000000 00:00 0 
7f6af0e06000-7f6af0f04000 rw-p 00000000 00:00 0                          [stack:3007]
7f6af0f04000-7f6af0f07000 ---p 00000000 00:00 0 
7f6af0f07000-7f6af1005000 rw-p 00000000 00:00 0                          [stack:3006]
7f6af1005000-7f6af1008000 ---p 00000000 00:00 0 
7f6af1008000-7f6af1106000 rw-p 00000000 00:00 0                          [stack:3005]
7f6af1106000-7f6af1109000 ---p 00000000 00:00 0 
7f6af1109000-7f6af1207000 rw-p 00000000 00:00 0                          [stack:3004]
7f6af1207000-7f6af120a000 ---p 00000000 00:00 0 
7f6af120a000-7f6af1308000 rw-p 00000000 00:00 0                          [stack:3003]
7f6af1308000-7f6af1706000 r--p 00000000 08:03 1704955                    /usr/lib/locale/locale-archive
7f6af1706000-7f6af1709000 ---p 00000000 00:00 0 
7f6af1709000-7f6af1807000 rw-p 00000000 00:00 0                          [stack:3002]
7f6af1807000-7f6af180a000 ---p 00000000 00:00 0 
7f6af180a000-7f6af1908000 rw-p 00000000 00:00 0                          [stack:3001]
7f6af1908000-7f6af1909000 ---p 00000000 00:00 0 
7f6af1909000-7f6af4000000 rw-p 00000000 00:00 0                          [stack:3000]
7f6af4000000-7f6af4021000 rw-p 00000000 00:00 0 
7f6af4021000-7f6af8000000 ---p 00000000 00:00 0 
7f6af8000000-7f6af8021000 rw-p 00000000 00:00 0 
7f6af8021000-7f6afc000000 ---p 00000000 00:00 0 
7f6afc000000-7f6afc021000 rw-p 00000000 00:00 0 
7f6afc021000-7f6b00000000 ---p 00000000 00:00 0 
7f6b00034000-7f6b00037000 rw-p 00000000 00:00 0 
7f6b00037000-7f6b00041000 r--s 00116000 08:03 1719424                    /usr/lib/jvm/java-8-oracle/jre/lib/ext/localedata.jar
7f6b00041000-7f6b0005d000 r--s 00393000 08:03 1719423                    /usr/lib/jvm/java-8-oracle/jre/lib/ext/cldrdata.jar
7f6b0005d000-7f6b000d6000 r--s 010df000 08:03 1718740                    /usr/lib/jvm/java-8-oracle/lib/tools.jar
7f6b000d6000-7f6b000d7000 r--s 00004000 08:03 1983726                    /usr/share/java/ant-launcher-1.9.3.jar
7f6b000d7000-7f6b000d9000 r--s 00004000 08:03 1983747                    /usr/share/java/ant-testutil-1.9.3.jar
7f6b000d9000-7f6b000da000 r--s 00002000 08:03 1983742                    /usr/share/java/ant-apache-oro-1.9.3.jar
7f6b000da000-7f6b000f9000 r--s 001cc000 08:03 1983725                    /usr/share/java/ant-1.9.3.jar
7f6b000f9000-7f6b00dc0000 rw-p 00000000 00:00 0 
7f6b00dc0000-7f6b01000000 ---p 00000000 00:00 0 
7f6b01000000-7f6b01270000 rwxp 00000000 00:00 0 
7f6b01270000-7f6b10000000 ---p 00000000 00:00 0 
7f6b10000000-7f6b1060a000 rw-p 00000000 00:00 0 
7f6b1060a000-7f6b14000000 ---p 00000000 00:00 0 
7f6b14000000-7f6b14001000 r--s 00002000 08:03 1983751                    /usr/share/java/ant-apache-resolver-1.9.3.jar
7f6b14001000-7f6b14004000 r--s 0001a000 08:03 1983750                    /usr/share/java/ant-junit-1.9.3.jar
7f6b14004000-7f6b14005000 r--s 00002000 08:03 1983738                    /usr/share/java/ant-apache-regexp-1.9.3.jar
7f6b14005000-7f6b14007000 r--s 00001000 08:03 1983736                    /usr/share/java/ant-apache-log4j-1.9.3.jar
7f6b14007000-7f6b14008000 r--s 00002000 08:03 1983739                    /usr/share/java/ant-antlr-1.9.3.jar
7f6b14008000-7f6b14009000 r--s 00002000 08:03 1983752                    /usr/share/java/ant-commons-logging-1.9.3.jar
7f6b14009000-7f6b1400a000 r--s 00002000 08:03 1983740                    /usr/share/java/ant-apache-bsf-1.9.3.jar
7f6b1400a000-7f6b1400c000 r--s 00002000 08:03 1983746                    /usr/share/java/ant-junit4-1.9.3.jar
7f6b1400c000-7f6b1400d000 r--s 00003000 08:03 1983743                    /usr/share/java/ant-javamail-1.9.3.jar
7f6b1400d000-7f6b1400e000 r--s 00003000 08:03 1983735                    /usr/share/java/ant-swing-1.9.3.jar
7f6b1400e000-7f6b14011000 r--s 00014000 08:03 1983745                    /usr/share/java/ant-commons-net-1.9.3.jar
7f6b14011000-7f6b14012000 r--s 00003000 08:03 1983744                    /usr/share/java/ant-apache-bcel-1.9.3.jar
7f6b14012000-7f6b14014000 r--s 00002000 08:03 1983741                    /usr/share/java/ant-jmf-1.9.3.jar
7f6b14014000-7f6b1401d000 r--s 00031000 08:03 1983706                    /usr/share/java/xml-apis-1.4.01.jar
7f6b1401d000-7f6b14036000 r--s 00132000 08:03 1983712                    /usr/share/java/xercesImpl-2.11.0.jar
7f6b14036000-7f6b141e9000 rw-p 00000000 00:00 0 
7f6b141e9000-7f6b143bf000 r--s 03caa000 08:03 1719620                    /usr/lib/jvm/java-8-oracle/jre/lib/rt.jar
7f6b143bf000-7f6b14624000 rw-p 00000000 00:00 0 
7f6b14624000-7f6b14625000 ---p 00000000 00:00 0 
7f6b14625000-7f6b14725000 rw-p 00000000 00:00 0                          [stack:2999]
7f6b14725000-7f6b14726000 ---p 00000000 00:00 0 
7f6b14726000-7f6b14826000 rw-p 00000000 00:00 0                          [stack:2998]
7f6b14826000-7f6b14827000 ---p 00000000 00:00 0 
7f6b14827000-7f6b14927000 rw-p 00000000 00:00 0                          [stack:2997]
7f6b14927000-7f6b14928000 ---p 00000000 00:00 0 
7f6b14928000-7f6b14a3d000 rw-p 00000000 00:00 0                          [stack:2996]
7f6b14a3d000-7f6b14b72000 ---p 00000000 00:00 0 
7f6b14b72000-7f6b14b87000 rw-p 00000000 00:00 0 
7f6b14b87000-7f6b14cbc000 ---p 00000000 00:00 0 
7f6b14cbc000-7f6b14cc7000 rw-p 00000000 00:00 0 
7f6b14cc7000-7f6b14d61000 ---p 00000000 00:00 0 
7f6b14d61000-7f6b14d6c000 rw-p 00000000 00:00 0 
7f6b14d6c000-7f6b15122000 ---p 00000000 00:00 0 
7f6b15122000-7f6b1513c000 r-xp 00000000 08:03 1719386                    /usr/lib/jvm/java-8-oracle/jre/lib/amd64/libzip.so
7f6b1513c000-7f6b1533c000 ---p 0001a000 08:03 1719386                    /usr/lib/jvm/java-8-oracle/jre/lib/amd64/libzip.so
7f6b1533c000-7f6b1533d000 rw-p 0001a000 08:03 1719386                    /usr/lib/jvm/java-8-oracle/jre/lib/amd64/libzip.so
7f6b1533d000-7f6b15348000 r-xp 00000000 08:03 2103193                    /lib/x86_64-linux-gnu/libnss_files-2.19.so
7f6b15348000-7f6b15547000 ---p 0000b000 08:03 2103193                    /lib/x86_64-linux-gnu/libnss_files-2.19.so
7f6b15547000-7f6b15548000 r--p 0000a000 08:03 2103193                    /lib/x86_64-linux-gnu/libnss_files-2.19.so
7f6b15548000-7f6b15549000 rw-p 0000b000 08:03 2103193                    /lib/x86_64-linux-gnu/libnss_files-2.19.so
7f6b15549000-7f6b15554000 r-xp 00000000 08:03 2103194                    /lib/x86_64-linux-gnu/libnss_nis-2.19.so
7f6b15554000-7f6b15753000 ---p 0000b000 08:03 2103194                    /lib/x86_64-linux-gnu/libnss_nis-2.19.so
7f6b15753000-7f6b15754000 r--p 0000a000 08:03 2103194                    /lib/x86_64-linux-gnu/libnss_nis-2.19.so
7f6b15754000-7f6b15755000 rw-p 0000b000 08:03 2103194                    /lib/x86_64-linux-gnu/libnss_nis-2.19.so
7f6b15755000-7f6b1576c000 r-xp 00000000 08:03 2102533                    /lib/x86_64-linux-gnu/libnsl-2.19.so
7f6b1576c000-7f6b1596b000 ---p 00017000 08:03 2102533                    /lib/x86_64-linux-gnu/libnsl-2.19.so
7f6b1596b000-7f6b1596c000 r--p 00016000 08:03 2102533                    /lib/x86_64-linux-gnu/libnsl-2.19.so
7f6b1596c000-7f6b1596d000 rw-p 00017000 08:03 2102533                    /lib/x86_64-linux-gnu/libnsl-2.19.so
7f6b1596d000-7f6b1596f000 rw-p 00000000 00:00 0 
7f6b1596f000-7f6b15978000 r-xp 00000000 08:03 2102431                    /lib/x86_64-linux-gnu/libnss_compat-2.19.so
7f6b15978000-7f6b15b77000 ---p 00009000 08:03 2102431                    /lib/x86_64-linux-gnu/libnss_compat-2.19.so
7f6b15b77000-7f6b15b78000 r--p 00008000 08:03 2102431                    /lib/x86_64-linux-gnu/libnss_compat-2.19.so
7f6b15b78000-7f6b15b79000 rw-p 00009000 08:03 2102431                    /lib/x86_64-linux-gnu/libnss_compat-2.19.so
7f6b15b79000-7f6b15ba3000 r-xp 00000000 08:03 1719352                    /usr/lib/jvm/java-8-oracle/jre/lib/amd64/libjava.so
7f6b15ba3000-7f6b15da3000 ---p 0002a000 08:03 1719352                    /usr/lib/jvm/java-8-oracle/jre/lib/amd64/libjava.so
7f6b15da3000-7f6b15da5000 rw-p 0002a000 08:03 1719352                    /usr/lib/jvm/java-8-oracle/jre/lib/amd64/libjava.so
7f6b15da5000-7f6b15db2000 r-xp 00000000 08:03 1719370                    /usr/lib/jvm/java-8-oracle/jre/lib/amd64/libverify.so
7f6b15db2000-7f6b15fb2000 ---p 0000d000 08:03 1719370                    /usr/lib/jvm/java-8-oracle/jre/lib/amd64/libverify.so
7f6b15fb2000-7f6b15fb4000 rw-p 0000d000 08:03 1719370                    /usr/lib/jvm/java-8-oracle/jre/lib/amd64/libverify.so
7f6b15fb4000-7f6b15fbb000 r-xp 00000000 08:03 2102576                    /lib/x86_64-linux-gnu/librt-2.19.so
7f6b15fbb000-7f6b161ba000 ---p 00007000 08:03 2102576                    /lib/x86_64-linux-gnu/librt-2.19.so
7f6b161ba000-7f6b161bb000 r--p 00006000 08:03 2102576                    /lib/x86_64-linux-gnu/librt-2.19.so
7f6b161bb000-7f6b161bc000 rw-p 00007000 08:03 2102576                    /lib/x86_64-linux-gnu/librt-2.19.so
7f6b161bc000-7f6b162c1000 r-xp 00000000 08:03 2102682                    /lib/x86_64-linux-gnu/libm-2.19.so
7f6b162c1000-7f6b164c0000 ---p 00105000 08:03 2102682                    /lib/x86_64-linux-gnu/libm-2.19.so
7f6b164c0000-7f6b164c1000 r--p 00104000 08:03 2102682                    /lib/x86_64-linux-gnu/libm-2.19.so
7f6b164c1000-7f6b164c2000 rw-p 00105000 08:03 2102682                    /lib/x86_64-linux-gnu/libm-2.19.so
7f6b164c2000-7f6b1712f000 r-xp 00000000 08:03 1719359                    /usr/lib/jvm/java-8-oracle/jre/lib/amd64/server/libjvm.so
7f6b1712f000-7f6b1732e000 ---p 00c6d000 08:03 1719359                    /usr/lib/jvm/java-8-oracle/jre/lib/amd64/server/libjvm.so
7f6b1732e000-7f6b17404000 rw-p 00c6c000 08:03 1719359                    /usr/lib/jvm/java-8-oracle/jre/lib/amd64/server/libjvm.so
7f6b17404000-7f6b17447000 rw-p 00000000 00:00 0 
7f6b17447000-7f6b17602000 r-xp 00000000 08:03 2102633                    /lib/x86_64-linux-gnu/libc-2.19.so
7f6b17602000-7f6b17802000 ---p 001bb000 08:03 2102633                    /lib/x86_64-linux-gnu/libc-2.19.so
7f6b17802000-7f6b17806000 r--p 001bb000 08:03 2102633                    /lib/x86_64-linux-gnu/libc-2.19.so
7f6b17806000-7f6b17808000 rw-p 001bf000 08:03 2102633                    /lib/x86_64-linux-gnu/libc-2.19.so
7f6b17808000-7f6b1780d000 rw-p 00000000 00:00 0 
7f6b1780d000-7f6b17810000 r-xp 00000000 08:03 2103199                    /lib/x86_64-linux-gnu/libdl-2.19.so
7f6b17810000-7f6b17a0f000 ---p 00003000 08:03 2103199                    /lib/x86_64-linux-gnu/libdl-2.19.so
7f6b17a0f000-7f6b17a10000 r--p 00002000 08:03 2103199                    /lib/x86_64-linux-gnu/libdl-2.19.so
7f6b17a10000-7f6b17a11000 rw-p 00003000 08:03 2103199                    /lib/x86_64-linux-gnu/libdl-2.19.so
7f6b17a11000-7f6b17a26000 r-xp 00000000 08:03 1719341                    /usr/lib/jvm/java-8-oracle/jre/lib/amd64/jli/libjli.so
7f6b17a26000-7f6b17c25000 ---p 00015000 08:03 1719341                    /usr/lib/jvm/java-8-oracle/jre/lib/amd64/jli/libjli.so
7f6b17c25000-7f6b17c26000 rw-p 00014000 08:03 1719341                    /usr/lib/jvm/java-8-oracle/jre/lib/amd64/jli/libjli.so
7f6b17c26000-7f6b17c3f000 r-xp 00000000 08:03 2103200                    /lib/x86_64-linux-gnu/libpthread-2.19.so
7f6b17c3f000-7f6b17e3e000 ---p 00019000 08:03 2103200                    /lib/x86_64-linux-gnu/libpthread-2.19.so
7f6b17e3e000-7f6b17e3f000 r--p 00018000 08:03 2103200                    /lib/x86_64-linux-gnu/libpthread-2.19.so
7f6b17e3f000-7f6b17e40000 rw-p 00019000 08:03 2103200                    /lib/x86_64-linux-gnu/libpthread-2.19.so
7f6b17e40000-7f6b17e44000 rw-p 00000000 00:00 0 
7f6b17e44000-7f6b17e67000 r-xp 00000000 08:03 2102634                    /lib/x86_64-linux-gnu/ld-2.19.so
7f6b17e67000-7f6b17e68000 r--s 00001000 08:03 1983748                    /usr/share/java/ant-apache-xalan2-1.9.3.jar
7f6b17e68000-7f6b17e6a000 r--s 0000a000 08:03 1983737                    /usr/share/java/ant-jsch-1.9.3.jar
7f6b17e6a000-7f6b17e6b000 r--s 00003000 08:03 1983749                    /usr/share/java/ant-jdepend-1.9.3.jar
7f6b17e6b000-7f6b17e6d000 r--s 00015000 08:03 1983700                    /usr/share/java/xml-resolver-1.2.jar
7f6b17e6d000-7f6b17e72000 r--s 00010000 08:03 1983705                    /usr/share/java/xml-apis-ext-1.4.01.jar
7f6b17e72000-7f6b17f4b000 rw-p 00000000 00:00 0 
7f6b17f4b000-7f6b17f4e000 ---p 00000000 00:00 0 
7f6b17f4e000-7f6b18050000 rw-p 00000000 00:00 0                          [stack:2995]
7f6b18050000-7f6b18059000 r--s 00031000 08:03 1983706                    /usr/share/java/xml-apis-1.4.01.jar
7f6b18059000-7f6b1805a000 r--s 00004000 08:03 1983726                    /usr/share/java/ant-launcher-1.9.3.jar
7f6b1805a000-7f6b18062000 rw-s 00000000 08:03 1842383                    /tmp/hsperfdata_sergio/2993
7f6b18062000-7f6b18063000 rw-p 00000000 00:00 0 
7f6b18063000-7f6b18064000 r--p 00000000 00:00 0 
7f6b18064000-7f6b18066000 rw-p 00000000 00:00 0 
7f6b18066000-7f6b18067000 r--p 00022000 08:03 2102634                    /lib/x86_64-linux-gnu/ld-2.19.so
7f6b18067000-7f6b18068000 rw-p 00023000 08:03 2102634                    /lib/x86_64-linux-gnu/ld-2.19.so
7f6b18068000-7f6b18069000 rw-p 00000000 00:00 0 
7fffde89a000-7fffde8bb000 rw-p 00000000 00:00 0                          [stack]
7fffde92f000-7fffde931000 r-xp 00000000 00:00 0                          [vdso]
ffffffffff600000-ffffffffff601000 r-xp 00000000 00:00 0                  [vsyscall]

VM Arguments:
jvm_args: -Dant.home=/usr/share/ant -Dant.library.dir=/usr/share/ant/lib 
java_command: org.apache.tools.ant.launch.Launcher -cp  debug -f /home/sergio/IWEB/practica6/platforms/android/build.xml -Dout.dir=ant-build -Dgen.absolute.dir=ant-gen
java_class_path (initial): /usr/share/ant/lib/ant-launcher.jar:/usr/share/java/xmlParserAPIs.jar:/usr/share/java/xercesImpl.jar
Launcher Type: SUN_STANDARD

Environment Variables:
JAVA_HOME=/usr/lib/jvm/java-8-oracle
PATH=/usr/local/sbin:/usr/local/bin:/usr/sbin:/usr/bin:/sbin:/bin:/usr/games:/usr/local/games:/opt/android-sdk-linux/tools:/opt/android-sdk-linux/platform-tools:/opt/android-sdk-linux/bin
SHELL=/bin/bash
DISPLAY=:0

Signal Handlers:
SIGSEGV: [libjvm.so+0xa79a80], sa_mask[0]=11111111011111111101111111111110, sa_flags=SA_RESTART|SA_SIGINFO
SIGBUS: [libjvm.so+0xa79a80], sa_mask[0]=11111111011111111101111111111110, sa_flags=SA_RESTART|SA_SIGINFO
SIGFPE: [libjvm.so+0x8e24e0], sa_mask[0]=11111111011111111101111111111110, sa_flags=SA_RESTART|SA_SIGINFO
SIGPIPE: [libjvm.so+0x8e24e0], sa_mask[0]=11111111011111111101111111111110, sa_flags=SA_RESTART|SA_SIGINFO
SIGXFSZ: [libjvm.so+0x8e24e0], sa_mask[0]=11111111011111111101111111111110, sa_flags=SA_RESTART|SA_SIGINFO
SIGILL: [libjvm.so+0x8e24e0], sa_mask[0]=11111111011111111101111111111110, sa_flags=SA_RESTART|SA_SIGINFO
SIGUSR1: SIG_DFL, sa_mask[0]=00000000000000000000000000000000, sa_flags=none
SIGUSR2: [libjvm.so+0x8e3d10], sa_mask[0]=00000000000000000000000000000000, sa_flags=SA_RESTART|SA_SIGINFO
SIGHUP: [libjvm.so+0x8e50d0], sa_mask[0]=11111111011111111101111111111110, sa_flags=SA_RESTART|SA_SIGINFO
SIGINT: [libjvm.so+0x8e50d0], sa_mask[0]=11111111011111111101111111111110, sa_flags=SA_RESTART|SA_SIGINFO
SIGTERM: [libjvm.so+0x8e50d0], sa_mask[0]=11111111011111111101111111111110, sa_flags=SA_RESTART|SA_SIGINFO
SIGQUIT: [libjvm.so+0x8e50d0], sa_mask[0]=11111111011111111101111111111110, sa_flags=SA_RESTART|SA_SIGINFO


---------------  S Y S T E M  ---------------

OS:DISTRIB_ID="elementary OS"
DISTRIB_RELEASE=0.3
DISTRIB_CODENAME=freya
DISTRIB_DESCRIPTION="elementary OS Freya"

uname:Linux 3.13.0-39-generic #66-Ubuntu SMP Tue Oct 28 13:30:27 UTC 2014 x86_64
libc:glibc 2.19 NPTL 2.19 
rlimit: STACK 8192k, CORE 0k, NPROC 31387, NOFILE 4096, AS infinity
load average:3,74 1,00 0,49

/proc/meminfo:
MemTotal:        4046980 kB
MemFree:         1556224 kB
Buffers:          117332 kB
Cached:           905328 kB
SwapCached:            0 kB
Active:          1652740 kB
Inactive:         589060 kB
Active(anon):    1220840 kB
Inactive(anon):    10740 kB
Active(file):     431900 kB
Inactive(file):   578320 kB
Unevictable:           0 kB
Mlocked:               0 kB
SwapTotal:       1771516 kB
SwapFree:        1771516 kB
Dirty:              8124 kB
Writeback:             0 kB
AnonPages:       1219636 kB
Mapped:           240880 kB
Shmem:             11920 kB
Slab:             113432 kB
SReclaimable:      85872 kB
SUnreclaim:        27560 kB
KernelStack:        3656 kB
PageTables:        26364 kB
NFS_Unstable:          0 kB
Bounce:                0 kB
WritebackTmp:          0 kB
CommitLimit:     3795004 kB
Committed_AS:    3964900 kB
VmallocTotal:   34359738367 kB
VmallocUsed:      307316 kB
VmallocChunk:   34359425532 kB
HardwareCorrupted:     0 kB
AnonHugePages:    335872 kB
HugePages_Total:       0
HugePages_Free:        0
HugePages_Rsvd:        0
HugePages_Surp:        0
Hugepagesize:       2048 kB
DirectMap4k:      152512 kB
DirectMap2M:     4040704 kB


CPU:total 4 (4 cores per cpu, 1 threads per core) family 6 model 23 stepping 7, cmov, cx8, fxsr, mmx, sse, sse2, sse3, ssse3, sse4.1, tsc

/proc/cpuinfo:
processor	: 0
vendor_id	: GenuineIntel
cpu family	: 6
model		: 23
model name	: Intel(R) Core(TM)2 Quad  CPU   Q9550  @ 2.83GHz
stepping	: 7
microcode	: 0x705
cpu MHz		: 2834.000
cache size	: 6144 KB
physical id	: 0
siblings	: 4
core id		: 0
cpu cores	: 4
apicid		: 0
initial apicid	: 0
fpu		: yes
fpu_exception	: yes
cpuid level	: 10
wp		: yes
flags		: fpu vme de pse tsc msr pae mce cx8 apic sep mtrr pge mca cmov pat pse36 clflush dts acpi mmx fxsr sse sse2 ss ht tm pbe syscall nx lm constant_tsc arch_perfmon pebs bts rep_good nopl aperfmperf pni dtes64 monitor ds_cpl vmx smx est tm2 ssse3 cx16 xtpr pdcm sse4_1 lahf_lm dtherm tpr_shadow vnmi flexpriority
bogomips	: 5666.28
clflush size	: 64
cache_alignment	: 64
address sizes	: 36 bits physical, 48 bits virtual
power management:

processor	: 1
vendor_id	: GenuineIntel
cpu family	: 6
model		: 23
model name	: Intel(R) Core(TM)2 Quad  CPU   Q9550  @ 2.83GHz
stepping	: 7
microcode	: 0x705
cpu MHz		: 2834.000
cache size	: 6144 KB
physical id	: 0
siblings	: 4
core id		: 3
cpu cores	: 4
apicid		: 3
initial apicid	: 3
fpu		: yes
fpu_exception	: yes
cpuid level	: 10
wp		: yes
flags		: fpu vme de pse tsc msr pae mce cx8 apic sep mtrr pge mca cmov pat pse36 clflush dts acpi mmx fxsr sse sse2 ss ht tm pbe syscall nx lm constant_tsc arch_perfmon pebs bts rep_good nopl aperfmperf pni dtes64 monitor ds_cpl vmx smx est tm2 ssse3 cx16 xtpr pdcm sse4_1 lahf_lm dtherm tpr_shadow vnmi flexpriority
bogomips	: 5666.28
clflush size	: 64
cache_alignment	: 64
address sizes	: 36 bits physical, 48 bits virtual
power management:

processor	: 2
vendor_id	: GenuineIntel
cpu family	: 6
model		: 23
model name	: Intel(R) Core(TM)2 Quad  CPU   Q9550  @ 2.83GHz
stepping	: 7
microcode	: 0x705
cpu MHz		: 2834.000
cache size	: 6144 KB
physical id	: 0
siblings	: 4
core id		: 2
cpu cores	: 4
apicid		: 2
initial apicid	: 2
fpu		: yes
fpu_exception	: yes
cpuid level	: 10
wp		: yes
flags		: fpu vme de pse tsc msr pae mce cx8 apic sep mtrr pge mca cmov pat pse36 clflush dts acpi mmx fxsr sse sse2 ss ht tm pbe syscall nx lm constant_tsc arch_perfmon pebs bts rep_good nopl aperfmperf pni dtes64 monitor ds_cpl vmx smx est tm2 ssse3 cx16 xtpr pdcm sse4_1 lahf_lm dtherm tpr_shadow vnmi flexpriority
bogomips	: 5666.28
clflush size	: 64
cache_alignment	: 64
address sizes	: 36 bits physical, 48 bits virtual
power management:

processor	: 3
vendor_id	: GenuineIntel
cpu family	: 6
model		: 23
model name	: Intel(R) Core(TM)2 Quad  CPU   Q9550  @ 2.83GHz
stepping	: 7
microcode	: 0x705
cpu MHz		: 2834.000
cache size	: 6144 KB
physical id	: 0
siblings	: 4
core id		: 1
cpu cores	: 4
apicid		: 1
initial apicid	: 1
fpu		: yes
fpu_exception	: yes
cpuid level	: 10
wp		: yes
flags		: fpu vme de pse tsc msr pae mce cx8 apic sep mtrr pge mca cmov pat pse36 clflush dts acpi mmx fxsr sse sse2 ss ht tm pbe syscall nx lm constant_tsc arch_perfmon pebs bts rep_good nopl aperfmperf pni dtes64 monitor ds_cpl vmx smx est tm2 ssse3 cx16 xtpr pdcm sse4_1 lahf_lm dtherm tpr_shadow vnmi flexpriority
bogomips	: 5666.28
clflush size	: 64
cache_alignment	: 64
address sizes	: 36 bits physical, 48 bits virtual
power management:



Memory: 4k page, physical 4046980k(1555976k free), swap 1771516k(1771516k free)

vm_info: Java HotSpot(TM) 64-Bit Server VM (25.25-b02) for linux-amd64 JRE (1.8.0_25-b17), built on Sep 17 2014 17:32:11 by "java_re" with gcc 4.3.0 20080428 (Red Hat 4.3.0-8)

time: Wed Nov 26 11:15:10 2014
elapsed time: 0 seconds (0d 0h 0m 0s)

