#
# A fatal error has been detected by the Java Runtime Environment:
#
#  SIGSEGV (0xb) at pc=0x00007f0e3a005060, pid=31936, tid=139700531119872
#
# JRE version: Java(TM) SE Runtime Environment (8.0_25-b17) (build 1.8.0_25-b17)
# Java VM: Java HotSpot(TM) 64-Bit Server VM (25.25-b02 mixed mode linux-amd64 compressed oops)
# Problematic frame:
# C  0x00007f0e3a005060
#
# Failed to write core dump. Core dumps have been disabled. To enable core dumping, try "ulimit -c unlimited" before starting Java again
#
# If you would like to submit a bug report, please visit:
#   http://bugreport.sun.com/bugreport/crash.jsp
#

---------------  T H R E A D  ---------------

Current thread (0x00007f0e8800a000):  JavaThread "main" [_thread_in_Java, id=31938, stack(0x00007f0e90784000,0x00007f0e90885000)]

siginfo: si_signo: 11 (SIGSEGV), si_code: 2 (SEGV_ACCERR), si_addr: 0x00007f0e3a005060

Registers:
RAX=0x00007f0e8c4ffb88, RBX=0x00007f0e8c4ffb88, RCX=0x00007f0e708a3140, RDX=0x00007f0e790073d0
RSP=0x00007f0e90880db8, RBP=0x00007f0e90880e38, RSI=0x0000000000000110, RDI=0x00007f0e90880d20
R8 =0x0000000000000000, R9 =0x0000000000000016, R10=0x00007f0e8fc58440, R11=0x00007f0e797420a0
R12=0x0000000000000000, R13=0x00007f0e90880dd0, R14=0x00007f0e90880e58, R15=0x00007f0e8800a000
RIP=0x00007f0e3a005060, EFLAGS=0x0000000000010206, CSGSFS=0x0000000000000033, ERR=0x0000000000000014
  TRAPNO=0x000000000000000e

Top of Stack: (sp=0x00007f0e90880db8)
0x00007f0e90880db8:   00007f0e790073d0 0000000000000016
0x00007f0e90880dc8:   00007f0e790073d0 0000000000000110
0x00007f0e90880dd8:   000000000000004c 0000000000000010
0x00007f0e90880de8:   00000000ec03f8c0 00000000efab18b8
0x00007f0e90880df8:   00007f0e90880df8 00007f0e708a2a75
0x00007f0e90880e08:   00007f0e90880e58 00007f0e708a3140
0x00007f0e90880e18:   0000000000000000 00007f0e708a2ad0
0x00007f0e90880e28:   00007f0e90880dd0 00007f0e90880e48
0x00007f0e90880e38:   00007f0e90880ea0 00007f0e7900798d
0x00007f0e90880e48:   000000000000003c 00000000ec03f8c0
0x00007f0e90880e58:   0000000000000110 00007f0e90880e60
0x00007f0e90880e68:   00007f0e7089b21f 00007f0e90880ee0
0x00007f0e90880e78:   00007f0e7089b568 0000000000000000
0x00007f0e90880e88:   00007f0e7089b248 00007f0e90880e48
0x00007f0e90880e98:   00007f0e90880ed0 00007f0e90880f28
0x00007f0e90880ea8:   00007f0e7900798d 0000000000000016
0x00007f0e90880eb8:   0000000000000022 0000000000000110
0x00007f0e90880ec8:   0000000000000000 0000000000000000
0x00007f0e90880ed8:   00000000ec042af0 00000000ec03f888
0x00007f0e90880ee8:   00007f0e90880ee8 00007f0e70898f49
0x00007f0e90880ef8:   00007f0e90880f50 00007f0e708992b0
0x00007f0e90880f08:   0000000000000000 00007f0e70898f70
0x00007f0e90880f18:   00007f0e90880ed0 00007f0e90880f38
0x00007f0e90880f28:   00007f0e90880f98 00007f0e790073d0
0x00007f0e90880f38:   0000000000000014 0000000000000000
0x00007f0e90880f48:   00000000ec042af0 00000000ec03f888
0x00007f0e90880f58:   00007f0e90880f58 00007f0e70898e2c
0x00007f0e90880f68:   00007f0e90880fb8 00007f0e708992b0
0x00007f0e90880f78:   0000000000000000 00007f0e70898e60
0x00007f0e90880f88:   00007f0e90880f38 00007f0e90880fb8
0x00007f0e90880f98:   00007f0e90881000 00007f0e79007710
0x00007f0e90880fa8:   0000000000000000 00000000ec042af0 

Instructions: (pc=0x00007f0e3a005060)
0x00007f0e3a005040:   
[error occurred during error reporting (printing registers, top of stack, instructions near pc), id 0xb]

Register to memory mapping:

RAX={method} {0x00007f0e8c4ffb88} 'reverseBytes' '(I)I' in 'java/lang/Integer'
RBX={method} {0x00007f0e8c4ffb88} 'reverseBytes' '(I)I' in 'java/lang/Integer'
RCX=0x00007f0e708a3140 is pointing into metadata
RDX=0x00007f0e790073d0 is at code_begin+624 in an Interpreter codelet
invoke return entry points  [0x00007f0e79007160, 0x00007f0e79007a60]  2304 bytes
RSP=0x00007f0e90880db8 is pointing into the stack for thread: 0x00007f0e8800a000
RBP=0x00007f0e90880e38 is pointing into the stack for thread: 0x00007f0e8800a000
RSI=0x0000000000000110 is an unknown value
RDI=0x00007f0e90880d20 is pointing into the stack for thread: 0x00007f0e8800a000
R8 =0x0000000000000000 is an unknown value
R9 =0x0000000000000016 is an unknown value
R10=0x00007f0e8fc58440: <offset 0xf5c440> in /usr/lib/jvm/java-8-oracle/jre/lib/amd64/server/libjvm.so at 0x00007f0e8ecfc000
R11=0x00007f0e797420a0 is at entry_point+0 in (nmethod*)0x00007f0e79741f50
R12=0x0000000000000000 is an unknown value
R13=0x00007f0e90880dd0 is pointing into the stack for thread: 0x00007f0e8800a000
R14=0x00007f0e90880e58 is pointing into the stack for thread: 0x00007f0e8800a000
R15=0x00007f0e8800a000 is a thread


Stack: [0x00007f0e90784000,0x00007f0e90885000],  sp=0x00007f0e90880db8,  free space=1011k
Native frames: (J=compiled Java code, j=interpreted, Vv=VM code, C=native code)
C  0x00007f0e3a005060
j  sun.security.provider.SHA.implDigest([BI)V+71
j  sun.security.provider.DigestBase.engineDigest([BII)I+97
j  sun.security.provider.DigestBase.engineDigest()[B+12
j  java.security.MessageDigest$Delegate.engineDigest()[B+4
j  java.security.MessageDigest.digest()[B+1
j  sun.security.provider.KeyProtector.recover(Lsun/security/pkcs/EncryptedPrivateKeyInfo;)Ljava/security/Key;+146
j  sun.security.provider.JavaKeyStore.engineGetKey(Ljava/lang/String;[C)Ljava/security/Key;+89
j  sun.security.provider.JavaKeyStore$JKS.engineGetKey(Ljava/lang/String;[C)Ljava/security/Key;+3
j  java.security.KeyStoreSpi.engineGetEntry(Ljava/lang/String;Ljava/security/KeyStore$ProtectionParameter;)Ljava/security/KeyStore$Entry;+93
j  java.security.KeyStore.getEntry(Ljava/lang/String;Ljava/security/KeyStore$ProtectionParameter;)Ljava/security/KeyStore$Entry;+37
j  com.android.sdklib.internal.build.DebugKeyProvider.loadKeyEntry(Ljava/lang/String;Ljava/lang/String;)Z+51
j  com.android.sdklib.internal.build.DebugKeyProvider.<init>(Ljava/lang/String;Ljava/lang/String;Lcom/android/sdklib/internal/build/DebugKeyProvider$IKeyGenOutput;)V+15
j  com.android.sdklib.build.ApkBuilder.getDebugKey(Ljava/lang/String;Ljava/io/PrintStream;)Lcom/android/sdklib/build/ApkBuilder$SigningInfo;+64
j  com.android.sdklib.build.ApkBuilder.<init>(Ljava/io/File;Ljava/io/File;Ljava/io/File;Ljava/lang/String;Ljava/io/PrintStream;)V+55
j  com.android.ant.ApkBuilderTask.execute()V+1025
j  org.apache.tools.ant.UnknownElement.execute()V+25
J 1328 C1 sun.reflect.GeneratedMethodAccessor4.invoke(Ljava/lang/Object;[Ljava/lang/Object;)Ljava/lang/Object; (62 bytes) @ 0x00007f0e794b1f44 [0x00007f0e794b1d20+0x224]
J 815 C1 sun.reflect.DelegatingMethodAccessorImpl.invoke(Ljava/lang/Object;[Ljava/lang/Object;)Ljava/lang/Object; (10 bytes) @ 0x00007f0e79302884 [0x00007f0e79302780+0x104]
J 814 C1 java.lang.reflect.Method.invoke(Ljava/lang/Object;[Ljava/lang/Object;)Ljava/lang/Object; (62 bytes) @ 0x00007f0e793022c4 [0x00007f0e79301ee0+0x3e4]
J 2002 C1 org.apache.tools.ant.dispatch.DispatchUtils.execute(Ljava/lang/Object;)V (592 bytes) @ 0x00007f0e796fecc4 [0x00007f0e796fb540+0x3784]
j  org.apache.tools.ant.Task.perform()V+22
j  org.apache.tools.ant.taskdefs.Sequential.execute()V+40
j  org.apache.tools.ant.UnknownElement.execute()V+25
J 1328 C1 sun.reflect.GeneratedMethodAccessor4.invoke(Ljava/lang/Object;[Ljava/lang/Object;)Ljava/lang/Object; (62 bytes) @ 0x00007f0e794b1f44 [0x00007f0e794b1d20+0x224]
J 815 C1 sun.reflect.DelegatingMethodAccessorImpl.invoke(Ljava/lang/Object;[Ljava/lang/Object;)Ljava/lang/Object; (10 bytes) @ 0x00007f0e79302884 [0x00007f0e79302780+0x104]
J 814 C1 java.lang.reflect.Method.invoke(Ljava/lang/Object;[Ljava/lang/Object;)Ljava/lang/Object; (62 bytes) @ 0x00007f0e793022c4 [0x00007f0e79301ee0+0x3e4]
J 2002 C1 org.apache.tools.ant.dispatch.DispatchUtils.execute(Ljava/lang/Object;)V (592 bytes) @ 0x00007f0e796fecc4 [0x00007f0e796fb540+0x3784]
j  org.apache.tools.ant.Task.perform()V+22
j  org.apache.tools.ant.taskdefs.MacroInstance.execute()V+498
j  org.apache.tools.ant.UnknownElement.execute()V+25
J 1328 C1 sun.reflect.GeneratedMethodAccessor4.invoke(Ljava/lang/Object;[Ljava/lang/Object;)Ljava/lang/Object; (62 bytes) @ 0x00007f0e794b1f44 [0x00007f0e794b1d20+0x224]
J 815 C1 sun.reflect.DelegatingMethodAccessorImpl.invoke(Ljava/lang/Object;[Ljava/lang/Object;)Ljava/lang/Object; (10 bytes) @ 0x00007f0e79302884 [0x00007f0e79302780+0x104]
J 814 C1 java.lang.reflect.Method.invoke(Ljava/lang/Object;[Ljava/lang/Object;)Ljava/lang/Object; (62 bytes) @ 0x00007f0e793022c4 [0x00007f0e79301ee0+0x3e4]
J 2002 C1 org.apache.tools.ant.dispatch.DispatchUtils.execute(Ljava/lang/Object;)V (592 bytes) @ 0x00007f0e796fecc4 [0x00007f0e796fb540+0x3784]
j  org.apache.tools.ant.Task.perform()V+22
j  org.apache.tools.ant.taskdefs.Sequential.execute()V+40
j  com.android.ant.IfElseTask.execute()V+101
j  org.apache.tools.ant.UnknownElement.execute()V+25
J 1328 C1 sun.reflect.GeneratedMethodAccessor4.invoke(Ljava/lang/Object;[Ljava/lang/Object;)Ljava/lang/Object; (62 bytes) @ 0x00007f0e794b1f44 [0x00007f0e794b1d20+0x224]
J 815 C1 sun.reflect.DelegatingMethodAccessorImpl.invoke(Ljava/lang/Object;[Ljava/lang/Object;)Ljava/lang/Object; (10 bytes) @ 0x00007f0e79302884 [0x00007f0e79302780+0x104]
J 814 C1 java.lang.reflect.Method.invoke(Ljava/lang/Object;[Ljava/lang/Object;)Ljava/lang/Object; (62 bytes) @ 0x00007f0e793022c4 [0x00007f0e79301ee0+0x3e4]
J 2002 C1 org.apache.tools.ant.dispatch.DispatchUtils.execute(Ljava/lang/Object;)V (592 bytes) @ 0x00007f0e796fecc4 [0x00007f0e796fb540+0x3784]
j  org.apache.tools.ant.Task.perform()V+22
j  org.apache.tools.ant.taskdefs.Sequential.execute()V+40
j  com.android.ant.IfElseTask.execute()V+101
j  org.apache.tools.ant.UnknownElement.execute()V+25
J 1328 C1 sun.reflect.GeneratedMethodAccessor4.invoke(Ljava/lang/Object;[Ljava/lang/Object;)Ljava/lang/Object; (62 bytes) @ 0x00007f0e794b1f44 [0x00007f0e794b1d20+0x224]
J 815 C1 sun.reflect.DelegatingMethodAccessorImpl.invoke(Ljava/lang/Object;[Ljava/lang/Object;)Ljava/lang/Object; (10 bytes) @ 0x00007f0e79302884 [0x00007f0e79302780+0x104]
J 814 C1 java.lang.reflect.Method.invoke(Ljava/lang/Object;[Ljava/lang/Object;)Ljava/lang/Object; (62 bytes) @ 0x00007f0e793022c4 [0x00007f0e79301ee0+0x3e4]
J 2002 C1 org.apache.tools.ant.dispatch.DispatchUtils.execute(Ljava/lang/Object;)V (592 bytes) @ 0x00007f0e796fecc4 [0x00007f0e796fb540+0x3784]
j  org.apache.tools.ant.Task.perform()V+22
j  org.apache.tools.ant.taskdefs.Sequential.execute()V+40
j  org.apache.tools.ant.UnknownElement.execute()V+25
J 1328 C1 sun.reflect.GeneratedMethodAccessor4.invoke(Ljava/lang/Object;[Ljava/lang/Object;)Ljava/lang/Object; (62 bytes) @ 0x00007f0e794b1f44 [0x00007f0e794b1d20+0x224]
J 815 C1 sun.reflect.DelegatingMethodAccessorImpl.invoke(Ljava/lang/Object;[Ljava/lang/Object;)Ljava/lang/Object; (10 bytes) @ 0x00007f0e79302884 [0x00007f0e79302780+0x104]
J 814 C1 java.lang.reflect.Method.invoke(Ljava/lang/Object;[Ljava/lang/Object;)Ljava/lang/Object; (62 bytes) @ 0x00007f0e793022c4 [0x00007f0e79301ee0+0x3e4]
J 2002 C1 org.apache.tools.ant.dispatch.DispatchUtils.execute(Ljava/lang/Object;)V (592 bytes) @ 0x00007f0e796fecc4 [0x00007f0e796fb540+0x3784]
j  org.apache.tools.ant.Task.perform()V+22
j  org.apache.tools.ant.taskdefs.MacroInstance.execute()V+498
j  org.apache.tools.ant.UnknownElement.execute()V+25
J 1328 C1 sun.reflect.GeneratedMethodAccessor4.invoke(Ljava/lang/Object;[Ljava/lang/Object;)Ljava/lang/Object; (62 bytes) @ 0x00007f0e794b1f44 [0x00007f0e794b1d20+0x224]
J 815 C1 sun.reflect.DelegatingMethodAccessorImpl.invoke(Ljava/lang/Object;[Ljava/lang/Object;)Ljava/lang/Object; (10 bytes) @ 0x00007f0e79302884 [0x00007f0e79302780+0x104]
J 814 C1 java.lang.reflect.Method.invoke(Ljava/lang/Object;[Ljava/lang/Object;)Ljava/lang/Object; (62 bytes) @ 0x00007f0e793022c4 [0x00007f0e79301ee0+0x3e4]
J 2002 C1 org.apache.tools.ant.dispatch.DispatchUtils.execute(Ljava/lang/Object;)V (592 bytes) @ 0x00007f0e796fecc4 [0x00007f0e796fb540+0x3784]
j  org.apache.tools.ant.Task.perform()V+22
j  org.apache.tools.ant.Target.execute()V+179
j  org.apache.tools.ant.Target.performTasks()V+11
j  org.apache.tools.ant.Project.executeSortedTargets(Ljava/util/Vector;)V+145
j  org.apache.tools.ant.Project.executeTarget(Ljava/lang/String;)V+27
j  org.apache.tools.ant.helper.DefaultExecutor.executeTargets(Lorg/apache/tools/ant/Project;[Ljava/lang/String;)V+17
j  org.apache.tools.ant.Project.executeTargets(Ljava/util/Vector;)V+29
j  org.apache.tools.ant.Main.runBuild(Ljava/lang/ClassLoader;)V+723
j  org.apache.tools.ant.Main.startAnt([Ljava/lang/String;Ljava/util/Properties;Ljava/lang/ClassLoader;)V+84
j  org.apache.tools.ant.launch.Launcher.run([Ljava/lang/String;)I+703
j  org.apache.tools.ant.launch.Launcher.main([Ljava/lang/String;)V+10
v  ~StubRoutines::call_stub
V  [libjvm.so+0x664086]  JavaCalls::call_helper(JavaValue*, methodHandle*, JavaCallArguments*, Thread*)+0x1056
V  [libjvm.so+0x6ab096]  jni_invoke_static(JNIEnv_*, JavaValue*, _jobject*, JNICallType, _jmethodID*, JNI_ArgumentPusher*, Thread*)+0x346
V  [libjvm.so+0x6b1c2a]  jni_CallStaticVoidMethod+0x17a
C  [libjli.so+0x7b14]  JavaMain+0x844
C  [libpthread.so.0+0x8182]  start_thread+0xc2


---------------  P R O C E S S  ---------------

Java Threads: ( => current thread )
  0x00007f0e886c9800 JavaThread "process reaper" daemon [_thread_blocked, id=31953, stack(0x00007f0e710be000,0x00007f0e710f7000)]
  0x00007f0e880e0800 JavaThread "Service Thread" daemon [_thread_blocked, id=31950, stack(0x00007f0e7160b000,0x00007f0e7170c000)]
  0x00007f0e880b0800 JavaThread "C1 CompilerThread2" daemon [_thread_blocked, id=31949, stack(0x00007f0e7170c000,0x00007f0e7180d000)]
  0x00007f0e880ae800 JavaThread "C2 CompilerThread1" daemon [_thread_blocked, id=31948, stack(0x00007f0e7180d000,0x00007f0e7190e000)]
  0x00007f0e880ab800 JavaThread "C2 CompilerThread0" daemon [_thread_blocked, id=31947, stack(0x00007f0e7190e000,0x00007f0e71a0f000)]
  0x00007f0e880a9800 JavaThread "Signal Dispatcher" daemon [_thread_blocked, id=31946, stack(0x00007f0e71a0f000,0x00007f0e71b10000)]
  0x00007f0e8807c000 JavaThread "Finalizer" daemon [_thread_blocked, id=31945, stack(0x00007f0e71f0e000,0x00007f0e7200f000)]
  0x00007f0e8807a000 JavaThread "Reference Handler" daemon [_thread_blocked, id=31944, stack(0x00007f0e7200f000,0x00007f0e72110000)]
=>0x00007f0e8800a000 JavaThread "main" [_thread_in_Java, id=31938, stack(0x00007f0e90784000,0x00007f0e90885000)]

Other Threads:
  0x00007f0e88073000 VMThread [stack: 0x00007f0e780f1000,0x00007f0e781f2000] [id=31943]
  0x00007f0e880e2800 WatcherThread [stack: 0x00007f0e7150a000,0x00007f0e7160b000] [id=31951]

VM state:not at safepoint (normal execution)

VM Mutex/Monitor currently owned by a thread: None

Heap:
 PSYoungGen      total 66560K, used 16799K [0x00000000eb600000, 0x00000000f0400000, 0x0000000100000000)
  eden space 60928K, 18% used [0x00000000eb600000,0x00000000ec0e90f8,0x00000000ef180000)
  from space 5632K, 99% used [0x00000000ef980000,0x00000000efefedf0,0x00000000eff00000)
  to   space 8192K, 0% used [0x00000000ef180000,0x00000000ef180000,0x00000000ef980000)
 ParOldGen       total 42496K, used 11105K [0x00000000c2200000, 0x00000000c4b80000, 0x00000000eb600000)
  object space 42496K, 26% used [0x00000000c2200000,0x00000000c2cd84a0,0x00000000c4b80000)
 Metaspace       used 19150K, capacity 19766K, committed 19968K, reserved 1067008K
  class space    used 2374K, capacity 2537K, committed 2560K, reserved 1048576K

Card table byte_map: [0x00007f0e8d3ac000,0x00007f0e8d59c000] byte_map_base: 0x00007f0e8cd9b000

Marking Bits: (ParMarkBitMap*) 0x00007f0e8fc562c0
 Begin Bits: [0x00007f0e72110000, 0x00007f0e73088000)
 End Bits:   [0x00007f0e73088000, 0x00007f0e74000000)

Polling page: 0x00007f0e9089d000

CodeCache: size=245760Kb used=7458Kb max_used=7469Kb free=238302Kb
 bounds [0x00007f0e79000000, 0x00007f0e79760000, 0x00007f0e88000000]
 total_blobs=2422 nmethods=2062 adapters=275
 compilation: enabled

Compilation events (10 events):
Event: 6,306 Thread 0x00007f0e880b0800 2056       3       sun.security.util.ObjectIdentifier::pack7Oid (42 bytes)
Event: 6,307 Thread 0x00007f0e880b0800 nmethod 2056 0x00007f0e79741450 code [0x00007f0e797415c0, 0x00007f0e797417e8]
Event: 6,309 Thread 0x00007f0e880b0800 2058       3       java.util.Collections::emptyList (4 bytes)
Event: 6,309 Thread 0x00007f0e880b0800 nmethod 2058 0x00007f0e79741150 code [0x00007f0e797412a0, 0x00007f0e797413d0]
Event: 6,311 Thread 0x00007f0e880b0800 2059       3       sun.security.util.ObjectIdentifier::checkOtherComponent (39 bytes)
Event: 6,311 Thread 0x00007f0e880b0800 nmethod 2059 0x00007f0e7974c510 code [0x00007f0e7974c700, 0x00007f0e7974cfe8]
Event: 6,311 Thread 0x00007f0e880b0800 2060       3       sun.security.util.ObjectIdentifier::pack (219 bytes)
Event: 6,311 Thread 0x00007f0e880b0800 nmethod 2060 0x00007f0e7974d3d0 code [0x00007f0e7974d580, 0x00007f0e7974dbc8]
Event: 6,313 Thread 0x00007f0e880ab800 2062       4       java.lang.Integer::reverseBytes (26 bytes)
Event: 6,313 Thread 0x00007f0e880ab800 nmethod 2062 0x00007f0e79717b90 code [0x00007f0e79717cc0, 0x00007f0e79717d38]

GC Heap History (10 events):
Event: 1,715 GC heap before
{Heap before GC invocations=2 (full 0):
 PSYoungGen      total 18432K, used 18420K [0x00000000eb600000, 0x00000000eca80000, 0x0000000100000000)
  eden space 15872K, 100% used [0x00000000eb600000,0x00000000ec580000,0x00000000ec580000)
  from space 2560K, 99% used [0x00000000ec580000,0x00000000ec7fd298,0x00000000ec800000)
  to   space 2560K, 0% used [0x00000000ec800000,0x00000000ec800000,0x00000000eca80000)
 ParOldGen       total 42496K, used 2040K [0x00000000c2200000, 0x00000000c4b80000, 0x00000000eb600000)
  object space 42496K, 4% used [0x00000000c2200000,0x00000000c23fe040,0x00000000c4b80000)
 Metaspace       used 9920K, capacity 10260K, committed 10368K, reserved 1058816K
  class space    used 1191K, capacity 1302K, committed 1408K, reserved 1048576K
Event: 1,723 GC heap after
Heap after GC invocations=2 (full 0):
 PSYoungGen      total 18432K, used 2557K [0x00000000eb600000, 0x00000000eda00000, 0x0000000100000000)
  eden space 15872K, 0% used [0x00000000eb600000,0x00000000eb600000,0x00000000ec580000)
  from space 2560K, 99% used [0x00000000ec800000,0x00000000eca7f5f0,0x00000000eca80000)
  to   space 2560K, 0% used [0x00000000ec580000,0x00000000ec580000,0x00000000ec800000)
 ParOldGen       total 42496K, used 3480K [0x00000000c2200000, 0x00000000c4b80000, 0x00000000eb600000)
  object space 42496K, 8% used [0x00000000c2200000,0x00000000c2566100,0x00000000c4b80000)
 Metaspace       used 9920K, capacity 10260K, committed 10368K, reserved 1058816K
  class space    used 1191K, capacity 1302K, committed 1408K, reserved 1048576K
}
Event: 1,861 GC heap before
{Heap before GC invocations=3 (full 0):
 PSYoungGen      total 18432K, used 18429K [0x00000000eb600000, 0x00000000eda00000, 0x0000000100000000)
  eden space 15872K, 100% used [0x00000000eb600000,0x00000000ec580000,0x00000000ec580000)
  from space 2560K, 99% used [0x00000000ec800000,0x00000000eca7f5f0,0x00000000eca80000)
  to   space 2560K, 0% used [0x00000000ec580000,0x00000000ec580000,0x00000000ec800000)
 ParOldGen       total 42496K, used 3480K [0x00000000c2200000, 0x00000000c4b80000, 0x00000000eb600000)
  object space 42496K, 8% used [0x00000000c2200000,0x00000000c2566100,0x00000000c4b80000)
 Metaspace       used 10783K, capacity 11176K, committed 11264K, reserved 1058816K
  class space    used 1291K, capacity 1452K, committed 1536K, reserved 1048576K
Event: 1,868 GC heap after
Heap after GC invocations=3 (full 0):
 PSYoungGen      total 18432K, used 2528K [0x00000000eb600000, 0x00000000eda00000, 0x0000000100000000)
  eden space 15872K, 0% used [0x00000000eb600000,0x00000000eb600000,0x00000000ec580000)
  from space 2560K, 98% used [0x00000000ec580000,0x00000000ec7f8020,0x00000000ec800000)
  to   space 2560K, 0% used [0x00000000ed780000,0x00000000ed780000,0x00000000eda00000)
 ParOldGen       total 42496K, used 4563K [0x00000000c2200000, 0x00000000c4b80000, 0x00000000eb600000)
  object space 42496K, 10% used [0x00000000c2200000,0x00000000c2674d30,0x00000000c4b80000)
 Metaspace       used 10783K, capacity 11176K, committed 11264K, reserved 1058816K
  class space    used 1291K, capacity 1452K, committed 1536K, reserved 1048576K
}
Event: 1,991 GC heap before
{Heap before GC invocations=4 (full 0):
 PSYoungGen      total 18432K, used 18400K [0x00000000eb600000, 0x00000000eda00000, 0x0000000100000000)
  eden space 15872K, 100% used [0x00000000eb600000,0x00000000ec580000,0x00000000ec580000)
  from space 2560K, 98% used [0x00000000ec580000,0x00000000ec7f8020,0x00000000ec800000)
  to   space 2560K, 0% used [0x00000000ed780000,0x00000000ed780000,0x00000000eda00000)
 ParOldGen       total 42496K, used 4563K [0x00000000c2200000, 0x00000000c4b80000, 0x00000000eb600000)
  object space 42496K, 10% used [0x00000000c2200000,0x00000000c2674d30,0x00000000c4b80000)
 Metaspace       used 11631K, capacity 12042K, committed 12160K, reserved 1060864K
  class space    used 1403K, capacity 1559K, committed 1664K, reserved 1048576K
Event: 1,999 GC heap after
Heap after GC invocations=4 (full 0):
 PSYoungGen      total 34304K, used 2544K [0x00000000eb600000, 0x00000000eda00000, 0x0000000100000000)
  eden space 31744K, 0% used [0x00000000eb600000,0x00000000eb600000,0x00000000ed500000)
  from space 2560K, 99% used [0x00000000ed780000,0x00000000ed9fc010,0x00000000eda00000)
  to   space 2560K, 0% used [0x00000000ed500000,0x00000000ed500000,0x00000000ed780000)
 ParOldGen       total 42496K, used 5397K [0x00000000c2200000, 0x00000000c4b80000, 0x00000000eb600000)
  object space 42496K, 12% used [0x00000000c2200000,0x00000000c27455f8,0x00000000c4b80000)
 Metaspace       used 11631K, capacity 12042K, committed 12160K, reserved 1060864K
  class space    used 1403K, capacity 1559K, committed 1664K, reserved 1048576K
}
Event: 2,338 GC heap before
{Heap before GC invocations=5 (full 0):
 PSYoungGen      total 34304K, used 34288K [0x00000000eb600000, 0x00000000eda00000, 0x0000000100000000)
  eden space 31744K, 100% used [0x00000000eb600000,0x00000000ed500000,0x00000000ed500000)
  from space 2560K, 99% used [0x00000000ed780000,0x00000000ed9fc010,0x00000000eda00000)
  to   space 2560K, 0% used [0x00000000ed500000,0x00000000ed500000,0x00000000ed780000)
 ParOldGen       total 42496K, used 5397K [0x00000000c2200000, 0x00000000c4b80000, 0x00000000eb600000)
  object space 42496K, 12% used [0x00000000c2200000,0x00000000c27455f8,0x00000000c4b80000)
 Metaspace       used 13761K, capacity 14302K, committed 14464K, reserved 1062912K
  class space    used 1678K, capacity 1829K, committed 1920K, reserved 1048576K
Event: 2,348 GC heap after
Heap after GC invocations=5 (full 0):
 PSYoungGen      total 34304K, used 2528K [0x00000000eb600000, 0x00000000eff00000, 0x0000000100000000)
  eden space 31744K, 0% used [0x00000000eb600000,0x00000000eb600000,0x00000000ed500000)
  from space 2560K, 98% used [0x00000000ed500000,0x00000000ed778020,0x00000000ed780000)
  to   space 5632K, 0% used [0x00000000ef980000,0x00000000ef980000,0x00000000eff00000)
 ParOldGen       total 42496K, used 7776K [0x00000000c2200000, 0x00000000c4b80000, 0x00000000eb600000)
  object space 42496K, 18% used [0x00000000c2200000,0x00000000c29983a0,0x00000000c4b80000)
 Metaspace       used 13761K, capacity 14302K, committed 14464K, reserved 1062912K
  class space    used 1678K, capacity 1829K, committed 1920K, reserved 1048576K
}
Event: 2,725 GC heap before
{Heap before GC invocations=6 (full 0):
 PSYoungGen      total 34304K, used 34272K [0x00000000eb600000, 0x00000000eff00000, 0x0000000100000000)
  eden space 31744K, 100% used [0x00000000eb600000,0x00000000ed500000,0x00000000ed500000)
  from space 2560K, 98% used [0x00000000ed500000,0x00000000ed778020,0x00000000ed780000)
  to   space 5632K, 0% used [0x00000000ef980000,0x00000000ef980000,0x00000000eff00000)
 ParOldGen       total 42496K, used 7776K [0x00000000c2200000, 0x00000000c4b80000, 0x00000000eb600000)
  object space 42496K, 18% used [0x00000000c2200000,0x00000000c29983a0,0x00000000c4b80000)
 Metaspace       used 17795K, capacity 18366K, committed 18560K, reserved 1064960K
  class space    used 2213K, capacity 2373K, committed 2432K, reserved 1048576K
Event: 2,746 GC heap after
Heap after GC invocations=6 (full 0):
 PSYoungGen      total 66560K, used 5627K [0x00000000eb600000, 0x00000000f0400000, 0x0000000100000000)
  eden space 60928K, 0% used [0x00000000eb600000,0x00000000eb600000,0x00000000ef180000)
  from space 5632K, 99% used [0x00000000ef980000,0x00000000efefedf0,0x00000000eff00000)
  to   space 8192K, 0% used [0x00000000ef180000,0x00000000ef180000,0x00000000ef980000)
 ParOldGen       total 42496K, used 11105K [0x00000000c2200000, 0x00000000c4b80000, 0x00000000eb600000)
  object space 42496K, 26% used [0x00000000c2200000,0x00000000c2cd84a0,0x00000000c4b80000)
 Metaspace       used 17795K, capacity 18366K, committed 18560K, reserved 1064960K
  class space    used 2213K, capacity 2373K, committed 2432K, reserved 1048576K
}

Deoptimization events (10 events):
Event: 2,595 Thread 0x00007f0e8800a000 Uncommon trap: reason=class_check action=maybe_recompile pc=0x00007f0e79247a34 method=java.util.Collections$UnmodifiableCollection$1.next()Ljava/lang/Object; @ 4
Event: 2,595 Thread 0x00007f0e8800a000 Uncommon trap: reason=class_check action=maybe_recompile pc=0x00007f0e79247a34 method=java.util.Collections$UnmodifiableCollection$1.next()Ljava/lang/Object; @ 4
Event: 2,597 Thread 0x00007f0e8800a000 Uncommon trap: reason=class_check action=maybe_recompile pc=0x00007f0e791bee44 method=sun.misc.URLClassPath.getLoader(I)Lsun/misc/URLClassPath$Loader; @ 94
Event: 2,620 Thread 0x00007f0e8800a000 Uncommon trap: reason=class_check action=maybe_recompile pc=0x00007f0e792976b8 method=java.util.Collections$UnmodifiableCollection$1.<init>(Ljava/util/Collections$UnmodifiableCollection;)V @ 17
Event: 2,658 Thread 0x00007f0e8800a000 Uncommon trap: reason=class_check action=maybe_recompile pc=0x00007f0e792976b8 method=java.util.Collections$UnmodifiableCollection$1.<init>(Ljava/util/Collections$UnmodifiableCollection;)V @ 17
Event: 2,776 Thread 0x00007f0e8800a000 Uncommon trap: reason=class_check action=maybe_recompile pc=0x00007f0e79616190 method=java.util.HashMap.putVal(ILjava/lang/Object;Ljava/lang/Object;ZZ)Ljava/lang/Object; @ 253
Event: 2,792 Thread 0x00007f0e8800a000 Uncommon trap: reason=class_check action=maybe_recompile pc=0x00007f0e79616190 method=java.util.HashMap.putVal(ILjava/lang/Object;Ljava/lang/Object;ZZ)Ljava/lang/Object; @ 253
Event: 2,793 Thread 0x00007f0e8800a000 Uncommon trap: reason=class_check action=maybe_recompile pc=0x00007f0e79616190 method=java.util.HashMap.putVal(ILjava/lang/Object;Ljava/lang/Object;ZZ)Ljava/lang/Object; @ 253
Event: 2,810 Thread 0x00007f0e8800a000 Uncommon trap: reason=class_check action=maybe_recompile pc=0x00007f0e79616190 method=java.util.HashMap.putVal(ILjava/lang/Object;Ljava/lang/Object;ZZ)Ljava/lang/Object; @ 253
Event: 2,811 Thread 0x00007f0e8800a000 Uncommon trap: reason=class_check action=maybe_recompile pc=0x00007f0e7961020c method=java.util.HashMap.putVal(ILjava/lang/Object;Ljava/lang/Object;ZZ)Ljava/lang/Object; @ 253

Internal exceptions (10 events):
Event: 6,296 Thread 0x00007f0e8800a000 Exception <a 'java/security/PrivilegedActionException'> (0x00000000ebff2a20) thrown at [/HUDSON/workspace/8-2-build-linux-amd64/jdk8u25/1514/hotspot/src/share/vm/prims/jvm.cpp, line 1312]
Event: 6,296 Thread 0x00007f0e8800a000 Exception <a 'java/security/PrivilegedActionException'> (0x00000000ebff86d8) thrown at [/HUDSON/workspace/8-2-build-linux-amd64/jdk8u25/1514/hotspot/src/share/vm/prims/jvm.cpp, line 1312]
Event: 6,296 Thread 0x00007f0e8800a000 Exception <a 'java/security/PrivilegedActionException'> (0x00000000ebff9a10) thrown at [/HUDSON/workspace/8-2-build-linux-amd64/jdk8u25/1514/hotspot/src/share/vm/prims/jvm.cpp, line 1312]
Event: 6,297 Thread 0x00007f0e8800a000 Exception <a 'java/security/PrivilegedActionException'> (0x00000000ebffc068) thrown at [/HUDSON/workspace/8-2-build-linux-amd64/jdk8u25/1514/hotspot/src/share/vm/prims/jvm.cpp, line 1312]
Event: 6,297 Thread 0x00007f0e8800a000 Exception <a 'java/security/PrivilegedActionException'> (0x00000000ec002c60) thrown at [/HUDSON/workspace/8-2-build-linux-amd64/jdk8u25/1514/hotspot/src/share/vm/prims/jvm.cpp, line 1312]
Event: 6,297 Thread 0x00007f0e8800a000 Exception <a 'java/security/PrivilegedActionException'> (0x00000000ec0040e8) thrown at [/HUDSON/workspace/8-2-build-linux-amd64/jdk8u25/1514/hotspot/src/share/vm/prims/jvm.cpp, line 1312]
Event: 6,297 Thread 0x00007f0e8800a000 Exception <a 'java/security/PrivilegedActionException'> (0x00000000ec006b58) thrown at [/HUDSON/workspace/8-2-build-linux-amd64/jdk8u25/1514/hotspot/src/share/vm/prims/jvm.cpp, line 1312]
Event: 6,298 Thread 0x00007f0e8800a000 Exception <a 'java/security/PrivilegedActionException'> (0x00000000ec00da28) thrown at [/HUDSON/workspace/8-2-build-linux-amd64/jdk8u25/1514/hotspot/src/share/vm/prims/jvm.cpp, line 1312]
Event: 6,298 Thread 0x00007f0e8800a000 Exception <a 'java/security/PrivilegedActionException'> (0x00000000ec00f0f8) thrown at [/HUDSON/workspace/8-2-build-linux-amd64/jdk8u25/1514/hotspot/src/share/vm/prims/jvm.cpp, line 1312]
Event: 6,298 Thread 0x00007f0e8800a000 Exception <a 'java/security/PrivilegedActionException'> (0x00000000ec0122d8) thrown at [/HUDSON/workspace/8-2-build-linux-amd64/jdk8u25/1514/hotspot/src/share/vm/prims/jvm.cpp, line 1312]

Events (10 events):
Event: 6,312 loading class sun/security/util/MemoryCache$CacheEntry done
Event: 6,312 loading class sun/security/util/MemoryCache$SoftCacheEntry done
Event: 6,312 loading class java/security/KeyStore$PasswordProtection
Event: 6,312 loading class java/security/KeyStore$PasswordProtection done
Event: 6,312 loading class sun/security/provider/JavaKeyStore$TrustedCertEntry
Event: 6,312 loading class sun/security/provider/JavaKeyStore$TrustedCertEntry done
Event: 6,312 loading class sun/security/provider/KeyProtector
Event: 6,312 loading class sun/security/provider/KeyProtector done
Event: 6,312 loading class sun/security/pkcs/EncryptedPrivateKeyInfo
Event: 6,312 loading class sun/security/pkcs/EncryptedPrivateKeyInfo done


Dynamic libraries:
00400000-00401000 r-xp 00000000 08:03 1719663                            /usr/lib/jvm/java-8-oracle/jre/bin/java
00600000-00601000 rw-p 00000000 08:03 1719663                            /usr/lib/jvm/java-8-oracle/jre/bin/java
00c45000-00c66000 rw-p 00000000 00:00 0                                  [heap]
c2200000-c4b80000 rw-p 00000000 00:00 0 
c4b80000-eb600000 ---p 00000000 00:00 0 
eb600000-f0400000 rw-p 00000000 00:00 0 
f0400000-100000000 ---p 00000000 00:00 0 
100000000-100280000 rw-p 00000000 00:00 0 
100280000-140000000 ---p 00000000 00:00 0 
7f0e2c000000-7f0e2c021000 rw-p 00000000 00:00 0 
7f0e2c021000-7f0e30000000 ---p 00000000 00:00 0 
7f0e34000000-7f0e34021000 rw-p 00000000 00:00 0 
7f0e34021000-7f0e38000000 ---p 00000000 00:00 0 
7f0e38000000-7f0e38021000 rw-p 00000000 00:00 0 
7f0e38021000-7f0e3c000000 ---p 00000000 00:00 0 
7f0e3c000000-7f0e3c021000 rw-p 00000000 00:00 0 
7f0e3c021000-7f0e40000000 ---p 00000000 00:00 0 
7f0e40000000-7f0e40021000 rw-p 00000000 00:00 0 
7f0e40021000-7f0e44000000 ---p 00000000 00:00 0 
7f0e44000000-7f0e44787000 rw-p 00000000 00:00 0 
7f0e44787000-7f0e48000000 ---p 00000000 00:00 0 
7f0e48000000-7f0e48484000 rw-p 00000000 00:00 0 
7f0e48484000-7f0e4c000000 ---p 00000000 00:00 0 
7f0e4c000000-7f0e4c021000 rw-p 00000000 00:00 0 
7f0e4c021000-7f0e50000000 ---p 00000000 00:00 0 
7f0e50000000-7f0e506a7000 rw-p 00000000 00:00 0 
7f0e506a7000-7f0e54000000 ---p 00000000 00:00 0 
7f0e54000000-7f0e54021000 rw-p 00000000 00:00 0 
7f0e54021000-7f0e58000000 ---p 00000000 00:00 0 
7f0e58000000-7f0e58021000 rw-p 00000000 00:00 0 
7f0e58021000-7f0e5c000000 ---p 00000000 00:00 0 
7f0e5c000000-7f0e5c021000 rw-p 00000000 00:00 0 
7f0e5c021000-7f0e60000000 ---p 00000000 00:00 0 
7f0e60000000-7f0e60021000 rw-p 00000000 00:00 0 
7f0e60021000-7f0e64000000 ---p 00000000 00:00 0 
7f0e64000000-7f0e64021000 rw-p 00000000 00:00 0 
7f0e64021000-7f0e68000000 ---p 00000000 00:00 0 
7f0e6c000000-7f0e6c021000 rw-p 00000000 00:00 0 
7f0e6c021000-7f0e70000000 ---p 00000000 00:00 0 
7f0e7084d000-7f0e7094d000 rw-p 00000000 00:00 0 
7f0e7094d000-7f0e70a4d000 ---p 00000000 00:00 0 
7f0e70ab6000-7f0e70ab8000 rw-p 00000000 00:00 0 
7f0e70ab8000-7f0e70abc000 r--s 00093000 08:03 1719336                    /usr/lib/jvm/java-8-oracle/jre/lib/jsse.jar
7f0e70abc000-7f0e70cbc000 rw-p 00000000 00:00 0 
7f0e70cbc000-7f0e70ebc000 rw-p 00000000 00:00 0 
7f0e70ebc000-7f0e70ebf000 ---p 00000000 00:00 0 
7f0e70ebf000-7f0e70fbd000 rw-p 00000000 00:00 0 
7f0e70fbd000-7f0e70fc0000 ---p 00000000 00:00 0 
7f0e70fc0000-7f0e710be000 rw-p 00000000 00:00 0 
7f0e710be000-7f0e710c1000 ---p 00000000 00:00 0 
7f0e710c1000-7f0e712f7000 rw-p 00000000 00:00 0                          [stack:31953]
7f0e712f7000-7f0e714f7000 rw-p 00000000 00:00 0 
7f0e714f7000-7f0e7150a000 r--s 00344000 08:03 1719408                    /usr/lib/jvm/java-8-oracle/jre/lib/resources.jar
7f0e7150a000-7f0e7150b000 ---p 00000000 00:00 0 
7f0e7150b000-7f0e7160b000 rw-p 00000000 00:00 0                          [stack:31951]
7f0e7160b000-7f0e7160e000 ---p 00000000 00:00 0 
7f0e7160e000-7f0e7170c000 rw-p 00000000 00:00 0                          [stack:31950]
7f0e7170c000-7f0e7170f000 ---p 00000000 00:00 0 
7f0e7170f000-7f0e7180d000 rw-p 00000000 00:00 0                          [stack:31949]
7f0e7180d000-7f0e71810000 ---p 00000000 00:00 0 
7f0e71810000-7f0e7190e000 rw-p 00000000 00:00 0                          [stack:31948]
7f0e7190e000-7f0e71911000 ---p 00000000 00:00 0 
7f0e71911000-7f0e71a0f000 rw-p 00000000 00:00 0                          [stack:31947]
7f0e71a0f000-7f0e71a12000 ---p 00000000 00:00 0 
7f0e71a12000-7f0e71b10000 rw-p 00000000 00:00 0                          [stack:31946]
7f0e71b10000-7f0e71f0e000 r--p 00000000 08:03 1704955                    /usr/lib/locale/locale-archive
7f0e71f0e000-7f0e71f11000 ---p 00000000 00:00 0 
7f0e71f11000-7f0e7200f000 rw-p 00000000 00:00 0                          [stack:31945]
7f0e7200f000-7f0e72012000 ---p 00000000 00:00 0 
7f0e72012000-7f0e74000000 rw-p 00000000 00:00 0                          [stack:31944]
7f0e74000000-7f0e74021000 rw-p 00000000 00:00 0 
7f0e74021000-7f0e78000000 ---p 00000000 00:00 0 
7f0e78000000-7f0e78001000 rw-p 00000000 00:00 0 
7f0e78001000-7f0e78003000 r--s 00008000 08:03 796178                     /opt/android-sdk-linux/tools/lib/emma_ant.jar
7f0e78003000-7f0e7800b000 r--s 00061000 08:03 796222                     /opt/android-sdk-linux/tools/lib/emma.jar
7f0e7800b000-7f0e78010000 r--s 00046000 08:03 796274                     /opt/android-sdk-linux/tools/lib/sdk-common.jar
7f0e78010000-7f0e78012000 r--s 0000d000 08:03 796227                     /opt/android-sdk-linux/tools/lib/commons-codec-1.4.jar
7f0e78012000-7f0e78014000 r--s 0000d000 08:03 796276                     /opt/android-sdk-linux/tools/lib/commons-logging-1.1.1.jar
7f0e78014000-7f0e78019000 r--s 00028000 08:03 796211                     /opt/android-sdk-linux/tools/lib/httpcore-4.1.jar
7f0e78019000-7f0e78021000 r--s 0004e000 08:03 796233                     /opt/android-sdk-linux/tools/lib/httpclient-4.1.1.jar
7f0e78021000-7f0e78028000 r--s 00053000 08:03 796284                     /opt/android-sdk-linux/tools/lib/commons-compress-1.8.1.jar
7f0e78028000-7f0e78032000 r--s 000a6000 08:03 796231                     /opt/android-sdk-linux/tools/lib/sdklib.jar
7f0e78032000-7f0e7805c000 r--s 001e9000 08:03 796219                     /opt/android-sdk-linux/tools/lib/guava-15.0.jar
7f0e7805c000-7f0e78078000 r--s 00393000 08:03 1719423                    /usr/lib/jvm/java-8-oracle/jre/lib/ext/cldrdata.jar
7f0e78078000-7f0e780f1000 r--s 010df000 08:03 1718740                    /usr/lib/jvm/java-8-oracle/lib/tools.jar
7f0e780f1000-7f0e780f2000 ---p 00000000 00:00 0 
7f0e780f2000-7f0e79000000 rw-p 00000000 00:00 0                          [stack:31943]
7f0e79000000-7f0e79760000 rwxp 00000000 00:00 0 
7f0e79760000-7f0e88000000 ---p 00000000 00:00 0 
7f0e88000000-7f0e88ac7000 rw-p 00000000 00:00 0 
7f0e88ac7000-7f0e8c000000 ---p 00000000 00:00 0 
7f0e8c000000-7f0e8c002000 r--s 00005000 08:03 796216                     /opt/android-sdk-linux/tools/lib/httpmime-4.1.jar
7f0e8c002000-7f0e8c003000 r--s 00004000 08:03 796228                     /opt/android-sdk-linux/tools/lib/dvlib.jar
7f0e8c003000-7f0e8c004000 r--s 0000a000 08:03 796217                     /opt/android-sdk-linux/tools/lib/kxml2-2.3.0.jar
7f0e8c004000-7f0e8c006000 r--s 00010000 08:03 796218                     /opt/android-sdk-linux/tools/lib/layoutlib-api.jar
7f0e8c006000-7f0e8c008000 r--s 00012000 08:03 796245                     /opt/android-sdk-linux/tools/lib/common.jar
7f0e8c008000-7f0e8c00b000 r--s 00028000 08:03 796241                     /opt/android-sdk-linux/tools/lib/manifest-merger.jar
7f0e8c00b000-7f0e8c00d000 r--s 00017000 08:03 796220                     /opt/android-sdk-linux/tools/lib/ant-tasks.jar
7f0e8c00d000-7f0e8c017000 r--s 00116000 08:03 1719424                    /usr/lib/jvm/java-8-oracle/jre/lib/ext/localedata.jar
7f0e8c017000-7f0e8c018000 r--s 00004000 08:03 1983726                    /usr/share/java/ant-launcher-1.9.3.jar
7f0e8c018000-7f0e8c01a000 r--s 00004000 08:03 1983747                    /usr/share/java/ant-testutil-1.9.3.jar
7f0e8c01a000-7f0e8c01b000 r--s 00002000 08:03 1983742                    /usr/share/java/ant-apache-oro-1.9.3.jar
7f0e8c01b000-7f0e8c01c000 r--s 00002000 08:03 1983751                    /usr/share/java/ant-apache-resolver-1.9.3.jar
7f0e8c01c000-7f0e8c01f000 r--s 0001a000 08:03 1983750                    /usr/share/java/ant-junit-1.9.3.jar
7f0e8c01f000-7f0e8c020000 r--s 00002000 08:03 1983738                    /usr/share/java/ant-apache-regexp-1.9.3.jar
7f0e8c020000-7f0e8c022000 r--s 00001000 08:03 1983736                    /usr/share/java/ant-apache-log4j-1.9.3.jar
7f0e8c022000-7f0e8c023000 r--s 00002000 08:03 1983739                    /usr/share/java/ant-antlr-1.9.3.jar
7f0e8c023000-7f0e8c042000 r--s 001cc000 08:03 1983725                    /usr/share/java/ant-1.9.3.jar
7f0e8c042000-7f0e8c043000 r--s 00002000 08:03 1983752                    /usr/share/java/ant-commons-logging-1.9.3.jar
7f0e8c043000-7f0e8c044000 r--s 00002000 08:03 1983740                    /usr/share/java/ant-apache-bsf-1.9.3.jar
7f0e8c044000-7f0e8c046000 r--s 00002000 08:03 1983746                    /usr/share/java/ant-junit4-1.9.3.jar
7f0e8c046000-7f0e8c047000 r--s 00003000 08:03 1983743                    /usr/share/java/ant-javamail-1.9.3.jar
7f0e8c047000-7f0e8c048000 r--s 00003000 08:03 1983735                    /usr/share/java/ant-swing-1.9.3.jar
7f0e8c048000-7f0e8c04b000 r--s 00014000 08:03 1983745                    /usr/share/java/ant-commons-net-1.9.3.jar
7f0e8c04b000-7f0e8c04c000 r--s 00003000 08:03 1983744                    /usr/share/java/ant-apache-bcel-1.9.3.jar
7f0e8c04c000-7f0e8c04e000 r--s 00002000 08:03 1983741                    /usr/share/java/ant-jmf-1.9.3.jar
7f0e8c04e000-7f0e8c057000 r--s 00031000 08:03 1983706                    /usr/share/java/xml-apis-1.4.01.jar
7f0e8c057000-7f0e8c070000 r--s 00132000 08:03 1983712                    /usr/share/java/xercesImpl-2.11.0.jar
7f0e8c070000-7f0e8c223000 rw-p 00000000 00:00 0 
7f0e8c223000-7f0e8c3f9000 r--s 03caa000 08:03 1719620                    /usr/lib/jvm/java-8-oracle/jre/lib/rt.jar
7f0e8c3f9000-7f0e8ce5e000 rw-p 00000000 00:00 0 
7f0e8ce5e000-7f0e8ce5f000 ---p 00000000 00:00 0 
7f0e8ce5f000-7f0e8cf5f000 rw-p 00000000 00:00 0                          [stack:31942]
7f0e8cf5f000-7f0e8cf60000 ---p 00000000 00:00 0 
7f0e8cf60000-7f0e8d060000 rw-p 00000000 00:00 0                          [stack:31941]
7f0e8d060000-7f0e8d061000 ---p 00000000 00:00 0 
7f0e8d061000-7f0e8d161000 rw-p 00000000 00:00 0                          [stack:31940]
7f0e8d161000-7f0e8d162000 ---p 00000000 00:00 0 
7f0e8d162000-7f0e8d277000 rw-p 00000000 00:00 0                          [stack:31939]
7f0e8d277000-7f0e8d3ac000 ---p 00000000 00:00 0 
7f0e8d3ac000-7f0e8d3c1000 rw-p 00000000 00:00 0 
7f0e8d3c1000-7f0e8d4f6000 ---p 00000000 00:00 0 
7f0e8d4f6000-7f0e8d51d000 rw-p 00000000 00:00 0 
7f0e8d51d000-7f0e8d59b000 ---p 00000000 00:00 0 
7f0e8d59b000-7f0e8d5ba000 rw-p 00000000 00:00 0 
7f0e8d5ba000-7f0e8d95c000 ---p 00000000 00:00 0 
7f0e8d95c000-7f0e8d976000 r-xp 00000000 08:03 1719386                    /usr/lib/jvm/java-8-oracle/jre/lib/amd64/libzip.so
7f0e8d976000-7f0e8db76000 ---p 0001a000 08:03 1719386                    /usr/lib/jvm/java-8-oracle/jre/lib/amd64/libzip.so
7f0e8db76000-7f0e8db77000 rw-p 0001a000 08:03 1719386                    /usr/lib/jvm/java-8-oracle/jre/lib/amd64/libzip.so
7f0e8db77000-7f0e8db82000 r-xp 00000000 08:03 2103193                    /lib/x86_64-linux-gnu/libnss_files-2.19.so
7f0e8db82000-7f0e8dd81000 ---p 0000b000 08:03 2103193                    /lib/x86_64-linux-gnu/libnss_files-2.19.so
7f0e8dd81000-7f0e8dd82000 r--p 0000a000 08:03 2103193                    /lib/x86_64-linux-gnu/libnss_files-2.19.so
7f0e8dd82000-7f0e8dd83000 rw-p 0000b000 08:03 2103193                    /lib/x86_64-linux-gnu/libnss_files-2.19.so
7f0e8dd83000-7f0e8dd8e000 r-xp 00000000 08:03 2103194                    /lib/x86_64-linux-gnu/libnss_nis-2.19.so
7f0e8dd8e000-7f0e8df8d000 ---p 0000b000 08:03 2103194                    /lib/x86_64-linux-gnu/libnss_nis-2.19.so
7f0e8df8d000-7f0e8df8e000 r--p 0000a000 08:03 2103194                    /lib/x86_64-linux-gnu/libnss_nis-2.19.so
7f0e8df8e000-7f0e8df8f000 rw-p 0000b000 08:03 2103194                    /lib/x86_64-linux-gnu/libnss_nis-2.19.so
7f0e8df8f000-7f0e8dfa6000 r-xp 00000000 08:03 2102533                    /lib/x86_64-linux-gnu/libnsl-2.19.so
7f0e8dfa6000-7f0e8e1a5000 ---p 00017000 08:03 2102533                    /lib/x86_64-linux-gnu/libnsl-2.19.so
7f0e8e1a5000-7f0e8e1a6000 r--p 00016000 08:03 2102533                    /lib/x86_64-linux-gnu/libnsl-2.19.so
7f0e8e1a6000-7f0e8e1a7000 rw-p 00017000 08:03 2102533                    /lib/x86_64-linux-gnu/libnsl-2.19.so
7f0e8e1a7000-7f0e8e1a9000 rw-p 00000000 00:00 0 
7f0e8e1a9000-7f0e8e1b2000 r-xp 00000000 08:03 2102431                    /lib/x86_64-linux-gnu/libnss_compat-2.19.so
7f0e8e1b2000-7f0e8e3b1000 ---p 00009000 08:03 2102431                    /lib/x86_64-linux-gnu/libnss_compat-2.19.so
7f0e8e3b1000-7f0e8e3b2000 r--p 00008000 08:03 2102431                    /lib/x86_64-linux-gnu/libnss_compat-2.19.so
7f0e8e3b2000-7f0e8e3b3000 rw-p 00009000 08:03 2102431                    /lib/x86_64-linux-gnu/libnss_compat-2.19.so
7f0e8e3b3000-7f0e8e3dd000 r-xp 00000000 08:03 1719352                    /usr/lib/jvm/java-8-oracle/jre/lib/amd64/libjava.so
7f0e8e3dd000-7f0e8e5dd000 ---p 0002a000 08:03 1719352                    /usr/lib/jvm/java-8-oracle/jre/lib/amd64/libjava.so
7f0e8e5dd000-7f0e8e5df000 rw-p 0002a000 08:03 1719352                    /usr/lib/jvm/java-8-oracle/jre/lib/amd64/libjava.so
7f0e8e5df000-7f0e8e5ec000 r-xp 00000000 08:03 1719370                    /usr/lib/jvm/java-8-oracle/jre/lib/amd64/libverify.so
7f0e8e5ec000-7f0e8e7ec000 ---p 0000d000 08:03 1719370                    /usr/lib/jvm/java-8-oracle/jre/lib/amd64/libverify.so
7f0e8e7ec000-7f0e8e7ee000 rw-p 0000d000 08:03 1719370                    /usr/lib/jvm/java-8-oracle/jre/lib/amd64/libverify.so
7f0e8e7ee000-7f0e8e7f5000 r-xp 00000000 08:03 2102576                    /lib/x86_64-linux-gnu/librt-2.19.so
7f0e8e7f5000-7f0e8e9f4000 ---p 00007000 08:03 2102576                    /lib/x86_64-linux-gnu/librt-2.19.so
7f0e8e9f4000-7f0e8e9f5000 r--p 00006000 08:03 2102576                    /lib/x86_64-linux-gnu/librt-2.19.so
7f0e8e9f5000-7f0e8e9f6000 rw-p 00007000 08:03 2102576                    /lib/x86_64-linux-gnu/librt-2.19.so
7f0e8e9f6000-7f0e8eafb000 r-xp 00000000 08:03 2102682                    /lib/x86_64-linux-gnu/libm-2.19.so
7f0e8eafb000-7f0e8ecfa000 ---p 00105000 08:03 2102682                    /lib/x86_64-linux-gnu/libm-2.19.so
7f0e8ecfa000-7f0e8ecfb000 r--p 00104000 08:03 2102682                    /lib/x86_64-linux-gnu/libm-2.19.so
7f0e8ecfb000-7f0e8ecfc000 rw-p 00105000 08:03 2102682                    /lib/x86_64-linux-gnu/libm-2.19.so
7f0e8ecfc000-7f0e8f969000 r-xp 00000000 08:03 1719359                    /usr/lib/jvm/java-8-oracle/jre/lib/amd64/server/libjvm.so
7f0e8f969000-7f0e8fb68000 ---p 00c6d000 08:03 1719359                    /usr/lib/jvm/java-8-oracle/jre/lib/amd64/server/libjvm.so
7f0e8fb68000-7f0e8fc3e000 rw-p 00c6c000 08:03 1719359                    /usr/lib/jvm/java-8-oracle/jre/lib/amd64/server/libjvm.so
7f0e8fc3e000-7f0e8fc81000 rw-p 00000000 00:00 0 
7f0e8fc81000-7f0e8fe3c000 r-xp 00000000 08:03 2102633                    /lib/x86_64-linux-gnu/libc-2.19.so
7f0e8fe3c000-7f0e9003c000 ---p 001bb000 08:03 2102633                    /lib/x86_64-linux-gnu/libc-2.19.so
7f0e9003c000-7f0e90040000 r--p 001bb000 08:03 2102633                    /lib/x86_64-linux-gnu/libc-2.19.so
7f0e90040000-7f0e90042000 rw-p 001bf000 08:03 2102633                    /lib/x86_64-linux-gnu/libc-2.19.so
7f0e90042000-7f0e90047000 rw-p 00000000 00:00 0 
7f0e90047000-7f0e9004a000 r-xp 00000000 08:03 2103199                    /lib/x86_64-linux-gnu/libdl-2.19.so
7f0e9004a000-7f0e90249000 ---p 00003000 08:03 2103199                    /lib/x86_64-linux-gnu/libdl-2.19.so
7f0e90249000-7f0e9024a000 r--p 00002000 08:03 2103199                    /lib/x86_64-linux-gnu/libdl-2.19.so
7f0e9024a000-7f0e9024b000 rw-p 00003000 08:03 2103199                    /lib/x86_64-linux-gnu/libdl-2.19.so
7f0e9024b000-7f0e90260000 r-xp 00000000 08:03 1719341                    /usr/lib/jvm/java-8-oracle/jre/lib/amd64/jli/libjli.so
7f0e90260000-7f0e9045f000 ---p 00015000 08:03 1719341                    /usr/lib/jvm/java-8-oracle/jre/lib/amd64/jli/libjli.so
7f0e9045f000-7f0e90460000 rw-p 00014000 08:03 1719341                    /usr/lib/jvm/java-8-oracle/jre/lib/amd64/jli/libjli.so
7f0e90460000-7f0e90479000 r-xp 00000000 08:03 2103200                    /lib/x86_64-linux-gnu/libpthread-2.19.so
7f0e90479000-7f0e90678000 ---p 00019000 08:03 2103200                    /lib/x86_64-linux-gnu/libpthread-2.19.so
7f0e90678000-7f0e90679000 r--p 00018000 08:03 2103200                    /lib/x86_64-linux-gnu/libpthread-2.19.so
7f0e90679000-7f0e9067a000 rw-p 00019000 08:03 2103200                    /lib/x86_64-linux-gnu/libpthread-2.19.so
7f0e9067a000-7f0e9067e000 rw-p 00000000 00:00 0 
7f0e9067e000-7f0e906a1000 r-xp 00000000 08:03 2102634                    /lib/x86_64-linux-gnu/ld-2.19.so
7f0e906a1000-7f0e906a2000 r--s 00001000 08:03 1983748                    /usr/share/java/ant-apache-xalan2-1.9.3.jar
7f0e906a2000-7f0e906a4000 r--s 0000a000 08:03 1983737                    /usr/share/java/ant-jsch-1.9.3.jar
7f0e906a4000-7f0e906a6000 r--s 00015000 08:03 1983700                    /usr/share/java/xml-resolver-1.2.jar
7f0e906a6000-7f0e906ab000 r--s 00010000 08:03 1983705                    /usr/share/java/xml-apis-ext-1.4.01.jar
7f0e906ab000-7f0e90784000 rw-p 00000000 00:00 0 
7f0e90784000-7f0e90787000 ---p 00000000 00:00 0 
7f0e90787000-7f0e90889000 rw-p 00000000 00:00 0                          [stack:31938]
7f0e90889000-7f0e9088a000 r--s 00003000 08:03 1983749                    /usr/share/java/ant-jdepend-1.9.3.jar
7f0e9088a000-7f0e90893000 r--s 00031000 08:03 1983706                    /usr/share/java/xml-apis-1.4.01.jar
7f0e90893000-7f0e90894000 r--s 00004000 08:03 1983726                    /usr/share/java/ant-launcher-1.9.3.jar
7f0e90894000-7f0e9089c000 rw-s 00000000 08:03 1844502                    /tmp/hsperfdata_sergio/31936
7f0e9089c000-7f0e9089d000 rw-p 00000000 00:00 0 
7f0e9089d000-7f0e9089e000 r--p 00000000 00:00 0 
7f0e9089e000-7f0e908a0000 rw-p 00000000 00:00 0 
7f0e908a0000-7f0e908a1000 r--p 00022000 08:03 2102634                    /lib/x86_64-linux-gnu/ld-2.19.so
7f0e908a1000-7f0e908a2000 rw-p 00023000 08:03 2102634                    /lib/x86_64-linux-gnu/ld-2.19.so
7f0e908a2000-7f0e908a3000 rw-p 00000000 00:00 0 
7fff73db7000-7fff73dd8000 rw-p 00000000 00:00 0                          [stack]
7fff73dfe000-7fff73e00000 r-xp 00000000 00:00 0                          [vdso]
ffffffffff600000-ffffffffff601000 r-xp 00000000 00:00 0                  [vsyscall]

VM Arguments:
jvm_args: -Dant.home=/usr/share/ant -Dant.library.dir=/usr/share/ant/lib 
java_command: org.apache.tools.ant.launch.Launcher -cp  debug -f /home/sergio/IWEB/practica6/platforms/android/build.xml -Dout.dir=ant-build -Dgen.absolute.dir=ant-gen
java_class_path (initial): /usr/share/ant/lib/ant-launcher.jar:/usr/share/java/xmlParserAPIs.jar:/usr/share/java/xercesImpl.jar
Launcher Type: SUN_STANDARD

Environment Variables:
JAVA_HOME=/usr/lib/jvm/java-8-oracle
PATH=/usr/local/sbin:/usr/local/bin:/usr/sbin:/usr/bin:/sbin:/bin:/usr/games:/usr/local/games:/opt/android-sdk-linux/tools:/opt/android-sdk-linux/platform-tools:/opt/android-sdk-linux/bin
SHELL=/bin/bash
DISPLAY=:0

Signal Handlers:
SIGSEGV: [libjvm.so+0xa79a80], sa_mask[0]=11111111011111111101111111111110, sa_flags=SA_RESTART|SA_SIGINFO
SIGBUS: [libjvm.so+0xa79a80], sa_mask[0]=11111111011111111101111111111110, sa_flags=SA_RESTART|SA_SIGINFO
SIGFPE: [libjvm.so+0x8e24e0], sa_mask[0]=11111111011111111101111111111110, sa_flags=SA_RESTART|SA_SIGINFO
SIGPIPE: [libjvm.so+0x8e24e0], sa_mask[0]=11111111011111111101111111111110, sa_flags=SA_RESTART|SA_SIGINFO
SIGXFSZ: [libjvm.so+0x8e24e0], sa_mask[0]=11111111011111111101111111111110, sa_flags=SA_RESTART|SA_SIGINFO
SIGILL: [libjvm.so+0x8e24e0], sa_mask[0]=11111111011111111101111111111110, sa_flags=SA_RESTART|SA_SIGINFO
SIGUSR1: SIG_DFL, sa_mask[0]=00000000000000000000000000000000, sa_flags=none
SIGUSR2: [libjvm.so+0x8e3d10], sa_mask[0]=00000000000000000000000000000000, sa_flags=SA_RESTART|SA_SIGINFO
SIGHUP: [libjvm.so+0x8e50d0], sa_mask[0]=11111111011111111101111111111110, sa_flags=SA_RESTART|SA_SIGINFO
SIGINT: [libjvm.so+0x8e50d0], sa_mask[0]=11111111011111111101111111111110, sa_flags=SA_RESTART|SA_SIGINFO
SIGTERM: [libjvm.so+0x8e50d0], sa_mask[0]=11111111011111111101111111111110, sa_flags=SA_RESTART|SA_SIGINFO
SIGQUIT: [libjvm.so+0x8e50d0], sa_mask[0]=11111111011111111101111111111110, sa_flags=SA_RESTART|SA_SIGINFO


---------------  S Y S T E M  ---------------

OS:DISTRIB_ID="elementary OS"
DISTRIB_RELEASE=0.3
DISTRIB_CODENAME=freya
DISTRIB_DESCRIPTION="elementary OS Freya"

uname:Linux 3.13.0-39-generic #66-Ubuntu SMP Tue Oct 28 13:30:27 UTC 2014 x86_64
libc:glibc 2.19 NPTL 2.19 
rlimit: STACK 8192k, CORE 0k, NPROC 31387, NOFILE 4096, AS infinity
load average:0,47 0,26 0,25

/proc/meminfo:
MemTotal:        4046980 kB
MemFree:          733036 kB
Buffers:           84072 kB
Cached:          1397496 kB
SwapCached:          536 kB
Active:          1866116 kB
Inactive:        1102696 kB
Active(anon):    1093232 kB
Inactive(anon):   419204 kB
Active(file):     772884 kB
Inactive(file):   683492 kB
Unevictable:           0 kB
Mlocked:               0 kB
SwapTotal:       1771516 kB
SwapFree:        1707856 kB
Dirty:              2736 kB
Writeback:             0 kB
AnonPages:       1486888 kB
Mapped:           249644 kB
Shmem:             25044 kB
Slab:             203264 kB
SReclaimable:     171116 kB
SUnreclaim:        32148 kB
KernelStack:        4176 kB
PageTables:        30460 kB
NFS_Unstable:          0 kB
Bounce:                0 kB
WritebackTmp:          0 kB
CommitLimit:     3795004 kB
Committed_AS:    4928320 kB
VmallocTotal:   34359738367 kB
VmallocUsed:      307296 kB
VmallocChunk:   34359425532 kB
HardwareCorrupted:     0 kB
AnonHugePages:    450560 kB
HugePages_Total:       0
HugePages_Free:        0
HugePages_Rsvd:        0
HugePages_Surp:        0
Hugepagesize:       2048 kB
DirectMap4k:      213952 kB
DirectMap2M:     3979264 kB


CPU:total 4 (4 cores per cpu, 1 threads per core) family 6 model 23 stepping 7, cmov, cx8, fxsr, mmx, sse, sse2, sse3, ssse3, sse4.1, tsc

/proc/cpuinfo:
processor	: 0
vendor_id	: GenuineIntel
cpu family	: 6
model		: 23
model name	: Intel(R) Core(TM)2 Quad  CPU   Q9550  @ 2.83GHz
stepping	: 7
microcode	: 0x705
cpu MHz		: 2834.000
cache size	: 6144 KB
physical id	: 0
siblings	: 4
core id		: 0
cpu cores	: 4
apicid		: 0
initial apicid	: 0
fpu		: yes
fpu_exception	: yes
cpuid level	: 10
wp		: yes
flags		: fpu vme de pse tsc msr pae mce cx8 apic sep mtrr pge mca cmov pat pse36 clflush dts acpi mmx fxsr sse sse2 ss ht tm pbe syscall nx lm constant_tsc arch_perfmon pebs bts rep_good nopl aperfmperf pni dtes64 monitor ds_cpl vmx smx est tm2 ssse3 cx16 xtpr pdcm sse4_1 lahf_lm dtherm tpr_shadow vnmi flexpriority
bogomips	: 5666.28
clflush size	: 64
cache_alignment	: 64
address sizes	: 36 bits physical, 48 bits virtual
power management:

processor	: 1
vendor_id	: GenuineIntel
cpu family	: 6
model		: 23
model name	: Intel(R) Core(TM)2 Quad  CPU   Q9550  @ 2.83GHz
stepping	: 7
microcode	: 0x705
cpu MHz		: 2834.000
cache size	: 6144 KB
physical id	: 0
siblings	: 4
core id		: 3
cpu cores	: 4
apicid		: 3
initial apicid	: 3
fpu		: yes
fpu_exception	: yes
cpuid level	: 10
wp		: yes
flags		: fpu vme de pse tsc msr pae mce cx8 apic sep mtrr pge mca cmov pat pse36 clflush dts acpi mmx fxsr sse sse2 ss ht tm pbe syscall nx lm constant_tsc arch_perfmon pebs bts rep_good nopl aperfmperf pni dtes64 monitor ds_cpl vmx smx est tm2 ssse3 cx16 xtpr pdcm sse4_1 lahf_lm dtherm tpr_shadow vnmi flexpriority
bogomips	: 5666.28
clflush size	: 64
cache_alignment	: 64
address sizes	: 36 bits physical, 48 bits virtual
power management:

processor	: 2
vendor_id	: GenuineIntel
cpu family	: 6
model		: 23
model name	: Intel(R) Core(TM)2 Quad  CPU   Q9550  @ 2.83GHz
stepping	: 7
microcode	: 0x705
cpu MHz		: 2834.000
cache size	: 6144 KB
physical id	: 0
siblings	: 4
core id		: 2
cpu cores	: 4
apicid		: 2
initial apicid	: 2
fpu		: yes
fpu_exception	: yes
cpuid level	: 10
wp		: yes
flags		: fpu vme de pse tsc msr pae mce cx8 apic sep mtrr pge mca cmov pat pse36 clflush dts acpi mmx fxsr sse sse2 ss ht tm pbe syscall nx lm constant_tsc arch_perfmon pebs bts rep_good nopl aperfmperf pni dtes64 monitor ds_cpl vmx smx est tm2 ssse3 cx16 xtpr pdcm sse4_1 lahf_lm dtherm tpr_shadow vnmi flexpriority
bogomips	: 5666.28
clflush size	: 64
cache_alignment	: 64
address sizes	: 36 bits physical, 48 bits virtual
power management:

processor	: 3
vendor_id	: GenuineIntel
cpu family	: 6
model		: 23
model name	: Intel(R) Core(TM)2 Quad  CPU   Q9550  @ 2.83GHz
stepping	: 7
microcode	: 0x705
cpu MHz		: 2834.000
cache size	: 6144 KB
physical id	: 0
siblings	: 4
core id		: 1
cpu cores	: 4
apicid		: 1
initial apicid	: 1
fpu		: yes
fpu_exception	: yes
cpuid level	: 10
wp		: yes
flags		: fpu vme de pse tsc msr pae mce cx8 apic sep mtrr pge mca cmov pat pse36 clflush dts acpi mmx fxsr sse sse2 ss ht tm pbe syscall nx lm constant_tsc arch_perfmon pebs bts rep_good nopl aperfmperf pni dtes64 monitor ds_cpl vmx smx est tm2 ssse3 cx16 xtpr pdcm sse4_1 lahf_lm dtherm tpr_shadow vnmi flexpriority
bogomips	: 5666.28
clflush size	: 64
cache_alignment	: 64
address sizes	: 36 bits physical, 48 bits virtual
power management:



Memory: 4k page, physical 4046980k(733036k free), swap 1771516k(1707856k free)

vm_info: Java HotSpot(TM) 64-Bit Server VM (25.25-b02) for linux-amd64 JRE (1.8.0_25-b17), built on Sep 17 2014 17:32:11 by "java_re" with gcc 4.3.0 20080428 (Red Hat 4.3.0-8)

time: Wed Nov 26 22:38:39 2014
elapsed time: 6 seconds (0d 0h 0m 6s)

