#
# A fatal error has been detected by the Java Runtime Environment:
#
#  SIGSEGV (0xb) at pc=0x00007f2c96005060, pid=11040, tid=139830904116992
#
# JRE version: Java(TM) SE Runtime Environment (8.0_25-b17) (build 1.8.0_25-b17)
# Java VM: Java HotSpot(TM) 64-Bit Server VM (25.25-b02 mixed mode linux-amd64 compressed oops)
# Problematic frame:
# C  0x00007f2c96005060
#
# Failed to write core dump. Core dumps have been disabled. To enable core dumping, try "ulimit -c unlimited" before starting Java again
#
# If you would like to submit a bug report, please visit:
#   http://bugreport.sun.com/bugreport/crash.jsp
#

---------------  T H R E A D  ---------------

Current thread (0x00007f2ce400a000):  JavaThread "main" [_thread_in_Java, id=11042, stack(0x00007f2ceb4e5000,0x00007f2ceb5e6000)]

siginfo: si_signo: 11 (SIGSEGV), si_code: 1 (SEGV_MAPERR), si_addr: 0x00007f2c96005060

Registers:
RAX=0x000000010004ca30, RBX=0x00007f2cd4527c88, RCX=0x0000000000000000, RDX=0x000000010004ca30
RSP=0x00007f2ceb5e3b38, RBP=0x00007f2ceb5e3d68, RSI=0x00000000ec19af20, RDI=0x000000010004ca30
R8 =0x00000000ec19aa30, R9 =0x000000000000074f, R10=0x000000010004ca30, R11=0x00007f2cd5267b80
R12=0x0000000000000000, R13=0x00007f2ceb5e3d10, R14=0x0000000000000000, R15=0x00007f2ce400a000
RIP=0x00007f2c96005060, EFLAGS=0x0000000000010246, CSGSFS=0x0000000000000033, ERR=0x0000000000000014
  TRAPNO=0x000000000000000e

Top of Stack: (sp=0x00007f2ceb5e3b38)
0x00007f2ceb5e3b38:   00007f2cd525d644 ffffffffffffffff
0x00007f2ceb5e3b48:   00000000ec19aa48 00000000ec19af08
0x00007f2ceb5e3b58:   00007f2ce7afb000 0000000000000000
0x00007f2ceb5e3b68:   00007f2ceb5e3b80 00007f2ceb5e3d68
0x00007f2ceb5e3b78:   00007f2cd5262cdc 00007f2ce400a000
0x00007f2ceb5e3b88:   000000003941a79c 00007f2ceb5e3be0
0x00007f2ceb5e3b98:   00007f2cea13e604 00007f2ce400a000
0x00007f2ceb5e3ba8:   00000000ec0a5920 00000000ec19aa48
0x00007f2ceb5e3bb8:   00000000ec19aa30 00000000ec19af08
0x00007f2ceb5e3bc8:   00007f2ceb5e3cc0 00007f2ceb5e3d68
0x00007f2ceb5e3bd8:   00007f2cd5267d2c 00007f2cd41c46e0
0x00007f2ceb5e3be8:   00007f2ceb5e3c30 00007f2cd42593a8
0x00007f2ceb5e3bf8:   00007f2cd4525b40 00007f2cd41c46f0
0x00007f2ceb5e3c08:   0000000000000000 00007f2ceb5e3c40
0x00007f2ceb5e3c18:   00007f2ceb5e3d10 00007f2cd5162444
0x00007f2ceb5e3c28:   00000000eb920cd8 00000000eb920cd8
0x00007f2ceb5e3c38:   00007f2cd5162444 00007f2cd5007710
0x00007f2ceb5e3c48:   00000000eb9316a8 00007f2ceb5e3d30
0x00007f2ceb5e3c58:   00007f2cd501500c 00000000eb931750
0x00007f2ceb5e3c68:   00007f2cd5101419 00000000eb932118
0x00007f2ceb5e3c78:   00007f2c3941a79c 0000000000000001
0x00007f2ceb5e3c88:   00000000eb931720 00000000ec19aa48
0x00007f2ceb5e3c98:   00000000ec19aa30 00000000ec19aa48
0x00007f2ceb5e3ca8:   00000000ec0a5920 00007f2c00000011
0x00007f2ceb5e3cb8:   0000000000000000 00007f2ceb5e3cc0
0x00007f2ceb5e3cc8:   00007f2cd4484871 00000000ec19aa98
0x00007f2ceb5e3cd8:   00007f2c0000002e 0000000000000001
0x00007f2ceb5e3ce8:   00000000ec19aa98 00007f2ceb5e3d68
0x00007f2ceb5e3cf8:   00007f2cd5007710 00007f2ceb5e3d68
0x00007f2ceb5e3d08:   00007f2cd5007710 00000000ec19aa48
0x00007f2ceb5e3d18:   00000000ec0a5920 00000000ec19aa30
0x00007f2ceb5e3d28:   00007f2ceb5e3d28 00007f2cd462b154 

Instructions: (pc=0x00007f2c96005060)
0x00007f2c96005040:   
[error occurred during error reporting (printing registers, top of stack, instructions near pc), id 0xb]

Register to memory mapping:

RAX=0x000000010004ca30 is pointing into metadata
RBX=0x00007f2cd4527c88 is pointing into metadata
RCX=0x0000000000000000 is an unknown value
RDX=0x000000010004ca30 is pointing into metadata
RSP=0x00007f2ceb5e3b38 is pointing into the stack for thread: 0x00007f2ce400a000
RBP=0x00007f2ceb5e3d68 is pointing into the stack for thread: 0x00007f2ce400a000
RSI=0x00000000ec19af20 is an oop
java.util.ArrayList$Itr 
 - klass: 'java/util/ArrayList$Itr'
RDI=0x000000010004ca30 is pointing into metadata
R8 =0x00000000ec19aa30 is an oop
org.apache.tools.ant.property.ParseProperties 
 - klass: 'org/apache/tools/ant/property/ParseProperties'
R9 =0x000000000000074f is an unknown value
R10=0x000000010004ca30 is pointing into metadata
R11=0x00007f2cd5267b80 is at entry_point+32 in (nmethod*)0x00007f2cd52678d0
R12=0x0000000000000000 is an unknown value
R13=0x00007f2ceb5e3d10 is pointing into the stack for thread: 0x00007f2ce400a000
R14=0x0000000000000000 is an unknown value
R15=0x00007f2ce400a000 is a thread


Stack: [0x00007f2ceb4e5000,0x00007f2ceb5e6000],  sp=0x00007f2ceb5e3b38,  free space=1018k
Native frames: (J=compiled Java code, j=interpreted, Vv=VM code, C=native code)
C  0x00007f2c96005060
j  org.apache.tools.ant.PropertyHelper.parseProperties(Ljava/lang/String;)Ljava/lang/Object;+17
j  org.apache.tools.ant.RuntimeConfigurable.maybeConfigure(Lorg/apache/tools/ant/Project;Z)V+171
j  org.apache.tools.ant.RuntimeConfigurable.maybeConfigure(Lorg/apache/tools/ant/Project;)V+3
j  org.apache.tools.ant.Task.maybeConfigure()V+22
j  org.apache.tools.ant.UnknownElement.configure(Ljava/lang/Object;)V+79
j  org.apache.tools.ant.UnknownElement.maybeConfigure()V+18
j  org.apache.tools.ant.taskdefs.Antlib.execute()V+38
j  org.apache.tools.ant.taskdefs.Definer.loadAntlib(Ljava/lang/ClassLoader;Ljava/net/URL;)V+27
j  org.apache.tools.ant.taskdefs.Definer.execute()V+420
j  org.apache.tools.ant.ComponentHelper.checkNamespace(Ljava/lang/String;)V+114
j  org.apache.tools.ant.ComponentHelper.getDefinition(Ljava/lang/String;)Lorg/apache/tools/ant/AntTypeDefinition;+2
j  org.apache.tools.ant.ComponentHelper.createComponent(Ljava/lang/String;)Ljava/lang/Object;+2
j  org.apache.tools.ant.ComponentHelper.createComponent(Lorg/apache/tools/ant/UnknownElement;Ljava/lang/String;Ljava/lang/String;)Ljava/lang/Object;+2
j  org.apache.tools.ant.UnknownElement.makeObject(Lorg/apache/tools/ant/UnknownElement;Lorg/apache/tools/ant/RuntimeConfigurable;)Ljava/lang/Object;+32
j  org.apache.tools.ant.UnknownElement.maybeConfigure()V+15
j  org.apache.tools.ant.Task.perform()V+18
j  org.apache.tools.ant.Target.execute()V+179
j  org.apache.tools.ant.helper.ProjectHelper2.parse(Lorg/apache/tools/ant/Project;Ljava/lang/Object;)V+230
j  org.apache.tools.ant.ProjectHelper.configureProject(Lorg/apache/tools/ant/Project;Ljava/io/File;)V+27
j  org.apache.tools.ant.Main.runBuild(Ljava/lang/ClassLoader;)V+373
j  org.apache.tools.ant.Main.startAnt([Ljava/lang/String;Ljava/util/Properties;Ljava/lang/ClassLoader;)V+84
j  org.apache.tools.ant.launch.Launcher.run([Ljava/lang/String;)I+703
j  org.apache.tools.ant.launch.Launcher.main([Ljava/lang/String;)V+10
v  ~StubRoutines::call_stub
V  [libjvm.so+0x664086]  JavaCalls::call_helper(JavaValue*, methodHandle*, JavaCallArguments*, Thread*)+0x1056
V  [libjvm.so+0x6ab096]  jni_invoke_static(JNIEnv_*, JavaValue*, _jobject*, JNICallType, _jmethodID*, JNI_ArgumentPusher*, Thread*)+0x346
V  [libjvm.so+0x6b1c2a]  jni_CallStaticVoidMethod+0x17a
C  [libjli.so+0x7b14]  JavaMain+0x844
C  [libpthread.so.0+0x8182]  start_thread+0xc2


---------------  P R O C E S S  ---------------

Java Threads: ( => current thread )
  0x00007f2ce40c8800 JavaThread "Service Thread" daemon [_thread_blocked, id=11054, stack(0x00007f2ccc425000,0x00007f2ccc526000)]
  0x00007f2ce40b0800 JavaThread "C1 CompilerThread2" daemon [_thread_blocked, id=11053, stack(0x00007f2ccc526000,0x00007f2ccc627000)]
  0x00007f2ce40ae800 JavaThread "C2 CompilerThread1" daemon [_thread_blocked, id=11052, stack(0x00007f2ccc627000,0x00007f2ccc728000)]
  0x00007f2ce40ab800 JavaThread "C2 CompilerThread0" daemon [_thread_blocked, id=11051, stack(0x00007f2ccc728000,0x00007f2ccc829000)]
  0x00007f2ce40a9800 JavaThread "Signal Dispatcher" daemon [_thread_blocked, id=11050, stack(0x00007f2ccc829000,0x00007f2ccc92a000)]
  0x00007f2ce407c000 JavaThread "Finalizer" daemon [_thread_blocked, id=11049, stack(0x00007f2cccd28000,0x00007f2ccce29000)]
  0x00007f2ce407a000 JavaThread "Reference Handler" daemon [_thread_blocked, id=11048, stack(0x00007f2ccce29000,0x00007f2cccf2a000)]
=>0x00007f2ce400a000 JavaThread "main" [_thread_in_Java, id=11042, stack(0x00007f2ceb4e5000,0x00007f2ceb5e6000)]

Other Threads:
  0x00007f2ce4073000 VMThread [stack: 0x00007f2cccf2a000,0x00007f2ccd02b000] [id=11047]
  0x00007f2ce40ca800 WatcherThread [stack: 0x00007f2ccc324000,0x00007f2ccc425000] [id=11055]

VM state:not at safepoint (normal execution)

VM Mutex/Monitor currently owned by a thread: None

Heap:
 PSYoungGen      total 18432K, used 11979K [0x00000000eb600000, 0x00000000eca80000, 0x0000000100000000)
  eden space 15872K, 75% used [0x00000000eb600000,0x00000000ec1b2e68,0x00000000ec580000)
  from space 2560K, 0% used [0x00000000ec800000,0x00000000ec800000,0x00000000eca80000)
  to   space 2560K, 0% used [0x00000000ec580000,0x00000000ec580000,0x00000000ec800000)
 ParOldGen       total 42496K, used 0K [0x00000000c2200000, 0x00000000c4b80000, 0x00000000eb600000)
  object space 42496K, 0% used [0x00000000c2200000,0x00000000c2200000,0x00000000c4b80000)
 Metaspace       used 5828K, capacity 6512K, committed 6656K, reserved 1056768K
  class space    used 637K, capacity 703K, committed 768K, reserved 1048576K

Card table byte_map: [0x00007f2ce810c000,0x00007f2ce82fc000] byte_map_base: 0x00007f2ce7afb000

Marking Bits: (ParMarkBitMap*) 0x00007f2cea9b62c0
 Begin Bits: [0x00007f2cce110000, 0x00007f2ccf088000)
 End Bits:   [0x00007f2ccf088000, 0x00007f2cd0000000)

Polling page: 0x00007f2ceb5fd000

CodeCache: size=245760Kb used=2497Kb max_used=2499Kb free=243262Kb
 bounds [0x00007f2cd5000000, 0x00007f2cd5280000, 0x00007f2ce4000000]
 total_blobs=833 nmethods=561 adapters=188
 compilation: enabled

Compilation events (10 events):
Event: 0,392 Thread 0x00007f2ce40ae800  554       4       sun.reflect.ByteVectorImpl::add (38 bytes)
Event: 0,392 Thread 0x00007f2ce40b0800  556       1       java.text.ParsePosition::setIndex (6 bytes)
Event: 0,392 Thread 0x00007f2ce40ab800 nmethod 552 0x00007f2cd5270a90 code [0x00007f2cd5270c00, 0x00007f2cd5270d48]
Event: 0,392 Thread 0x00007f2ce40b0800 nmethod 556 0x00007f2cd52707d0 code [0x00007f2cd5270920, 0x00007f2cd5270a30]
Event: 0,392 Thread 0x00007f2ce40b0800  557       1       org.apache.tools.ant.Task::getWrapper (5 bytes)
Event: 0,392 Thread 0x00007f2ce40b0800 nmethod 557 0x00007f2cd5270510 code [0x00007f2cd5270660, 0x00007f2cd5270770]
Event: 0,393 Thread 0x00007f2ce40ae800 nmethod 554 0x00007f2cd526ec90 code [0x00007f2cd526ede0, 0x00007f2cd526eee8]
Event: 0,393 Thread 0x00007f2ce40ae800  558       4       java.util.ArrayList$Itr::hasNext (20 bytes)
Event: 0,393 Thread 0x00007f2ce40ae800 nmethod 558 0x00007f2cd526ea10 code [0x00007f2cd526eb60, 0x00007f2cd526ebf8]
Event: 0,393 Thread 0x00007f2ce40ae800  561       4       java.util.Collections$UnmodifiableCollection$1::hasNext (10 bytes)

GC Heap History (0 events):
No events

Deoptimization events (0 events):
No events

Internal exceptions (10 events):
Event: 0,381 Thread 0x00007f2ce400a000 Exception <a 'java/security/PrivilegedActionException'> (0x00000000ec13e378) thrown at [/HUDSON/workspace/8-2-build-linux-amd64/jdk8u25/1514/hotspot/src/share/vm/prims/jvm.cpp, line 1312]
Event: 0,381 Thread 0x00007f2ce400a000 Exception <a 'java/security/PrivilegedActionException'> (0x00000000ec13f390) thrown at [/HUDSON/workspace/8-2-build-linux-amd64/jdk8u25/1514/hotspot/src/share/vm/prims/jvm.cpp, line 1312]
Event: 0,381 Thread 0x00007f2ce400a000 Exception <a 'java/security/PrivilegedActionException'> (0x00000000ec146ea8) thrown at [/HUDSON/workspace/8-2-build-linux-amd64/jdk8u25/1514/hotspot/src/share/vm/prims/jvm.cpp, line 1312]
Event: 0,381 Thread 0x00007f2ce400a000 Exception <a 'java/security/PrivilegedActionException'> (0x00000000ec148038) thrown at [/HUDSON/workspace/8-2-build-linux-amd64/jdk8u25/1514/hotspot/src/share/vm/prims/jvm.cpp, line 1312]
Event: 0,382 Thread 0x00007f2ce400a000 Exception <a 'java/security/PrivilegedActionException'> (0x00000000ec14c0c8) thrown at [/HUDSON/workspace/8-2-build-linux-amd64/jdk8u25/1514/hotspot/src/share/vm/prims/jvm.cpp, line 1312]
Event: 0,382 Thread 0x00007f2ce400a000 Exception <a 'java/security/PrivilegedActionException'> (0x00000000ec14cc18) thrown at [/HUDSON/workspace/8-2-build-linux-amd64/jdk8u25/1514/hotspot/src/share/vm/prims/jvm.cpp, line 1312]
Event: 0,382 Thread 0x00007f2ce400a000 Exception <a 'java/security/PrivilegedActionException'> (0x00000000ec14f338) thrown at [/HUDSON/workspace/8-2-build-linux-amd64/jdk8u25/1514/hotspot/src/share/vm/prims/jvm.cpp, line 1312]
Event: 0,382 Thread 0x00007f2ce400a000 Exception <a 'java/security/PrivilegedActionException'> (0x00000000ec1500e8) thrown at [/HUDSON/workspace/8-2-build-linux-amd64/jdk8u25/1514/hotspot/src/share/vm/prims/jvm.cpp, line 1312]
Event: 0,382 Thread 0x00007f2ce400a000 Exception <a 'java/security/PrivilegedActionException'> (0x00000000ec15b3b0) thrown at [/HUDSON/workspace/8-2-build-linux-amd64/jdk8u25/1514/hotspot/src/share/vm/prims/jvm.cpp, line 1312]
Event: 0,382 Thread 0x00007f2ce400a000 Exception <a 'java/security/PrivilegedActionException'> (0x00000000ec15c360) thrown at [/HUDSON/workspace/8-2-build-linux-amd64/jdk8u25/1514/hotspot/src/share/vm/prims/jvm.cpp, line 1312]

Events (10 events):
Event: 0,388 loading class sun/reflect/Label$PatchInfo
Event: 0,388 loading class sun/reflect/Label$PatchInfo done
Event: 0,388 loading class sun/reflect/MethodAccessorGenerator$1
Event: 0,388 loading class sun/reflect/MethodAccessorGenerator$1 done
Event: 0,388 loading class sun/reflect/ClassDefiner
Event: 0,388 loading class sun/reflect/ClassDefiner done
Event: 0,388 loading class sun/reflect/ClassDefiner$1
Event: 0,388 loading class sun/reflect/ClassDefiner$1 done
Event: 0,389 loading class sun/reflect/BootstrapConstructorAccessorImpl
Event: 0,389 loading class sun/reflect/BootstrapConstructorAccessorImpl done


Dynamic libraries:
00400000-00401000 r-xp 00000000 08:03 1719663                            /usr/lib/jvm/java-8-oracle/jre/bin/java
00600000-00601000 rw-p 00000000 08:03 1719663                            /usr/lib/jvm/java-8-oracle/jre/bin/java
00bb4000-00bd5000 rw-p 00000000 00:00 0                                  [heap]
c2200000-c4b80000 rw-p 00000000 00:00 0 
c4b80000-eb600000 ---p 00000000 00:00 0 
eb600000-eca80000 rw-p 00000000 00:00 0 
eca80000-100000000 ---p 00000000 00:00 0 
100000000-1000c0000 rw-p 00000000 00:00 0 
1000c0000-140000000 ---p 00000000 00:00 0 
7f2c98000000-7f2c98021000 rw-p 00000000 00:00 0 
7f2c98021000-7f2c9c000000 ---p 00000000 00:00 0 
7f2c9c000000-7f2c9c021000 rw-p 00000000 00:00 0 
7f2c9c021000-7f2ca0000000 ---p 00000000 00:00 0 
7f2ca0000000-7f2ca0251000 rw-p 00000000 00:00 0 
7f2ca0251000-7f2ca4000000 ---p 00000000 00:00 0 
7f2ca4000000-7f2ca42c4000 rw-p 00000000 00:00 0 
7f2ca42c4000-7f2ca8000000 ---p 00000000 00:00 0 
7f2ca8000000-7f2ca8021000 rw-p 00000000 00:00 0 
7f2ca8021000-7f2cac000000 ---p 00000000 00:00 0 
7f2cac000000-7f2cac19d000 rw-p 00000000 00:00 0 
7f2cac19d000-7f2cb0000000 ---p 00000000 00:00 0 
7f2cb0000000-7f2cb0021000 rw-p 00000000 00:00 0 
7f2cb0021000-7f2cb4000000 ---p 00000000 00:00 0 
7f2cb4000000-7f2cb4021000 rw-p 00000000 00:00 0 
7f2cb4021000-7f2cb8000000 ---p 00000000 00:00 0 
7f2cb8000000-7f2cb8021000 rw-p 00000000 00:00 0 
7f2cb8021000-7f2cbc000000 ---p 00000000 00:00 0 
7f2cbc000000-7f2cbc021000 rw-p 00000000 00:00 0 
7f2cbc021000-7f2cc0000000 ---p 00000000 00:00 0 
7f2cc0000000-7f2cc0021000 rw-p 00000000 00:00 0 
7f2cc0021000-7f2cc4000000 ---p 00000000 00:00 0 
7f2cc8000000-7f2cc8021000 rw-p 00000000 00:00 0 
7f2cc8021000-7f2ccc000000 ---p 00000000 00:00 0 
7f2ccc2ab000-7f2ccc324000 r--s 010df000 08:03 1718740                    /usr/lib/jvm/java-8-oracle/lib/tools.jar
7f2ccc324000-7f2ccc325000 ---p 00000000 00:00 0 
7f2ccc325000-7f2ccc425000 rw-p 00000000 00:00 0                          [stack:11055]
7f2ccc425000-7f2ccc428000 ---p 00000000 00:00 0 
7f2ccc428000-7f2ccc526000 rw-p 00000000 00:00 0                          [stack:11054]
7f2ccc526000-7f2ccc529000 ---p 00000000 00:00 0 
7f2ccc529000-7f2ccc627000 rw-p 00000000 00:00 0                          [stack:11053]
7f2ccc627000-7f2ccc62a000 ---p 00000000 00:00 0 
7f2ccc62a000-7f2ccc728000 rw-p 00000000 00:00 0                          [stack:11052]
7f2ccc728000-7f2ccc72b000 ---p 00000000 00:00 0 
7f2ccc72b000-7f2ccc829000 rw-p 00000000 00:00 0                          [stack:11051]
7f2ccc829000-7f2ccc82c000 ---p 00000000 00:00 0 
7f2ccc82c000-7f2ccc92a000 rw-p 00000000 00:00 0                          [stack:11050]
7f2ccc92a000-7f2cccd28000 r--p 00000000 08:03 1704955                    /usr/lib/locale/locale-archive
7f2cccd28000-7f2cccd2b000 ---p 00000000 00:00 0 
7f2cccd2b000-7f2ccce29000 rw-p 00000000 00:00 0                          [stack:11049]
7f2ccce29000-7f2ccce2c000 ---p 00000000 00:00 0 
7f2ccce2c000-7f2cccf2a000 rw-p 00000000 00:00 0                          [stack:11048]
7f2cccf2a000-7f2cccf2b000 ---p 00000000 00:00 0 
7f2cccf2b000-7f2ccdf3a000 rw-p 00000000 00:00 0                          [stack:11047]
7f2ccdf3a000-7f2cce110000 r--s 03caa000 08:03 1719620                    /usr/lib/jvm/java-8-oracle/jre/lib/rt.jar
7f2cce110000-7f2cd0000000 rw-p 00000000 00:00 0 
7f2cd0000000-7f2cd0021000 rw-p 00000000 00:00 0 
7f2cd0021000-7f2cd4000000 ---p 00000000 00:00 0 
7f2cd4025000-7f2cd4028000 rw-p 00000000 00:00 0 
7f2cd4028000-7f2cd4032000 r--s 00116000 08:03 1719424                    /usr/lib/jvm/java-8-oracle/jre/lib/ext/localedata.jar
7f2cd4032000-7f2cd404e000 r--s 00393000 08:03 1719423                    /usr/lib/jvm/java-8-oracle/jre/lib/ext/cldrdata.jar
7f2cd404e000-7f2cd404f000 r--s 00004000 08:03 1983726                    /usr/share/java/ant-launcher-1.9.3.jar
7f2cd404f000-7f2cd4051000 r--s 00004000 08:03 1983747                    /usr/share/java/ant-testutil-1.9.3.jar
7f2cd4051000-7f2cd4052000 r--s 00002000 08:03 1983742                    /usr/share/java/ant-apache-oro-1.9.3.jar
7f2cd4052000-7f2cd4053000 r--s 00002000 08:03 1983751                    /usr/share/java/ant-apache-resolver-1.9.3.jar
7f2cd4053000-7f2cd4056000 r--s 0001a000 08:03 1983750                    /usr/share/java/ant-junit-1.9.3.jar
7f2cd4056000-7f2cd4057000 r--s 00002000 08:03 1983738                    /usr/share/java/ant-apache-regexp-1.9.3.jar
7f2cd4057000-7f2cd4059000 r--s 00001000 08:03 1983736                    /usr/share/java/ant-apache-log4j-1.9.3.jar
7f2cd4059000-7f2cd405a000 r--s 00002000 08:03 1983739                    /usr/share/java/ant-antlr-1.9.3.jar
7f2cd405a000-7f2cd4079000 r--s 001cc000 08:03 1983725                    /usr/share/java/ant-1.9.3.jar
7f2cd4079000-7f2cd407a000 r--s 00002000 08:03 1983752                    /usr/share/java/ant-commons-logging-1.9.3.jar
7f2cd407a000-7f2cd407b000 r--s 00002000 08:03 1983740                    /usr/share/java/ant-apache-bsf-1.9.3.jar
7f2cd407b000-7f2cd407d000 r--s 00002000 08:03 1983746                    /usr/share/java/ant-junit4-1.9.3.jar
7f2cd407d000-7f2cd407e000 r--s 00003000 08:03 1983743                    /usr/share/java/ant-javamail-1.9.3.jar
7f2cd407e000-7f2cd407f000 r--s 00003000 08:03 1983735                    /usr/share/java/ant-swing-1.9.3.jar
7f2cd407f000-7f2cd4082000 r--s 00014000 08:03 1983745                    /usr/share/java/ant-commons-net-1.9.3.jar
7f2cd4082000-7f2cd4083000 r--s 00003000 08:03 1983744                    /usr/share/java/ant-apache-bcel-1.9.3.jar
7f2cd4083000-7f2cd409c000 r--s 00132000 08:03 1983712                    /usr/share/java/xercesImpl-2.11.0.jar
7f2cd409c000-7f2cd4784000 rw-p 00000000 00:00 0 
7f2cd4784000-7f2cd49c4000 ---p 00000000 00:00 0 
7f2cd49c4000-7f2cd4bb3000 rw-p 00000000 00:00 0 
7f2cd4bb3000-7f2cd4bb4000 ---p 00000000 00:00 0 
7f2cd4bb4000-7f2cd4cb4000 rw-p 00000000 00:00 0                          [stack:11046]
7f2cd4cb4000-7f2cd4cb5000 ---p 00000000 00:00 0 
7f2cd4cb5000-7f2cd4db5000 rw-p 00000000 00:00 0                          [stack:11045]
7f2cd4db5000-7f2cd4db6000 ---p 00000000 00:00 0 
7f2cd4db6000-7f2cd4ecb000 rw-p 00000000 00:00 0                          [stack:11044]
7f2cd4ecb000-7f2cd5000000 ---p 00000000 00:00 0 
7f2cd5000000-7f2cd5280000 rwxp 00000000 00:00 0 
7f2cd5280000-7f2ce4000000 ---p 00000000 00:00 0 
7f2ce4000000-7f2ce45be000 rw-p 00000000 00:00 0 
7f2ce45be000-7f2ce8000000 ---p 00000000 00:00 0 
7f2ce8000000-7f2ce8002000 r--s 00002000 08:03 1983741                    /usr/share/java/ant-jmf-1.9.3.jar
7f2ce8002000-7f2ce800b000 r--s 00031000 08:03 1983706                    /usr/share/java/xml-apis-1.4.01.jar
7f2ce800b000-7f2ce800c000 ---p 00000000 00:00 0 
7f2ce800c000-7f2ce8121000 rw-p 00000000 00:00 0                          [stack:11043]
7f2ce8121000-7f2ce8256000 ---p 00000000 00:00 0 
7f2ce8256000-7f2ce8261000 rw-p 00000000 00:00 0 
7f2ce8261000-7f2ce82fb000 ---p 00000000 00:00 0 
7f2ce82fb000-7f2ce8306000 rw-p 00000000 00:00 0 
7f2ce8306000-7f2ce86bc000 ---p 00000000 00:00 0 
7f2ce86bc000-7f2ce86d6000 r-xp 00000000 08:03 1719386                    /usr/lib/jvm/java-8-oracle/jre/lib/amd64/libzip.so
7f2ce86d6000-7f2ce88d6000 ---p 0001a000 08:03 1719386                    /usr/lib/jvm/java-8-oracle/jre/lib/amd64/libzip.so
7f2ce88d6000-7f2ce88d7000 rw-p 0001a000 08:03 1719386                    /usr/lib/jvm/java-8-oracle/jre/lib/amd64/libzip.so
7f2ce88d7000-7f2ce88e2000 r-xp 00000000 08:03 2103193                    /lib/x86_64-linux-gnu/libnss_files-2.19.so
7f2ce88e2000-7f2ce8ae1000 ---p 0000b000 08:03 2103193                    /lib/x86_64-linux-gnu/libnss_files-2.19.so
7f2ce8ae1000-7f2ce8ae2000 r--p 0000a000 08:03 2103193                    /lib/x86_64-linux-gnu/libnss_files-2.19.so
7f2ce8ae2000-7f2ce8ae3000 rw-p 0000b000 08:03 2103193                    /lib/x86_64-linux-gnu/libnss_files-2.19.so
7f2ce8ae3000-7f2ce8aee000 r-xp 00000000 08:03 2103194                    /lib/x86_64-linux-gnu/libnss_nis-2.19.so
7f2ce8aee000-7f2ce8ced000 ---p 0000b000 08:03 2103194                    /lib/x86_64-linux-gnu/libnss_nis-2.19.so
7f2ce8ced000-7f2ce8cee000 r--p 0000a000 08:03 2103194                    /lib/x86_64-linux-gnu/libnss_nis-2.19.so
7f2ce8cee000-7f2ce8cef000 rw-p 0000b000 08:03 2103194                    /lib/x86_64-linux-gnu/libnss_nis-2.19.so
7f2ce8cef000-7f2ce8d06000 r-xp 00000000 08:03 2102533                    /lib/x86_64-linux-gnu/libnsl-2.19.so
7f2ce8d06000-7f2ce8f05000 ---p 00017000 08:03 2102533                    /lib/x86_64-linux-gnu/libnsl-2.19.so
7f2ce8f05000-7f2ce8f06000 r--p 00016000 08:03 2102533                    /lib/x86_64-linux-gnu/libnsl-2.19.so
7f2ce8f06000-7f2ce8f07000 rw-p 00017000 08:03 2102533                    /lib/x86_64-linux-gnu/libnsl-2.19.so
7f2ce8f07000-7f2ce8f09000 rw-p 00000000 00:00 0 
7f2ce8f09000-7f2ce8f12000 r-xp 00000000 08:03 2102431                    /lib/x86_64-linux-gnu/libnss_compat-2.19.so
7f2ce8f12000-7f2ce9111000 ---p 00009000 08:03 2102431                    /lib/x86_64-linux-gnu/libnss_compat-2.19.so
7f2ce9111000-7f2ce9112000 r--p 00008000 08:03 2102431                    /lib/x86_64-linux-gnu/libnss_compat-2.19.so
7f2ce9112000-7f2ce9113000 rw-p 00009000 08:03 2102431                    /lib/x86_64-linux-gnu/libnss_compat-2.19.so
7f2ce9113000-7f2ce913d000 r-xp 00000000 08:03 1719352                    /usr/lib/jvm/java-8-oracle/jre/lib/amd64/libjava.so
7f2ce913d000-7f2ce933d000 ---p 0002a000 08:03 1719352                    /usr/lib/jvm/java-8-oracle/jre/lib/amd64/libjava.so
7f2ce933d000-7f2ce933f000 rw-p 0002a000 08:03 1719352                    /usr/lib/jvm/java-8-oracle/jre/lib/amd64/libjava.so
7f2ce933f000-7f2ce934c000 r-xp 00000000 08:03 1719370                    /usr/lib/jvm/java-8-oracle/jre/lib/amd64/libverify.so
7f2ce934c000-7f2ce954c000 ---p 0000d000 08:03 1719370                    /usr/lib/jvm/java-8-oracle/jre/lib/amd64/libverify.so
7f2ce954c000-7f2ce954e000 rw-p 0000d000 08:03 1719370                    /usr/lib/jvm/java-8-oracle/jre/lib/amd64/libverify.so
7f2ce954e000-7f2ce9555000 r-xp 00000000 08:03 2102576                    /lib/x86_64-linux-gnu/librt-2.19.so
7f2ce9555000-7f2ce9754000 ---p 00007000 08:03 2102576                    /lib/x86_64-linux-gnu/librt-2.19.so
7f2ce9754000-7f2ce9755000 r--p 00006000 08:03 2102576                    /lib/x86_64-linux-gnu/librt-2.19.so
7f2ce9755000-7f2ce9756000 rw-p 00007000 08:03 2102576                    /lib/x86_64-linux-gnu/librt-2.19.so
7f2ce9756000-7f2ce985b000 r-xp 00000000 08:03 2102682                    /lib/x86_64-linux-gnu/libm-2.19.so
7f2ce985b000-7f2ce9a5a000 ---p 00105000 08:03 2102682                    /lib/x86_64-linux-gnu/libm-2.19.so
7f2ce9a5a000-7f2ce9a5b000 r--p 00104000 08:03 2102682                    /lib/x86_64-linux-gnu/libm-2.19.so
7f2ce9a5b000-7f2ce9a5c000 rw-p 00105000 08:03 2102682                    /lib/x86_64-linux-gnu/libm-2.19.so
7f2ce9a5c000-7f2cea6c9000 r-xp 00000000 08:03 1719359                    /usr/lib/jvm/java-8-oracle/jre/lib/amd64/server/libjvm.so
7f2cea6c9000-7f2cea8c8000 ---p 00c6d000 08:03 1719359                    /usr/lib/jvm/java-8-oracle/jre/lib/amd64/server/libjvm.so
7f2cea8c8000-7f2cea99e000 rw-p 00c6c000 08:03 1719359                    /usr/lib/jvm/java-8-oracle/jre/lib/amd64/server/libjvm.so
7f2cea99e000-7f2cea9e1000 rw-p 00000000 00:00 0 
7f2cea9e1000-7f2ceab9c000 r-xp 00000000 08:03 2102633                    /lib/x86_64-linux-gnu/libc-2.19.so
7f2ceab9c000-7f2cead9c000 ---p 001bb000 08:03 2102633                    /lib/x86_64-linux-gnu/libc-2.19.so
7f2cead9c000-7f2ceada0000 r--p 001bb000 08:03 2102633                    /lib/x86_64-linux-gnu/libc-2.19.so
7f2ceada0000-7f2ceada2000 rw-p 001bf000 08:03 2102633                    /lib/x86_64-linux-gnu/libc-2.19.so
7f2ceada2000-7f2ceada7000 rw-p 00000000 00:00 0 
7f2ceada7000-7f2ceadaa000 r-xp 00000000 08:03 2103199                    /lib/x86_64-linux-gnu/libdl-2.19.so
7f2ceadaa000-7f2ceafa9000 ---p 00003000 08:03 2103199                    /lib/x86_64-linux-gnu/libdl-2.19.so
7f2ceafa9000-7f2ceafaa000 r--p 00002000 08:03 2103199                    /lib/x86_64-linux-gnu/libdl-2.19.so
7f2ceafaa000-7f2ceafab000 rw-p 00003000 08:03 2103199                    /lib/x86_64-linux-gnu/libdl-2.19.so
7f2ceafab000-7f2ceafc0000 r-xp 00000000 08:03 1719341                    /usr/lib/jvm/java-8-oracle/jre/lib/amd64/jli/libjli.so
7f2ceafc0000-7f2ceb1bf000 ---p 00015000 08:03 1719341                    /usr/lib/jvm/java-8-oracle/jre/lib/amd64/jli/libjli.so
7f2ceb1bf000-7f2ceb1c0000 rw-p 00014000 08:03 1719341                    /usr/lib/jvm/java-8-oracle/jre/lib/amd64/jli/libjli.so
7f2ceb1c0000-7f2ceb1d9000 r-xp 00000000 08:03 2103200                    /lib/x86_64-linux-gnu/libpthread-2.19.so
7f2ceb1d9000-7f2ceb3d8000 ---p 00019000 08:03 2103200                    /lib/x86_64-linux-gnu/libpthread-2.19.so
7f2ceb3d8000-7f2ceb3d9000 r--p 00018000 08:03 2103200                    /lib/x86_64-linux-gnu/libpthread-2.19.so
7f2ceb3d9000-7f2ceb3da000 rw-p 00019000 08:03 2103200                    /lib/x86_64-linux-gnu/libpthread-2.19.so
7f2ceb3da000-7f2ceb3de000 rw-p 00000000 00:00 0 
7f2ceb3de000-7f2ceb401000 r-xp 00000000 08:03 2102634                    /lib/x86_64-linux-gnu/ld-2.19.so
7f2ceb401000-7f2ceb402000 r--s 00001000 08:03 1983748                    /usr/share/java/ant-apache-xalan2-1.9.3.jar
7f2ceb402000-7f2ceb404000 r--s 0000a000 08:03 1983737                    /usr/share/java/ant-jsch-1.9.3.jar
7f2ceb404000-7f2ceb405000 r--s 00003000 08:03 1983749                    /usr/share/java/ant-jdepend-1.9.3.jar
7f2ceb405000-7f2ceb407000 r--s 00015000 08:03 1983700                    /usr/share/java/xml-resolver-1.2.jar
7f2ceb407000-7f2ceb40c000 r--s 00010000 08:03 1983705                    /usr/share/java/xml-apis-ext-1.4.01.jar
7f2ceb40c000-7f2ceb4e5000 rw-p 00000000 00:00 0 
7f2ceb4e5000-7f2ceb4e8000 ---p 00000000 00:00 0 
7f2ceb4e8000-7f2ceb5ea000 rw-p 00000000 00:00 0                          [stack:11042]
7f2ceb5ea000-7f2ceb5f3000 r--s 00031000 08:03 1983706                    /usr/share/java/xml-apis-1.4.01.jar
7f2ceb5f3000-7f2ceb5f4000 r--s 00004000 08:03 1983726                    /usr/share/java/ant-launcher-1.9.3.jar
7f2ceb5f4000-7f2ceb5fc000 rw-s 00000000 08:03 1842657                    /tmp/hsperfdata_sergio/11040
7f2ceb5fc000-7f2ceb5fd000 rw-p 00000000 00:00 0 
7f2ceb5fd000-7f2ceb5fe000 r--p 00000000 00:00 0 
7f2ceb5fe000-7f2ceb600000 rw-p 00000000 00:00 0 
7f2ceb600000-7f2ceb601000 r--p 00022000 08:03 2102634                    /lib/x86_64-linux-gnu/ld-2.19.so
7f2ceb601000-7f2ceb602000 rw-p 00023000 08:03 2102634                    /lib/x86_64-linux-gnu/ld-2.19.so
7f2ceb602000-7f2ceb603000 rw-p 00000000 00:00 0 
7fffe7780000-7fffe77a1000 rw-p 00000000 00:00 0                          [stack]
7fffe77b8000-7fffe77ba000 r-xp 00000000 00:00 0                          [vdso]
ffffffffff600000-ffffffffff601000 r-xp 00000000 00:00 0                  [vsyscall]

VM Arguments:
jvm_args: -Dant.home=/usr/share/ant -Dant.library.dir=/usr/share/ant/lib 
java_command: org.apache.tools.ant.launch.Launcher -cp  debug -f /home/sergio/IWEB/practica6/platforms/android/build.xml -Dout.dir=ant-build -Dgen.absolute.dir=ant-gen
java_class_path (initial): /usr/share/ant/lib/ant-launcher.jar:/usr/share/java/xmlParserAPIs.jar:/usr/share/java/xercesImpl.jar
Launcher Type: SUN_STANDARD

Environment Variables:
JAVA_HOME=/usr/lib/jvm/java-8-oracle
PATH=/usr/local/sbin:/usr/local/bin:/usr/sbin:/usr/bin:/sbin:/bin:/usr/games:/usr/local/games:/opt/android-sdk-linux/tools:/opt/android-sdk-linux/platform-tools:/opt/android-sdk-linux/bin
SHELL=/bin/bash
DISPLAY=:0

Signal Handlers:
SIGSEGV: [libjvm.so+0xa79a80], sa_mask[0]=11111111011111111101111111111110, sa_flags=SA_RESTART|SA_SIGINFO
SIGBUS: [libjvm.so+0xa79a80], sa_mask[0]=11111111011111111101111111111110, sa_flags=SA_RESTART|SA_SIGINFO
SIGFPE: [libjvm.so+0x8e24e0], sa_mask[0]=11111111011111111101111111111110, sa_flags=SA_RESTART|SA_SIGINFO
SIGPIPE: [libjvm.so+0x8e24e0], sa_mask[0]=11111111011111111101111111111110, sa_flags=SA_RESTART|SA_SIGINFO
SIGXFSZ: [libjvm.so+0x8e24e0], sa_mask[0]=11111111011111111101111111111110, sa_flags=SA_RESTART|SA_SIGINFO
SIGILL: [libjvm.so+0x8e24e0], sa_mask[0]=11111111011111111101111111111110, sa_flags=SA_RESTART|SA_SIGINFO
SIGUSR1: SIG_DFL, sa_mask[0]=00000000000000000000000000000000, sa_flags=none
SIGUSR2: [libjvm.so+0x8e3d10], sa_mask[0]=00000000000000000000000000000000, sa_flags=SA_RESTART|SA_SIGINFO
SIGHUP: [libjvm.so+0x8e50d0], sa_mask[0]=11111111011111111101111111111110, sa_flags=SA_RESTART|SA_SIGINFO
SIGINT: [libjvm.so+0x8e50d0], sa_mask[0]=11111111011111111101111111111110, sa_flags=SA_RESTART|SA_SIGINFO
SIGTERM: [libjvm.so+0x8e50d0], sa_mask[0]=11111111011111111101111111111110, sa_flags=SA_RESTART|SA_SIGINFO
SIGQUIT: [libjvm.so+0x8e50d0], sa_mask[0]=11111111011111111101111111111110, sa_flags=SA_RESTART|SA_SIGINFO


---------------  S Y S T E M  ---------------

OS:DISTRIB_ID="elementary OS"
DISTRIB_RELEASE=0.3
DISTRIB_CODENAME=freya
DISTRIB_DESCRIPTION="elementary OS Freya"

uname:Linux 3.13.0-39-generic #66-Ubuntu SMP Tue Oct 28 13:30:27 UTC 2014 x86_64
libc:glibc 2.19 NPTL 2.19 
rlimit: STACK 8192k, CORE 0k, NPROC 31387, NOFILE 4096, AS infinity
load average:0,29 0,22 0,32

/proc/meminfo:
MemTotal:        4046980 kB
MemFree:          443864 kB
Buffers:           65376 kB
Cached:          1043188 kB
SwapCached:          792 kB
Active:          2021732 kB
Inactive:        1200480 kB
Active(anon):    1449064 kB
Inactive(anon):   694000 kB
Active(file):     572668 kB
Inactive(file):   506480 kB
Unevictable:           0 kB
Mlocked:               0 kB
SwapTotal:       1771516 kB
SwapFree:        1745960 kB
Dirty:             12980 kB
Writeback:             0 kB
AnonPages:       2112936 kB
Mapped:           338732 kB
Shmem:             29416 kB
Slab:             131640 kB
SReclaimable:      97700 kB
SUnreclaim:        33940 kB
KernelStack:        3696 kB
PageTables:        30184 kB
NFS_Unstable:          0 kB
Bounce:                0 kB
WritebackTmp:          0 kB
CommitLimit:     3795004 kB
Committed_AS:    5441360 kB
VmallocTotal:   34359738367 kB
VmallocUsed:      307488 kB
VmallocChunk:   34359426044 kB
HardwareCorrupted:     0 kB
AnonHugePages:    851968 kB
HugePages_Total:       0
HugePages_Free:        0
HugePages_Rsvd:        0
HugePages_Surp:        0
Hugepagesize:       2048 kB
DirectMap4k:      336832 kB
DirectMap2M:     3856384 kB


CPU:total 4 (4 cores per cpu, 1 threads per core) family 6 model 23 stepping 7, cmov, cx8, fxsr, mmx, sse, sse2, sse3, ssse3, sse4.1, tsc

/proc/cpuinfo:
processor	: 0
vendor_id	: GenuineIntel
cpu family	: 6
model		: 23
model name	: Intel(R) Core(TM)2 Quad  CPU   Q9550  @ 2.83GHz
stepping	: 7
microcode	: 0x705
cpu MHz		: 2834.000
cache size	: 6144 KB
physical id	: 0
siblings	: 4
core id		: 0
cpu cores	: 4
apicid		: 0
initial apicid	: 0
fpu		: yes
fpu_exception	: yes
cpuid level	: 10
wp		: yes
flags		: fpu vme de pse tsc msr pae mce cx8 apic sep mtrr pge mca cmov pat pse36 clflush dts acpi mmx fxsr sse sse2 ss ht tm pbe syscall nx lm constant_tsc arch_perfmon pebs bts rep_good nopl aperfmperf pni dtes64 monitor ds_cpl vmx smx est tm2 ssse3 cx16 xtpr pdcm sse4_1 lahf_lm dtherm tpr_shadow vnmi flexpriority
bogomips	: 5666.53
clflush size	: 64
cache_alignment	: 64
address sizes	: 36 bits physical, 48 bits virtual
power management:

processor	: 1
vendor_id	: GenuineIntel
cpu family	: 6
model		: 23
model name	: Intel(R) Core(TM)2 Quad  CPU   Q9550  @ 2.83GHz
stepping	: 7
microcode	: 0x705
cpu MHz		: 2834.000
cache size	: 6144 KB
physical id	: 0
siblings	: 4
core id		: 3
cpu cores	: 4
apicid		: 3
initial apicid	: 3
fpu		: yes
fpu_exception	: yes
cpuid level	: 10
wp		: yes
flags		: fpu vme de pse tsc msr pae mce cx8 apic sep mtrr pge mca cmov pat pse36 clflush dts acpi mmx fxsr sse sse2 ss ht tm pbe syscall nx lm constant_tsc arch_perfmon pebs bts rep_good nopl aperfmperf pni dtes64 monitor ds_cpl vmx smx est tm2 ssse3 cx16 xtpr pdcm sse4_1 lahf_lm dtherm tpr_shadow vnmi flexpriority
bogomips	: 5666.53
clflush size	: 64
cache_alignment	: 64
address sizes	: 36 bits physical, 48 bits virtual
power management:

processor	: 2
vendor_id	: GenuineIntel
cpu family	: 6
model		: 23
model name	: Intel(R) Core(TM)2 Quad  CPU   Q9550  @ 2.83GHz
stepping	: 7
microcode	: 0x705
cpu MHz		: 2834.000
cache size	: 6144 KB
physical id	: 0
siblings	: 4
core id		: 2
cpu cores	: 4
apicid		: 2
initial apicid	: 2
fpu		: yes
fpu_exception	: yes
cpuid level	: 10
wp		: yes
flags		: fpu vme de pse tsc msr pae mce cx8 apic sep mtrr pge mca cmov pat pse36 clflush dts acpi mmx fxsr sse sse2 ss ht tm pbe syscall nx lm constant_tsc arch_perfmon pebs bts rep_good nopl aperfmperf pni dtes64 monitor ds_cpl vmx smx est tm2 ssse3 cx16 xtpr pdcm sse4_1 lahf_lm dtherm tpr_shadow vnmi flexpriority
bogomips	: 5666.53
clflush size	: 64
cache_alignment	: 64
address sizes	: 36 bits physical, 48 bits virtual
power management:

processor	: 3
vendor_id	: GenuineIntel
cpu family	: 6
model		: 23
model name	: Intel(R) Core(TM)2 Quad  CPU   Q9550  @ 2.83GHz
stepping	: 7
microcode	: 0x705
cpu MHz		: 2834.000
cache size	: 6144 KB
physical id	: 0
siblings	: 4
core id		: 1
cpu cores	: 4
apicid		: 1
initial apicid	: 1
fpu		: yes
fpu_exception	: yes
cpuid level	: 10
wp		: yes
flags		: fpu vme de pse tsc msr pae mce cx8 apic sep mtrr pge mca cmov pat pse36 clflush dts acpi mmx fxsr sse sse2 ss ht tm pbe syscall nx lm constant_tsc arch_perfmon pebs bts rep_good nopl aperfmperf pni dtes64 monitor ds_cpl vmx smx est tm2 ssse3 cx16 xtpr pdcm sse4_1 lahf_lm dtherm tpr_shadow vnmi flexpriority
bogomips	: 5666.53
clflush size	: 64
cache_alignment	: 64
address sizes	: 36 bits physical, 48 bits virtual
power management:



Memory: 4k page, physical 4046980k(443864k free), swap 1771516k(1745960k free)

vm_info: Java HotSpot(TM) 64-Bit Server VM (25.25-b02) for linux-amd64 JRE (1.8.0_25-b17), built on Sep 17 2014 17:32:11 by "java_re" with gcc 4.3.0 20080428 (Red Hat 4.3.0-8)

time: Sun Nov 23 10:45:33 2014
elapsed time: 0 seconds (0d 0h 0m 0s)

