#
# A fatal error has been detected by the Java Runtime Environment:
#
#  SIGSEGV (0xb) at pc=0x00007f66d2005060, pid=24190, tid=140081011955456
#
# JRE version: Java(TM) SE Runtime Environment (8.0_25-b17) (build 1.8.0_25-b17)
# Java VM: Java HotSpot(TM) 64-Bit Server VM (25.25-b02 mixed mode linux-amd64 compressed oops)
# Problematic frame:
# C  0x00007f66d2005060
#
# Failed to write core dump. Core dumps have been disabled. To enable core dumping, try "ulimit -c unlimited" before starting Java again
#
# If you would like to submit a bug report, please visit:
#   http://bugreport.sun.com/bugreport/crash.jsp
#

---------------  T H R E A D  ---------------

Current thread (0x00007f672000a000):  JavaThread "main" [_thread_in_Java, id=24192, stack(0x00007f6726e51000,0x00007f6726f52000)]

siginfo: si_signo: 11 (SIGSEGV), si_code: 2 (SEGV_ACCERR), si_addr: 0x00007f66d2005060

Registers:
RAX=0x00007f6709913c30, RBX=0x00007f6709913c30, RCX=0x00000000eb766ca0, RDX=0x0000000030500001
RSP=0x00007f6726f50478, RBP=0x00007f6726f504d0, RSI=0x00000000eb766ca0, RDI=0x00000000eb7669e8
R8 =0x0000000000000000, R9 =0x0000000000000023, R10=0x00007f6726325440, R11=0x00007f6711102020
R12=0x0000000000000000, R13=0x00007f6726f50488, R14=0x00007f6726f50548, R15=0x00007f672000a000
RIP=0x00007f66d2005060, EFLAGS=0x0000000000010202, CSGSFS=0x0000000000000033, ERR=0x0000000000000014
  TRAPNO=0x000000000000000e

Top of Stack: (sp=0x00007f6726f50478)
0x00007f6726f50478:   00007f67110073d0 00007f67110073d0
0x00007f6726f50488:   00000000eb766ca0 00007f6726f50490
0x00007f6726f50498:   00007f6709aa21aa 00007f6726f50548
0x00007f6726f504a8:   00007f6709aa3bb0 0000000000000000
0x00007f6726f504b8:   00007f6709aa2408 00007f6726f50488
0x00007f6726f504c8:   00007f6726f50530 00007f6726f50590
0x00007f6726f504d8:   00007f671100798d 0000000000000000
0x00007f6726f504e8:   0000000000000000 0000000000000000
0x00007f6726f504f8:   0000000000000000 0000000000000000
0x00007f6726f50508:   0000000000000000 0000000000000000
0x00007f6726f50518:   0000000000000000 0000000000000000
0x00007f6726f50528:   00000000eb766ca0 0000000000000000
0x00007f6726f50538:   00000000eb766ca0 0000000000000000
0x00007f6726f50548:   00000000eb7669e8 00007f6726f50550
0x00007f6726f50558:   00007f6709aa20dc 00007f6726f505b0
0x00007f6726f50568:   00007f6709aa3bb0 0000000000000000
0x00007f6726f50578:   00007f6709aa20f0 00007f6726f50530
0x00007f6726f50588:   00007f6726f505a0 00007f6726f505f8
0x00007f6726f50598:   00007f671100798d 00000000eb766ca0
0x00007f6726f505a8:   0000000000000000 00000000eb7669e8
0x00007f6726f505b8:   00007f6726f505b8 00007f6709aa203b
0x00007f6726f505c8:   00007f6726f50610 00007f6709aa3bb0
0x00007f6726f505d8:   0000000000000000 00007f6709aa2050
0x00007f6726f505e8:   00007f6726f505a0 00007f6726f50608
0x00007f6726f505f8:   00007f6726f50660 00007f671100798d
0x00007f6726f50608:   00000000eb766ca0 00000000eb7669e8
0x00007f6726f50618:   00000000eb7669e8 00007f6726f50620
0x00007f6726f50628:   00007f6709d15a2b 00007f6726f50670
0x00007f6726f50638:   00007f6709d16138 0000000000000000
0x00007f6726f50648:   00007f6709d15a50 00007f6726f50608
0x00007f6726f50658:   00007f6726f50670 00007f6726f506c8
0x00007f6726f50668:   00007f6711007710 00000000eb762b88 

Instructions: (pc=0x00007f66d2005060)
0x00007f66d2005040:   
[error occurred during error reporting (printing registers, top of stack, instructions near pc), id 0xb]

Register to memory mapping:

RAX={method} {0x00007f6709913c30} 'length' '()I' in 'java/lang/String'
RBX={method} {0x00007f6709913c30} 'length' '()I' in 'java/lang/String'
RCX=0x00000000eb766ca0 is an oop
java.lang.String 
 - klass: 'java/lang/String'
RDX=0x0000000030500001 is an unknown value
RSP=0x00007f6726f50478 is pointing into the stack for thread: 0x00007f672000a000
RBP=0x00007f6726f504d0 is pointing into the stack for thread: 0x00007f672000a000
RSI=0x00000000eb766ca0 is an oop
java.lang.String 
 - klass: 'java/lang/String'
RDI=0x00000000eb7669e8 is an oop
java.net.URL 
 - klass: 'java/net/URL'
R8 =0x0000000000000000 is an unknown value
R9 =0x0000000000000023 is an unknown value
R10=0x00007f6726325440: <offset 0xf5c440> in /usr/lib/jvm/java-8-oracle/jre/lib/amd64/server/libjvm.so at 0x00007f67253c9000
R11=0x00007f6711102020 is at entry_point+32 in (nmethod*)0x00007f6711101e90
R12=0x0000000000000000 is an unknown value
R13=0x00007f6726f50488 is pointing into the stack for thread: 0x00007f672000a000
R14=0x00007f6726f50548 is pointing into the stack for thread: 0x00007f672000a000
R15=0x00007f672000a000 is a thread


Stack: [0x00007f6726e51000,0x00007f6726f52000],  sp=0x00007f6726f50478,  free space=1021k
Native frames: (J=compiled Java code, j=interpreted, Vv=VM code, C=native code)
C  0x00007f66d2005060
j  java.net.URL.<init>(Ljava/net/URL;Ljava/lang/String;)V+4
j  java.net.URL.<init>(Ljava/lang/String;)V+3
j  org.apache.tools.ant.launch.Locator.fileToURL(Ljava/io/File;)Ljava/net/URL;+11
j  org.apache.tools.ant.launch.Locator.getLocationURLs(Ljava/io/File;[Ljava/lang/String;)[Ljava/net/URL;+116
j  org.apache.tools.ant.launch.Locator.getLocationURLs(Ljava/io/File;)[Ljava/net/URL;+10
j  org.apache.tools.ant.launch.Launcher.getSystemURLs(Ljava/io/File;)[Ljava/net/URL;+45
j  org.apache.tools.ant.launch.Launcher.run([Ljava/lang/String;)I+496
j  org.apache.tools.ant.launch.Launcher.main([Ljava/lang/String;)V+10
v  ~StubRoutines::call_stub
V  [libjvm.so+0x664086]  JavaCalls::call_helper(JavaValue*, methodHandle*, JavaCallArguments*, Thread*)+0x1056
V  [libjvm.so+0x6ab096]  jni_invoke_static(JNIEnv_*, JavaValue*, _jobject*, JNICallType, _jmethodID*, JNI_ArgumentPusher*, Thread*)+0x346
V  [libjvm.so+0x6b1c2a]  jni_CallStaticVoidMethod+0x17a
C  [libjli.so+0x7b14]  JavaMain+0x844
C  [libpthread.so.0+0x8182]  start_thread+0xc2


---------------  P R O C E S S  ---------------

Java Threads: ( => current thread )
  0x00007f67200d8800 JavaThread "Service Thread" daemon [_thread_blocked, id=24204, stack(0x00007f66e7cfd000,0x00007f66e7dfe000)]
  0x00007f67200b0800 JavaThread "C1 CompilerThread2" daemon [_thread_blocked, id=24203, stack(0x00007f66e7dfe000,0x00007f66e7eff000)]
  0x00007f67200ae800 JavaThread "C2 CompilerThread1" daemon [_thread_blocked, id=24202, stack(0x00007f66e7eff000,0x00007f66e8000000)]
  0x00007f67200ab800 JavaThread "C2 CompilerThread0" daemon [_thread_blocked, id=24201, stack(0x00007f67080fe000,0x00007f67081ff000)]
  0x00007f67200a9800 JavaThread "Signal Dispatcher" daemon [_thread_blocked, id=24200, stack(0x00007f67081ff000,0x00007f6708300000)]
  0x00007f672007c000 JavaThread "Finalizer" daemon [_thread_blocked, id=24199, stack(0x00007f67086fe000,0x00007f67087ff000)]
  0x00007f672007a000 JavaThread "Reference Handler" daemon [_thread_blocked, id=24198, stack(0x00007f67087ff000,0x00007f6708900000)]
=>0x00007f672000a000 JavaThread "main" [_thread_in_Java, id=24192, stack(0x00007f6726e51000,0x00007f6726f52000)]

Other Threads:
  0x00007f6720073000 VMThread [stack: 0x00007f6708900000,0x00007f6708a01000] [id=24197]
  0x00007f67200da000 WatcherThread [stack: 0x00007f66e7bfc000,0x00007f66e7cfd000] [id=24205]

VM state:not at safepoint (normal execution)

VM Mutex/Monitor currently owned by a thread: None

Heap:
 PSYoungGen      total 18432K, used 1587K [0x00000000eb600000, 0x00000000eca80000, 0x0000000100000000)
  eden space 15872K, 10% used [0x00000000eb600000,0x00000000eb78cf00,0x00000000ec580000)
  from space 2560K, 0% used [0x00000000ec800000,0x00000000ec800000,0x00000000eca80000)
  to   space 2560K, 0% used [0x00000000ec580000,0x00000000ec580000,0x00000000ec800000)
 ParOldGen       total 42496K, used 0K [0x00000000c2200000, 0x00000000c4b80000, 0x00000000eb600000)
  object space 42496K, 0% used [0x00000000c2200000,0x00000000c2200000,0x00000000c4b80000)
 Metaspace       used 2921K, capacity 4564K, committed 4864K, reserved 1056768K
  class space    used 311K, capacity 388K, committed 512K, reserved 1048576K

Card table byte_map: [0x00007f6710a50000,0x00007f6710c40000] byte_map_base: 0x00007f671043f000

Marking Bits: (ParMarkBitMap*) 0x00007f67263232c0
 Begin Bits: [0x00007f670a110000, 0x00007f670b088000)
 End Bits:   [0x00007f670b088000, 0x00007f670c000000)

Polling page: 0x00007f6726f6a000

CodeCache: size=245760Kb used=1168Kb max_used=1179Kb free=244591Kb
 bounds [0x00007f6711000000, 0x00007f6711270000, 0x00007f6720000000]
 total_blobs=292 nmethods=51 adapters=157
 compilation: enabled

Compilation events (10 events):
Event: 0,085 Thread 0x00007f67200b0800   46       3       java.lang.String::indexOf (7 bytes)
Event: 0,085 Thread 0x00007f67200b0800 nmethod 46 0x00007f6711122910 code [0x00007f6711122a80, 0x00007f6711122c88]
Event: 0,085 Thread 0x00007f67200b0800   47       3       java.lang.String::lastIndexOf (52 bytes)
Event: 0,085 Thread 0x00007f67200b0800 nmethod 47 0x00007f6711122d10 code [0x00007f6711122ea0, 0x00007f6711123228]
Event: 0,085 Thread 0x00007f67200b0800   48       3       java.net.URI$Parser::charAt (9 bytes)
Event: 0,085 Thread 0x00007f67200ae800   50       4       java.lang.String::charAt (29 bytes)
Event: 0,085 Thread 0x00007f67200b0800 nmethod 48 0x00007f6711123390 code [0x00007f6711123520, 0x00007f6711123868]
Event: 0,085 Thread 0x00007f67200b0800   51       1       java.lang.String::length (6 bytes)
Event: 0,085 Thread 0x00007f67200b0800 nmethod 51 0x00007f67111239d0 code [0x00007f6711123b20, 0x00007f6711123c30]
Event: 0,085 Thread 0x00007f67200b0800   49       3       java.net.URI::match (56 bytes)

GC Heap History (0 events):
No events

Deoptimization events (0 events):
No events

Internal exceptions (10 events):
Event: 0,028 Thread 0x00007f672000a000 Exception <a 'java/lang/NoSuchMethodError': Method sun.misc.Unsafe.prefetchRead(Ljava/lang/Object;J)V name or signature does not match> (0x00000000eb611ef8) thrown at [/HUDSON/workspace/8-2-build-linux-amd64/jdk8u25/1514/hotspot/src/share/vm/prims/jni.cpp
Event: 0,056 Thread 0x00007f672000a000 Exception <a 'java/security/PrivilegedActionException'> (0x00000000eb6a5280) thrown at [/HUDSON/workspace/8-2-build-linux-amd64/jdk8u25/1514/hotspot/src/share/vm/prims/jvm.cpp, line 1312]
Event: 0,077 Thread 0x00007f672000a000 Exception <a 'java/security/PrivilegedActionException'> (0x00000000eb6eb770) thrown at [/HUDSON/workspace/8-2-build-linux-amd64/jdk8u25/1514/hotspot/src/share/vm/prims/jvm.cpp, line 1312]
Event: 0,078 Thread 0x00007f672000a000 Exception <a 'java/security/PrivilegedActionException'> (0x00000000eb6edcb8) thrown at [/HUDSON/workspace/8-2-build-linux-amd64/jdk8u25/1514/hotspot/src/share/vm/prims/jvm.cpp, line 1312]
Event: 0,079 Thread 0x00007f672000a000 Exception <a 'java/security/PrivilegedActionException'> (0x00000000eb73f9a0) thrown at [/HUDSON/workspace/8-2-build-linux-amd64/jdk8u25/1514/hotspot/src/share/vm/prims/jvm.cpp, line 1312]
Event: 0,082 Thread 0x00007f672000a000 Exception <a 'java/security/PrivilegedActionException'> (0x00000000eb75a100) thrown at [/HUDSON/workspace/8-2-build-linux-amd64/jdk8u25/1514/hotspot/src/share/vm/prims/jvm.cpp, line 1312]
Event: 0,082 Thread 0x00007f672000a000 Exception <a 'java/security/PrivilegedActionException'> (0x00000000eb75a2b8) thrown at [/HUDSON/workspace/8-2-build-linux-amd64/jdk8u25/1514/hotspot/src/share/vm/prims/jvm.cpp, line 1312]
Event: 0,082 Thread 0x00007f672000a000 Exception <a 'java/security/PrivilegedActionException'> (0x00000000eb75c648) thrown at [/HUDSON/workspace/8-2-build-linux-amd64/jdk8u25/1514/hotspot/src/share/vm/prims/jvm.cpp, line 1312]
Event: 0,082 Thread 0x00007f672000a000 Exception <a 'java/security/PrivilegedActionException'> (0x00000000eb75c800) thrown at [/HUDSON/workspace/8-2-build-linux-amd64/jdk8u25/1514/hotspot/src/share/vm/prims/jvm.cpp, line 1312]
Event: 0,083 Thread 0x00007f672000a000 Exception <a 'java/security/PrivilegedActionException'> (0x00000000eb75f3a0) thrown at [/HUDSON/workspace/8-2-build-linux-amd64/jdk8u25/1514/hotspot/src/share/vm/prims/jvm.cpp, line 1312]

Events (10 events):
Event: 0,082 loading class java/net/URLClassLoader$2
Event: 0,082 loading class java/net/URLClassLoader$2 done
Event: 0,083 loading class java/util/ArrayList$Itr
Event: 0,083 loading class java/util/ArrayList$Itr done
Event: 0,083 loading class org/apache/tools/ant/launch/Locator$1
Event: 0,083 loading class org/apache/tools/ant/launch/Locator$1 done
Event: 0,084 loading class java/net/URI
Event: 0,084 loading class java/net/URI done
Event: 0,084 loading class java/net/URI$Parser
Event: 0,085 loading class java/net/URI$Parser done


Dynamic libraries:
00400000-00401000 r-xp 00000000 08:03 1719663                            /usr/lib/jvm/java-8-oracle/jre/bin/java
00600000-00601000 rw-p 00000000 08:03 1719663                            /usr/lib/jvm/java-8-oracle/jre/bin/java
015db000-015fc000 rw-p 00000000 00:00 0                                  [heap]
c2200000-c4b80000 rw-p 00000000 00:00 0 
c4b80000-eb600000 ---p 00000000 00:00 0 
eb600000-eca80000 rw-p 00000000 00:00 0 
eca80000-100000000 ---p 00000000 00:00 0 
100000000-100080000 rw-p 00000000 00:00 0 
100080000-140000000 ---p 00000000 00:00 0 
7f66d0000000-7f66d0021000 rw-p 00000000 00:00 0 
7f66d0021000-7f66d4000000 ---p 00000000 00:00 0 
7f66d8000000-7f66d8059000 rw-p 00000000 00:00 0 
7f66d8059000-7f66dc000000 ---p 00000000 00:00 0 
7f66dc000000-7f66dc021000 rw-p 00000000 00:00 0 
7f66dc021000-7f66e0000000 ---p 00000000 00:00 0 
7f66e0000000-7f66e0021000 rw-p 00000000 00:00 0 
7f66e0021000-7f66e4000000 ---p 00000000 00:00 0 
7f66e7a72000-7f66e7bfc000 rw-p 00000000 00:00 0 
7f66e7bfc000-7f66e7bfd000 ---p 00000000 00:00 0 
7f66e7bfd000-7f66e7cfd000 rw-p 00000000 00:00 0                          [stack:24205]
7f66e7cfd000-7f66e7d00000 ---p 00000000 00:00 0 
7f66e7d00000-7f66e7dfe000 rw-p 00000000 00:00 0                          [stack:24204]
7f66e7dfe000-7f66e7e01000 ---p 00000000 00:00 0 
7f66e7e01000-7f66e7eff000 rw-p 00000000 00:00 0                          [stack:24203]
7f66e7eff000-7f66e7f02000 ---p 00000000 00:00 0 
7f66e7f02000-7f66e8000000 rw-p 00000000 00:00 0                          [stack:24202]
7f66e8000000-7f66e8021000 rw-p 00000000 00:00 0 
7f66e8021000-7f66ec000000 ---p 00000000 00:00 0 
7f66ec000000-7f66ec03e000 rw-p 00000000 00:00 0 
7f66ec03e000-7f66f0000000 ---p 00000000 00:00 0 
7f66f0000000-7f66f0021000 rw-p 00000000 00:00 0 
7f66f0021000-7f66f4000000 ---p 00000000 00:00 0 
7f66f4000000-7f66f4021000 rw-p 00000000 00:00 0 
7f66f4021000-7f66f8000000 ---p 00000000 00:00 0 
7f66f8000000-7f66f8021000 rw-p 00000000 00:00 0 
7f66f8021000-7f66fc000000 ---p 00000000 00:00 0 
7f66fc000000-7f66fc021000 rw-p 00000000 00:00 0 
7f66fc021000-7f6700000000 ---p 00000000 00:00 0 
7f6700000000-7f6700021000 rw-p 00000000 00:00 0 
7f6700021000-7f6704000000 ---p 00000000 00:00 0 
7f6704000000-7f6704021000 rw-p 00000000 00:00 0 
7f6704021000-7f6708000000 ---p 00000000 00:00 0 
7f6708013000-7f67080fe000 rw-p 00000000 00:00 0 
7f67080fe000-7f6708101000 ---p 00000000 00:00 0 
7f6708101000-7f67081ff000 rw-p 00000000 00:00 0                          [stack:24201]
7f67081ff000-7f6708202000 ---p 00000000 00:00 0 
7f6708202000-7f6708300000 rw-p 00000000 00:00 0                          [stack:24200]
7f6708300000-7f67086fe000 r--p 00000000 08:03 1704955                    /usr/lib/locale/locale-archive
7f67086fe000-7f6708701000 ---p 00000000 00:00 0 
7f6708701000-7f67087ff000 rw-p 00000000 00:00 0                          [stack:24199]
7f67087ff000-7f6708802000 ---p 00000000 00:00 0 
7f6708802000-7f6708900000 rw-p 00000000 00:00 0                          [stack:24198]
7f6708900000-7f6708901000 ---p 00000000 00:00 0 
7f6708901000-7f6709d50000 rw-p 00000000 00:00 0                          [stack:24197]
7f6709d50000-7f670a110000 ---p 00000000 00:00 0 
7f670a110000-7f670c000000 rw-p 00000000 00:00 0 
7f670c000000-7f670c021000 rw-p 00000000 00:00 0 
7f670c021000-7f6710000000 ---p 00000000 00:00 0 
7f6710036000-7f67100c7000 rw-p 00000000 00:00 0 
7f67100c7000-7f671029d000 r--s 03caa000 08:03 1719620                    /usr/lib/jvm/java-8-oracle/jre/lib/rt.jar
7f671029d000-7f6710502000 rw-p 00000000 00:00 0 
7f6710502000-7f6710503000 ---p 00000000 00:00 0 
7f6710503000-7f6710603000 rw-p 00000000 00:00 0                          [stack:24196]
7f6710603000-7f6710604000 ---p 00000000 00:00 0 
7f6710604000-7f6710704000 rw-p 00000000 00:00 0                          [stack:24195]
7f6710704000-7f6710705000 ---p 00000000 00:00 0 
7f6710705000-7f6710805000 rw-p 00000000 00:00 0                          [stack:24194]
7f6710805000-7f6710806000 ---p 00000000 00:00 0 
7f6710806000-7f671091b000 rw-p 00000000 00:00 0                          [stack:24193]
7f671091b000-7f6710a50000 ---p 00000000 00:00 0 
7f6710a50000-7f6710a65000 rw-p 00000000 00:00 0 
7f6710a65000-7f6710b9a000 ---p 00000000 00:00 0 
7f6710b9a000-7f6710ba5000 rw-p 00000000 00:00 0 
7f6710ba5000-7f6710c3f000 ---p 00000000 00:00 0 
7f6710c3f000-7f6710c4a000 rw-p 00000000 00:00 0 
7f6710c4a000-7f6711000000 ---p 00000000 00:00 0 
7f6711000000-7f6711270000 rwxp 00000000 00:00 0 
7f6711270000-7f6720000000 ---p 00000000 00:00 0 
7f6720000000-7f6720123000 rw-p 00000000 00:00 0 
7f6720123000-7f6724000000 ---p 00000000 00:00 0 
7f6724008000-7f6724029000 rw-p 00000000 00:00 0 
7f6724029000-7f6724043000 r-xp 00000000 08:03 1719386                    /usr/lib/jvm/java-8-oracle/jre/lib/amd64/libzip.so
7f6724043000-7f6724243000 ---p 0001a000 08:03 1719386                    /usr/lib/jvm/java-8-oracle/jre/lib/amd64/libzip.so
7f6724243000-7f6724244000 rw-p 0001a000 08:03 1719386                    /usr/lib/jvm/java-8-oracle/jre/lib/amd64/libzip.so
7f6724244000-7f672424f000 r-xp 00000000 08:03 2103193                    /lib/x86_64-linux-gnu/libnss_files-2.19.so
7f672424f000-7f672444e000 ---p 0000b000 08:03 2103193                    /lib/x86_64-linux-gnu/libnss_files-2.19.so
7f672444e000-7f672444f000 r--p 0000a000 08:03 2103193                    /lib/x86_64-linux-gnu/libnss_files-2.19.so
7f672444f000-7f6724450000 rw-p 0000b000 08:03 2103193                    /lib/x86_64-linux-gnu/libnss_files-2.19.so
7f6724450000-7f672445b000 r-xp 00000000 08:03 2103194                    /lib/x86_64-linux-gnu/libnss_nis-2.19.so
7f672445b000-7f672465a000 ---p 0000b000 08:03 2103194                    /lib/x86_64-linux-gnu/libnss_nis-2.19.so
7f672465a000-7f672465b000 r--p 0000a000 08:03 2103194                    /lib/x86_64-linux-gnu/libnss_nis-2.19.so
7f672465b000-7f672465c000 rw-p 0000b000 08:03 2103194                    /lib/x86_64-linux-gnu/libnss_nis-2.19.so
7f672465c000-7f6724673000 r-xp 00000000 08:03 2102533                    /lib/x86_64-linux-gnu/libnsl-2.19.so
7f6724673000-7f6724872000 ---p 00017000 08:03 2102533                    /lib/x86_64-linux-gnu/libnsl-2.19.so
7f6724872000-7f6724873000 r--p 00016000 08:03 2102533                    /lib/x86_64-linux-gnu/libnsl-2.19.so
7f6724873000-7f6724874000 rw-p 00017000 08:03 2102533                    /lib/x86_64-linux-gnu/libnsl-2.19.so
7f6724874000-7f6724876000 rw-p 00000000 00:00 0 
7f6724876000-7f672487f000 r-xp 00000000 08:03 2102431                    /lib/x86_64-linux-gnu/libnss_compat-2.19.so
7f672487f000-7f6724a7e000 ---p 00009000 08:03 2102431                    /lib/x86_64-linux-gnu/libnss_compat-2.19.so
7f6724a7e000-7f6724a7f000 r--p 00008000 08:03 2102431                    /lib/x86_64-linux-gnu/libnss_compat-2.19.so
7f6724a7f000-7f6724a80000 rw-p 00009000 08:03 2102431                    /lib/x86_64-linux-gnu/libnss_compat-2.19.so
7f6724a80000-7f6724aaa000 r-xp 00000000 08:03 1719352                    /usr/lib/jvm/java-8-oracle/jre/lib/amd64/libjava.so
7f6724aaa000-7f6724caa000 ---p 0002a000 08:03 1719352                    /usr/lib/jvm/java-8-oracle/jre/lib/amd64/libjava.so
7f6724caa000-7f6724cac000 rw-p 0002a000 08:03 1719352                    /usr/lib/jvm/java-8-oracle/jre/lib/amd64/libjava.so
7f6724cac000-7f6724cb9000 r-xp 00000000 08:03 1719370                    /usr/lib/jvm/java-8-oracle/jre/lib/amd64/libverify.so
7f6724cb9000-7f6724eb9000 ---p 0000d000 08:03 1719370                    /usr/lib/jvm/java-8-oracle/jre/lib/amd64/libverify.so
7f6724eb9000-7f6724ebb000 rw-p 0000d000 08:03 1719370                    /usr/lib/jvm/java-8-oracle/jre/lib/amd64/libverify.so
7f6724ebb000-7f6724ec2000 r-xp 00000000 08:03 2102576                    /lib/x86_64-linux-gnu/librt-2.19.so
7f6724ec2000-7f67250c1000 ---p 00007000 08:03 2102576                    /lib/x86_64-linux-gnu/librt-2.19.so
7f67250c1000-7f67250c2000 r--p 00006000 08:03 2102576                    /lib/x86_64-linux-gnu/librt-2.19.so
7f67250c2000-7f67250c3000 rw-p 00007000 08:03 2102576                    /lib/x86_64-linux-gnu/librt-2.19.so
7f67250c3000-7f67251c8000 r-xp 00000000 08:03 2102682                    /lib/x86_64-linux-gnu/libm-2.19.so
7f67251c8000-7f67253c7000 ---p 00105000 08:03 2102682                    /lib/x86_64-linux-gnu/libm-2.19.so
7f67253c7000-7f67253c8000 r--p 00104000 08:03 2102682                    /lib/x86_64-linux-gnu/libm-2.19.so
7f67253c8000-7f67253c9000 rw-p 00105000 08:03 2102682                    /lib/x86_64-linux-gnu/libm-2.19.so
7f67253c9000-7f6726036000 r-xp 00000000 08:03 1719359                    /usr/lib/jvm/java-8-oracle/jre/lib/amd64/server/libjvm.so
7f6726036000-7f6726235000 ---p 00c6d000 08:03 1719359                    /usr/lib/jvm/java-8-oracle/jre/lib/amd64/server/libjvm.so
7f6726235000-7f672630b000 rw-p 00c6c000 08:03 1719359                    /usr/lib/jvm/java-8-oracle/jre/lib/amd64/server/libjvm.so
7f672630b000-7f672634e000 rw-p 00000000 00:00 0 
7f672634e000-7f6726509000 r-xp 00000000 08:03 2102633                    /lib/x86_64-linux-gnu/libc-2.19.so
7f6726509000-7f6726709000 ---p 001bb000 08:03 2102633                    /lib/x86_64-linux-gnu/libc-2.19.so
7f6726709000-7f672670d000 r--p 001bb000 08:03 2102633                    /lib/x86_64-linux-gnu/libc-2.19.so
7f672670d000-7f672670f000 rw-p 001bf000 08:03 2102633                    /lib/x86_64-linux-gnu/libc-2.19.so
7f672670f000-7f6726714000 rw-p 00000000 00:00 0 
7f6726714000-7f6726717000 r-xp 00000000 08:03 2103199                    /lib/x86_64-linux-gnu/libdl-2.19.so
7f6726717000-7f6726916000 ---p 00003000 08:03 2103199                    /lib/x86_64-linux-gnu/libdl-2.19.so
7f6726916000-7f6726917000 r--p 00002000 08:03 2103199                    /lib/x86_64-linux-gnu/libdl-2.19.so
7f6726917000-7f6726918000 rw-p 00003000 08:03 2103199                    /lib/x86_64-linux-gnu/libdl-2.19.so
7f6726918000-7f672692d000 r-xp 00000000 08:03 1719341                    /usr/lib/jvm/java-8-oracle/jre/lib/amd64/jli/libjli.so
7f672692d000-7f6726b2c000 ---p 00015000 08:03 1719341                    /usr/lib/jvm/java-8-oracle/jre/lib/amd64/jli/libjli.so
7f6726b2c000-7f6726b2d000 rw-p 00014000 08:03 1719341                    /usr/lib/jvm/java-8-oracle/jre/lib/amd64/jli/libjli.so
7f6726b2d000-7f6726b46000 r-xp 00000000 08:03 2103200                    /lib/x86_64-linux-gnu/libpthread-2.19.so
7f6726b46000-7f6726d45000 ---p 00019000 08:03 2103200                    /lib/x86_64-linux-gnu/libpthread-2.19.so
7f6726d45000-7f6726d46000 r--p 00018000 08:03 2103200                    /lib/x86_64-linux-gnu/libpthread-2.19.so
7f6726d46000-7f6726d47000 rw-p 00019000 08:03 2103200                    /lib/x86_64-linux-gnu/libpthread-2.19.so
7f6726d47000-7f6726d4b000 rw-p 00000000 00:00 0 
7f6726d4b000-7f6726d6e000 r-xp 00000000 08:03 2102634                    /lib/x86_64-linux-gnu/ld-2.19.so
7f6726d78000-7f6726e51000 rw-p 00000000 00:00 0 
7f6726e51000-7f6726e54000 ---p 00000000 00:00 0 
7f6726e54000-7f6726f56000 rw-p 00000000 00:00 0                          [stack:24192]
7f6726f5d000-7f6726f60000 rw-p 00000000 00:00 0 
7f6726f60000-7f6726f61000 r--s 00004000 08:03 1983726                    /usr/share/java/ant-launcher-1.9.3.jar
7f6726f61000-7f6726f69000 rw-s 00000000 08:03 1842380                    /tmp/hsperfdata_sergio/24190
7f6726f69000-7f6726f6a000 rw-p 00000000 00:00 0 
7f6726f6a000-7f6726f6b000 r--p 00000000 00:00 0 
7f6726f6b000-7f6726f6d000 rw-p 00000000 00:00 0 
7f6726f6d000-7f6726f6e000 r--p 00022000 08:03 2102634                    /lib/x86_64-linux-gnu/ld-2.19.so
7f6726f6e000-7f6726f6f000 rw-p 00023000 08:03 2102634                    /lib/x86_64-linux-gnu/ld-2.19.so
7f6726f6f000-7f6726f70000 rw-p 00000000 00:00 0 
7fff18c9a000-7fff18cbb000 rw-p 00000000 00:00 0                          [stack]
7fff18de7000-7fff18de9000 r-xp 00000000 00:00 0                          [vdso]
ffffffffff600000-ffffffffff601000 r-xp 00000000 00:00 0                  [vsyscall]

VM Arguments:
jvm_args: -Dant.home=/usr/share/ant -Dant.library.dir=/usr/share/ant/lib 
java_command: org.apache.tools.ant.launch.Launcher -cp  -version
java_class_path (initial): /usr/share/ant/lib/ant-launcher.jar:/usr/share/java/xmlParserAPIs.jar:/usr/share/java/xercesImpl.jar
Launcher Type: SUN_STANDARD

Environment Variables:
JAVA_HOME=/usr/lib/jvm/java-8-oracle
PATH=/usr/local/sbin:/usr/local/bin:/usr/sbin:/usr/bin:/sbin:/bin:/usr/games:/usr/local/games:/opt/android-sdk-linux/tools:/opt/android-sdk-linux/platform-tools:/opt/android-sdk-linux/bin
SHELL=/bin/bash
DISPLAY=:0

Signal Handlers:
SIGSEGV: [libjvm.so+0xa79a80], sa_mask[0]=11111111011111111101111111111110, sa_flags=SA_RESTART|SA_SIGINFO
SIGBUS: [libjvm.so+0xa79a80], sa_mask[0]=11111111011111111101111111111110, sa_flags=SA_RESTART|SA_SIGINFO
SIGFPE: [libjvm.so+0x8e24e0], sa_mask[0]=11111111011111111101111111111110, sa_flags=SA_RESTART|SA_SIGINFO
SIGPIPE: [libjvm.so+0x8e24e0], sa_mask[0]=11111111011111111101111111111110, sa_flags=SA_RESTART|SA_SIGINFO
SIGXFSZ: [libjvm.so+0x8e24e0], sa_mask[0]=11111111011111111101111111111110, sa_flags=SA_RESTART|SA_SIGINFO
SIGILL: [libjvm.so+0x8e24e0], sa_mask[0]=11111111011111111101111111111110, sa_flags=SA_RESTART|SA_SIGINFO
SIGUSR1: SIG_DFL, sa_mask[0]=00000000000000000000000000000000, sa_flags=none
SIGUSR2: [libjvm.so+0x8e3d10], sa_mask[0]=00000000000000000000000000000000, sa_flags=SA_RESTART|SA_SIGINFO
SIGHUP: [libjvm.so+0x8e50d0], sa_mask[0]=11111111011111111101111111111110, sa_flags=SA_RESTART|SA_SIGINFO
SIGINT: [libjvm.so+0x8e50d0], sa_mask[0]=11111111011111111101111111111110, sa_flags=SA_RESTART|SA_SIGINFO
SIGTERM: [libjvm.so+0x8e50d0], sa_mask[0]=11111111011111111101111111111110, sa_flags=SA_RESTART|SA_SIGINFO
SIGQUIT: [libjvm.so+0x8e50d0], sa_mask[0]=11111111011111111101111111111110, sa_flags=SA_RESTART|SA_SIGINFO


---------------  S Y S T E M  ---------------

OS:DISTRIB_ID="elementary OS"
DISTRIB_RELEASE=0.3
DISTRIB_CODENAME=freya
DISTRIB_DESCRIPTION="elementary OS Freya"

uname:Linux 3.13.0-39-generic #66-Ubuntu SMP Tue Oct 28 13:30:27 UTC 2014 x86_64
libc:glibc 2.19 NPTL 2.19 
rlimit: STACK 8192k, CORE 0k, NPROC 31387, NOFILE 4096, AS infinity
load average:1,09 0,46 0,29

/proc/meminfo:
MemTotal:        4046980 kB
MemFree:          873152 kB
Buffers:          152120 kB
Cached:          1315532 kB
SwapCached:          192 kB
Active:          1774156 kB
Inactive:        1046348 kB
Active(anon):    1036556 kB
Inactive(anon):   349708 kB
Active(file):     737600 kB
Inactive(file):   696640 kB
Unevictable:           0 kB
Mlocked:               0 kB
SwapTotal:       1771516 kB
SwapFree:        1768556 kB
Dirty:              2464 kB
Writeback:             0 kB
AnonPages:       1352744 kB
Mapped:           275472 kB
Shmem:             33416 kB
Slab:             195584 kB
SReclaimable:     162912 kB
SUnreclaim:        32672 kB
KernelStack:        4256 kB
PageTables:        32864 kB
NFS_Unstable:          0 kB
Bounce:                0 kB
WritebackTmp:          0 kB
CommitLimit:     3795004 kB
Committed_AS:    4968704 kB
VmallocTotal:   34359738367 kB
VmallocUsed:      307328 kB
VmallocChunk:   34359425532 kB
HardwareCorrupted:     0 kB
AnonHugePages:    434176 kB
HugePages_Total:       0
HugePages_Free:        0
HugePages_Rsvd:        0
HugePages_Surp:        0
Hugepagesize:       2048 kB
DirectMap4k:      193472 kB
DirectMap2M:     3999744 kB


CPU:total 4 (4 cores per cpu, 1 threads per core) family 6 model 23 stepping 7, cmov, cx8, fxsr, mmx, sse, sse2, sse3, ssse3, sse4.1, tsc

/proc/cpuinfo:
processor	: 0
vendor_id	: GenuineIntel
cpu family	: 6
model		: 23
model name	: Intel(R) Core(TM)2 Quad  CPU   Q9550  @ 2.83GHz
stepping	: 7
microcode	: 0x705
cpu MHz		: 2834.000
cache size	: 6144 KB
physical id	: 0
siblings	: 4
core id		: 0
cpu cores	: 4
apicid		: 0
initial apicid	: 0
fpu		: yes
fpu_exception	: yes
cpuid level	: 10
wp		: yes
flags		: fpu vme de pse tsc msr pae mce cx8 apic sep mtrr pge mca cmov pat pse36 clflush dts acpi mmx fxsr sse sse2 ss ht tm pbe syscall nx lm constant_tsc arch_perfmon pebs bts rep_good nopl aperfmperf pni dtes64 monitor ds_cpl vmx smx est tm2 ssse3 cx16 xtpr pdcm sse4_1 lahf_lm dtherm tpr_shadow vnmi flexpriority
bogomips	: 5666.28
clflush size	: 64
cache_alignment	: 64
address sizes	: 36 bits physical, 48 bits virtual
power management:

processor	: 1
vendor_id	: GenuineIntel
cpu family	: 6
model		: 23
model name	: Intel(R) Core(TM)2 Quad  CPU   Q9550  @ 2.83GHz
stepping	: 7
microcode	: 0x705
cpu MHz		: 2834.000
cache size	: 6144 KB
physical id	: 0
siblings	: 4
core id		: 3
cpu cores	: 4
apicid		: 3
initial apicid	: 3
fpu		: yes
fpu_exception	: yes
cpuid level	: 10
wp		: yes
flags		: fpu vme de pse tsc msr pae mce cx8 apic sep mtrr pge mca cmov pat pse36 clflush dts acpi mmx fxsr sse sse2 ss ht tm pbe syscall nx lm constant_tsc arch_perfmon pebs bts rep_good nopl aperfmperf pni dtes64 monitor ds_cpl vmx smx est tm2 ssse3 cx16 xtpr pdcm sse4_1 lahf_lm dtherm tpr_shadow vnmi flexpriority
bogomips	: 5666.28
clflush size	: 64
cache_alignment	: 64
address sizes	: 36 bits physical, 48 bits virtual
power management:

processor	: 2
vendor_id	: GenuineIntel
cpu family	: 6
model		: 23
model name	: Intel(R) Core(TM)2 Quad  CPU   Q9550  @ 2.83GHz
stepping	: 7
microcode	: 0x705
cpu MHz		: 2834.000
cache size	: 6144 KB
physical id	: 0
siblings	: 4
core id		: 2
cpu cores	: 4
apicid		: 2
initial apicid	: 2
fpu		: yes
fpu_exception	: yes
cpuid level	: 10
wp		: yes
flags		: fpu vme de pse tsc msr pae mce cx8 apic sep mtrr pge mca cmov pat pse36 clflush dts acpi mmx fxsr sse sse2 ss ht tm pbe syscall nx lm constant_tsc arch_perfmon pebs bts rep_good nopl aperfmperf pni dtes64 monitor ds_cpl vmx smx est tm2 ssse3 cx16 xtpr pdcm sse4_1 lahf_lm dtherm tpr_shadow vnmi flexpriority
bogomips	: 5666.28
clflush size	: 64
cache_alignment	: 64
address sizes	: 36 bits physical, 48 bits virtual
power management:

processor	: 3
vendor_id	: GenuineIntel
cpu family	: 6
model		: 23
model name	: Intel(R) Core(TM)2 Quad  CPU   Q9550  @ 2.83GHz
stepping	: 7
microcode	: 0x705
cpu MHz		: 2834.000
cache size	: 6144 KB
physical id	: 0
siblings	: 4
core id		: 1
cpu cores	: 4
apicid		: 1
initial apicid	: 1
fpu		: yes
fpu_exception	: yes
cpuid level	: 10
wp		: yes
flags		: fpu vme de pse tsc msr pae mce cx8 apic sep mtrr pge mca cmov pat pse36 clflush dts acpi mmx fxsr sse sse2 ss ht tm pbe syscall nx lm constant_tsc arch_perfmon pebs bts rep_good nopl aperfmperf pni dtes64 monitor ds_cpl vmx smx est tm2 ssse3 cx16 xtpr pdcm sse4_1 lahf_lm dtherm tpr_shadow vnmi flexpriority
bogomips	: 5666.28
clflush size	: 64
cache_alignment	: 64
address sizes	: 36 bits physical, 48 bits virtual
power management:



Memory: 4k page, physical 4046980k(873152k free), swap 1771516k(1768556k free)

vm_info: Java HotSpot(TM) 64-Bit Server VM (25.25-b02) for linux-amd64 JRE (1.8.0_25-b17), built on Sep 17 2014 17:32:11 by "java_re" with gcc 4.3.0 20080428 (Red Hat 4.3.0-8)

time: Wed Nov 26 19:52:05 2014
elapsed time: 0 seconds (0d 0h 0m 0s)

