#
# A fatal error has been detected by the Java Runtime Environment:
#
#  SIGSEGV (0xb) at pc=0x00007fb186005060, pid=20124, tid=140401881765632
#
# JRE version: Java(TM) SE Runtime Environment (8.0_25-b17) (build 1.8.0_25-b17)
# Java VM: Java HotSpot(TM) 64-Bit Server VM (25.25-b02 mixed mode linux-amd64 compressed oops)
# Problematic frame:
# C  0x00007fb186005060
#
# Failed to write core dump. Core dumps have been disabled. To enable core dumping, try "ulimit -c unlimited" before starting Java again
#
# If you would like to submit a bug report, please visit:
#   http://bugreport.sun.com/bugreport/crash.jsp
#

---------------  T H R E A D  ---------------

Current thread (0x00007fb1d400a000):  JavaThread "main" [_thread_in_Java, id=20126, stack(0x00007fb1dc39d000,0x00007fb1dc49e000)]

siginfo: si_signo: 11 (SIGSEGV), si_code: 1 (SEGV_MAPERR), si_addr: 0x00007fb186005060

Registers:
RAX=0x00000000ebfdafa0, RBX=0x00007fb1dc49ba70, RCX=0x00000000000007de, RDX=0x0000000000000001
RSP=0x00007fb1dc49ba68, RBP=0x00007fb1dc49bd30, RSI=0x00000000ebfdafa0, RDI=0x0000000000000011
R8 =0x0000000000000118, R9 =0x000000000001ffff, R10=0x000000000000007f, R11=0x00007fb1c51dcba0
R12=0x0000000000000000, R13=0x00007fb1c520850c, R14=0x00007fb1dc49ba60, R15=0x00007fb1d400a000
RIP=0x00007fb186005060, EFLAGS=0x0000000000010206, CSGSFS=0x0000000000000033, ERR=0x0000000000000014
  TRAPNO=0x000000000000000e

Top of Stack: (sp=0x00007fb1dc49ba68)
0x00007fb1dc49ba68:   00007fb1c52085dc 00007fb1d851b8a0
0x00007fb1dc49ba78:   0000000000000000 00007fb1dc49ba98
0x00007fb1dc49ba88:   00007fb1dc49bae8 00007fb1dc49bd30
0x00007fb1dc49ba98:   00007fb1c51c84b4 00000000eb607e00
0x00007fb1dc49baa8:   00000000ebfdae90 00007fb1dc49bd30
0x00007fb1dc49bab8:   00007fb1c51b85ec 00007fb1dc49bd30
0x00007fb1dc49bac8:   00007fb1c520087c 00007fb1d8517d18
0x00007fb1dc49bad8:   0000000000000000 00007fb1dc49bb40
0x00007fb1dc49bae8:   00007fb1dc49bd30 00007fb1c51f7d24
0x00007fb1dc49baf8:   0000002a00000000 00000000448802c6
0x00007fb1dc49bb08:   00000000ebfdaf30 00000000ebfdafa0
0x00007fb1dc49bb18:   00000000eb607e00 00000000ebfda970
0x00007fb1dc49bb28:   00000000ebfda990 00007fb1dc49bd30
0x00007fb1dc49bb38:   00007fb1c51f68b4 00000001000007a8
0x00007fb1dc49bb48:   0000000000000000 0000000000000002
0x00007fb1dc49bb58:   00000000ebf7eb38 00007fb1dc49bbb0
0x00007fb1dc49bb68:   0000000000000000 0000000000000000
0x00007fb1dc49bb78:   00007fb1dc49bce0 00007fb1dc49bd58
0x00007fb1dc49bb88:   00007fb1d400a000 00007fb1dc49bbe0
0x00007fb1dc49bb98:   00007fb1c51c8e02 00000000ebe57788
0x00007fb1dc49bba8:   00000000ebe3fd18 00007fb1dc49bbb0
0x00007fb1dc49bbb8:   00007fb1d829a748 00007fb1dc49bc08
0x00007fb1dc49bbc8:   00007fb1d829aad8 00007fb1d83dcb68
0x00007fb1dc49bbd8:   00007fb1d829a758 00007fb1dc49bd30
0x00007fb1dc49bbe8:   00007fb1c51c84b4 00007fb1dc49bc50
0x00007fb1dc49bbf8:   00007fb1c500798d 00000000ebe3f978
0x00007fb1dc49bc08:   00000000ebe57898 00000000ebfdae90
0x00007fb1dc49bc18:   00000000ebfdae70 00007fb1d89b3000
0x00007fb1dc49bc28:   00000000ebe57408 0000002b00000001
0x00007fb1dc49bc38:   0000000000000000 0000002b00000000
0x00007fb1dc49bc48:   0000000400000000 00000000ebe57788
0x00007fb1dc49bc58:   0000000000000000 00000000ebe3fd18 

Instructions: (pc=0x00007fb186005060)
0x00007fb186005040:   
[error occurred during error reporting (printing registers, top of stack, instructions near pc), id 0xb]

Register to memory mapping:

RAX=0x00000000ebfdafa0 is an oop
java.util.GregorianCalendar 
 - klass: 'java/util/GregorianCalendar'
RBX=0x00007fb1dc49ba70 is pointing into the stack for thread: 0x00007fb1d400a000
RCX=0x00000000000007de is an unknown value
RDX=0x0000000000000001 is an unknown value
RSP=0x00007fb1dc49ba68 is pointing into the stack for thread: 0x00007fb1d400a000
RBP=0x00007fb1dc49bd30 is pointing into the stack for thread: 0x00007fb1d400a000
RSI=0x00000000ebfdafa0 is an oop
java.util.GregorianCalendar 
 - klass: 'java/util/GregorianCalendar'
RDI=0x0000000000000011 is an unknown value
R8 =0x0000000000000118 is an unknown value
R9 =0x000000000001ffff is an unknown value
R10=0x000000000000007f is an unknown value
R11=0x00007fb1c51dcba0 is at entry_point+32 in (nmethod*)0x00007fb1c51dc9d0
R12=0x0000000000000000 is an unknown value
R13=0x00007fb1c520850c is at entry_point+716 in (nmethod*)0x00007fb1c5207fd0
R14=0x00007fb1dc49ba60 is pointing into the stack for thread: 0x00007fb1d400a000
R15=0x00007fb1d400a000 is a thread


Stack: [0x00007fb1dc39d000,0x00007fb1dc49e000],  sp=0x00007fb1dc49ba68,  free space=1018k
Native frames: (J=compiled Java code, j=interpreted, Vv=VM code, C=native code)
C  0x00007fb186005060
j  org.apache.tools.zip.ZipFile.<init>(Ljava/io/File;Ljava/lang/String;Z)V+115
j  org.apache.tools.zip.ZipFile.<init>(Ljava/lang/String;Ljava/lang/String;)V+11
j  org.apache.tools.ant.helper.ProjectHelper2.parse(Lorg/apache/tools/ant/Project;Ljava/lang/Object;Lorg/apache/tools/ant/helper/ProjectHelper2$RootHandler;)V+328
j  org.apache.tools.ant.helper.ProjectHelper2.parseUnknownElement(Lorg/apache/tools/ant/Project;Ljava/net/URL;)Lorg/apache/tools/ant/UnknownElement;+54
j  org.apache.tools.ant.helper.ProjectHelper2.parseAntlibDescriptor(Lorg/apache/tools/ant/Project;Lorg/apache/tools/ant/types/Resource;)Lorg/apache/tools/ant/UnknownElement;+50
j  org.apache.tools.ant.taskdefs.Antlib.createAntlib(Lorg/apache/tools/ant/Project;Ljava/net/URL;Ljava/lang/String;)Lorg/apache/tools/ant/taskdefs/Antlib;+122
j  org.apache.tools.ant.taskdefs.Definer.loadAntlib(Ljava/lang/ClassLoader;Ljava/net/URL;)V+9
j  org.apache.tools.ant.taskdefs.Definer.execute()V+420
j  org.apache.tools.ant.ComponentHelper.checkNamespace(Ljava/lang/String;)V+114
j  org.apache.tools.ant.ComponentHelper.getDefinition(Ljava/lang/String;)Lorg/apache/tools/ant/AntTypeDefinition;+2
j  org.apache.tools.ant.ComponentHelper.createComponent(Ljava/lang/String;)Ljava/lang/Object;+2
j  org.apache.tools.ant.ComponentHelper.createComponent(Lorg/apache/tools/ant/UnknownElement;Ljava/lang/String;Ljava/lang/String;)Ljava/lang/Object;+2
j  org.apache.tools.ant.UnknownElement.makeObject(Lorg/apache/tools/ant/UnknownElement;Lorg/apache/tools/ant/RuntimeConfigurable;)Ljava/lang/Object;+32
j  org.apache.tools.ant.UnknownElement.maybeConfigure()V+15
j  org.apache.tools.ant.Task.perform()V+18
j  org.apache.tools.ant.Target.execute()V+179
j  org.apache.tools.ant.helper.ProjectHelper2.parse(Lorg/apache/tools/ant/Project;Ljava/lang/Object;)V+230
j  org.apache.tools.ant.ProjectHelper.configureProject(Lorg/apache/tools/ant/Project;Ljava/io/File;)V+27
j  org.apache.tools.ant.Main.runBuild(Ljava/lang/ClassLoader;)V+373
j  org.apache.tools.ant.Main.startAnt([Ljava/lang/String;Ljava/util/Properties;Ljava/lang/ClassLoader;)V+84
j  org.apache.tools.ant.launch.Launcher.run([Ljava/lang/String;)I+703
j  org.apache.tools.ant.launch.Launcher.main([Ljava/lang/String;)V+10
v  ~StubRoutines::call_stub
V  [libjvm.so+0x664086]  JavaCalls::call_helper(JavaValue*, methodHandle*, JavaCallArguments*, Thread*)+0x1056
V  [libjvm.so+0x6ab096]  jni_invoke_static(JNIEnv_*, JavaValue*, _jobject*, JNICallType, _jmethodID*, JNI_ArgumentPusher*, Thread*)+0x346
V  [libjvm.so+0x6b1c2a]  jni_CallStaticVoidMethod+0x17a
C  [libjli.so+0x7b14]  JavaMain+0x844
C  [libpthread.so.0+0x8182]  start_thread+0xc2


---------------  P R O C E S S  ---------------

Java Threads: ( => current thread )
  0x00007fb1d40d0800 JavaThread "Service Thread" daemon [_thread_blocked, id=20138, stack(0x00007fb1bd308000,0x00007fb1bd409000)]
  0x00007fb1d40b0800 JavaThread "C1 CompilerThread2" daemon [_thread_in_native, id=20137, stack(0x00007fb1bd409000,0x00007fb1bd50a000)]
  0x00007fb1d40ae800 JavaThread "C2 CompilerThread1" daemon [_thread_in_native, id=20136, stack(0x00007fb1bd50a000,0x00007fb1bd60b000)]
  0x00007fb1d40ab800 JavaThread "C2 CompilerThread0" daemon [_thread_blocked, id=20135, stack(0x00007fb1bd60b000,0x00007fb1bd70c000)]
  0x00007fb1d40a9800 JavaThread "Signal Dispatcher" daemon [_thread_blocked, id=20134, stack(0x00007fb1bd70c000,0x00007fb1bd80d000)]
  0x00007fb1d407c000 JavaThread "Finalizer" daemon [_thread_blocked, id=20133, stack(0x00007fb1bdc0b000,0x00007fb1bdd0c000)]
  0x00007fb1d407a000 JavaThread "Reference Handler" daemon [_thread_blocked, id=20132, stack(0x00007fb1bdd0c000,0x00007fb1bde0d000)]
=>0x00007fb1d400a000 JavaThread "main" [_thread_in_Java, id=20126, stack(0x00007fb1dc39d000,0x00007fb1dc49e000)]

Other Threads:
  0x00007fb1d4073000 VMThread [stack: 0x00007fb1bde0d000,0x00007fb1bdf0e000] [id=20131]
  0x00007fb1d40d2800 WatcherThread [stack: 0x00007fb1bd207000,0x00007fb1bd308000] [id=20139]

VM state:not at safepoint (normal execution)

VM Mutex/Monitor currently owned by a thread: None

Heap:
 PSYoungGen      total 18432K, used 10365K [0x00000000eb600000, 0x00000000eca80000, 0x0000000100000000)
  eden space 15872K, 65% used [0x00000000eb600000,0x00000000ec01f4d8,0x00000000ec580000)
  from space 2560K, 0% used [0x00000000ec800000,0x00000000ec800000,0x00000000eca80000)
  to   space 2560K, 0% used [0x00000000ec580000,0x00000000ec580000,0x00000000ec800000)
 ParOldGen       total 42496K, used 0K [0x00000000c2200000, 0x00000000c4b80000, 0x00000000eb600000)
  object space 42496K, 0% used [0x00000000c2200000,0x00000000c2200000,0x00000000c4b80000)
 Metaspace       used 5548K, capacity 6386K, committed 6656K, reserved 1056768K
  class space    used 606K, capacity 666K, committed 768K, reserved 1048576K

Card table byte_map: [0x00007fb1d8fc4000,0x00007fb1d91b4000] byte_map_base: 0x00007fb1d89b3000

Marking Bits: (ParMarkBitMap*) 0x00007fb1db86e2c0
 Begin Bits: [0x00007fb1be110000, 0x00007fb1bf088000)
 End Bits:   [0x00007fb1bf088000, 0x00007fb1c0000000)

Polling page: 0x00007fb1dc4b5000

CodeCache: size=245760Kb used=2115Kb max_used=2115Kb free=243644Kb
 bounds [0x00007fb1c5000000, 0x00007fb1c5270000, 0x00007fb1d4000000]
 total_blobs=701 nmethods=432 adapters=185
 compilation: enabled

Compilation events (10 events):
Event: 0,342 Thread 0x00007fb1d40b0800  423       3       org.apache.tools.zip.GeneralPurposeBit::useStrongEncryption (15 bytes)
Event: 0,342 Thread 0x00007fb1d40b0800 nmethod 423 0x00007fb1c5209f10 code [0x00007fb1c520a080, 0x00007fb1c520a2f0]
Event: 0,342 Thread 0x00007fb1d40b0800  424       3       org.apache.tools.zip.GeneralPurposeBit::useEncryption (6 bytes)
Event: 0,342 Thread 0x00007fb1d40b0800 nmethod 424 0x00007fb1c51fec50 code [0x00007fb1c51feda0, 0x00007fb1c51feef0]
Event: 0,342 Thread 0x00007fb1d40b0800  427       3       org.apache.tools.zip.ZipEntry::setMethod (37 bytes)
Event: 0,342 Thread 0x00007fb1d40b0800 nmethod 427 0x00007fb1c520a390 code [0x00007fb1c520a560, 0x00007fb1c520ad58]
Event: 0,342 Thread 0x00007fb1d40b0800  430       3       java.util.TimeZone::getDefault (10 bytes)
Event: 0,342 Thread 0x00007fb1d40b0800 nmethod 430 0x00007fb1c520b0d0 code [0x00007fb1c520b260, 0x00007fb1c520b618]
Event: 0,342 Thread 0x00007fb1d40b0800  431   !   3       java.util.Locale::getDefault (132 bytes)
Event: 0,343 Thread 0x00007fb1d40ab800 nmethod 434 0x00007fb1c520e4d0 code [0x00007fb1c520e640, 0x00007fb1c520e818]

GC Heap History (0 events):
No events

Deoptimization events (0 events):
No events

Internal exceptions (10 events):
Event: 0,290 Thread 0x00007fb1d400a000 Exception <a 'java/security/PrivilegedActionException'> (0x00000000ebea76e8) thrown at [/HUDSON/workspace/8-2-build-linux-amd64/jdk8u25/1514/hotspot/src/share/vm/prims/jvm.cpp, line 1312]
Event: 0,290 Thread 0x00007fb1d400a000 Exception <a 'java/security/PrivilegedActionException'> (0x00000000ebea85c8) thrown at [/HUDSON/workspace/8-2-build-linux-amd64/jdk8u25/1514/hotspot/src/share/vm/prims/jvm.cpp, line 1312]
Event: 0,291 Thread 0x00007fb1d400a000 Exception <a 'java/security/PrivilegedActionException'> (0x00000000ebeadf20) thrown at [/HUDSON/workspace/8-2-build-linux-amd64/jdk8u25/1514/hotspot/src/share/vm/prims/jvm.cpp, line 1312]
Event: 0,291 Thread 0x00007fb1d400a000 Exception <a 'java/security/PrivilegedActionException'> (0x00000000ebeaed90) thrown at [/HUDSON/workspace/8-2-build-linux-amd64/jdk8u25/1514/hotspot/src/share/vm/prims/jvm.cpp, line 1312]
Event: 0,291 Thread 0x00007fb1d400a000 Exception <a 'java/security/PrivilegedActionException'> (0x00000000ebeb1cb8) thrown at [/HUDSON/workspace/8-2-build-linux-amd64/jdk8u25/1514/hotspot/src/share/vm/prims/jvm.cpp, line 1312]
Event: 0,291 Thread 0x00007fb1d400a000 Exception <a 'java/security/PrivilegedActionException'> (0x00000000ebeb2b28) thrown at [/HUDSON/workspace/8-2-build-linux-amd64/jdk8u25/1514/hotspot/src/share/vm/prims/jvm.cpp, line 1312]
Event: 0,292 Thread 0x00007fb1d400a000 Exception <a 'java/security/PrivilegedActionException'> (0x00000000ebeb69f8) thrown at [/HUDSON/workspace/8-2-build-linux-amd64/jdk8u25/1514/hotspot/src/share/vm/prims/jvm.cpp, line 1312]
Event: 0,292 Thread 0x00007fb1d400a000 Exception <a 'java/security/PrivilegedActionException'> (0x00000000ebeb7c60) thrown at [/HUDSON/workspace/8-2-build-linux-amd64/jdk8u25/1514/hotspot/src/share/vm/prims/jvm.cpp, line 1312]
Event: 0,293 Thread 0x00007fb1d400a000 Exception <a 'java/security/PrivilegedActionException'> (0x00000000ebebe7d0) thrown at [/HUDSON/workspace/8-2-build-linux-amd64/jdk8u25/1514/hotspot/src/share/vm/prims/jvm.cpp, line 1312]
Event: 0,293 Thread 0x00007fb1d400a000 Exception <a 'java/security/PrivilegedActionException'> (0x00000000ebebf7e8) thrown at [/HUDSON/workspace/8-2-build-linux-amd64/jdk8u25/1514/hotspot/src/share/vm/prims/jvm.cpp, line 1312]

Events (10 events):
Event: 0,291 loading class org/apache/tools/zip/JarMarker
Event: 0,291 loading class org/apache/tools/zip/JarMarker done
Event: 0,292 loading class org/apache/tools/zip/Zip64ExtendedInformationExtraField
Event: 0,292 loading class org/apache/tools/zip/Zip64ExtendedInformationExtraField done
Event: 0,293 loading class org/apache/tools/zip/ZipEightByteInteger
Event: 0,293 loading class org/apache/tools/zip/ZipEightByteInteger done
Event: 0,293 loading class java/util/LinkedHashMap$LinkedValues
Event: 0,293 loading class java/util/LinkedHashMap$LinkedValues done
Event: 0,293 loading class java/util/LinkedHashMap$LinkedValueIterator
Event: 0,293 loading class java/util/LinkedHashMap$LinkedValueIterator done


Dynamic libraries:
00400000-00401000 r-xp 00000000 08:03 1719663                            /usr/lib/jvm/java-8-oracle/jre/bin/java
00600000-00601000 rw-p 00000000 08:03 1719663                            /usr/lib/jvm/java-8-oracle/jre/bin/java
01047000-01068000 rw-p 00000000 00:00 0                                  [heap]
c2200000-c4b80000 rw-p 00000000 00:00 0 
c4b80000-eb600000 ---p 00000000 00:00 0 
eb600000-eca80000 rw-p 00000000 00:00 0 
eca80000-100000000 ---p 00000000 00:00 0 
100000000-1000c0000 rw-p 00000000 00:00 0 
1000c0000-140000000 ---p 00000000 00:00 0 
7fb188000000-7fb188021000 rw-p 00000000 00:00 0 
7fb188021000-7fb18c000000 ---p 00000000 00:00 0 
7fb190000000-7fb190291000 rw-p 00000000 00:00 0 
7fb190291000-7fb194000000 ---p 00000000 00:00 0 
7fb194000000-7fb194021000 rw-p 00000000 00:00 0 
7fb194021000-7fb198000000 ---p 00000000 00:00 0 
7fb198000000-7fb1982bb000 rw-p 00000000 00:00 0 
7fb1982bb000-7fb19c000000 ---p 00000000 00:00 0 
7fb19c000000-7fb19c127000 rw-p 00000000 00:00 0 
7fb19c127000-7fb1a0000000 ---p 00000000 00:00 0 
7fb1a0000000-7fb1a0021000 rw-p 00000000 00:00 0 
7fb1a0021000-7fb1a4000000 ---p 00000000 00:00 0 
7fb1a4000000-7fb1a4021000 rw-p 00000000 00:00 0 
7fb1a4021000-7fb1a8000000 ---p 00000000 00:00 0 
7fb1a8000000-7fb1a8021000 rw-p 00000000 00:00 0 
7fb1a8021000-7fb1ac000000 ---p 00000000 00:00 0 
7fb1ac000000-7fb1ac021000 rw-p 00000000 00:00 0 
7fb1ac021000-7fb1b0000000 ---p 00000000 00:00 0 
7fb1b0000000-7fb1b0021000 rw-p 00000000 00:00 0 
7fb1b0021000-7fb1b4000000 ---p 00000000 00:00 0 
7fb1b4000000-7fb1b4021000 rw-p 00000000 00:00 0 
7fb1b4021000-7fb1b8000000 ---p 00000000 00:00 0 
7fb1b8000000-7fb1b8021000 rw-p 00000000 00:00 0 
7fb1b8021000-7fb1bc000000 ---p 00000000 00:00 0 
7fb1bd184000-7fb1bd18e000 r--s 00116000 08:03 1719424                    /usr/lib/jvm/java-8-oracle/jre/lib/ext/localedata.jar
7fb1bd18e000-7fb1bd207000 r--s 010df000 08:03 1718740                    /usr/lib/jvm/java-8-oracle/lib/tools.jar
7fb1bd207000-7fb1bd208000 ---p 00000000 00:00 0 
7fb1bd208000-7fb1bd308000 rw-p 00000000 00:00 0                          [stack:20139]
7fb1bd308000-7fb1bd30b000 ---p 00000000 00:00 0 
7fb1bd30b000-7fb1bd409000 rw-p 00000000 00:00 0                          [stack:20138]
7fb1bd409000-7fb1bd40c000 ---p 00000000 00:00 0 
7fb1bd40c000-7fb1bd50a000 rw-p 00000000 00:00 0                          [stack:20137]
7fb1bd50a000-7fb1bd50d000 ---p 00000000 00:00 0 
7fb1bd50d000-7fb1bd60b000 rw-p 00000000 00:00 0                          [stack:20136]
7fb1bd60b000-7fb1bd60e000 ---p 00000000 00:00 0 
7fb1bd60e000-7fb1bd70c000 rw-p 00000000 00:00 0                          [stack:20135]
7fb1bd70c000-7fb1bd70f000 ---p 00000000 00:00 0 
7fb1bd70f000-7fb1bd80d000 rw-p 00000000 00:00 0                          [stack:20134]
7fb1bd80d000-7fb1bdc0b000 r--p 00000000 08:03 1704955                    /usr/lib/locale/locale-archive
7fb1bdc0b000-7fb1bdc0e000 ---p 00000000 00:00 0 
7fb1bdc0e000-7fb1bdd0c000 rw-p 00000000 00:00 0                          [stack:20133]
7fb1bdd0c000-7fb1bdd0f000 ---p 00000000 00:00 0 
7fb1bdd0f000-7fb1bde0d000 rw-p 00000000 00:00 0                          [stack:20132]
7fb1bde0d000-7fb1bde0e000 ---p 00000000 00:00 0 
7fb1bde0e000-7fb1c0000000 rw-p 00000000 00:00 0                          [stack:20131]
7fb1c0000000-7fb1c0021000 rw-p 00000000 00:00 0 
7fb1c0021000-7fb1c4000000 ---p 00000000 00:00 0 
7fb1c4004000-7fb1c4007000 rw-p 00000000 00:00 0 
7fb1c4007000-7fb1c4023000 r--s 00393000 08:03 1719423                    /usr/lib/jvm/java-8-oracle/jre/lib/ext/cldrdata.jar
7fb1c4023000-7fb1c4024000 r--s 00004000 08:03 1983726                    /usr/share/java/ant-launcher-1.9.3.jar
7fb1c4024000-7fb1c4026000 r--s 00004000 08:03 1983747                    /usr/share/java/ant-testutil-1.9.3.jar
7fb1c4026000-7fb1c4027000 r--s 00002000 08:03 1983742                    /usr/share/java/ant-apache-oro-1.9.3.jar
7fb1c4027000-7fb1c4028000 r--s 00002000 08:03 1983751                    /usr/share/java/ant-apache-resolver-1.9.3.jar
7fb1c4028000-7fb1c402b000 r--s 0001a000 08:03 1983750                    /usr/share/java/ant-junit-1.9.3.jar
7fb1c402b000-7fb1c402c000 r--s 00002000 08:03 1983738                    /usr/share/java/ant-apache-regexp-1.9.3.jar
7fb1c402c000-7fb1c402e000 r--s 00001000 08:03 1983736                    /usr/share/java/ant-apache-log4j-1.9.3.jar
7fb1c402e000-7fb1c402f000 r--s 00002000 08:03 1983739                    /usr/share/java/ant-antlr-1.9.3.jar
7fb1c402f000-7fb1c404e000 r--s 001cc000 08:03 1983725                    /usr/share/java/ant-1.9.3.jar
7fb1c404e000-7fb1c404f000 r--s 00002000 08:03 1983752                    /usr/share/java/ant-commons-logging-1.9.3.jar
7fb1c404f000-7fb1c4050000 r--s 00002000 08:03 1983740                    /usr/share/java/ant-apache-bsf-1.9.3.jar
7fb1c4050000-7fb1c4052000 r--s 00002000 08:03 1983746                    /usr/share/java/ant-junit4-1.9.3.jar
7fb1c4052000-7fb1c406b000 r--s 00132000 08:03 1983712                    /usr/share/java/xercesImpl-2.11.0.jar
7fb1c406b000-7fb1c4e2a000 rw-p 00000000 00:00 0 
7fb1c4e2a000-7fb1c5000000 r--s 03caa000 08:03 1719620                    /usr/lib/jvm/java-8-oracle/jre/lib/rt.jar
7fb1c5000000-7fb1c5270000 rwxp 00000000 00:00 0 
7fb1c5270000-7fb1d4000000 ---p 00000000 00:00 0 
7fb1d4000000-7fb1d45f2000 rw-p 00000000 00:00 0 
7fb1d45f2000-7fb1d8000000 ---p 00000000 00:00 0 
7fb1d8000000-7fb1d8001000 r--s 00003000 08:03 1983743                    /usr/share/java/ant-javamail-1.9.3.jar
7fb1d8001000-7fb1d8002000 r--s 00003000 08:03 1983735                    /usr/share/java/ant-swing-1.9.3.jar
7fb1d8002000-7fb1d8005000 r--s 00014000 08:03 1983745                    /usr/share/java/ant-commons-net-1.9.3.jar
7fb1d8005000-7fb1d8006000 r--s 00003000 08:03 1983744                    /usr/share/java/ant-apache-bcel-1.9.3.jar
7fb1d8006000-7fb1d8008000 r--s 00002000 08:03 1983741                    /usr/share/java/ant-jmf-1.9.3.jar
7fb1d8008000-7fb1d8011000 r--s 00031000 08:03 1983706                    /usr/share/java/xml-apis-1.4.01.jar
7fb1d8011000-7fb1d8647000 rw-p 00000000 00:00 0 
7fb1d8647000-7fb1d8887000 ---p 00000000 00:00 0 
7fb1d8887000-7fb1d8a76000 rw-p 00000000 00:00 0 
7fb1d8a76000-7fb1d8a77000 ---p 00000000 00:00 0 
7fb1d8a77000-7fb1d8b77000 rw-p 00000000 00:00 0                          [stack:20130]
7fb1d8b77000-7fb1d8b78000 ---p 00000000 00:00 0 
7fb1d8b78000-7fb1d8c78000 rw-p 00000000 00:00 0                          [stack:20129]
7fb1d8c78000-7fb1d8c79000 ---p 00000000 00:00 0 
7fb1d8c79000-7fb1d8d79000 rw-p 00000000 00:00 0                          [stack:20128]
7fb1d8d79000-7fb1d8d7a000 ---p 00000000 00:00 0 
7fb1d8d7a000-7fb1d8e8f000 rw-p 00000000 00:00 0                          [stack:20127]
7fb1d8e8f000-7fb1d8fc4000 ---p 00000000 00:00 0 
7fb1d8fc4000-7fb1d8fd9000 rw-p 00000000 00:00 0 
7fb1d8fd9000-7fb1d910e000 ---p 00000000 00:00 0 
7fb1d910e000-7fb1d9119000 rw-p 00000000 00:00 0 
7fb1d9119000-7fb1d91b3000 ---p 00000000 00:00 0 
7fb1d91b3000-7fb1d91be000 rw-p 00000000 00:00 0 
7fb1d91be000-7fb1d9574000 ---p 00000000 00:00 0 
7fb1d9574000-7fb1d958e000 r-xp 00000000 08:03 1719386                    /usr/lib/jvm/java-8-oracle/jre/lib/amd64/libzip.so
7fb1d958e000-7fb1d978e000 ---p 0001a000 08:03 1719386                    /usr/lib/jvm/java-8-oracle/jre/lib/amd64/libzip.so
7fb1d978e000-7fb1d978f000 rw-p 0001a000 08:03 1719386                    /usr/lib/jvm/java-8-oracle/jre/lib/amd64/libzip.so
7fb1d978f000-7fb1d979a000 r-xp 00000000 08:03 2103193                    /lib/x86_64-linux-gnu/libnss_files-2.19.so
7fb1d979a000-7fb1d9999000 ---p 0000b000 08:03 2103193                    /lib/x86_64-linux-gnu/libnss_files-2.19.so
7fb1d9999000-7fb1d999a000 r--p 0000a000 08:03 2103193                    /lib/x86_64-linux-gnu/libnss_files-2.19.so
7fb1d999a000-7fb1d999b000 rw-p 0000b000 08:03 2103193                    /lib/x86_64-linux-gnu/libnss_files-2.19.so
7fb1d999b000-7fb1d99a6000 r-xp 00000000 08:03 2103194                    /lib/x86_64-linux-gnu/libnss_nis-2.19.so
7fb1d99a6000-7fb1d9ba5000 ---p 0000b000 08:03 2103194                    /lib/x86_64-linux-gnu/libnss_nis-2.19.so
7fb1d9ba5000-7fb1d9ba6000 r--p 0000a000 08:03 2103194                    /lib/x86_64-linux-gnu/libnss_nis-2.19.so
7fb1d9ba6000-7fb1d9ba7000 rw-p 0000b000 08:03 2103194                    /lib/x86_64-linux-gnu/libnss_nis-2.19.so
7fb1d9ba7000-7fb1d9bbe000 r-xp 00000000 08:03 2102533                    /lib/x86_64-linux-gnu/libnsl-2.19.so
7fb1d9bbe000-7fb1d9dbd000 ---p 00017000 08:03 2102533                    /lib/x86_64-linux-gnu/libnsl-2.19.so
7fb1d9dbd000-7fb1d9dbe000 r--p 00016000 08:03 2102533                    /lib/x86_64-linux-gnu/libnsl-2.19.so
7fb1d9dbe000-7fb1d9dbf000 rw-p 00017000 08:03 2102533                    /lib/x86_64-linux-gnu/libnsl-2.19.so
7fb1d9dbf000-7fb1d9dc1000 rw-p 00000000 00:00 0 
7fb1d9dc1000-7fb1d9dca000 r-xp 00000000 08:03 2102431                    /lib/x86_64-linux-gnu/libnss_compat-2.19.so
7fb1d9dca000-7fb1d9fc9000 ---p 00009000 08:03 2102431                    /lib/x86_64-linux-gnu/libnss_compat-2.19.so
7fb1d9fc9000-7fb1d9fca000 r--p 00008000 08:03 2102431                    /lib/x86_64-linux-gnu/libnss_compat-2.19.so
7fb1d9fca000-7fb1d9fcb000 rw-p 00009000 08:03 2102431                    /lib/x86_64-linux-gnu/libnss_compat-2.19.so
7fb1d9fcb000-7fb1d9ff5000 r-xp 00000000 08:03 1719352                    /usr/lib/jvm/java-8-oracle/jre/lib/amd64/libjava.so
7fb1d9ff5000-7fb1da1f5000 ---p 0002a000 08:03 1719352                    /usr/lib/jvm/java-8-oracle/jre/lib/amd64/libjava.so
7fb1da1f5000-7fb1da1f7000 rw-p 0002a000 08:03 1719352                    /usr/lib/jvm/java-8-oracle/jre/lib/amd64/libjava.so
7fb1da1f7000-7fb1da204000 r-xp 00000000 08:03 1719370                    /usr/lib/jvm/java-8-oracle/jre/lib/amd64/libverify.so
7fb1da204000-7fb1da404000 ---p 0000d000 08:03 1719370                    /usr/lib/jvm/java-8-oracle/jre/lib/amd64/libverify.so
7fb1da404000-7fb1da406000 rw-p 0000d000 08:03 1719370                    /usr/lib/jvm/java-8-oracle/jre/lib/amd64/libverify.so
7fb1da406000-7fb1da40d000 r-xp 00000000 08:03 2102576                    /lib/x86_64-linux-gnu/librt-2.19.so
7fb1da40d000-7fb1da60c000 ---p 00007000 08:03 2102576                    /lib/x86_64-linux-gnu/librt-2.19.so
7fb1da60c000-7fb1da60d000 r--p 00006000 08:03 2102576                    /lib/x86_64-linux-gnu/librt-2.19.so
7fb1da60d000-7fb1da60e000 rw-p 00007000 08:03 2102576                    /lib/x86_64-linux-gnu/librt-2.19.so
7fb1da60e000-7fb1da713000 r-xp 00000000 08:03 2102682                    /lib/x86_64-linux-gnu/libm-2.19.so
7fb1da713000-7fb1da912000 ---p 00105000 08:03 2102682                    /lib/x86_64-linux-gnu/libm-2.19.so
7fb1da912000-7fb1da913000 r--p 00104000 08:03 2102682                    /lib/x86_64-linux-gnu/libm-2.19.so
7fb1da913000-7fb1da914000 rw-p 00105000 08:03 2102682                    /lib/x86_64-linux-gnu/libm-2.19.so
7fb1da914000-7fb1db581000 r-xp 00000000 08:03 1719359                    /usr/lib/jvm/java-8-oracle/jre/lib/amd64/server/libjvm.so
7fb1db581000-7fb1db780000 ---p 00c6d000 08:03 1719359                    /usr/lib/jvm/java-8-oracle/jre/lib/amd64/server/libjvm.so
7fb1db780000-7fb1db856000 rw-p 00c6c000 08:03 1719359                    /usr/lib/jvm/java-8-oracle/jre/lib/amd64/server/libjvm.so
7fb1db856000-7fb1db899000 rw-p 00000000 00:00 0 
7fb1db899000-7fb1dba54000 r-xp 00000000 08:03 2102633                    /lib/x86_64-linux-gnu/libc-2.19.so
7fb1dba54000-7fb1dbc54000 ---p 001bb000 08:03 2102633                    /lib/x86_64-linux-gnu/libc-2.19.so
7fb1dbc54000-7fb1dbc58000 r--p 001bb000 08:03 2102633                    /lib/x86_64-linux-gnu/libc-2.19.so
7fb1dbc58000-7fb1dbc5a000 rw-p 001bf000 08:03 2102633                    /lib/x86_64-linux-gnu/libc-2.19.so
7fb1dbc5a000-7fb1dbc5f000 rw-p 00000000 00:00 0 
7fb1dbc5f000-7fb1dbc62000 r-xp 00000000 08:03 2103199                    /lib/x86_64-linux-gnu/libdl-2.19.so
7fb1dbc62000-7fb1dbe61000 ---p 00003000 08:03 2103199                    /lib/x86_64-linux-gnu/libdl-2.19.so
7fb1dbe61000-7fb1dbe62000 r--p 00002000 08:03 2103199                    /lib/x86_64-linux-gnu/libdl-2.19.so
7fb1dbe62000-7fb1dbe63000 rw-p 00003000 08:03 2103199                    /lib/x86_64-linux-gnu/libdl-2.19.so
7fb1dbe63000-7fb1dbe78000 r-xp 00000000 08:03 1719341                    /usr/lib/jvm/java-8-oracle/jre/lib/amd64/jli/libjli.so
7fb1dbe78000-7fb1dc077000 ---p 00015000 08:03 1719341                    /usr/lib/jvm/java-8-oracle/jre/lib/amd64/jli/libjli.so
7fb1dc077000-7fb1dc078000 rw-p 00014000 08:03 1719341                    /usr/lib/jvm/java-8-oracle/jre/lib/amd64/jli/libjli.so
7fb1dc078000-7fb1dc091000 r-xp 00000000 08:03 2103200                    /lib/x86_64-linux-gnu/libpthread-2.19.so
7fb1dc091000-7fb1dc290000 ---p 00019000 08:03 2103200                    /lib/x86_64-linux-gnu/libpthread-2.19.so
7fb1dc290000-7fb1dc291000 r--p 00018000 08:03 2103200                    /lib/x86_64-linux-gnu/libpthread-2.19.so
7fb1dc291000-7fb1dc292000 rw-p 00019000 08:03 2103200                    /lib/x86_64-linux-gnu/libpthread-2.19.so
7fb1dc292000-7fb1dc296000 rw-p 00000000 00:00 0 
7fb1dc296000-7fb1dc2b9000 r-xp 00000000 08:03 2102634                    /lib/x86_64-linux-gnu/ld-2.19.so
7fb1dc2b9000-7fb1dc2ba000 r--s 00001000 08:03 1983748                    /usr/share/java/ant-apache-xalan2-1.9.3.jar
7fb1dc2ba000-7fb1dc2bc000 r--s 0000a000 08:03 1983737                    /usr/share/java/ant-jsch-1.9.3.jar
7fb1dc2bc000-7fb1dc2bd000 r--s 00003000 08:03 1983749                    /usr/share/java/ant-jdepend-1.9.3.jar
7fb1dc2bd000-7fb1dc2bf000 r--s 00015000 08:03 1983700                    /usr/share/java/xml-resolver-1.2.jar
7fb1dc2bf000-7fb1dc2c4000 r--s 00010000 08:03 1983705                    /usr/share/java/xml-apis-ext-1.4.01.jar
7fb1dc2c4000-7fb1dc39d000 rw-p 00000000 00:00 0 
7fb1dc39d000-7fb1dc3a0000 ---p 00000000 00:00 0 
7fb1dc3a0000-7fb1dc4a2000 rw-p 00000000 00:00 0                          [stack:20126]
7fb1dc4a2000-7fb1dc4ab000 r--s 00031000 08:03 1983706                    /usr/share/java/xml-apis-1.4.01.jar
7fb1dc4ab000-7fb1dc4ac000 r--s 00004000 08:03 1983726                    /usr/share/java/ant-launcher-1.9.3.jar
7fb1dc4ac000-7fb1dc4b4000 rw-s 00000000 08:03 1842658                    /tmp/hsperfdata_sergio/20124
7fb1dc4b4000-7fb1dc4b5000 rw-p 00000000 00:00 0 
7fb1dc4b5000-7fb1dc4b6000 r--p 00000000 00:00 0 
7fb1dc4b6000-7fb1dc4b8000 rw-p 00000000 00:00 0 
7fb1dc4b8000-7fb1dc4b9000 r--p 00022000 08:03 2102634                    /lib/x86_64-linux-gnu/ld-2.19.so
7fb1dc4b9000-7fb1dc4ba000 rw-p 00023000 08:03 2102634                    /lib/x86_64-linux-gnu/ld-2.19.so
7fb1dc4ba000-7fb1dc4bb000 rw-p 00000000 00:00 0 
7fff1e3f6000-7fff1e417000 rw-p 00000000 00:00 0                          [stack]
7fff1e547000-7fff1e549000 r-xp 00000000 00:00 0                          [vdso]
ffffffffff600000-ffffffffff601000 r-xp 00000000 00:00 0                  [vsyscall]

VM Arguments:
jvm_args: -Dant.home=/usr/share/ant -Dant.library.dir=/usr/share/ant/lib 
java_command: org.apache.tools.ant.launch.Launcher -cp  debug -f /home/sergio/IWEB/practica6/platforms/android/build.xml -Dout.dir=ant-build -Dgen.absolute.dir=ant-gen
java_class_path (initial): /usr/share/ant/lib/ant-launcher.jar:/usr/share/java/xmlParserAPIs.jar:/usr/share/java/xercesImpl.jar
Launcher Type: SUN_STANDARD

Environment Variables:
JAVA_HOME=/usr/lib/jvm/java-8-oracle
PATH=/usr/local/sbin:/usr/local/bin:/usr/sbin:/usr/bin:/sbin:/bin:/usr/games:/usr/local/games:/opt/android-sdk-linux/tools:/opt/android-sdk-linux/platform-tools:/opt/android-sdk-linux/bin
SHELL=/bin/bash
DISPLAY=:0

Signal Handlers:
SIGSEGV: [libjvm.so+0xa79a80], sa_mask[0]=11111111011111111101111111111110, sa_flags=SA_RESTART|SA_SIGINFO
SIGBUS: [libjvm.so+0xa79a80], sa_mask[0]=11111111011111111101111111111110, sa_flags=SA_RESTART|SA_SIGINFO
SIGFPE: [libjvm.so+0x8e24e0], sa_mask[0]=11111111011111111101111111111110, sa_flags=SA_RESTART|SA_SIGINFO
SIGPIPE: [libjvm.so+0x8e24e0], sa_mask[0]=11111111011111111101111111111110, sa_flags=SA_RESTART|SA_SIGINFO
SIGXFSZ: [libjvm.so+0x8e24e0], sa_mask[0]=11111111011111111101111111111110, sa_flags=SA_RESTART|SA_SIGINFO
SIGILL: [libjvm.so+0x8e24e0], sa_mask[0]=11111111011111111101111111111110, sa_flags=SA_RESTART|SA_SIGINFO
SIGUSR1: SIG_DFL, sa_mask[0]=00000000000000000000000000000000, sa_flags=none
SIGUSR2: [libjvm.so+0x8e3d10], sa_mask[0]=00000000000000000000000000000000, sa_flags=SA_RESTART|SA_SIGINFO
SIGHUP: [libjvm.so+0x8e50d0], sa_mask[0]=11111111011111111101111111111110, sa_flags=SA_RESTART|SA_SIGINFO
SIGINT: [libjvm.so+0x8e50d0], sa_mask[0]=11111111011111111101111111111110, sa_flags=SA_RESTART|SA_SIGINFO
SIGTERM: [libjvm.so+0x8e50d0], sa_mask[0]=11111111011111111101111111111110, sa_flags=SA_RESTART|SA_SIGINFO
SIGQUIT: [libjvm.so+0x8e50d0], sa_mask[0]=11111111011111111101111111111110, sa_flags=SA_RESTART|SA_SIGINFO


---------------  S Y S T E M  ---------------

OS:DISTRIB_ID="elementary OS"
DISTRIB_RELEASE=0.3
DISTRIB_CODENAME=freya
DISTRIB_DESCRIPTION="elementary OS Freya"

uname:Linux 3.13.0-39-generic #66-Ubuntu SMP Tue Oct 28 13:30:27 UTC 2014 x86_64
libc:glibc 2.19 NPTL 2.19 
rlimit: STACK 8192k, CORE 0k, NPROC 31387, NOFILE 4096, AS infinity
load average:0,46 0,43 0,46

/proc/meminfo:
MemTotal:        4046980 kB
MemFree:          358300 kB
Buffers:           29812 kB
Cached:           684524 kB
SwapCached:        34760 kB
Active:          2111836 kB
Inactive:        1199660 kB
Active(anon):    1762800 kB
Inactive(anon):   871132 kB
Active(file):     349036 kB
Inactive(file):   328528 kB
Unevictable:           0 kB
Mlocked:               0 kB
SwapTotal:       1771516 kB
SwapFree:        1649156 kB
Dirty:             27028 kB
Writeback:             0 kB
AnonPages:       2563124 kB
Mapped:           324000 kB
Shmem:             36772 kB
Slab:             121004 kB
SReclaimable:      86056 kB
SUnreclaim:        34948 kB
KernelStack:        4144 kB
PageTables:        32848 kB
NFS_Unstable:          0 kB
Bounce:                0 kB
WritebackTmp:          0 kB
CommitLimit:     3795004 kB
Committed_AS:    6289616 kB
VmallocTotal:   34359738367 kB
VmallocUsed:      307488 kB
VmallocChunk:   34359426044 kB
HardwareCorrupted:     0 kB
AnonHugePages:   1486848 kB
HugePages_Total:       0
HugePages_Free:        0
HugePages_Rsvd:        0
HugePages_Surp:        0
Hugepagesize:       2048 kB
DirectMap4k:      336832 kB
DirectMap2M:     3856384 kB


CPU:total 4 (4 cores per cpu, 1 threads per core) family 6 model 23 stepping 7, cmov, cx8, fxsr, mmx, sse, sse2, sse3, ssse3, sse4.1, tsc

/proc/cpuinfo:
processor	: 0
vendor_id	: GenuineIntel
cpu family	: 6
model		: 23
model name	: Intel(R) Core(TM)2 Quad  CPU   Q9550  @ 2.83GHz
stepping	: 7
microcode	: 0x705
cpu MHz		: 2834.000
cache size	: 6144 KB
physical id	: 0
siblings	: 4
core id		: 0
cpu cores	: 4
apicid		: 0
initial apicid	: 0
fpu		: yes
fpu_exception	: yes
cpuid level	: 10
wp		: yes
flags		: fpu vme de pse tsc msr pae mce cx8 apic sep mtrr pge mca cmov pat pse36 clflush dts acpi mmx fxsr sse sse2 ss ht tm pbe syscall nx lm constant_tsc arch_perfmon pebs bts rep_good nopl aperfmperf pni dtes64 monitor ds_cpl vmx smx est tm2 ssse3 cx16 xtpr pdcm sse4_1 lahf_lm dtherm tpr_shadow vnmi flexpriority
bogomips	: 5666.53
clflush size	: 64
cache_alignment	: 64
address sizes	: 36 bits physical, 48 bits virtual
power management:

processor	: 1
vendor_id	: GenuineIntel
cpu family	: 6
model		: 23
model name	: Intel(R) Core(TM)2 Quad  CPU   Q9550  @ 2.83GHz
stepping	: 7
microcode	: 0x705
cpu MHz		: 2834.000
cache size	: 6144 KB
physical id	: 0
siblings	: 4
core id		: 3
cpu cores	: 4
apicid		: 3
initial apicid	: 3
fpu		: yes
fpu_exception	: yes
cpuid level	: 10
wp		: yes
flags		: fpu vme de pse tsc msr pae mce cx8 apic sep mtrr pge mca cmov pat pse36 clflush dts acpi mmx fxsr sse sse2 ss ht tm pbe syscall nx lm constant_tsc arch_perfmon pebs bts rep_good nopl aperfmperf pni dtes64 monitor ds_cpl vmx smx est tm2 ssse3 cx16 xtpr pdcm sse4_1 lahf_lm dtherm tpr_shadow vnmi flexpriority
bogomips	: 5666.53
clflush size	: 64
cache_alignment	: 64
address sizes	: 36 bits physical, 48 bits virtual
power management:

processor	: 2
vendor_id	: GenuineIntel
cpu family	: 6
model		: 23
model name	: Intel(R) Core(TM)2 Quad  CPU   Q9550  @ 2.83GHz
stepping	: 7
microcode	: 0x705
cpu MHz		: 2834.000
cache size	: 6144 KB
physical id	: 0
siblings	: 4
core id		: 2
cpu cores	: 4
apicid		: 2
initial apicid	: 2
fpu		: yes
fpu_exception	: yes
cpuid level	: 10
wp		: yes
flags		: fpu vme de pse tsc msr pae mce cx8 apic sep mtrr pge mca cmov pat pse36 clflush dts acpi mmx fxsr sse sse2 ss ht tm pbe syscall nx lm constant_tsc arch_perfmon pebs bts rep_good nopl aperfmperf pni dtes64 monitor ds_cpl vmx smx est tm2 ssse3 cx16 xtpr pdcm sse4_1 lahf_lm dtherm tpr_shadow vnmi flexpriority
bogomips	: 5666.53
clflush size	: 64
cache_alignment	: 64
address sizes	: 36 bits physical, 48 bits virtual
power management:

processor	: 3
vendor_id	: GenuineIntel
cpu family	: 6
model		: 23
model name	: Intel(R) Core(TM)2 Quad  CPU   Q9550  @ 2.83GHz
stepping	: 7
microcode	: 0x705
cpu MHz		: 2834.000
cache size	: 6144 KB
physical id	: 0
siblings	: 4
core id		: 1
cpu cores	: 4
apicid		: 1
initial apicid	: 1
fpu		: yes
fpu_exception	: yes
cpuid level	: 10
wp		: yes
flags		: fpu vme de pse tsc msr pae mce cx8 apic sep mtrr pge mca cmov pat pse36 clflush dts acpi mmx fxsr sse sse2 ss ht tm pbe syscall nx lm constant_tsc arch_perfmon pebs bts rep_good nopl aperfmperf pni dtes64 monitor ds_cpl vmx smx est tm2 ssse3 cx16 xtpr pdcm sse4_1 lahf_lm dtherm tpr_shadow vnmi flexpriority
bogomips	: 5666.53
clflush size	: 64
cache_alignment	: 64
address sizes	: 36 bits physical, 48 bits virtual
power management:



Memory: 4k page, physical 4046980k(358300k free), swap 1771516k(1649156k free)

vm_info: Java HotSpot(TM) 64-Bit Server VM (25.25-b02) for linux-amd64 JRE (1.8.0_25-b17), built on Sep 17 2014 17:32:11 by "java_re" with gcc 4.3.0 20080428 (Red Hat 4.3.0-8)

time: Sun Nov 23 12:12:26 2014
elapsed time: 0 seconds (0d 0h 0m 0s)

